[23:19:28 INFO]: [CONSOLE] Security-IO is not enable...
[23:19:29 INFO]: [DatabaseLib] service is running
[23:19:29 INFO]: [com.alibaba.druid.pool.DruidDataSource] {dataSource-0} restart
[23:19:29 INFO]: [DatabaseLib] initialized SqlSession success
[23:19:29 INFO]: [FileMapperLib] has loaded
[23:19:29 WARN]: [FileMapperLib] can't find a default url in config
[23:19:29 WARN]: [FileMapperLib] using the default dir: C:\Users\headp\Desktop\毕设结构设计模型\BaseEventLoopServer\target\classes\libs\FileMapperLib\files
[23:19:29 WARN]: [FileMapperLib] can't find a default url in config
[23:19:29 WARN]: [FileMapperLib] using the default dir: C:\Users\headp\Desktop\毕设结构设计模型\BaseEventLoopServer\target\classes\libs\FileMapperLib\recycle
[23:19:29 WARN]: [FileMapperLib] can't find a default url in config
[23:19:29 WARN]: [FileMapperLib] using the default dir: C:\Users\headp\Desktop\毕设结构设计模型\BaseEventLoopServer\target\classes\libs\FileMapperLib\lock
[23:19:29 WARN]: [CONSOLE] loaded libs:
[23:19:29 INFO]: [CONSOLE] FileMapperLib
[23:19:29 INFO]: [CONSOLE] DatabaseLib
[23:19:29 INFO]: [NormalRouter] is loading
[23:19:29 INFO]: [CONSOLE] [PluginLoading][NormalRouter] has initialized! Spend 82ms
[23:19:29 INFO]: [APlugin] enable
[23:19:29 INFO]: [CONSOLE] [PluginLoading][APlugin] has initialized! Spend 3ms
[23:19:29 INFO]: [CPlugin] enable
[23:19:29 INFO]: [CONSOLE] [PluginLoading][CPlugin] has initialized! Spend 3ms
[23:19:29 INFO]: [DPlugin] enable
[23:19:29 INFO]: [CONSOLE] [PluginLoading][DPlugin] has initialized! Spend 2ms
[23:19:29 INFO]: [BPlugin] enable
[23:19:29 INFO]: [CONSOLE] [PluginLoading][BPlugin] has initialized! Spend 2ms
[23:19:29 INFO]: [CONSOLE] Success Loaded 5 Plugin Spend 103ms
[23:19:29 INFO]: [CONSOLE] server is initializing
[23:19:29 INFO]: [CONSOLE] 20
[23:19:29 INFO]: [CONSOLE] server is initialized
[23:19:29 INFO]: [CONSOLE] launching.....
[23:19:30 INFO]: [CONSOLE] server is listening on /0:0:0:0:0:0:0:0:8921
[23:19:51 INFO]: [CONSOLE] Security-IO is not enable...
[23:19:51 INFO]: [DatabaseLib] service is running
[23:19:51 INFO]: [com.alibaba.druid.pool.DruidDataSource] {dataSource-0} restart
[23:19:51 INFO]: [DatabaseLib] initialized SqlSession success
[23:19:51 INFO]: [FileMapperLib] has loaded
[23:19:51 WARN]: [FileMapperLib] can't find a default url in config
[23:19:51 WARN]: [FileMapperLib] using the default dir: C:\Users\headp\Desktop\毕设结构设计模型\BaseEventLoopServer\target\classes\libs\FileMapperLib\files
[23:19:51 WARN]: [FileMapperLib] can't find a default url in config
[23:19:51 WARN]: [FileMapperLib] using the default dir: C:\Users\headp\Desktop\毕设结构设计模型\BaseEventLoopServer\target\classes\libs\FileMapperLib\recycle
[23:19:51 WARN]: [FileMapperLib] can't find a default url in config
[23:19:51 WARN]: [FileMapperLib] using the default dir: C:\Users\headp\Desktop\毕设结构设计模型\BaseEventLoopServer\target\classes\libs\FileMapperLib\lock
[23:19:51 WARN]: [CONSOLE] loaded libs:
[23:19:51 INFO]: [CONSOLE] FileMapperLib
[23:19:51 INFO]: [CONSOLE] DatabaseLib
[23:19:51 INFO]: [NormalRouter] is loading
[23:19:51 INFO]: [CONSOLE] [PluginLoading][NormalRouter] has initialized! Spend 67ms
[23:19:51 INFO]: [APlugin] enable
[23:19:51 INFO]: [CONSOLE] [PluginLoading][APlugin] has initialized! Spend 5ms
[23:19:51 INFO]: [CPlugin] enable
[23:19:51 INFO]: [CONSOLE] [PluginLoading][CPlugin] has initialized! Spend 3ms
[23:19:51 INFO]: [DPlugin] enable
[23:19:51 INFO]: [CONSOLE] [PluginLoading][DPlugin] has initialized! Spend 1ms
[23:19:51 INFO]: [BPlugin] enable
[23:19:51 INFO]: [CONSOLE] [PluginLoading][BPlugin] has initialized! Spend 1ms
[23:19:51 INFO]: [CONSOLE] Success Loaded 5 Plugin Spend 86ms
[23:19:51 INFO]: [CONSOLE] server is initializing
[23:19:52 INFO]: [CONSOLE] 20
[23:19:52 INFO]: [CONSOLE] server is initialized
[23:19:52 INFO]: [CONSOLE] launching.....
[23:19:53 INFO]: [CONSOLE] server is listening on /0:0:0:0:0:0:0:0:8921
