[15:54:30 INFO]: [CONSOLE] Security-IO is not enable...
[15:54:30 INFO]: [DatabaseLib] service is running
[15:54:30 INFO]: [com.alibaba.druid.pool.DruidDataSource] {dataSource-0} restart
[15:54:31 INFO]: [DatabaseLib] initialized SqlSession success
[15:54:31 INFO]: [FileMapperLib] has loaded
[15:54:31 WARN]: [FileMapperLib] can't find a default url in config
[15:54:31 WARN]: [FileMapperLib] using the default dir: C:\Users\headp\Desktop\毕设结构设计模型\BaseEventLoopServer\target\classes\libs\FileMapperLib\files
[15:54:31 WARN]: [FileMapperLib] can't find a default url in config
[15:54:31 WARN]: [FileMapperLib] using the default dir: C:\Users\headp\Desktop\毕设结构设计模型\BaseEventLoopServer\target\classes\libs\FileMapperLib\recycle
[15:54:31 WARN]: [FileMapperLib] can't find a default url in config
[15:54:31 WARN]: [FileMapperLib] using the default dir: C:\Users\headp\Desktop\毕设结构设计模型\BaseEventLoopServer\target\classes\libs\FileMapperLib\lock
[15:54:31 WARN]: [CONSOLE] loaded libs:
[15:54:31 INFO]: [CONSOLE] FileMapperLib
[15:54:31 INFO]: [CONSOLE] DatabaseLib
[15:54:31 INFO]: [NormalRouter] is loading
[15:54:31 INFO]: [CONSOLE] [PluginLoading][NormalRouter] has initialized! Spend 71ms
[15:54:31 INFO]: [APlugin] enable
[15:54:31 INFO]: [CONSOLE] [PluginLoading][APlugin] has initialized! Spend 3ms
[15:54:31 INFO]: [CPlugin] enable
[15:54:31 INFO]: [CONSOLE] [PluginLoading][CPlugin] has initialized! Spend 3ms
[15:54:31 INFO]: [DPlugin] enable
[15:54:31 INFO]: [CONSOLE] [PluginLoading][DPlugin] has initialized! Spend 2ms
[15:54:31 INFO]: [BPlugin] enable
[15:54:31 INFO]: [CONSOLE] [PluginLoading][BPlugin] has initialized! Spend 2ms
[15:54:31 INFO]: [CONSOLE] Success Loaded 5 Plugin Spend 86ms
[15:54:31 INFO]: [CONSOLE] server is initializing
[15:54:31 INFO]: [CONSOLE] 20
[15:54:31 INFO]: [CONSOLE] server is initialized
[15:54:31 INFO]: [CONSOLE] launching.....
[15:54:32 INFO]: [CONSOLE] server is listening on /0:0:0:0:0:0:0:0:8921
