[19:13:02 INFO]: [CONSOLE] 上传任务管道建立中:2e85f1dc6ad18333649bbc3957174a06_thumb-1920-952227.jpg
[19:13:02 INFO]: [CONSOLE] end
[19:16:30 INFO]: [CONSOLE] 上传任务管道建立中:2048社区 - big2048.com@6月收费作品动作片红人韩国混血儿极品大长腿白嫩女神美女Lena用性来安抚被教训过心情不好的哥哥.mp4
[19:16:36 INFO]: [CONSOLE] end
[19:18:10 INFO]: [CONSOLE] 上传任务管道建立中:2048社区 - big2048.com@6月收费作品动作片红人韩国混血儿极品大长腿白嫩女神美女Lena用性来安抚被教训过心情不好的哥哥.mp4
[19:18:16 INFO]: [CONSOLE] end
[19:19:20 INFO]: [CONSOLE] 上传任务管道建立中:2048社区 - big2048.com@6月收费作品动作片红人韩国混血儿极品大长腿白嫩女神美女Lena用性来安抚被教训过心情不好的哥哥.mp4
[19:19:27 INFO]: [CONSOLE] end
[20:55:42 INFO]: [CONSOLE] 上传任务管道建立中:60FPS Close-up  Beautiful Pussy.mp4
[20:55:43 INFO]: [CONSOLE] end
[20:56:38 INFO]: [CONSOLE] 上传任务管道建立中:2048社区 - big2048.com@6月收费作品动作片红人韩国混血儿极品大长腿白嫩女神美女Lena用性来安抚被教训过心情不好的哥哥.mp4
[20:57:12 INFO]: [CONSOLE] Security-IO is not enable...
[20:57:12 INFO]: [DatabaseLib] service is running
[20:57:12 INFO]: [DatabaseLib] initialized SqlSession success
[20:57:12 INFO]: [FileMapperLib] has loaded
[20:57:12 WARN]: [FileMapperLib] can't find a default url in config
[20:57:12 WARN]: [FileMapperLib] using the default dir: C:\Users\headp\Desktop\毕设结构设计模型\BaseEventLoopServer\target\classes\libs\FileMapperLib\files
[20:57:12 WARN]: [FileMapperLib] can't find a default url in config
[20:57:12 WARN]: [FileMapperLib] using the default dir: C:\Users\headp\Desktop\毕设结构设计模型\BaseEventLoopServer\target\classes\libs\FileMapperLib\recycle
[20:57:12 WARN]: [FileMapperLib] can't find a default url in config
[20:57:12 WARN]: [FileMapperLib] using the default dir: C:\Users\headp\Desktop\毕设结构设计模型\BaseEventLoopServer\target\classes\libs\FileMapperLib\lock
[20:57:13 WARN]: [CONSOLE] loaded libs:
[20:57:13 INFO]: [CONSOLE] FileMapperLib
[20:57:13 INFO]: [CONSOLE] DatabaseLib
[20:57:13 INFO]: [NormalRouter] is loading
[20:57:13 INFO]: [CONSOLE] [PluginLoading][NormalRouter] has initialized! Spend 99ms
[20:57:13 INFO]: [CONSOLE] Success Loaded 1 Plugin Spend 104ms
[20:57:13 INFO]: [CONSOLE] server is initializing
[20:57:13 INFO]: [CONSOLE] server is initialized
[20:57:13 INFO]: [CONSOLE] launching.....
[20:57:14 INFO]: [CONSOLE] server is listening on /0:0:0:0:0:0:0:0:8921
[20:57:16 INFO]: [CONSOLE] 上传任务管道建立中:2048社区 - big2048.com@6月收费作品动作片红人韩国混血儿极品大长腿白嫩女神美女Lena用性来安抚被教训过心情不好的哥哥.mp4
[20:57:20 INFO]: [CONSOLE] end
[20:58:09 INFO]: [CONSOLE] 上传任务管道建立中:Maomi - ＷＷＷ．ＢＣ５８Ｋ．ＣＯＭ_2305928353.mp4
[20:58:11 INFO]: [CONSOLE] end
[20:58:46 INFO]: [CONSOLE] 上传任务管道建立中:kawdadd992.rmvb
[20:58:48 INFO]: [CONSOLE] end
[20:59:30 INFO]: [com.alibaba.druid.pool.DruidDataSource] {dataSource-1} inited
[20:59:36 INFO]: [CONSOLE] 上传任务管道建立中:Batgirl Prison Shock With Ashley Lane.mp4
[20:59:43 INFO]: [CONSOLE] end
[21:00:42 INFO]: [CONSOLE] 上传任务管道建立中:A0MYLP4IZ(0AV{_0LF`Z6CI.jpg
[21:00:42 INFO]: [CONSOLE] end
[21:01:14 INFO]: [CONSOLE] 上传任务管道建立中:kawdadd992.rmvb
[21:01:16 INFO]: [CONSOLE] end
[21:03:17 INFO]: [CONSOLE] 上传任务管道建立中:index-1-2.mp4
[21:03:18 INFO]: [CONSOLE] end
[21:03:35 INFO]: [CONSOLE] 上传任务管道建立中:kawdadd992.rmvb
[21:03:41 INFO]: [CONSOLE] 上传任务管道建立中:SSNIadd537.rmvb
[21:03:44 INFO]: [CONSOLE] end
[21:06:20 INFO]: [CONSOLE] 上传任务管道建立中:2048社区 - big2048.com@6月收费作品动作片红人韩国混血儿极品大长腿白嫩女神美女Lena用性来安抚被教训过心情不好的哥哥.mp4
[21:06:27 INFO]: [CONSOLE] end
[21:07:14 INFO]: [CONSOLE] 上传任务管道建立中:Batgirl Prison Shock With Ashley Lane.mp4
[21:07:14 INFO]: [CONSOLE] 上传任务管道建立中:index-1-2.mp4
[21:07:14 INFO]: [CONSOLE] 上传任务管道建立中:kawdadd992.rmvb
[21:07:17 INFO]: [CONSOLE] end
[21:07:19 INFO]: [CONSOLE] end
[21:07:23 INFO]: [CONSOLE] end
[21:10:41 INFO]: [CONSOLE] 上传任务管道建立中:2048社区 - big2048.com@6月收费作品动作片红人韩国混血儿极品大长腿白嫩女神美女Lena用性来安抚被教训过心情不好的哥哥.mp4
[21:10:48 INFO]: [CONSOLE] end
[21:11:11 INFO]: [CONSOLE] 上传任务管道建立中:2048社区 - big2048.com@6月收费作品动作片红人韩国混血儿极品大长腿白嫩女神美女Lena用性来安抚被教训过心情不好的哥哥.mp4
[21:24:55 INFO]: [CONSOLE] 上传任务管道建立中:Maomi - ＷＷＷ．ＢＣ５８Ｋ．ＣＯＭ_2305928353.mp4
[21:24:58 INFO]: [CONSOLE] end
[21:25:42 INFO]: [CONSOLE] 上传任务管道建立中:2048社区 - big2048.com@6月收费作品动作片红人韩国混血儿极品大长腿白嫩女神美女Lena用性来安抚被教训过心情不好的哥哥.mp4
[21:25:49 INFO]: [CONSOLE] 上传任务管道建立中:火影531集（剥）.mp4
[21:25:49 INFO]: [CONSOLE] end
[21:27:24 INFO]: [CONSOLE] 上传任务管道建立中:2048社区 - big2048.com@6月收费作品动作片红人韩国混血儿极品大长腿白嫩女神美女Lena用性来安抚被教训过心情不好的哥哥.mp4
[21:27:31 INFO]: [CONSOLE] end
[21:28:13 INFO]: [CONSOLE] 上传任务管道建立中:XVSRadd491.rmvb
[21:28:17 INFO]: [CONSOLE] end
[21:29:19 INFO]: [CONSOLE] 上传任务管道建立中:翘挺豪乳 连体黑丝.mp4
[21:29:20 INFO]: [CONSOLE] end
[21:31:39 INFO]: [CONSOLE] 上传任务管道建立中:Batgirl Prison Shock With Ashley Lane.mp4
[21:31:46 INFO]: [CONSOLE] end
[21:32:27 INFO]: [CONSOLE] 上传任务管道建立中:2048社区 - big2048.com@6月收费作品动作片红人韩国混血儿极品大长腿白嫩女神美女Lena用性来安抚被教训过心情不好的哥哥.mp4
[21:32:27 INFO]: [CONSOLE] 上传任务管道建立中:A0MYLP4IZ(0AV{_0LF`Z6CI.jpg
[21:32:27 INFO]: [CONSOLE] 上传任务管道建立中:B17827BD9C1864606731AC7D817A1695.jpg
[21:32:27 INFO]: [CONSOLE] end
[21:32:27 INFO]: [CONSOLE] end
[21:32:27 INFO]: [CONSOLE] 上传任务管道建立中:index-1-2.mp4
[21:32:27 INFO]: [CONSOLE] 上传任务管道建立中:Batgirl Prison Shock With Ashley Lane.mp4
[21:32:28 INFO]: [CONSOLE] end
[21:32:33 INFO]: [CONSOLE] end
[21:33:52 INFO]: [CONSOLE] 上传任务管道建立中:2048社区 - big2048.com@6月收费作品动作片红人韩国混血儿极品大长腿白嫩女神美女Lena用性来安抚被教训过心情不好的哥哥.mp4
[21:33:52 INFO]: [CONSOLE] 上传任务管道建立中:A0MYLP4IZ(0AV{_0LF`Z6CI.jpg
[21:33:52 INFO]: [CONSOLE] 上传任务管道建立中:B17827BD9C1864606731AC7D817A1695.jpg
[21:33:52 INFO]: [CONSOLE] end
[21:33:52 INFO]: [CONSOLE] end
[21:33:52 INFO]: [CONSOLE] 上传任务管道建立中:index-1-2.mp4
[21:33:52 INFO]: [CONSOLE] 上传任务管道建立中:Batgirl Prison Shock With Ashley Lane.mp4
[21:33:54 INFO]: [CONSOLE] end
[21:33:54 INFO]: [CONSOLE] 上传任务管道建立中:kawdadd992.rmvb
[21:34:02 INFO]: [CONSOLE] end
[21:34:02 INFO]: [CONSOLE] 上传任务管道建立中:Maomi - ＷＷＷ．ＢＣ５８Ｋ．ＣＯＭ_2305928353.mp4
[21:34:06 INFO]: [CONSOLE] end
[21:34:07 INFO]: [CONSOLE] end
[21:34:07 INFO]: [CONSOLE] end
[21:35:25 INFO]: [CONSOLE] 上传任务管道建立中:A0MYLP4IZ(0AV{_0LF`Z6CI.jpg
[21:35:25 INFO]: [CONSOLE] end
[21:35:29 INFO]: [CONSOLE] 上传任务管道建立中:2048社区 - big2048.com@6月收费作品动作片红人韩国混血儿极品大长腿白嫩女神美女Lena用性来安抚被教训过心情不好的哥哥.mp4
[21:35:36 INFO]: [CONSOLE] end
[21:36:19 INFO]: [CONSOLE] 上传任务管道建立中:starsadd102.rmvb
[21:36:22 INFO]: [CONSOLE] end
[21:36:31 INFO]: [CONSOLE] 上传任务管道建立中:極品白嫩爆乳黑絲.mp4
[21:36:31 INFO]: [CONSOLE] end
[21:36:44 INFO]: [CONSOLE] 上传任务管道建立中:长相很清纯的小姐姐.mp4
[21:36:45 INFO]: [CONSOLE] end
[21:37:44 INFO]: [CONSOLE] 上传任务管道建立中:2048社区 - big2048.com@6月收费作品动作片红人韩国混血儿极品大长腿白嫩女神美女Lena用性来安抚被教训过心情不好的哥哥.mp4
[21:37:49 INFO]: [CONSOLE] end
[21:38:08 INFO]: [CONSOLE] 上传任务管道建立中:Maomi - ＷＷＷ．ＢＣ５８Ｋ．ＣＯＭ_2305928353.mp4
[21:38:10 INFO]: [CONSOLE] end
[21:39:24 INFO]: [CONSOLE] 上传任务管道建立中:starsadd102.rmvb
[21:39:27 INFO]: [CONSOLE] end
[21:40:09 INFO]: [CONSOLE] 上传任务管道建立中:清晨来一炮.mp4
[21:40:10 INFO]: [CONSOLE] end
[21:40:32 INFO]: [CONSOLE] 上传任务管道建立中:XVSRadd491.rmvb
[21:40:35 INFO]: [CONSOLE] end
[21:40:52 INFO]: [CONSOLE] 上传任务管道建立中:720_性感继妹向我展示她大学一年学到的所有技能_1553129777.mp4
[21:40:52 INFO]: [CONSOLE] 上传任务管道建立中:67X6@4`N`Z[S5BWO{7~{BK9.png
[21:40:52 INFO]: [CONSOLE] 上传任务管道建立中:2048社区 - big2048.com@6月收费作品动作片红人韩国混血儿极品大长腿白嫩女神美女Lena用性来安抚被教训过心情不好的哥哥.mp4
[21:40:52 INFO]: [CONSOLE] end
[21:40:52 INFO]: [CONSOLE] 上传任务管道建立中:A0MYLP4IZ(0AV{_0LF`Z6CI.jpg
[21:40:52 INFO]: [CONSOLE] end
[21:40:52 INFO]: [CONSOLE] 上传任务管道建立中:B17827BD9C1864606731AC7D817A1695.jpg
[21:40:52 INFO]: [CONSOLE] end
[21:40:52 INFO]: [CONSOLE] 上传任务管道建立中:Batgirl Prison Shock With Ashley Lane.mp4
[21:40:54 INFO]: [CONSOLE] end
[21:40:54 INFO]: [CONSOLE] 上传任务管道建立中:index-1-2.mp4
[21:40:56 INFO]: [CONSOLE] end
[21:40:56 INFO]: [CONSOLE] 上传任务管道建立中:kawdadd992.rmvb
[21:41:02 INFO]: [CONSOLE] end
[21:41:04 INFO]: [CONSOLE] end
[21:41:04 INFO]: [CONSOLE] end
[21:41:48 INFO]: [CONSOLE] 上传任务管道建立中:2048社区 - big2048.com@6月收费作品动作片红人韩国混血儿极品大长腿白嫩女神美女Lena用性来安抚被教训过心情不好的哥哥.mp4
[21:41:48 INFO]: [CONSOLE] 上传任务管道建立中:720_性感继妹向我展示她大学一年学到的所有技能_1553129777.mp4
[21:41:48 INFO]: [CONSOLE] 上传任务管道建立中:A0MYLP4IZ(0AV{_0LF`Z6CI.jpg
[21:41:48 INFO]: [CONSOLE] end
[21:41:48 INFO]: [CONSOLE] 上传任务管道建立中:B17827BD9C1864606731AC7D817A1695.jpg
[21:41:48 INFO]: [CONSOLE] end
[21:41:48 INFO]: [CONSOLE] 上传任务管道建立中:Batgirl Prison Shock With Ashley Lane.mp4
[21:41:53 INFO]: [CONSOLE] end
[21:41:53 INFO]: [CONSOLE] 上传任务管道建立中:index-1-2.mp4
[21:41:55 INFO]: [CONSOLE] end
[21:41:55 INFO]: [CONSOLE] 上传任务管道建立中:kawdadd992.rmvb
[21:42:02 INFO]: [CONSOLE] end
[21:42:04 INFO]: [CONSOLE] end
[21:42:04 INFO]: [CONSOLE] end
[21:42:23 INFO]: [CONSOLE] 上传任务管道建立中:A0MYLP4IZ(0AV{_0LF`Z6CI.jpg
[21:42:23 INFO]: [CONSOLE] end
[21:42:27 INFO]: [CONSOLE] 上传任务管道建立中:60FPS Close-up  Beautiful Pussy.mp4
[21:42:28 INFO]: [CONSOLE] end
[21:44:21 INFO]: [CONSOLE] 上传任务管道建立中:B17827BD9C1864606731AC7D817A1695.jpg
[21:44:21 INFO]: [CONSOLE] 上传任务管道建立中:Batgirl Prison Shock With Ashley Lane.mp4
[21:44:21 INFO]: [CONSOLE] 上传任务管道建立中:index-1-2.mp4
[21:44:21 INFO]: [CONSOLE] end
[21:44:21 INFO]: [CONSOLE] 上传任务管道建立中:kawdadd992.rmvb
[21:44:24 INFO]: [CONSOLE] end
[21:44:24 INFO]: [CONSOLE] 上传任务管道建立中:Maomi - ＷＷＷ．ＢＣ５８Ｋ．ＣＯＭ_2305928353.mp4
[21:44:29 INFO]: [CONSOLE] end
[21:44:29 INFO]: [CONSOLE] end
[21:44:33 INFO]: [CONSOLE] end
[21:44:51 INFO]: [CONSOLE] 上传任务管道建立中:4k-spidey-mobster-white-ickysticky_2160p.mp4
[21:44:51 INFO]: [CONSOLE] 上传任务管道建立中:5c5810fd.weaksharedptr.mp4
[21:44:51 INFO]: [CONSOLE] 上传任务管道建立中:006 Little step sis riding dildo in the kitchen t.mp4
[21:44:53 INFO]: [CONSOLE] end
[21:44:53 INFO]: [CONSOLE] 上传任务管道建立中:60FPS Close-up  Beautiful Pussy.mp4
[21:44:54 INFO]: [CONSOLE] end
[21:44:54 INFO]: [CONSOLE] 上传任务管道建立中:67X6@4`N`Z[S5BWO{7~{BK9.png
[21:44:54 INFO]: [CONSOLE] end
[21:44:54 INFO]: [CONSOLE] 上传任务管道建立中:720_性感继妹向我展示她大学一年学到的所有技能_1553129777.mp4
[21:44:55 INFO]: [CONSOLE] end
[21:44:55 INFO]: [CONSOLE] 上传任务管道建立中:2048社区 - big2048.com@6月收费作品动作片红人韩国混血儿极品大长腿白嫩女神美女Lena用性来安抚被教训过心情不好的哥哥.mp4
[21:44:56 INFO]: [CONSOLE] end
[21:44:56 INFO]: [CONSOLE] 上传任务管道建立中:A0MYLP4IZ(0AV{_0LF`Z6CI.jpg
[21:44:56 INFO]: [CONSOLE] end
[21:44:56 INFO]: [CONSOLE] 上传任务管道建立中:B17827BD9C1864606731AC7D817A1695.jpg
[21:44:56 INFO]: [CONSOLE] end
[21:44:56 INFO]: [CONSOLE] 上传任务管道建立中:Batgirl Prison Shock With Ashley Lane.mp4
[21:44:58 INFO]: [CONSOLE] end
[21:45:05 INFO]: [CONSOLE] end
[21:45:06 INFO]: [CONSOLE] end
[21:45:39 INFO]: [CONSOLE] 上传任务管道建立中:極品白嫩爆乳黑絲.mp4
[21:45:39 INFO]: [CONSOLE] 上传任务管道建立中:翘挺豪乳 连体黑丝.mp4
[21:45:39 INFO]: [CONSOLE] 上传任务管道建立中:嫩嫩的内进去~.mp4
[21:45:40 INFO]: [CONSOLE] end
[21:45:40 INFO]: [CONSOLE] 上传任务管道建立中:清晨来一炮.mp4
[21:45:40 INFO]: [CONSOLE] end
[21:45:40 INFO]: [CONSOLE] 上传任务管道建立中:纤细苗条嫩妹.mp4
[21:45:41 INFO]: [CONSOLE] end
[21:45:41 INFO]: [CONSOLE] 上传任务管道建立中:长相很清纯的小姐姐.mp4
[21:45:43 INFO]: [CONSOLE] end
[21:45:43 INFO]: [CONSOLE] 上传任务管道建立中:这女的长的太戳XP了.mp4
[21:45:44 INFO]: [CONSOLE] end
[21:45:47 INFO]: [CONSOLE] end
[21:45:47 INFO]: [CONSOLE] end
[21:46:24 INFO]: [CONSOLE] 上传任务管道建立中:XVSRadd491.rmvb
[21:46:27 INFO]: [CONSOLE] end
[21:48:18 INFO]: [CONSOLE] 上传任务管道建立中:粗屌爆干大奶翘臀.mp4
[21:48:18 INFO]: [CONSOLE] end
[21:48:22 INFO]: [CONSOLE] 上传任务管道建立中:60FPS Close-up  Beautiful Pussy.mp4
[21:48:23 INFO]: [CONSOLE] end
[21:48:27 INFO]: [CONSOLE] 上传任务管道建立中:这女的长的太戳XP了.mp4
[21:48:30 INFO]: [CONSOLE] end
[21:51:27 INFO]: [CONSOLE] 上传任务管道建立中:2048社区 - big2048.com@6月收费作品动作片红人韩国混血儿极品大长腿白嫩女神美女Lena用性来安抚被教训过心情不好的哥哥.mp4
[21:51:33 INFO]: [CONSOLE] end
[21:51:45 INFO]: [CONSOLE] 上传任务管道建立中:2048社区 - big2048.com@6月收费作品动作片红人韩国混血儿极品大长腿白嫩女神美女Lena用性来安抚被教训过心情不好的哥哥.mp4
[21:51:45 INFO]: [CONSOLE] 上传任务管道建立中:A0MYLP4IZ(0AV{_0LF`Z6CI.jpg
[21:51:45 INFO]: [CONSOLE] 上传任务管道建立中:B17827BD9C1864606731AC7D817A1695.jpg
[21:51:45 INFO]: [CONSOLE] end
[21:51:45 INFO]: [CONSOLE] end
[21:51:45 INFO]: [CONSOLE] 上传任务管道建立中:Batgirl Prison Shock With Ashley Lane.mp4
[21:51:45 INFO]: [CONSOLE] 上传任务管道建立中:index-1-2.mp4
[21:51:47 INFO]: [CONSOLE] end
[21:51:47 INFO]: [CONSOLE] 上传任务管道建立中:kawdadd992.rmvb
[21:51:59 INFO]: [CONSOLE] Security-IO is not enable...
[21:51:59 INFO]: [DatabaseLib] service is running
[21:51:59 INFO]: [DatabaseLib] initialized SqlSession success
[21:51:59 INFO]: [FileMapperLib] has loaded
[21:51:59 WARN]: [FileMapperLib] can't find a default url in config
[21:51:59 WARN]: [FileMapperLib] using the default dir: C:\Users\headp\Desktop\毕设结构设计模型\BaseEventLoopServer\target\classes\libs\FileMapperLib\files
[21:51:59 WARN]: [FileMapperLib] can't find a default url in config
[21:51:59 WARN]: [FileMapperLib] using the default dir: C:\Users\headp\Desktop\毕设结构设计模型\BaseEventLoopServer\target\classes\libs\FileMapperLib\recycle
[21:51:59 WARN]: [FileMapperLib] can't find a default url in config
[21:51:59 WARN]: [FileMapperLib] using the default dir: C:\Users\headp\Desktop\毕设结构设计模型\BaseEventLoopServer\target\classes\libs\FileMapperLib\lock
[21:51:59 WARN]: [CONSOLE] loaded libs:
[21:51:59 INFO]: [CONSOLE] FileMapperLib
[21:51:59 INFO]: [CONSOLE] DatabaseLib
[21:51:59 INFO]: [NormalRouter] is loading
[21:51:59 INFO]: [CONSOLE] [PluginLoading][NormalRouter] has initialized! Spend 79ms
[21:51:59 INFO]: [CONSOLE] Success Loaded 1 Plugin Spend 84ms
[21:51:59 INFO]: [CONSOLE] server is initializing
[21:52:00 INFO]: [CONSOLE] server is initialized
[21:52:00 INFO]: [CONSOLE] launching.....
[21:52:01 INFO]: [CONSOLE] server is listening on /0:0:0:0:0:0:0:0:8921
[21:52:04 INFO]: [CONSOLE] 上传任务管道建立中:kawdadd992.rmvb
[21:52:04 INFO]: [CONSOLE] 上传任务管道建立中:2048社区 - big2048.com@6月收费作品动作片红人韩国混血儿极品大长腿白嫩女神美女Lena用性来安抚被教训过心情不好的哥哥.mp4
[21:52:04 INFO]: [CONSOLE] 上传任务管道建立中:Batgirl Prison Shock With Ashley Lane.mp4
[21:52:06 INFO]: [CONSOLE] end
[21:52:06 INFO]: [CONSOLE] 上传任务管道建立中:Maomi - ＷＷＷ．ＢＣ５８Ｋ．ＣＯＭ_2305928353.mp4
[21:52:11 INFO]: [CONSOLE] end
[21:52:11 INFO]: [CONSOLE] 上传任务管道建立中:PPPE-013-C.mp4
[21:52:11 INFO]: [CONSOLE] end
[21:52:11 INFO]: [CONSOLE] 上传任务管道建立中:SpringBoot框架技术.doc
[21:52:12 INFO]: [CONSOLE] end
[21:52:12 INFO]: [CONSOLE] 上传任务管道建立中:SSNIadd537.rmvb
[21:52:13 INFO]: [CONSOLE] end
[21:52:13 INFO]: [CONSOLE] 上传任务管道建立中:starsadd102.rmvb
[21:52:19 INFO]: [CONSOLE] end
[21:52:20 INFO]: [CONSOLE] end
[21:52:48 INFO]: [CONSOLE] end
[21:57:01 INFO]: [CONSOLE] Security-IO is not enable...
[21:57:01 INFO]: [DatabaseLib] service is running
[21:57:02 INFO]: [DatabaseLib] initialized SqlSession success
[21:57:02 INFO]: [FileMapperLib] has loaded
[21:57:02 WARN]: [FileMapperLib] can't find a default url in config
[21:57:02 WARN]: [FileMapperLib] using the default dir: C:\Users\headp\Desktop\毕设结构设计模型\BaseEventLoopServer\target\classes\libs\FileMapperLib\files
[21:57:02 WARN]: [FileMapperLib] can't find a default url in config
[21:57:02 WARN]: [FileMapperLib] using the default dir: C:\Users\headp\Desktop\毕设结构设计模型\BaseEventLoopServer\target\classes\libs\FileMapperLib\recycle
[21:57:02 WARN]: [FileMapperLib] can't find a default url in config
[21:57:02 WARN]: [FileMapperLib] using the default dir: C:\Users\headp\Desktop\毕设结构设计模型\BaseEventLoopServer\target\classes\libs\FileMapperLib\lock
[21:57:02 WARN]: [CONSOLE] loaded libs:
[21:57:02 INFO]: [CONSOLE] FileMapperLib
[21:57:02 INFO]: [CONSOLE] DatabaseLib
[21:57:02 INFO]: [NormalRouter] is loading
[21:57:02 INFO]: [CONSOLE] [PluginLoading][NormalRouter] has initialized! Spend 66ms
[21:57:02 INFO]: [CONSOLE] Success Loaded 1 Plugin Spend 70ms
[21:57:02 INFO]: [CONSOLE] server is initializing
[21:57:02 INFO]: [CONSOLE] server is initialized
[21:57:02 INFO]: [CONSOLE] launching.....
[21:57:03 INFO]: [CONSOLE] server is listening on /0:0:0:0:0:0:0:0:8921
[21:57:04 INFO]: [com.alibaba.druid.pool.DruidDataSource] {dataSource-1} inited
[21:57:54 INFO]: [CONSOLE] 上传任务管道建立中:2048社区 - big2048.com@6月收费作品动作片红人韩国混血儿极品大长腿白嫩女神美女Lena用性来安抚被教训过心情不好的哥哥.mp4
[21:58:01 INFO]: [CONSOLE] end
[22:00:04 INFO]: [CONSOLE] 上传任务管道建立中:Batgirl Prison Shock With Ashley Lane.mp4
[22:01:28 INFO]: [CONSOLE] 连接中断
[22:05:47 INFO]: [CONSOLE] 上传任务管道建立中:Maomi - ＷＷＷ．ＢＣ５８Ｋ．ＣＯＭ_2305928353.mp4
[22:05:49 INFO]: [CONSOLE] end
[22:05:54 INFO]: [CONSOLE] 上传任务管道建立中:starsadd102.rmvb
[22:06:57 INFO]: [CONSOLE] 连接中断
[22:08:05 INFO]: [CONSOLE] 上传任务管道建立中:2048社区 - big2048.com@6月收费作品动作片红人韩国混血儿极品大长腿白嫩女神美女Lena用性来安抚被教训过心情不好的哥哥.mp4
[22:09:34 INFO]: [CONSOLE] 连接中断
[22:09:48 INFO]: [CONSOLE] 上传任务管道建立中:2048社区 - big2048.com@6月收费作品动作片红人韩国混血儿极品大长腿白嫩女神美女Lena用性来安抚被教训过心情不好的哥哥.mp4
[22:09:50 INFO]: [CONSOLE] end
[22:09:54 INFO]: [CONSOLE] 上传任务管道建立中:720_性感继妹向我展示她大学一年学到的所有技能_1553129777.mp4
[22:09:56 INFO]: [CONSOLE] end
[22:10:08 INFO]: [CONSOLE] 上传任务管道建立中:2048社区 - big2048.com@6月收费作品动作片红人韩国混血儿极品大长腿白嫩女神美女Lena用性来安抚被教训过心情不好的哥哥.mp4
[22:10:09 INFO]: [CONSOLE] 连接中断
[22:11:05 INFO]: [CONSOLE] 上传任务管道建立中:2048社区 - big2048.com@6月收费作品动作片红人韩国混血儿极品大长腿白嫩女神美女Lena用性来安抚被教训过心情不好的哥哥.mp4
[22:11:07 INFO]: [CONSOLE] 连接中断
[22:11:11 INFO]: [CONSOLE] 上传任务管道建立中:2048社区 - big2048.com@6月收费作品动作片红人韩国混血儿极品大长腿白嫩女神美女Lena用性来安抚被教训过心情不好的哥哥.mp4
[22:12:15 INFO]: [CONSOLE] 上传任务管道建立中:2048社区 - big2048.com@6月收费作品动作片红人韩国混血儿极品大长腿白嫩女神美女Lena用性来安抚被教训过心情不好的哥哥.mp4
[22:12:19 INFO]: [CONSOLE] end
[22:17:47 INFO]: [CONSOLE] 上传任务管道建立中:2048社区 - big2048.com@6月收费作品动作片红人韩国混血儿极品大长腿白嫩女神美女Lena用性来安抚被教训过心情不好的哥哥.mp4
[22:17:49 INFO]: [CONSOLE] 连接中断
[22:19:04 INFO]: [CONSOLE] 上传任务管道建立中:2048社区 - big2048.com@6月收费作品动作片红人韩国混血儿极品大长腿白嫩女神美女Lena用性来安抚被教训过心情不好的哥哥.mp4
[22:19:06 INFO]: [CONSOLE] 连接中断
[22:21:16 INFO]: [CONSOLE] 上传任务管道建立中:2048社区 - big2048.com@6月收费作品动作片红人韩国混血儿极品大长腿白嫩女神美女Lena用性来安抚被教训过心情不好的哥哥.mp4
[22:21:17 INFO]: [CONSOLE] end
[22:21:21 INFO]: [CONSOLE] 上传任务管道建立中:starsadd102.rmvb
[22:21:24 INFO]: [CONSOLE] 连接中断
[22:26:46 INFO]: [CONSOLE] 上传任务管道建立中:starsadd102.rmvb
[22:26:48 INFO]: [CONSOLE] end
[22:27:35 INFO]: [CONSOLE] 上传任务管道建立中:4k-spidey-mobster-white-ickysticky_2160p.mp4
[22:27:35 INFO]: [CONSOLE] 上传任务管道建立中:006 Little step sis riding dildo in the kitchen t.mp4
[22:27:35 INFO]: [CONSOLE] 上传任务管道建立中:5c5810fd.weaksharedptr.mp4
[22:27:37 INFO]: [CONSOLE] end
[22:27:37 INFO]: [CONSOLE] 上传任务管道建立中:60FPS Close-up  Beautiful Pussy.mp4
[22:27:38 INFO]: [CONSOLE] end
[22:27:38 INFO]: [CONSOLE] 上传任务管道建立中:67X6@4`N`Z[S5BWO{7~{BK9.png
[22:27:38 INFO]: [CONSOLE] end
[22:27:38 INFO]: [CONSOLE] 上传任务管道建立中:720_性感继妹向我展示她大学一年学到的所有技能_1553129777.mp4
[22:27:39 INFO]: [CONSOLE] end
[22:27:39 INFO]: [CONSOLE] 上传任务管道建立中:2048社区 - big2048.com@6月收费作品动作片红人韩国混血儿极品大长腿白嫩女神美女Lena用性来安抚被教训过心情不好的哥哥.mp4
[22:27:41 INFO]: [CONSOLE] end
[22:27:41 INFO]: [CONSOLE] 上传任务管道建立中:A0MYLP4IZ(0AV{_0LF`Z6CI.jpg
[22:27:41 INFO]: [CONSOLE] end
[22:27:41 INFO]: [CONSOLE] 上传任务管道建立中:B17827BD9C1864606731AC7D817A1695.jpg
[22:27:41 INFO]: [CONSOLE] end
[22:27:41 INFO]: [CONSOLE] 上传任务管道建立中:Batgirl Prison Shock With Ashley Lane.mp4
[22:27:43 INFO]: [CONSOLE] end
[22:27:43 INFO]: [CONSOLE] 上传任务管道建立中:index-1-2.mp4
[22:27:45 INFO]: [CONSOLE] end
[22:27:45 INFO]: [CONSOLE] 上传任务管道建立中:kawdadd992.rmvb
[22:27:51 INFO]: [CONSOLE] end
[22:27:51 INFO]: [CONSOLE] 上传任务管道建立中:Maomi - ＷＷＷ．ＢＣ５８Ｋ．ＣＯＭ_2305928353.mp4
[22:27:53 INFO]: [CONSOLE] end
[22:27:53 INFO]: [CONSOLE] 上传任务管道建立中:PPPE-013-C.mp4
[22:27:55 INFO]: [CONSOLE] end
[22:27:55 INFO]: [CONSOLE] 上传任务管道建立中:SpringBoot框架技术.doc
[22:27:55 INFO]: [CONSOLE] end
[22:27:55 INFO]: [CONSOLE] 上传任务管道建立中:SSNIadd537.rmvb
[22:27:55 INFO]: [CONSOLE] end
[22:27:55 INFO]: [CONSOLE] 上传任务管道建立中:starsadd102.rmvb
[22:28:01 INFO]: [CONSOLE] end
[22:28:01 INFO]: [CONSOLE] 上传任务管道建立中:XVSRadd491.rmvb
[22:28:02 INFO]: [CONSOLE] end
[22:28:02 INFO]: [CONSOLE] 上传任务管道建立中:爆乳丰臀素人.mp4
[22:28:04 INFO]: [CONSOLE] end
[22:28:04 INFO]: [CONSOLE] 上传任务管道建立中:粗屌爆干大奶翘臀.mp4
[22:28:05 INFO]: [CONSOLE] end
[22:28:05 INFO]: [CONSOLE] 上传任务管道建立中:火影531集（剥）.mp4
[22:28:05 INFO]: [CONSOLE] end
[22:28:05 INFO]: [CONSOLE] 上传任务管道建立中:極品白嫩爆乳黑絲.mp4
[22:28:06 INFO]: [CONSOLE] end
[22:28:06 INFO]: [CONSOLE] 上传任务管道建立中:嫩嫩的内进去~.mp4
[22:28:09 INFO]: [CONSOLE] end
[22:28:09 INFO]: [CONSOLE] 上传任务管道建立中:翘挺豪乳 连体黑丝.mp4
[22:28:09 INFO]: [CONSOLE] end
[22:28:09 INFO]: [CONSOLE] 上传任务管道建立中:清晨来一炮.mp4
[22:28:10 INFO]: [CONSOLE] end
[22:28:10 INFO]: [CONSOLE] 上传任务管道建立中:纤细苗条嫩妹.mp4
[22:28:12 INFO]: [CONSOLE] end
[22:28:12 INFO]: [CONSOLE] 上传任务管道建立中:长相很清纯的小姐姐.mp4
[22:28:14 INFO]: [CONSOLE] end
[22:28:14 INFO]: [CONSOLE] 上传任务管道建立中:这女的长的太戳XP了.mp4
[22:28:19 INFO]: [CONSOLE] end
[22:28:20 INFO]: [CONSOLE] end
[22:28:35 INFO]: [CONSOLE] end
[22:30:42 INFO]: [CONSOLE] 上传任务管道建立中:4k-spidey-mobster-white-ickysticky_2160p.mp4
[22:30:42 INFO]: [CONSOLE] 上传任务管道建立中:006 Little step sis riding dildo in the kitchen t.mp4
[22:30:42 INFO]: [CONSOLE] 上传任务管道建立中:5c5810fd.weaksharedptr.mp4
[22:30:43 INFO]: [CONSOLE] end
[22:30:43 INFO]: [CONSOLE] 上传任务管道建立中:60FPS Close-up  Beautiful Pussy.mp4
[22:30:44 INFO]: [CONSOLE] end
[22:30:44 INFO]: [CONSOLE] 上传任务管道建立中:67X6@4`N`Z[S5BWO{7~{BK9.png
[22:30:44 INFO]: [CONSOLE] end
[22:30:44 INFO]: [CONSOLE] 上传任务管道建立中:720_性感继妹向我展示她大学一年学到的所有技能_1553129777.mp4
[22:30:46 INFO]: [CONSOLE] end
[22:30:46 INFO]: [CONSOLE] 上传任务管道建立中:2048社区 - big2048.com@6月收费作品动作片红人韩国混血儿极品大长腿白嫩女神美女Lena用性来安抚被教训过心情不好的哥哥.mp4
[22:30:47 INFO]: [CONSOLE] end
[22:30:47 INFO]: [CONSOLE] 上传任务管道建立中:A0MYLP4IZ(0AV{_0LF`Z6CI.jpg
[22:30:47 INFO]: [CONSOLE] end
[22:30:47 INFO]: [CONSOLE] 上传任务管道建立中:B17827BD9C1864606731AC7D817A1695.jpg
[22:30:47 INFO]: [CONSOLE] end
[22:30:47 INFO]: [CONSOLE] 上传任务管道建立中:Batgirl Prison Shock With Ashley Lane.mp4
[22:30:49 INFO]: [CONSOLE] end
[22:30:49 INFO]: [CONSOLE] 上传任务管道建立中:index-1-2.mp4
[22:30:51 INFO]: [CONSOLE] end
[22:30:51 INFO]: [CONSOLE] 上传任务管道建立中:kawdadd992.rmvb
[22:30:58 INFO]: [CONSOLE] end
[22:30:58 INFO]: [CONSOLE] 上传任务管道建立中:Maomi - ＷＷＷ．ＢＣ５８Ｋ．ＣＯＭ_2305928353.mp4
[22:30:59 INFO]: [CONSOLE] end
[22:30:59 INFO]: [CONSOLE] 上传任务管道建立中:PPPE-013-C.mp4
[22:31:02 INFO]: [CONSOLE] end
[22:31:02 INFO]: [CONSOLE] 上传任务管道建立中:SpringBoot框架技术.doc
[22:31:02 INFO]: [CONSOLE] end
[22:31:02 INFO]: [CONSOLE] 上传任务管道建立中:SSNIadd537.rmvb
[22:31:02 INFO]: [CONSOLE] end
[22:31:02 INFO]: [CONSOLE] 上传任务管道建立中:starsadd102.rmvb
[22:31:10 INFO]: [CONSOLE] end
[22:31:10 INFO]: [CONSOLE] 上传任务管道建立中:XVSRadd491.rmvb
[22:31:12 INFO]: [CONSOLE] end
[22:31:12 INFO]: [CONSOLE] 上传任务管道建立中:爆乳丰臀素人.mp4
[22:31:14 INFO]: [CONSOLE] end
[22:31:14 INFO]: [CONSOLE] 上传任务管道建立中:粗屌爆干大奶翘臀.mp4
[22:31:15 INFO]: [CONSOLE] end
[22:31:15 INFO]: [CONSOLE] 上传任务管道建立中:火影531集（剥）.mp4
[22:31:15 INFO]: [CONSOLE] end
[22:31:15 INFO]: [CONSOLE] 上传任务管道建立中:極品白嫩爆乳黑絲.mp4
[22:31:17 INFO]: [CONSOLE] end
[22:31:17 INFO]: [CONSOLE] 上传任务管道建立中:嫩嫩的内进去~.mp4
[22:31:21 INFO]: [CONSOLE] end
[22:31:21 INFO]: [CONSOLE] 上传任务管道建立中:翘挺豪乳 连体黑丝.mp4
[22:31:21 INFO]: [CONSOLE] end
[22:31:21 INFO]: [CONSOLE] 上传任务管道建立中:清晨来一炮.mp4
[22:31:22 INFO]: [CONSOLE] end
[22:31:22 INFO]: [CONSOLE] 上传任务管道建立中:纤细苗条嫩妹.mp4
[22:31:25 INFO]: [CONSOLE] end
[22:31:25 INFO]: [CONSOLE] 上传任务管道建立中:长相很清纯的小姐姐.mp4
[22:31:28 INFO]: [CONSOLE] end
[22:31:28 INFO]: [CONSOLE] 上传任务管道建立中:这女的长的太戳XP了.mp4
[22:31:35 INFO]: [CONSOLE] end
[22:31:35 INFO]: [CONSOLE] end
[22:31:57 INFO]: [CONSOLE] end
[22:37:23 INFO]: [CONSOLE] 上传任务管道建立中:60FPS Close-up  Beautiful Pussy.mp4
[22:37:23 INFO]: [CONSOLE] 上传任务管道建立中:5c5810fd.weaksharedptr.mp4
[22:37:23 INFO]: [CONSOLE] 上传任务管道建立中:006 Little step sis riding dildo in the kitchen t.mp4
[22:37:25 INFO]: [CONSOLE] end
[22:37:25 INFO]: [CONSOLE] 上传任务管道建立中:67X6@4`N`Z[S5BWO{7~{BK9.png
[22:37:25 INFO]: [CONSOLE] end
[22:37:25 INFO]: [CONSOLE] 上传任务管道建立中:720_性感继妹向我展示她大学一年学到的所有技能_1553129777.mp4
[22:37:26 INFO]: [CONSOLE] end
[22:37:26 INFO]: [CONSOLE] 上传任务管道建立中:2048社区 - big2048.com@6月收费作品动作片红人韩国混血儿极品大长腿白嫩女神美女Lena用性来安抚被教训过心情不好的哥哥.mp4
[22:37:28 INFO]: [CONSOLE] end
[22:37:28 INFO]: [CONSOLE] 上传任务管道建立中:A0MYLP4IZ(0AV{_0LF`Z6CI.jpg
[22:37:28 INFO]: [CONSOLE] end
[22:37:28 INFO]: [CONSOLE] 上传任务管道建立中:B17827BD9C1864606731AC7D817A1695.jpg
[22:37:28 INFO]: [CONSOLE] end
[22:37:28 INFO]: [CONSOLE] 上传任务管道建立中:Batgirl Prison Shock With Ashley Lane.mp4
[22:37:30 INFO]: [CONSOLE] end
[22:37:30 INFO]: [CONSOLE] 上传任务管道建立中:index-1-2.mp4
[22:37:32 INFO]: [CONSOLE] end
[22:37:32 INFO]: [CONSOLE] 上传任务管道建立中:kawdadd992.rmvb
[22:37:38 INFO]: [CONSOLE] end
[22:37:38 INFO]: [CONSOLE] 上传任务管道建立中:Maomi - ＷＷＷ．ＢＣ５８Ｋ．ＣＯＭ_2305928353.mp4
[22:37:39 INFO]: [CONSOLE] end
[22:37:39 INFO]: [CONSOLE] 上传任务管道建立中:PPPE-013-C.mp4
[22:37:42 INFO]: [CONSOLE] end
[22:37:42 INFO]: [CONSOLE] 上传任务管道建立中:纤细苗条嫩妹.mp4
[22:37:43 INFO]: [CONSOLE] end
[22:37:43 INFO]: [CONSOLE] 上传任务管道建立中:这女的长的太戳XP了.mp4
[22:37:49 INFO]: [CONSOLE] end
[22:37:51 INFO]: [CONSOLE] end
[22:38:17 INFO]: [CONSOLE] end
[22:44:47 INFO]: [CONSOLE] 上传任务管道建立中:5c5810fd.weaksharedptr.mp4
[22:44:47 INFO]: [CONSOLE] 上传任务管道建立中:4k-spidey-mobster-white-ickysticky_2160p.mp4
[22:44:47 INFO]: [CONSOLE] 上传任务管道建立中:006 Little step sis riding dildo in the kitchen t.mp4
[22:44:48 INFO]: [CONSOLE] end
[22:44:48 INFO]: [CONSOLE] 上传任务管道建立中:60FPS Close-up  Beautiful Pussy.mp4
[22:44:49 INFO]: [CONSOLE] end
[22:44:49 INFO]: [CONSOLE] 上传任务管道建立中:720_性感继妹向我展示她大学一年学到的所有技能_1553129777.mp4
[22:44:51 INFO]: [CONSOLE] end
[22:44:51 INFO]: [CONSOLE] 上传任务管道建立中:2048社区 - big2048.com@6月收费作品动作片红人韩国混血儿极品大长腿白嫩女神美女Lena用性来安抚被教训过心情不好的哥哥.mp4
[22:44:53 INFO]: [CONSOLE] end
[22:44:53 INFO]: [CONSOLE] 上传任务管道建立中:A0MYLP4IZ(0AV{_0LF`Z6CI.jpg
[22:44:53 INFO]: [CONSOLE] end
[22:44:53 INFO]: [CONSOLE] 上传任务管道建立中:B17827BD9C1864606731AC7D817A1695.jpg
[22:44:53 INFO]: [CONSOLE] end
[22:44:53 INFO]: [CONSOLE] 上传任务管道建立中:Batgirl Prison Shock With Ashley Lane.mp4
[22:44:55 INFO]: [CONSOLE] end
[22:44:55 INFO]: [CONSOLE] 上传任务管道建立中:index-1-2.mp4
[22:44:57 INFO]: [CONSOLE] end
[22:44:57 INFO]: [CONSOLE] 上传任务管道建立中:kawdadd992.rmvb
[22:45:03 INFO]: [CONSOLE] end
[22:45:03 INFO]: [CONSOLE] 上传任务管道建立中:Maomi - ＷＷＷ．ＢＣ５８Ｋ．ＣＯＭ_2305928353.mp4
[22:45:05 INFO]: [CONSOLE] end
[22:45:05 INFO]: [CONSOLE] 上传任务管道建立中:SpringBoot框架技术.doc
[22:45:05 INFO]: [CONSOLE] end
[22:45:05 INFO]: [CONSOLE] 上传任务管道建立中:SSNIadd537.rmvb
[22:45:07 INFO]: [CONSOLE] end
[22:45:07 INFO]: [CONSOLE] 上传任务管道建立中:starsadd102.rmvb
[22:45:07 INFO]: [CONSOLE] end
[22:45:07 INFO]: [CONSOLE] 上传任务管道建立中:XVSRadd491.rmvb
[22:45:11 INFO]: [CONSOLE] end
[22:45:11 INFO]: [CONSOLE] 上传任务管道建立中:爆乳丰臀素人.mp4
[22:45:12 INFO]: [CONSOLE] end
[22:45:12 INFO]: [CONSOLE] 上传任务管道建立中:極品白嫩爆乳黑絲.mp4
[22:45:13 INFO]: [CONSOLE] end
[22:45:13 INFO]: [CONSOLE] 上传任务管道建立中:嫩嫩的内进去~.mp4
[22:45:14 INFO]: [CONSOLE] end
[22:45:14 INFO]: [CONSOLE] 上传任务管道建立中:翘挺豪乳 连体黑丝.mp4
[22:45:15 INFO]: [CONSOLE] end
[22:45:15 INFO]: [CONSOLE] 上传任务管道建立中:清晨来一炮.mp4
[22:45:15 INFO]: [CONSOLE] end
[22:45:15 INFO]: [CONSOLE] 上传任务管道建立中:纤细苗条嫩妹.mp4
[22:45:16 INFO]: [CONSOLE] end
[22:45:16 INFO]: [CONSOLE] 上传任务管道建立中:长相很清纯的小姐姐.mp4
[22:45:18 INFO]: [CONSOLE] end
[22:45:18 INFO]: [CONSOLE] 上传任务管道建立中:这女的长的太戳XP了.mp4
[22:45:19 INFO]: [CONSOLE] end
[22:45:22 INFO]: [CONSOLE] end
[22:45:23 INFO]: [CONSOLE] end
[22:45:58 INFO]: [CONSOLE] 上传任务管道建立中:5c5810fd.weaksharedptr.mp4
[22:45:58 INFO]: [CONSOLE] 上传任务管道建立中:60FPS Close-up  Beautiful Pussy.mp4
[22:45:58 INFO]: [CONSOLE] 上传任务管道建立中:006 Little step sis riding dildo in the kitchen t.mp4
[22:46:00 INFO]: [CONSOLE] end
[22:46:01 INFO]: [CONSOLE] 上传任务管道建立中:67X6@4`N`Z[S5BWO{7~{BK9.png
[22:46:01 INFO]: [CONSOLE] end
[22:46:01 INFO]: [CONSOLE] 上传任务管道建立中:720_性感继妹向我展示她大学一年学到的所有技能_1553129777.mp4
[22:46:01 INFO]: [CONSOLE] end
[22:46:01 INFO]: [CONSOLE] 上传任务管道建立中:2048社区 - big2048.com@6月收费作品动作片红人韩国混血儿极品大长腿白嫩女神美女Lena用性来安抚被教训过心情不好的哥哥.mp4
[22:46:03 INFO]: [CONSOLE] end
[22:46:03 INFO]: [CONSOLE] 上传任务管道建立中:A0MYLP4IZ(0AV{_0LF`Z6CI.jpg
[22:46:03 INFO]: [CONSOLE] end
[22:46:03 INFO]: [CONSOLE] 上传任务管道建立中:B17827BD9C1864606731AC7D817A1695.jpg
[22:46:03 INFO]: [CONSOLE] end
[22:46:03 INFO]: [CONSOLE] 上传任务管道建立中:Batgirl Prison Shock With Ashley Lane.mp4
[22:46:05 INFO]: [CONSOLE] end
[22:46:10 INFO]: [CONSOLE] end
[22:46:12 INFO]: [CONSOLE] end
[22:49:22 INFO]: [CONSOLE] 上传任务管道建立中:A0MYLP4IZ(0AV{_0LF`Z6CI.jpg
[22:49:22 INFO]: [CONSOLE] 上传任务管道建立中:2048社区 - big2048.com@6月收费作品动作片红人韩国混血儿极品大长腿白嫩女神美女Lena用性来安抚被教训过心情不好的哥哥.mp4
[22:49:22 INFO]: [CONSOLE] 上传任务管道建立中:B17827BD9C1864606731AC7D817A1695.jpg
[22:49:22 INFO]: [CONSOLE] end
[22:49:22 INFO]: [CONSOLE] end
[22:49:27 INFO]: [CONSOLE] end
[22:50:49 INFO]: [CONSOLE] 上传任务管道建立中:720_性感继妹向我展示她大学一年学到的所有技能_1553129777.mp4
[22:50:50 INFO]: [CONSOLE] end
[22:57:16 INFO]: [CONSOLE] Security-IO is not enable...
[22:57:16 INFO]: [DatabaseLib] service is running
[22:57:16 INFO]: [DatabaseLib] initialized SqlSession success
[22:57:16 INFO]: [FileMapperLib] has loaded
[22:57:16 WARN]: [FileMapperLib] can't find a default url in config
[22:57:16 WARN]: [FileMapperLib] using the default dir: C:\Users\headp\Desktop\毕设结构设计模型\BaseEventLoopServer\target\classes\libs\FileMapperLib\files
[22:57:16 WARN]: [FileMapperLib] can't find a default url in config
[22:57:16 WARN]: [FileMapperLib] using the default dir: C:\Users\headp\Desktop\毕设结构设计模型\BaseEventLoopServer\target\classes\libs\FileMapperLib\recycle
[22:57:16 WARN]: [FileMapperLib] can't find a default url in config
[22:57:16 WARN]: [FileMapperLib] using the default dir: C:\Users\headp\Desktop\毕设结构设计模型\BaseEventLoopServer\target\classes\libs\FileMapperLib\lock
[22:57:16 WARN]: [CONSOLE] loaded libs:
[22:57:16 INFO]: [CONSOLE] FileMapperLib
[22:57:16 INFO]: [CONSOLE] DatabaseLib
[22:57:16 INFO]: [NormalRouter] is loading
[22:57:16 INFO]: [CONSOLE] [PluginLoading][NormalRouter] has initialized! Spend 79ms
[22:57:16 INFO]: [CONSOLE] Success Loaded 1 Plugin Spend 83ms
[22:57:16 INFO]: [CONSOLE] server is initializing
[22:57:17 INFO]: [CONSOLE] server is initialized
[22:57:17 INFO]: [CONSOLE] launching.....
[22:57:17 INFO]: [CONSOLE] server is listening on /0:0:0:0:0:0:0:0:8921
[22:57:29 INFO]: [com.alibaba.druid.pool.DruidDataSource] {dataSource-1} inited
[22:57:34 INFO]: [CONSOLE] 上传任务管道建立中:index-1-2.mp4
[22:57:35 INFO]: [CONSOLE] end
[22:58:11 INFO]: [CONSOLE] Security-IO is not enable...
[22:58:11 INFO]: [DatabaseLib] service is running
[22:58:11 INFO]: [DatabaseLib] initialized SqlSession success
[22:58:11 INFO]: [FileMapperLib] has loaded
[22:58:11 WARN]: [FileMapperLib] can't find a default url in config
[22:58:11 WARN]: [FileMapperLib] using the default dir: C:\Users\headp\Desktop\毕设结构设计模型\BaseEventLoopServer\target\classes\libs\FileMapperLib\files
[22:58:11 WARN]: [FileMapperLib] can't find a default url in config
[22:58:11 WARN]: [FileMapperLib] using the default dir: C:\Users\headp\Desktop\毕设结构设计模型\BaseEventLoopServer\target\classes\libs\FileMapperLib\recycle
[22:58:11 WARN]: [FileMapperLib] can't find a default url in config
[22:58:11 WARN]: [FileMapperLib] using the default dir: C:\Users\headp\Desktop\毕设结构设计模型\BaseEventLoopServer\target\classes\libs\FileMapperLib\lock
[22:58:11 WARN]: [CONSOLE] loaded libs:
[22:58:11 INFO]: [CONSOLE] FileMapperLib
[22:58:11 INFO]: [CONSOLE] DatabaseLib
[22:58:11 INFO]: [NormalRouter] is loading
[22:58:11 INFO]: [CONSOLE] [PluginLoading][NormalRouter] has initialized! Spend 75ms
[22:58:11 INFO]: [CONSOLE] Success Loaded 1 Plugin Spend 79ms
[22:58:11 INFO]: [CONSOLE] server is initializing
[22:58:11 INFO]: [CONSOLE] server is initialized
[22:58:11 INFO]: [CONSOLE] launching.....
[22:58:12 INFO]: [CONSOLE] server is listening on /0:0:0:0:0:0:0:0:8921
[22:58:13 INFO]: [com.alibaba.druid.pool.DruidDataSource] {dataSource-1} inited
[22:58:24 INFO]: [CONSOLE] 上传任务管道建立中:60FPS Close-up  Beautiful Pussy.mp4
[22:58:25 INFO]: [CONSOLE] end
[22:59:52 INFO]: [CONSOLE] 上传任务管道建立中:B17827BD9C1864606731AC7D817A1695.jpg
[22:59:52 INFO]: [CONSOLE] 上传任务管道建立中:2048社区 - big2048.com@6月收费作品动作片红人韩国混血儿极品大长腿白嫩女神美女Lena用性来安抚被教训过心情不好的哥哥.mp4
[22:59:52 INFO]: [CONSOLE] 上传任务管道建立中:A0MYLP4IZ(0AV{_0LF`Z6CI.jpg
[22:59:52 INFO]: [CONSOLE] end
[22:59:52 INFO]: [CONSOLE] end
[22:59:52 INFO]: [CONSOLE] 上传任务管道建立中:Batgirl Prison Shock With Ashley Lane.mp4
[22:59:52 INFO]: [CONSOLE] 上传任务管道建立中:index-1-2.mp4
[22:59:55 INFO]: [CONSOLE] end
[22:59:55 INFO]: [CONSOLE] 上传任务管道建立中:kawdadd992.rmvb
[22:59:55 INFO]: [CONSOLE] 连接中断
[22:59:55 INFO]: [CONSOLE] 连接中断
[22:59:55 INFO]: [CONSOLE] 连接中断
[23:00:14 INFO]: [CONSOLE] 上传任务管道建立中:2048社区 - big2048.com@6月收费作品动作片红人韩国混血儿极品大长腿白嫩女神美女Lena用性来安抚被教训过心情不好的哥哥.mp4
[23:00:14 INFO]: [CONSOLE] 上传任务管道建立中:Batgirl Prison Shock With Ashley Lane.mp4
[23:00:14 INFO]: [CONSOLE] 上传任务管道建立中:kawdadd992.rmvb
[23:00:33 INFO]: [CONSOLE] Security-IO is not enable...
[23:00:33 INFO]: [DatabaseLib] service is running
[23:00:33 INFO]: [DatabaseLib] initialized SqlSession success
[23:00:33 INFO]: [FileMapperLib] has loaded
[23:00:33 WARN]: [FileMapperLib] can't find a default url in config
[23:00:33 WARN]: [FileMapperLib] using the default dir: C:\Users\headp\Desktop\毕设结构设计模型\BaseEventLoopServer\target\classes\libs\FileMapperLib\files
[23:00:33 WARN]: [FileMapperLib] can't find a default url in config
[23:00:33 WARN]: [FileMapperLib] using the default dir: C:\Users\headp\Desktop\毕设结构设计模型\BaseEventLoopServer\target\classes\libs\FileMapperLib\recycle
[23:00:33 WARN]: [FileMapperLib] can't find a default url in config
[23:00:33 WARN]: [FileMapperLib] using the default dir: C:\Users\headp\Desktop\毕设结构设计模型\BaseEventLoopServer\target\classes\libs\FileMapperLib\lock
[23:00:33 WARN]: [CONSOLE] loaded libs:
[23:00:33 INFO]: [CONSOLE] FileMapperLib
[23:00:33 INFO]: [CONSOLE] DatabaseLib
[23:00:33 INFO]: [NormalRouter] is loading
[23:00:33 INFO]: [CONSOLE] [PluginLoading][NormalRouter] has initialized! Spend 84ms
[23:00:33 INFO]: [CONSOLE] Success Loaded 1 Plugin Spend 88ms
[23:00:33 INFO]: [CONSOLE] server is initializing
[23:00:34 INFO]: [CONSOLE] server is initialized
[23:00:34 INFO]: [CONSOLE] launching.....
[23:00:34 INFO]: [CONSOLE] server is listening on /0:0:0:0:0:0:0:0:8921
[23:01:24 INFO]: [com.alibaba.druid.pool.DruidDataSource] {dataSource-1} inited
[23:02:16 INFO]: [CONSOLE] 上传任务管道建立中:2048社区 - big2048.com@6月收费作品动作片红人韩国混血儿极品大长腿白嫩女神美女Lena用性来安抚被教训过心情不好的哥哥.mp4
[23:03:01 INFO]: [CONSOLE] Security-IO is not enable...
[23:03:01 INFO]: [DatabaseLib] service is running
[23:03:01 INFO]: [DatabaseLib] initialized SqlSession success
[23:03:01 INFO]: [FileMapperLib] has loaded
[23:03:01 WARN]: [FileMapperLib] can't find a default url in config
[23:03:01 WARN]: [FileMapperLib] using the default dir: C:\Users\headp\Desktop\毕设结构设计模型\BaseEventLoopServer\target\classes\libs\FileMapperLib\files
[23:03:01 WARN]: [FileMapperLib] can't find a default url in config
[23:03:01 WARN]: [FileMapperLib] using the default dir: C:\Users\headp\Desktop\毕设结构设计模型\BaseEventLoopServer\target\classes\libs\FileMapperLib\recycle
[23:03:01 WARN]: [FileMapperLib] can't find a default url in config
[23:03:01 WARN]: [FileMapperLib] using the default dir: C:\Users\headp\Desktop\毕设结构设计模型\BaseEventLoopServer\target\classes\libs\FileMapperLib\lock
[23:03:01 WARN]: [CONSOLE] loaded libs:
[23:03:01 INFO]: [CONSOLE] FileMapperLib
[23:03:01 INFO]: [CONSOLE] DatabaseLib
[23:03:01 INFO]: [NormalRouter] is loading
[23:03:01 INFO]: [CONSOLE] [PluginLoading][NormalRouter] has initialized! Spend 66ms
[23:03:01 INFO]: [CONSOLE] Success Loaded 1 Plugin Spend 68ms
[23:03:01 INFO]: [CONSOLE] server is initializing
[23:03:02 INFO]: [CONSOLE] server is initialized
[23:03:02 INFO]: [CONSOLE] launching.....
[23:03:03 INFO]: [CONSOLE] server is listening on /0:0:0:0:0:0:0:0:8921
[23:03:09 INFO]: [com.alibaba.druid.pool.DruidDataSource] {dataSource-1} inited
[23:03:17 INFO]: [CONSOLE] 上传任务管道建立中:2048社区 - big2048.com@6月收费作品动作片红人韩国混血儿极品大长腿白嫩女神美女Lena用性来安抚被教训过心情不好的哥哥.mp4
[23:04:05 INFO]: [CONSOLE] Security-IO is not enable...
[23:04:05 INFO]: [DatabaseLib] service is running
[23:04:06 INFO]: [DatabaseLib] initialized SqlSession success
[23:04:06 INFO]: [FileMapperLib] has loaded
[23:04:06 WARN]: [FileMapperLib] can't find a default url in config
[23:04:06 WARN]: [FileMapperLib] using the default dir: C:\Users\headp\Desktop\毕设结构设计模型\BaseEventLoopServer\target\classes\libs\FileMapperLib\files
[23:04:06 WARN]: [FileMapperLib] can't find a default url in config
[23:04:06 WARN]: [FileMapperLib] using the default dir: C:\Users\headp\Desktop\毕设结构设计模型\BaseEventLoopServer\target\classes\libs\FileMapperLib\recycle
[23:04:06 WARN]: [FileMapperLib] can't find a default url in config
[23:04:06 WARN]: [FileMapperLib] using the default dir: C:\Users\headp\Desktop\毕设结构设计模型\BaseEventLoopServer\target\classes\libs\FileMapperLib\lock
[23:04:06 WARN]: [CONSOLE] loaded libs:
[23:04:06 INFO]: [CONSOLE] FileMapperLib
[23:04:06 INFO]: [CONSOLE] DatabaseLib
[23:04:06 INFO]: [NormalRouter] is loading
[23:04:06 INFO]: [CONSOLE] [PluginLoading][NormalRouter] has initialized! Spend 70ms
[23:04:06 INFO]: [CONSOLE] Success Loaded 1 Plugin Spend 75ms
[23:04:06 INFO]: [CONSOLE] server is initializing
[23:04:06 INFO]: [CONSOLE] server is initialized
[23:04:06 INFO]: [CONSOLE] launching.....
[23:04:07 INFO]: [CONSOLE] server is listening on /0:0:0:0:0:0:0:0:8921
[23:04:07 INFO]: [com.alibaba.druid.pool.DruidDataSource] {dataSource-1} inited
[23:04:19 INFO]: [CONSOLE] 上传任务管道建立中:2048社区 - big2048.com@6月收费作品动作片红人韩国混血儿极品大长腿白嫩女神美女Lena用性来安抚被教训过心情不好的哥哥.mp4
[23:04:42 INFO]: [CONSOLE] Security-IO is not enable...
[23:04:42 INFO]: [DatabaseLib] service is running
[23:04:42 INFO]: [DatabaseLib] initialized SqlSession success
[23:04:42 INFO]: [FileMapperLib] has loaded
[23:04:42 WARN]: [FileMapperLib] can't find a default url in config
[23:04:42 WARN]: [FileMapperLib] using the default dir: C:\Users\headp\Desktop\毕设结构设计模型\BaseEventLoopServer\target\classes\libs\FileMapperLib\files
[23:04:42 WARN]: [FileMapperLib] can't find a default url in config
[23:04:42 WARN]: [FileMapperLib] using the default dir: C:\Users\headp\Desktop\毕设结构设计模型\BaseEventLoopServer\target\classes\libs\FileMapperLib\recycle
[23:04:42 WARN]: [FileMapperLib] can't find a default url in config
[23:04:42 WARN]: [FileMapperLib] using the default dir: C:\Users\headp\Desktop\毕设结构设计模型\BaseEventLoopServer\target\classes\libs\FileMapperLib\lock
[23:04:42 WARN]: [CONSOLE] loaded libs:
[23:04:42 INFO]: [CONSOLE] FileMapperLib
[23:04:42 INFO]: [CONSOLE] DatabaseLib
[23:04:42 INFO]: [NormalRouter] is loading
[23:04:42 INFO]: [CONSOLE] [PluginLoading][NormalRouter] has initialized! Spend 76ms
[23:04:42 INFO]: [CONSOLE] Success Loaded 1 Plugin Spend 78ms
[23:04:42 INFO]: [CONSOLE] server is initializing
[23:04:43 INFO]: [CONSOLE] server is initialized
[23:04:43 INFO]: [CONSOLE] launching.....
[23:04:44 INFO]: [CONSOLE] server is listening on /0:0:0:0:0:0:0:0:8921
[23:04:47 INFO]: [com.alibaba.druid.pool.DruidDataSource] {dataSource-1} inited
[23:04:56 INFO]: [CONSOLE] 上传任务管道建立中:2048社区 - big2048.com@6月收费作品动作片红人韩国混血儿极品大长腿白嫩女神美女Lena用性来安抚被教训过心情不好的哥哥.mp4
[23:05:02 INFO]: [CONSOLE] end
[23:05:05 INFO]: [CONSOLE] Security-IO is not enable...
[23:05:05 INFO]: [DatabaseLib] service is running
[23:05:05 INFO]: [DatabaseLib] initialized SqlSession success
[23:05:05 INFO]: [FileMapperLib] has loaded
[23:05:05 WARN]: [FileMapperLib] can't find a default url in config
[23:05:05 WARN]: [FileMapperLib] using the default dir: C:\Users\headp\Desktop\毕设结构设计模型\BaseEventLoopServer\target\classes\libs\FileMapperLib\files
[23:05:05 WARN]: [FileMapperLib] can't find a default url in config
[23:05:05 WARN]: [FileMapperLib] using the default dir: C:\Users\headp\Desktop\毕设结构设计模型\BaseEventLoopServer\target\classes\libs\FileMapperLib\recycle
[23:05:05 WARN]: [FileMapperLib] can't find a default url in config
[23:05:05 WARN]: [FileMapperLib] using the default dir: C:\Users\headp\Desktop\毕设结构设计模型\BaseEventLoopServer\target\classes\libs\FileMapperLib\lock
[23:05:05 WARN]: [CONSOLE] loaded libs:
[23:05:05 INFO]: [CONSOLE] FileMapperLib
[23:05:05 INFO]: [CONSOLE] DatabaseLib
[23:05:05 INFO]: [NormalRouter] is loading
[23:05:05 INFO]: [CONSOLE] [PluginLoading][NormalRouter] has initialized! Spend 72ms
[23:05:05 INFO]: [CONSOLE] Success Loaded 1 Plugin Spend 76ms
[23:05:05 INFO]: [CONSOLE] server is initializing
[23:05:06 INFO]: [CONSOLE] server is initialized
[23:05:06 INFO]: [CONSOLE] launching.....
[23:05:07 INFO]: [CONSOLE] server is listening on /0:0:0:0:0:0:0:0:8921
[23:05:15 INFO]: [CONSOLE] 上传任务管道建立中:kawdadd992.rmvb
[23:05:15 INFO]: [CONSOLE] end
[23:05:21 INFO]: [CONSOLE] 上传任务管道建立中:極品白嫩爆乳黑絲.mp4
[23:05:22 INFO]: [CONSOLE] end
[23:05:28 INFO]: [com.alibaba.druid.pool.DruidDataSource] {dataSource-1} inited
[23:05:34 INFO]: [CONSOLE] 上传任务管道建立中:2048社区 - big2048.com@6月收费作品动作片红人韩国混血儿极品大长腿白嫩女神美女Lena用性来安抚被教训过心情不好的哥哥.mp4
[23:07:11 INFO]: [CONSOLE] Security-IO is not enable...
[23:07:11 INFO]: [DatabaseLib] service is running
[23:07:11 INFO]: [DatabaseLib] initialized SqlSession success
[23:07:11 INFO]: [FileMapperLib] has loaded
[23:07:11 WARN]: [FileMapperLib] can't find a default url in config
[23:07:11 WARN]: [FileMapperLib] using the default dir: C:\Users\headp\Desktop\毕设结构设计模型\BaseEventLoopServer\target\classes\libs\FileMapperLib\files
[23:07:11 WARN]: [FileMapperLib] can't find a default url in config
[23:07:11 WARN]: [FileMapperLib] using the default dir: C:\Users\headp\Desktop\毕设结构设计模型\BaseEventLoopServer\target\classes\libs\FileMapperLib\recycle
[23:07:11 WARN]: [FileMapperLib] can't find a default url in config
[23:07:11 WARN]: [FileMapperLib] using the default dir: C:\Users\headp\Desktop\毕设结构设计模型\BaseEventLoopServer\target\classes\libs\FileMapperLib\lock
[23:07:11 WARN]: [CONSOLE] loaded libs:
[23:07:11 INFO]: [CONSOLE] FileMapperLib
[23:07:11 INFO]: [CONSOLE] DatabaseLib
[23:07:11 INFO]: [NormalRouter] is loading
[23:07:11 INFO]: [CONSOLE] [PluginLoading][NormalRouter] has initialized! Spend 72ms
[23:07:11 INFO]: [CONSOLE] Success Loaded 1 Plugin Spend 73ms
[23:07:11 INFO]: [CONSOLE] server is initializing
[23:07:11 INFO]: [CONSOLE] server is initialized
[23:07:11 INFO]: [CONSOLE] launching.....
[23:07:12 INFO]: [CONSOLE] server is listening on /0:0:0:0:0:0:0:0:8921
[23:07:14 INFO]: [com.alibaba.druid.pool.DruidDataSource] {dataSource-1} inited
[23:07:22 INFO]: [CONSOLE] 上传任务管道建立中:2048社区 - big2048.com@6月收费作品动作片红人韩国混血儿极品大长腿白嫩女神美女Lena用性来安抚被教训过心情不好的哥哥.mp4
[23:08:15 INFO]: [CONSOLE] Security-IO is not enable...
[23:08:15 INFO]: [DatabaseLib] service is running
[23:08:15 INFO]: [DatabaseLib] initialized SqlSession success
[23:08:15 INFO]: [FileMapperLib] has loaded
[23:08:15 WARN]: [FileMapperLib] can't find a default url in config
[23:08:15 WARN]: [FileMapperLib] using the default dir: C:\Users\headp\Desktop\毕设结构设计模型\BaseEventLoopServer\target\classes\libs\FileMapperLib\files
[23:08:15 WARN]: [FileMapperLib] can't find a default url in config
[23:08:15 WARN]: [FileMapperLib] using the default dir: C:\Users\headp\Desktop\毕设结构设计模型\BaseEventLoopServer\target\classes\libs\FileMapperLib\recycle
[23:08:15 WARN]: [FileMapperLib] can't find a default url in config
[23:08:15 WARN]: [FileMapperLib] using the default dir: C:\Users\headp\Desktop\毕设结构设计模型\BaseEventLoopServer\target\classes\libs\FileMapperLib\lock
[23:08:15 WARN]: [CONSOLE] loaded libs:
[23:08:15 INFO]: [CONSOLE] FileMapperLib
[23:08:15 INFO]: [CONSOLE] DatabaseLib
[23:08:15 INFO]: [NormalRouter] is loading
[23:08:15 INFO]: [CONSOLE] [PluginLoading][NormalRouter] has initialized! Spend 73ms
[23:08:15 INFO]: [CONSOLE] Success Loaded 1 Plugin Spend 75ms
[23:08:15 INFO]: [CONSOLE] server is initializing
[23:08:16 INFO]: [CONSOLE] server is initialized
[23:08:16 INFO]: [CONSOLE] launching.....
[23:08:17 INFO]: [CONSOLE] server is listening on /0:0:0:0:0:0:0:0:8921
[23:08:17 INFO]: [com.alibaba.druid.pool.DruidDataSource] {dataSource-1} inited
[23:08:24 INFO]: [CONSOLE] 上传任务管道建立中:2048社区 - big2048.com@6月收费作品动作片红人韩国混血儿极品大长腿白嫩女神美女Lena用性来安抚被教训过心情不好的哥哥.mp4
[23:09:10 INFO]: [CONSOLE] Security-IO is not enable...
[23:09:10 INFO]: [DatabaseLib] service is running
[23:09:10 INFO]: [DatabaseLib] initialized SqlSession success
[23:09:10 INFO]: [FileMapperLib] has loaded
[23:09:10 WARN]: [FileMapperLib] can't find a default url in config
[23:09:10 WARN]: [FileMapperLib] using the default dir: C:\Users\headp\Desktop\毕设结构设计模型\BaseEventLoopServer\target\classes\libs\FileMapperLib\files
[23:09:10 WARN]: [FileMapperLib] can't find a default url in config
[23:09:10 WARN]: [FileMapperLib] using the default dir: C:\Users\headp\Desktop\毕设结构设计模型\BaseEventLoopServer\target\classes\libs\FileMapperLib\recycle
[23:09:10 WARN]: [FileMapperLib] can't find a default url in config
[23:09:10 WARN]: [FileMapperLib] using the default dir: C:\Users\headp\Desktop\毕设结构设计模型\BaseEventLoopServer\target\classes\libs\FileMapperLib\lock
[23:09:10 WARN]: [CONSOLE] loaded libs:
[23:09:10 INFO]: [CONSOLE] FileMapperLib
[23:09:10 INFO]: [CONSOLE] DatabaseLib
[23:09:10 INFO]: [NormalRouter] is loading
[23:09:11 INFO]: [CONSOLE] [PluginLoading][NormalRouter] has initialized! Spend 68ms
[23:09:11 INFO]: [CONSOLE] Success Loaded 1 Plugin Spend 71ms
[23:09:11 INFO]: [CONSOLE] server is initializing
[23:09:11 INFO]: [CONSOLE] server is initialized
[23:09:11 INFO]: [CONSOLE] launching.....
[23:09:12 INFO]: [CONSOLE] server is listening on /0:0:0:0:0:0:0:0:8921
[23:09:13 INFO]: [com.alibaba.druid.pool.DruidDataSource] {dataSource-1} inited
[23:09:19 INFO]: [CONSOLE] 上传任务管道建立中:2048社区 - big2048.com@6月收费作品动作片红人韩国混血儿极品大长腿白嫩女神美女Lena用性来安抚被教训过心情不好的哥哥.mp4
[23:09:38 INFO]: [CONSOLE] Security-IO is not enable...
[23:09:38 INFO]: [DatabaseLib] service is running
[23:09:38 INFO]: [DatabaseLib] initialized SqlSession success
[23:09:38 INFO]: [FileMapperLib] has loaded
[23:09:38 WARN]: [FileMapperLib] can't find a default url in config
[23:09:38 WARN]: [FileMapperLib] using the default dir: C:\Users\headp\Desktop\毕设结构设计模型\BaseEventLoopServer\target\classes\libs\FileMapperLib\files
[23:09:38 WARN]: [FileMapperLib] can't find a default url in config
[23:09:38 WARN]: [FileMapperLib] using the default dir: C:\Users\headp\Desktop\毕设结构设计模型\BaseEventLoopServer\target\classes\libs\FileMapperLib\recycle
[23:09:38 WARN]: [FileMapperLib] can't find a default url in config
[23:09:38 WARN]: [FileMapperLib] using the default dir: C:\Users\headp\Desktop\毕设结构设计模型\BaseEventLoopServer\target\classes\libs\FileMapperLib\lock
[23:09:38 WARN]: [CONSOLE] loaded libs:
[23:09:38 INFO]: [CONSOLE] FileMapperLib
[23:09:38 INFO]: [CONSOLE] DatabaseLib
[23:09:38 INFO]: [NormalRouter] is loading
[23:09:38 INFO]: [CONSOLE] [PluginLoading][NormalRouter] has initialized! Spend 68ms
[23:09:38 INFO]: [CONSOLE] Success Loaded 1 Plugin Spend 70ms
[23:09:38 INFO]: [CONSOLE] server is initializing
[23:09:39 INFO]: [CONSOLE] server is initialized
[23:09:39 INFO]: [CONSOLE] launching.....
[23:09:40 INFO]: [CONSOLE] server is listening on /0:0:0:0:0:0:0:0:8921
[23:09:42 INFO]: [com.alibaba.druid.pool.DruidDataSource] {dataSource-1} inited
[23:09:46 INFO]: [CONSOLE] 上传任务管道建立中:2048社区 - big2048.com@6月收费作品动作片红人韩国混血儿极品大长腿白嫩女神美女Lena用性来安抚被教训过心情不好的哥哥.mp4
[23:09:49 INFO]: [CONSOLE] end
[23:54:10 INFO]: [CONSOLE] Security-IO is not enable...
[23:54:10 INFO]: [DatabaseLib] service is running
[23:54:10 INFO]: [DatabaseLib] initialized SqlSession success
[23:54:10 INFO]: [FileMapperLib] has loaded
[23:54:10 WARN]: [FileMapperLib] can't find a default url in config
[23:54:10 WARN]: [FileMapperLib] using the default dir: C:\Users\headp\Desktop\毕设结构设计模型\BaseEventLoopServer\target\classes\libs\FileMapperLib\files
[23:54:10 WARN]: [FileMapperLib] can't find a default url in config
[23:54:10 WARN]: [FileMapperLib] using the default dir: C:\Users\headp\Desktop\毕设结构设计模型\BaseEventLoopServer\target\classes\libs\FileMapperLib\recycle
[23:54:10 WARN]: [FileMapperLib] can't find a default url in config
[23:54:10 WARN]: [FileMapperLib] using the default dir: C:\Users\headp\Desktop\毕设结构设计模型\BaseEventLoopServer\target\classes\libs\FileMapperLib\lock
[23:54:10 WARN]: [CONSOLE] loaded libs:
[23:54:10 INFO]: [CONSOLE] FileMapperLib
[23:54:10 INFO]: [CONSOLE] DatabaseLib
[23:54:10 INFO]: [NormalRouter] is loading
[23:54:10 INFO]: [CONSOLE] [PluginLoading][NormalRouter] has initialized! Spend 68ms
[23:54:10 INFO]: [CONSOLE] Success Loaded 1 Plugin Spend 71ms
[23:54:10 INFO]: [CONSOLE] server is initializing
[23:54:11 INFO]: [CONSOLE] server is initialized
[23:54:11 INFO]: [CONSOLE] launching.....
[23:54:11 INFO]: [CONSOLE] server is listening on /0:0:0:0:0:0:0:0:8921
[23:54:18 INFO]: [CONSOLE] Security-IO is not enable...
[23:54:18 INFO]: [DatabaseLib] service is running
[23:54:18 INFO]: [DatabaseLib] initialized SqlSession success
[23:54:18 INFO]: [FileMapperLib] has loaded
[23:54:18 WARN]: [FileMapperLib] can't find a default url in config
[23:54:18 WARN]: [FileMapperLib] using the default dir: C:\Users\headp\Desktop\毕设结构设计模型\BaseEventLoopServer\target\classes\libs\FileMapperLib\files
[23:54:18 WARN]: [FileMapperLib] can't find a default url in config
[23:54:18 WARN]: [FileMapperLib] using the default dir: C:\Users\headp\Desktop\毕设结构设计模型\BaseEventLoopServer\target\classes\libs\FileMapperLib\recycle
[23:54:18 WARN]: [FileMapperLib] can't find a default url in config
[23:54:18 WARN]: [FileMapperLib] using the default dir: C:\Users\headp\Desktop\毕设结构设计模型\BaseEventLoopServer\target\classes\libs\FileMapperLib\lock
[23:54:18 WARN]: [CONSOLE] loaded libs:
[23:54:18 INFO]: [CONSOLE] FileMapperLib
[23:54:18 INFO]: [CONSOLE] DatabaseLib
[23:54:18 INFO]: [NormalRouter] is loading
[23:54:18 INFO]: [CONSOLE] [PluginLoading][NormalRouter] has initialized! Spend 80ms
[23:54:18 INFO]: [CONSOLE] Success Loaded 1 Plugin Spend 83ms
[23:54:18 INFO]: [CONSOLE] server is initializing
[23:54:19 INFO]: [CONSOLE] server is initialized
[23:54:19 INFO]: [CONSOLE] launching.....
[23:54:20 INFO]: [CONSOLE] server is listening on /0:0:0:0:0:0:0:0:8921
[23:54:38 INFO]: [com.alibaba.druid.pool.DruidDataSource] {dataSource-1} inited
[23:59:01 INFO]: [CONSOLE] Security-IO is not enable...
[23:59:02 INFO]: [DatabaseLib] service is running
[23:59:02 INFO]: [DatabaseLib] initialized SqlSession success
[23:59:02 INFO]: [FileMapperLib] has loaded
[23:59:02 WARN]: [FileMapperLib] can't find a default url in config
[23:59:02 WARN]: [FileMapperLib] using the default dir: C:\Users\headp\Desktop\毕设结构设计模型\BaseEventLoopServer\target\classes\libs\FileMapperLib\files
[23:59:02 WARN]: [FileMapperLib] can't find a default url in config
[23:59:02 WARN]: [FileMapperLib] using the default dir: C:\Users\headp\Desktop\毕设结构设计模型\BaseEventLoopServer\target\classes\libs\FileMapperLib\recycle
[23:59:02 WARN]: [FileMapperLib] can't find a default url in config
[23:59:02 WARN]: [FileMapperLib] using the default dir: C:\Users\headp\Desktop\毕设结构设计模型\BaseEventLoopServer\target\classes\libs\FileMapperLib\lock
[23:59:02 WARN]: [CONSOLE] loaded libs:
[23:59:02 INFO]: [CONSOLE] FileMapperLib
[23:59:02 INFO]: [CONSOLE] DatabaseLib
[23:59:02 INFO]: [NormalRouter] is loading
[23:59:02 INFO]: [CONSOLE] [PluginLoading][NormalRouter] has initialized! Spend 76ms
[23:59:02 INFO]: [CONSOLE] Success Loaded 1 Plugin Spend 80ms
[23:59:02 INFO]: [CONSOLE] server is initializing
[23:59:02 INFO]: [CONSOLE] server is initialized
[23:59:02 INFO]: [CONSOLE] launching.....
[23:59:03 INFO]: [CONSOLE] server is listening on /0:0:0:0:0:0:0:0:8921
[23:59:23 INFO]: [CONSOLE] 上传任务管道建立中:Batgirl Prison Shock With Ashley Lane.mp4
