[12:32:11 INFO]: [CONSOLE] Security-IO is not enable...
[12:32:11 INFO]: [DatabaseLib] service is running
[12:32:11 INFO]: [com.alibaba.druid.pool.DruidDataSource] {dataSource-0} restart
[12:32:11 INFO]: [DatabaseLib] initialized SqlSession success
[12:32:11 INFO]: [FileMapperLib] has loaded
[12:32:11 WARN]: [FileMapperLib] can't find a default url in config
[12:32:11 WARN]: [FileMapperLib] using the default dir: C:\Users\headp\Desktop\毕设结构设计模型\BaseEventLoopServer\target\classes\libs\FileMapperLib\files
[12:32:11 WARN]: [FileMapperLib] can't find a default url in config
[12:32:11 WARN]: [FileMapperLib] using the default dir: C:\Users\headp\Desktop\毕设结构设计模型\BaseEventLoopServer\target\classes\libs\FileMapperLib\recycle
[12:32:11 WARN]: [FileMapperLib] can't find a default url in config
[12:32:11 WARN]: [FileMapperLib] using the default dir: C:\Users\headp\Desktop\毕设结构设计模型\BaseEventLoopServer\target\classes\libs\FileMapperLib\lock
[12:32:11 WARN]: [CONSOLE] loaded libs:
[12:32:11 INFO]: [CONSOLE] FileMapperLib
[12:32:11 INFO]: [CONSOLE] DatabaseLib
[12:32:11 INFO]: [NormalRouter] is loading
[12:32:11 INFO]: [CONSOLE] [PluginLoading][NormalRouter] has initialized! Spend 67ms
[12:32:11 INFO]: [APlugin] enable
[12:32:11 INFO]: [CONSOLE] [PluginLoading][APlugin] has initialized! Spend 3ms
[12:32:11 INFO]: [CPlugin] enable
[12:32:11 INFO]: [CONSOLE] [PluginLoading][CPlugin] has initialized! Spend 2ms
[12:32:11 INFO]: [DPlugin] enable
[12:32:11 INFO]: [CONSOLE] [PluginLoading][DPlugin] has initialized! Spend 3ms
[12:32:11 INFO]: [BPlugin] enable
[12:32:11 INFO]: [CONSOLE] [PluginLoading][BPlugin] has initialized! Spend 3ms
[12:32:11 INFO]: [CONSOLE] Success Loaded 5 Plugin Spend 86ms
[12:32:11 INFO]: [CONSOLE] server is initializing
[12:32:12 INFO]: [CONSOLE] server is initialized
[12:32:12 INFO]: [CONSOLE] launching.....
[12:32:13 INFO]: [CONSOLE] server is listening on /0:0:0:0:0:0:0:0:8921
[12:32:48 INFO]: [CONSOLE] init download
[12:32:48 WARN]: [CONSOLE] upload task:123 will done
[12:32:48 WARN]: [CONSOLE] no file
[12:32:48 WARN]: [CONSOLE] upload end:
[12:32:48 WARN]: [CONSOLE] upload task:123 completed
[12:35:39 INFO]: [CONSOLE] Security-IO is not enable...
[12:35:39 INFO]: [DatabaseLib] service is running
[12:35:39 INFO]: [com.alibaba.druid.pool.DruidDataSource] {dataSource-0} restart
[12:35:39 INFO]: [DatabaseLib] initialized SqlSession success
[12:35:39 INFO]: [FileMapperLib] has loaded
[12:35:39 WARN]: [FileMapperLib] can't find a default url in config
[12:35:39 WARN]: [FileMapperLib] using the default dir: C:\Users\headp\Desktop\毕设结构设计模型\BaseEventLoopServer\target\classes\libs\FileMapperLib\files
[12:35:39 WARN]: [FileMapperLib] can't find a default url in config
[12:35:39 WARN]: [FileMapperLib] using the default dir: C:\Users\headp\Desktop\毕设结构设计模型\BaseEventLoopServer\target\classes\libs\FileMapperLib\recycle
[12:35:39 WARN]: [FileMapperLib] can't find a default url in config
[12:35:39 WARN]: [FileMapperLib] using the default dir: C:\Users\headp\Desktop\毕设结构设计模型\BaseEventLoopServer\target\classes\libs\FileMapperLib\lock
[12:35:39 WARN]: [CONSOLE] loaded libs:
[12:35:39 INFO]: [CONSOLE] FileMapperLib
[12:35:39 INFO]: [CONSOLE] DatabaseLib
[12:35:39 INFO]: [NormalRouter] is loading
[12:35:39 INFO]: [CONSOLE] [PluginLoading][NormalRouter] has initialized! Spend 89ms
[12:35:39 INFO]: [APlugin] enable
[12:35:39 INFO]: [CONSOLE] [PluginLoading][APlugin] has initialized! Spend 4ms
[12:35:39 INFO]: [CPlugin] enable
[12:35:39 INFO]: [CONSOLE] [PluginLoading][CPlugin] has initialized! Spend 2ms
[12:35:39 INFO]: [DPlugin] enable
[12:35:39 INFO]: [CONSOLE] [PluginLoading][DPlugin] has initialized! Spend 3ms
[12:35:39 INFO]: [BPlugin] enable
[12:35:39 INFO]: [CONSOLE] [PluginLoading][BPlugin] has initialized! Spend 2ms
[12:35:39 INFO]: [CONSOLE] Success Loaded 5 Plugin Spend 108ms
[12:35:39 INFO]: [CONSOLE] server is initializing
[12:35:39 INFO]: [CONSOLE] server is initialized
[12:35:39 INFO]: [CONSOLE] launching.....
[12:35:40 INFO]: [CONSOLE] server is listening on /0:0:0:0:0:0:0:0:8921
[12:36:16 INFO]: [com.alibaba.druid.pool.DruidDataSource] {dataSource-1} inited
[12:40:45 INFO]: [CONSOLE] Security-IO is not enable...
[12:40:46 INFO]: [DatabaseLib] service is running
[12:40:46 INFO]: [com.alibaba.druid.pool.DruidDataSource] {dataSource-0} restart
[12:40:46 INFO]: [DatabaseLib] initialized SqlSession success
[12:40:46 INFO]: [FileMapperLib] has loaded
[12:40:46 WARN]: [FileMapperLib] can't find a default url in config
[12:40:46 WARN]: [FileMapperLib] using the default dir: C:\Users\headp\Desktop\毕设结构设计模型\BaseEventLoopServer\target\classes\libs\FileMapperLib\files
[12:40:46 WARN]: [FileMapperLib] can't find a default url in config
[12:40:46 WARN]: [FileMapperLib] using the default dir: C:\Users\headp\Desktop\毕设结构设计模型\BaseEventLoopServer\target\classes\libs\FileMapperLib\recycle
[12:40:46 WARN]: [FileMapperLib] can't find a default url in config
[12:40:46 WARN]: [FileMapperLib] using the default dir: C:\Users\headp\Desktop\毕设结构设计模型\BaseEventLoopServer\target\classes\libs\FileMapperLib\lock
[12:40:46 WARN]: [CONSOLE] loaded libs:
[12:40:46 INFO]: [CONSOLE] FileMapperLib
[12:40:46 INFO]: [CONSOLE] DatabaseLib
[12:40:46 INFO]: [NormalRouter] is loading
[12:40:46 INFO]: [CONSOLE] [PluginLoading][NormalRouter] has initialized! Spend 72ms
[12:40:46 INFO]: [APlugin] enable
[12:40:46 INFO]: [CONSOLE] [PluginLoading][APlugin] has initialized! Spend 5ms
[12:40:46 INFO]: [CPlugin] enable
[12:40:46 INFO]: [CONSOLE] [PluginLoading][CPlugin] has initialized! Spend 3ms
[12:40:46 INFO]: [DPlugin] enable
[12:40:46 INFO]: [CONSOLE] [PluginLoading][DPlugin] has initialized! Spend 2ms
[12:40:46 INFO]: [BPlugin] enable
[12:40:46 INFO]: [CONSOLE] [PluginLoading][BPlugin] has initialized! Spend 3ms
[12:40:46 INFO]: [CONSOLE] Success Loaded 5 Plugin Spend 92ms
[12:40:46 INFO]: [CONSOLE] server is initializing
[12:40:46 INFO]: [CONSOLE] server is initialized
[12:40:46 INFO]: [CONSOLE] launching.....
[12:40:47 INFO]: [CONSOLE] server is listening on /0:0:0:0:0:0:0:0:8921
[12:41:26 INFO]: [CONSOLE] Security-IO is not enable...
[12:41:26 INFO]: [DatabaseLib] service is running
[12:41:26 INFO]: [com.alibaba.druid.pool.DruidDataSource] {dataSource-0} restart
[12:41:26 INFO]: [DatabaseLib] initialized SqlSession success
[12:41:26 INFO]: [FileMapperLib] has loaded
[12:41:26 WARN]: [FileMapperLib] can't find a default url in config
[12:41:26 WARN]: [FileMapperLib] using the default dir: C:\Users\headp\Desktop\毕设结构设计模型\BaseEventLoopServer\target\classes\libs\FileMapperLib\files
[12:41:26 WARN]: [FileMapperLib] can't find a default url in config
[12:41:26 WARN]: [FileMapperLib] using the default dir: C:\Users\headp\Desktop\毕设结构设计模型\BaseEventLoopServer\target\classes\libs\FileMapperLib\recycle
[12:41:26 WARN]: [FileMapperLib] can't find a default url in config
[12:41:26 WARN]: [FileMapperLib] using the default dir: C:\Users\headp\Desktop\毕设结构设计模型\BaseEventLoopServer\target\classes\libs\FileMapperLib\lock
[12:41:26 WARN]: [CONSOLE] loaded libs:
[12:41:26 INFO]: [CONSOLE] FileMapperLib
[12:41:26 INFO]: [CONSOLE] DatabaseLib
[12:41:26 INFO]: [NormalRouter] is loading
[12:41:27 INFO]: [CONSOLE] [PluginLoading][NormalRouter] has initialized! Spend 79ms
[12:41:27 INFO]: [APlugin] enable
[12:41:27 INFO]: [CONSOLE] [PluginLoading][APlugin] has initialized! Spend 5ms
[12:41:27 INFO]: [CPlugin] enable
[12:41:27 INFO]: [CONSOLE] [PluginLoading][CPlugin] has initialized! Spend 4ms
[12:41:27 INFO]: [DPlugin] enable
[12:41:27 INFO]: [CONSOLE] [PluginLoading][DPlugin] has initialized! Spend 4ms
[12:41:27 INFO]: [BPlugin] enable
[12:41:27 INFO]: [CONSOLE] [PluginLoading][BPlugin] has initialized! Spend 5ms
[12:41:27 INFO]: [CONSOLE] Success Loaded 5 Plugin Spend 100ms
[12:41:27 INFO]: [CONSOLE] server is initializing
[12:41:27 INFO]: [CONSOLE] server is initialized
[12:41:27 INFO]: [CONSOLE] launching.....
[12:41:28 INFO]: [CONSOLE] server is listening on /0:0:0:0:0:0:0:0:8921
[12:41:48 INFO]: [CONSOLE] Security-IO is not enable...
[12:41:48 INFO]: [DatabaseLib] service is running
[12:41:48 INFO]: [com.alibaba.druid.pool.DruidDataSource] {dataSource-0} restart
[12:41:48 INFO]: [DatabaseLib] initialized SqlSession success
[12:41:48 INFO]: [FileMapperLib] has loaded
[12:41:48 WARN]: [FileMapperLib] can't find a default url in config
[12:41:48 WARN]: [FileMapperLib] using the default dir: C:\Users\headp\Desktop\毕设结构设计模型\BaseEventLoopServer\target\classes\libs\FileMapperLib\files
[12:41:48 WARN]: [FileMapperLib] can't find a default url in config
[12:41:48 WARN]: [FileMapperLib] using the default dir: C:\Users\headp\Desktop\毕设结构设计模型\BaseEventLoopServer\target\classes\libs\FileMapperLib\recycle
[12:41:48 WARN]: [FileMapperLib] can't find a default url in config
[12:41:48 WARN]: [FileMapperLib] using the default dir: C:\Users\headp\Desktop\毕设结构设计模型\BaseEventLoopServer\target\classes\libs\FileMapperLib\lock
[12:41:48 WARN]: [CONSOLE] loaded libs:
[12:41:48 INFO]: [CONSOLE] FileMapperLib
[12:41:48 INFO]: [CONSOLE] DatabaseLib
[12:41:48 INFO]: [NormalRouter] is loading
[12:41:48 INFO]: [CONSOLE] [PluginLoading][NormalRouter] has initialized! Spend 68ms
[12:41:48 INFO]: [APlugin] enable
[12:41:48 INFO]: [CONSOLE] [PluginLoading][APlugin] has initialized! Spend 1ms
[12:41:48 INFO]: [CPlugin] enable
[12:41:48 INFO]: [CONSOLE] [PluginLoading][CPlugin] has initialized! Spend 2ms
[12:41:48 INFO]: [DPlugin] enable
[12:41:48 INFO]: [CONSOLE] [PluginLoading][DPlugin] has initialized! Spend 1ms
[12:41:48 INFO]: [BPlugin] enable
[12:41:48 INFO]: [CONSOLE] [PluginLoading][BPlugin] has initialized! Spend 1ms
[12:41:48 INFO]: [CONSOLE] Success Loaded 5 Plugin Spend 85ms
[12:41:48 INFO]: [CONSOLE] server is initializing
[12:41:49 INFO]: [CONSOLE] server is initialized
[12:41:49 INFO]: [CONSOLE] launching.....
[12:41:50 INFO]: [CONSOLE] server is listening on /0:0:0:0:0:0:0:0:8921
[12:46:47 INFO]: [CONSOLE] Security-IO is not enable...
[12:46:47 INFO]: [DatabaseLib] service is running
[12:46:47 INFO]: [com.alibaba.druid.pool.DruidDataSource] {dataSource-0} restart
[12:46:47 INFO]: [DatabaseLib] initialized SqlSession success
[12:46:47 INFO]: [FileMapperLib] has loaded
[12:46:47 WARN]: [FileMapperLib] can't find a default url in config
[12:46:47 WARN]: [FileMapperLib] using the default dir: C:\Users\headp\Desktop\毕设结构设计模型\BaseEventLoopServer\target\classes\libs\FileMapperLib\files
[12:46:47 WARN]: [FileMapperLib] can't find a default url in config
[12:46:47 WARN]: [FileMapperLib] using the default dir: C:\Users\headp\Desktop\毕设结构设计模型\BaseEventLoopServer\target\classes\libs\FileMapperLib\recycle
[12:46:47 WARN]: [FileMapperLib] can't find a default url in config
[12:46:47 WARN]: [FileMapperLib] using the default dir: C:\Users\headp\Desktop\毕设结构设计模型\BaseEventLoopServer\target\classes\libs\FileMapperLib\lock
[12:46:47 WARN]: [CONSOLE] loaded libs:
[12:46:47 INFO]: [CONSOLE] FileMapperLib
[12:46:47 INFO]: [CONSOLE] DatabaseLib
[12:46:47 INFO]: [NormalRouter] is loading
[12:46:47 INFO]: [CONSOLE] [PluginLoading][NormalRouter] has initialized! Spend 72ms
[12:46:47 INFO]: [APlugin] enable
[12:46:47 INFO]: [CONSOLE] [PluginLoading][APlugin] has initialized! Spend 3ms
[12:46:47 INFO]: [CPlugin] enable
[12:46:47 INFO]: [CONSOLE] [PluginLoading][CPlugin] has initialized! Spend 2ms
[12:46:47 INFO]: [DPlugin] enable
[12:46:47 INFO]: [CONSOLE] [PluginLoading][DPlugin] has initialized! Spend 1ms
[12:46:47 INFO]: [BPlugin] enable
[12:46:47 INFO]: [CONSOLE] [PluginLoading][BPlugin] has initialized! Spend 1ms
[12:46:47 INFO]: [CONSOLE] Success Loaded 5 Plugin Spend 93ms
[12:46:47 INFO]: [CONSOLE] server is initializing
[12:46:47 INFO]: [CONSOLE] server is initialized
[12:46:47 INFO]: [CONSOLE] launching.....
[12:46:48 INFO]: [CONSOLE] server is listening on /0:0:0:0:0:0:0:0:8921
[12:47:45 INFO]: [CONSOLE] Security-IO is not enable...
[12:47:45 INFO]: [DatabaseLib] service is running
[12:47:45 INFO]: [com.alibaba.druid.pool.DruidDataSource] {dataSource-0} restart
[12:47:45 INFO]: [DatabaseLib] initialized SqlSession success
[12:47:45 INFO]: [FileMapperLib] has loaded
[12:47:45 WARN]: [FileMapperLib] can't find a default url in config
[12:47:45 WARN]: [FileMapperLib] using the default dir: C:\Users\headp\Desktop\毕设结构设计模型\BaseEventLoopServer\target\classes\libs\FileMapperLib\files
[12:47:45 WARN]: [FileMapperLib] can't find a default url in config
[12:47:45 WARN]: [FileMapperLib] using the default dir: C:\Users\headp\Desktop\毕设结构设计模型\BaseEventLoopServer\target\classes\libs\FileMapperLib\recycle
[12:47:45 WARN]: [FileMapperLib] can't find a default url in config
[12:47:45 WARN]: [FileMapperLib] using the default dir: C:\Users\headp\Desktop\毕设结构设计模型\BaseEventLoopServer\target\classes\libs\FileMapperLib\lock
[12:47:45 WARN]: [CONSOLE] loaded libs:
[12:47:45 INFO]: [CONSOLE] FileMapperLib
[12:47:45 INFO]: [CONSOLE] DatabaseLib
[12:47:45 INFO]: [NormalRouter] is loading
[12:47:45 INFO]: [CONSOLE] [PluginLoading][NormalRouter] has initialized! Spend 76ms
[12:47:45 INFO]: [APlugin] enable
[12:47:45 INFO]: [CONSOLE] [PluginLoading][APlugin] has initialized! Spend 6ms
[12:47:45 INFO]: [CPlugin] enable
[12:47:45 INFO]: [CONSOLE] [PluginLoading][CPlugin] has initialized! Spend 1ms
[12:47:45 INFO]: [DPlugin] enable
[12:47:45 INFO]: [CONSOLE] [PluginLoading][DPlugin] has initialized! Spend 2ms
[12:47:45 INFO]: [BPlugin] enable
[12:47:45 INFO]: [CONSOLE] [PluginLoading][BPlugin] has initialized! Spend 1ms
[12:47:45 INFO]: [CONSOLE] Success Loaded 5 Plugin Spend 95ms
[12:47:45 INFO]: [CONSOLE] server is initializing
[12:47:46 INFO]: [CONSOLE] server is initialized
[12:47:46 INFO]: [CONSOLE] launching.....
[12:47:47 INFO]: [CONSOLE] server is listening on /0:0:0:0:0:0:0:0:8921
[12:50:27 INFO]: [CONSOLE] Security-IO is not enable...
[12:50:27 INFO]: [DatabaseLib] service is running
[12:50:27 INFO]: [com.alibaba.druid.pool.DruidDataSource] {dataSource-0} restart
[12:50:27 INFO]: [DatabaseLib] initialized SqlSession success
[12:50:27 INFO]: [FileMapperLib] has loaded
[12:50:27 WARN]: [FileMapperLib] can't find a default url in config
[12:50:27 WARN]: [FileMapperLib] using the default dir: C:\Users\headp\Desktop\毕设结构设计模型\BaseEventLoopServer\target\classes\libs\FileMapperLib\files
[12:50:27 WARN]: [FileMapperLib] can't find a default url in config
[12:50:27 WARN]: [FileMapperLib] using the default dir: C:\Users\headp\Desktop\毕设结构设计模型\BaseEventLoopServer\target\classes\libs\FileMapperLib\recycle
[12:50:27 WARN]: [FileMapperLib] can't find a default url in config
[12:50:27 WARN]: [FileMapperLib] using the default dir: C:\Users\headp\Desktop\毕设结构设计模型\BaseEventLoopServer\target\classes\libs\FileMapperLib\lock
[12:50:27 WARN]: [CONSOLE] loaded libs:
[12:50:27 INFO]: [CONSOLE] FileMapperLib
[12:50:27 INFO]: [CONSOLE] DatabaseLib
[12:50:27 INFO]: [NormalRouter] is loading
[12:50:27 INFO]: [CONSOLE] [PluginLoading][NormalRouter] has initialized! Spend 68ms
[12:50:27 INFO]: [APlugin] enable
[12:50:27 INFO]: [CONSOLE] [PluginLoading][APlugin] has initialized! Spend 7ms
[12:50:27 INFO]: [CPlugin] enable
[12:50:27 INFO]: [CONSOLE] [PluginLoading][CPlugin] has initialized! Spend 2ms
[12:50:27 INFO]: [DPlugin] enable
[12:50:27 INFO]: [CONSOLE] [PluginLoading][DPlugin] has initialized! Spend 1ms
[12:50:27 INFO]: [BPlugin] enable
[12:50:27 INFO]: [CONSOLE] [PluginLoading][BPlugin] has initialized! Spend 1ms
[12:50:27 INFO]: [CONSOLE] Success Loaded 5 Plugin Spend 88ms
[12:50:27 INFO]: [CONSOLE] server is initializing
[12:50:27 INFO]: [CONSOLE] server is initialized
[12:50:27 INFO]: [CONSOLE] launching.....
[12:50:28 INFO]: [CONSOLE] server is listening on /0:0:0:0:0:0:0:0:8921
[12:50:44 INFO]: [CONSOLE] Security-IO is not enable...
[12:50:45 INFO]: [DatabaseLib] service is running
[12:50:45 INFO]: [com.alibaba.druid.pool.DruidDataSource] {dataSource-0} restart
[12:50:45 INFO]: [DatabaseLib] initialized SqlSession success
[12:50:45 INFO]: [FileMapperLib] has loaded
[12:50:45 WARN]: [FileMapperLib] can't find a default url in config
[12:50:45 WARN]: [FileMapperLib] using the default dir: C:\Users\headp\Desktop\毕设结构设计模型\BaseEventLoopServer\target\classes\libs\FileMapperLib\files
[12:50:45 WARN]: [FileMapperLib] can't find a default url in config
[12:50:45 WARN]: [FileMapperLib] using the default dir: C:\Users\headp\Desktop\毕设结构设计模型\BaseEventLoopServer\target\classes\libs\FileMapperLib\recycle
[12:50:45 WARN]: [FileMapperLib] can't find a default url in config
[12:50:45 WARN]: [FileMapperLib] using the default dir: C:\Users\headp\Desktop\毕设结构设计模型\BaseEventLoopServer\target\classes\libs\FileMapperLib\lock
[12:50:45 WARN]: [CONSOLE] loaded libs:
[12:50:45 INFO]: [CONSOLE] FileMapperLib
[12:50:45 INFO]: [CONSOLE] DatabaseLib
[12:50:45 INFO]: [NormalRouter] is loading
[12:50:45 INFO]: [CONSOLE] [PluginLoading][NormalRouter] has initialized! Spend 70ms
[12:50:45 INFO]: [APlugin] enable
[12:50:45 INFO]: [CONSOLE] [PluginLoading][APlugin] has initialized! Spend 3ms
[12:50:45 INFO]: [CPlugin] enable
[12:50:45 INFO]: [CONSOLE] [PluginLoading][CPlugin] has initialized! Spend 2ms
[12:50:45 INFO]: [DPlugin] enable
[12:50:45 INFO]: [CONSOLE] [PluginLoading][DPlugin] has initialized! Spend 1ms
[12:50:45 INFO]: [BPlugin] enable
[12:50:45 INFO]: [CONSOLE] [PluginLoading][BPlugin] has initialized! Spend 0ms
[12:50:45 INFO]: [CONSOLE] Success Loaded 5 Plugin Spend 87ms
[12:50:45 INFO]: [CONSOLE] server is initializing
[12:50:45 INFO]: [CONSOLE] server is initialized
[12:50:45 INFO]: [CONSOLE] launching.....
[12:50:46 INFO]: [CONSOLE] server is listening on /0:0:0:0:0:0:0:0:8921
[12:50:50 INFO]: [CONSOLE] Security-IO is not enable...
[12:50:50 INFO]: [DatabaseLib] service is running
[12:50:50 INFO]: [com.alibaba.druid.pool.DruidDataSource] {dataSource-0} restart
[12:50:51 INFO]: [DatabaseLib] initialized SqlSession success
[12:50:51 INFO]: [FileMapperLib] has loaded
[12:50:51 WARN]: [FileMapperLib] can't find a default url in config
[12:50:51 WARN]: [FileMapperLib] using the default dir: C:\Users\headp\Desktop\毕设结构设计模型\BaseEventLoopServer\target\classes\libs\FileMapperLib\files
[12:50:51 WARN]: [FileMapperLib] can't find a default url in config
[12:50:51 WARN]: [FileMapperLib] using the default dir: C:\Users\headp\Desktop\毕设结构设计模型\BaseEventLoopServer\target\classes\libs\FileMapperLib\recycle
[12:50:51 WARN]: [FileMapperLib] can't find a default url in config
[12:50:51 WARN]: [FileMapperLib] using the default dir: C:\Users\headp\Desktop\毕设结构设计模型\BaseEventLoopServer\target\classes\libs\FileMapperLib\lock
[12:50:51 WARN]: [CONSOLE] loaded libs:
[12:50:51 INFO]: [CONSOLE] FileMapperLib
[12:50:51 INFO]: [CONSOLE] DatabaseLib
[12:50:51 INFO]: [NormalRouter] is loading
[12:50:51 INFO]: [CONSOLE] [PluginLoading][NormalRouter] has initialized! Spend 83ms
[12:50:51 INFO]: [APlugin] enable
[12:50:51 INFO]: [CONSOLE] [PluginLoading][APlugin] has initialized! Spend 2ms
[12:50:51 INFO]: [CPlugin] enable
[12:50:51 INFO]: [CONSOLE] [PluginLoading][CPlugin] has initialized! Spend 2ms
[12:50:51 INFO]: [DPlugin] enable
[12:50:51 INFO]: [CONSOLE] [PluginLoading][DPlugin] has initialized! Spend 1ms
[12:50:51 INFO]: [BPlugin] enable
[12:50:51 INFO]: [CONSOLE] [PluginLoading][BPlugin] has initialized! Spend 1ms
[12:50:51 INFO]: [CONSOLE] Success Loaded 5 Plugin Spend 105ms
[12:50:51 INFO]: [CONSOLE] server is initializing
[12:50:51 INFO]: [CONSOLE] server is initialized
[12:50:51 INFO]: [CONSOLE] launching.....
[12:50:52 INFO]: [CONSOLE] server is listening on /0:0:0:0:0:0:0:0:8921
[12:52:14 INFO]: [CONSOLE] Security-IO is not enable...
[12:52:14 INFO]: [DatabaseLib] service is running
[12:52:14 INFO]: [com.alibaba.druid.pool.DruidDataSource] {dataSource-0} restart
[12:52:14 INFO]: [DatabaseLib] initialized SqlSession success
[12:52:14 INFO]: [FileMapperLib] has loaded
[12:52:14 WARN]: [FileMapperLib] can't find a default url in config
[12:52:14 WARN]: [FileMapperLib] using the default dir: C:\Users\headp\Desktop\毕设结构设计模型\BaseEventLoopServer\target\classes\libs\FileMapperLib\files
[12:52:14 WARN]: [FileMapperLib] can't find a default url in config
[12:52:14 WARN]: [FileMapperLib] using the default dir: C:\Users\headp\Desktop\毕设结构设计模型\BaseEventLoopServer\target\classes\libs\FileMapperLib\recycle
[12:52:14 WARN]: [FileMapperLib] can't find a default url in config
[12:52:14 WARN]: [FileMapperLib] using the default dir: C:\Users\headp\Desktop\毕设结构设计模型\BaseEventLoopServer\target\classes\libs\FileMapperLib\lock
[12:52:14 WARN]: [CONSOLE] loaded libs:
[12:52:14 INFO]: [CONSOLE] FileMapperLib
[12:52:14 INFO]: [CONSOLE] DatabaseLib
[12:52:14 INFO]: [NormalRouter] is loading
[12:52:14 INFO]: [CONSOLE] [PluginLoading][NormalRouter] has initialized! Spend 84ms
[12:52:14 INFO]: [APlugin] enable
[12:52:14 INFO]: [CONSOLE] [PluginLoading][APlugin] has initialized! Spend 5ms
[12:52:14 INFO]: [CPlugin] enable
[12:52:14 INFO]: [CONSOLE] [PluginLoading][CPlugin] has initialized! Spend 3ms
[12:52:15 INFO]: [DPlugin] enable
[12:52:15 INFO]: [CONSOLE] [PluginLoading][DPlugin] has initialized! Spend 3ms
[12:52:15 INFO]: [BPlugin] enable
[12:52:15 INFO]: [CONSOLE] [PluginLoading][BPlugin] has initialized! Spend 3ms
[12:52:15 INFO]: [CONSOLE] Success Loaded 5 Plugin Spend 104ms
[12:52:15 INFO]: [CONSOLE] server is initializing
[12:52:15 INFO]: [CONSOLE] server is initialized
[12:52:15 INFO]: [CONSOLE] launching.....
[12:52:16 INFO]: [CONSOLE] server is listening on /0:0:0:0:0:0:0:0:8921
[12:53:19 INFO]: [CONSOLE] Security-IO is not enable...
[12:53:19 INFO]: [DatabaseLib] service is running
[12:53:19 INFO]: [com.alibaba.druid.pool.DruidDataSource] {dataSource-0} restart
[12:53:19 INFO]: [DatabaseLib] initialized SqlSession success
[12:53:19 INFO]: [FileMapperLib] has loaded
[12:53:19 WARN]: [FileMapperLib] can't find a default url in config
[12:53:19 WARN]: [FileMapperLib] using the default dir: C:\Users\headp\Desktop\毕设结构设计模型\BaseEventLoopServer\target\classes\libs\FileMapperLib\files
[12:53:19 WARN]: [FileMapperLib] can't find a default url in config
[12:53:19 WARN]: [FileMapperLib] using the default dir: C:\Users\headp\Desktop\毕设结构设计模型\BaseEventLoopServer\target\classes\libs\FileMapperLib\recycle
[12:53:19 WARN]: [FileMapperLib] can't find a default url in config
[12:53:19 WARN]: [FileMapperLib] using the default dir: C:\Users\headp\Desktop\毕设结构设计模型\BaseEventLoopServer\target\classes\libs\FileMapperLib\lock
[12:53:19 WARN]: [CONSOLE] loaded libs:
[12:53:19 INFO]: [CONSOLE] FileMapperLib
[12:53:19 INFO]: [CONSOLE] DatabaseLib
[12:53:19 INFO]: [NormalRouter] is loading
[12:53:19 INFO]: [CONSOLE] [PluginLoading][NormalRouter] has initialized! Spend 95ms
[12:53:19 INFO]: [APlugin] enable
[12:53:19 INFO]: [CONSOLE] [PluginLoading][APlugin] has initialized! Spend 3ms
[12:53:19 INFO]: [CPlugin] enable
[12:53:19 INFO]: [CONSOLE] [PluginLoading][CPlugin] has initialized! Spend 4ms
[12:53:19 INFO]: [DPlugin] enable
[12:53:19 INFO]: [CONSOLE] [PluginLoading][DPlugin] has initialized! Spend 2ms
[12:53:19 INFO]: [BPlugin] enable
[12:53:19 INFO]: [CONSOLE] [PluginLoading][BPlugin] has initialized! Spend 3ms
[12:53:19 INFO]: [CONSOLE] Success Loaded 5 Plugin Spend 118ms
[12:53:19 INFO]: [CONSOLE] server is initializing
[12:53:19 INFO]: [CONSOLE] server is initialized
[12:53:19 INFO]: [CONSOLE] launching.....
[12:53:20 INFO]: [CONSOLE] server is listening on /0:0:0:0:0:0:0:0:8921
[12:57:18 INFO]: [CONSOLE] Security-IO is not enable...
[12:57:18 INFO]: [DatabaseLib] service is running
[12:57:18 INFO]: [com.alibaba.druid.pool.DruidDataSource] {dataSource-0} restart
[12:57:18 INFO]: [DatabaseLib] initialized SqlSession success
[12:57:18 INFO]: [FileMapperLib] has loaded
[12:57:18 WARN]: [FileMapperLib] can't find a default url in config
[12:57:18 WARN]: [FileMapperLib] using the default dir: C:\Users\headp\Desktop\毕设结构设计模型\BaseEventLoopServer\target\classes\libs\FileMapperLib\files
[12:57:18 WARN]: [FileMapperLib] can't find a default url in config
[12:57:18 WARN]: [FileMapperLib] using the default dir: C:\Users\headp\Desktop\毕设结构设计模型\BaseEventLoopServer\target\classes\libs\FileMapperLib\recycle
[12:57:18 WARN]: [FileMapperLib] can't find a default url in config
[12:57:18 WARN]: [FileMapperLib] using the default dir: C:\Users\headp\Desktop\毕设结构设计模型\BaseEventLoopServer\target\classes\libs\FileMapperLib\lock
[12:57:18 WARN]: [CONSOLE] loaded libs:
[12:57:18 INFO]: [CONSOLE] FileMapperLib
[12:57:18 INFO]: [CONSOLE] DatabaseLib
[12:57:18 INFO]: [NormalRouter] is loading
[12:57:18 INFO]: [CONSOLE] [PluginLoading][NormalRouter] has initialized! Spend 69ms
[12:57:18 INFO]: [APlugin] enable
[12:57:18 INFO]: [CONSOLE] [PluginLoading][APlugin] has initialized! Spend 5ms
[12:57:18 INFO]: [CPlugin] enable
[12:57:18 INFO]: [CONSOLE] [PluginLoading][CPlugin] has initialized! Spend 2ms
[12:57:18 INFO]: [DPlugin] enable
[12:57:18 INFO]: [CONSOLE] [PluginLoading][DPlugin] has initialized! Spend 1ms
[12:57:18 INFO]: [BPlugin] enable
[12:57:18 INFO]: [CONSOLE] [PluginLoading][BPlugin] has initialized! Spend 1ms
[12:57:18 INFO]: [CONSOLE] Success Loaded 5 Plugin Spend 86ms
[12:57:18 INFO]: [CONSOLE] server is initializing
[12:57:19 INFO]: [CONSOLE] server is initialized
[12:57:19 INFO]: [CONSOLE] launching.....
[12:57:19 INFO]: [CONSOLE] server is listening on /0:0:0:0:0:0:0:0:8921
[12:57:22 ERROR]: [CONSOLE] 开始上传文件:A0MYLP4IZ(0AV{_0LF`Z6CI.jpg.temp
[12:57:22 INFO]: [com.alibaba.druid.pool.DruidDataSource] {dataSource-1} inited
[12:57:23 ERROR]: [CONSOLE] 文件:A0MYLP4IZ(0AV{_0LF`Z6CI.jpg.temp传输耗时:341ms
[12:57:55 INFO]: [CONSOLE] Security-IO is not enable...
[12:57:55 INFO]: [DatabaseLib] service is running
[12:57:55 INFO]: [com.alibaba.druid.pool.DruidDataSource] {dataSource-0} restart
[12:57:55 INFO]: [DatabaseLib] initialized SqlSession success
[12:57:55 INFO]: [FileMapperLib] has loaded
[12:57:55 WARN]: [FileMapperLib] can't find a default url in config
[12:57:55 WARN]: [FileMapperLib] using the default dir: C:\Users\headp\Desktop\毕设结构设计模型\BaseEventLoopServer\target\classes\libs\FileMapperLib\files
[12:57:55 WARN]: [FileMapperLib] can't find a default url in config
[12:57:55 WARN]: [FileMapperLib] using the default dir: C:\Users\headp\Desktop\毕设结构设计模型\BaseEventLoopServer\target\classes\libs\FileMapperLib\recycle
[12:57:55 WARN]: [FileMapperLib] can't find a default url in config
[12:57:55 WARN]: [FileMapperLib] using the default dir: C:\Users\headp\Desktop\毕设结构设计模型\BaseEventLoopServer\target\classes\libs\FileMapperLib\lock
[12:57:55 WARN]: [CONSOLE] loaded libs:
[12:57:55 INFO]: [CONSOLE] FileMapperLib
[12:57:55 INFO]: [CONSOLE] DatabaseLib
[12:57:55 INFO]: [NormalRouter] is loading
[12:57:55 INFO]: [CONSOLE] [PluginLoading][NormalRouter] has initialized! Spend 76ms
[12:57:55 INFO]: [APlugin] enable
[12:57:55 INFO]: [CONSOLE] [PluginLoading][APlugin] has initialized! Spend 4ms
[12:57:55 INFO]: [CPlugin] enable
[12:57:55 INFO]: [CONSOLE] [PluginLoading][CPlugin] has initialized! Spend 3ms
[12:57:55 INFO]: [DPlugin] enable
[12:57:55 INFO]: [CONSOLE] [PluginLoading][DPlugin] has initialized! Spend 3ms
[12:57:55 INFO]: [BPlugin] enable
[12:57:55 INFO]: [CONSOLE] [PluginLoading][BPlugin] has initialized! Spend 3ms
[12:57:55 INFO]: [CONSOLE] Success Loaded 5 Plugin Spend 102ms
[12:57:55 INFO]: [CONSOLE] server is initializing
[12:57:55 INFO]: [CONSOLE] server is initialized
[12:57:55 INFO]: [CONSOLE] launching.....
[12:57:56 INFO]: [CONSOLE] server is listening on /0:0:0:0:0:0:0:0:8921
[13:03:21 WARN]: [CONSOLE] upload task:123 will done
[13:03:21 WARN]: [CONSOLE] no file
[13:03:24 INFO]: [CONSOLE] Security-IO is not enable...
[13:03:24 INFO]: [DatabaseLib] service is running
[13:03:24 INFO]: [com.alibaba.druid.pool.DruidDataSource] {dataSource-0} restart
[13:03:24 INFO]: [DatabaseLib] initialized SqlSession success
[13:03:24 INFO]: [FileMapperLib] has loaded
[13:03:24 WARN]: [FileMapperLib] can't find a default url in config
[13:03:24 WARN]: [FileMapperLib] using the default dir: C:\Users\headp\Desktop\毕设结构设计模型\BaseEventLoopServer\target\classes\libs\FileMapperLib\files
[13:03:24 WARN]: [FileMapperLib] can't find a default url in config
[13:03:24 WARN]: [FileMapperLib] using the default dir: C:\Users\headp\Desktop\毕设结构设计模型\BaseEventLoopServer\target\classes\libs\FileMapperLib\recycle
[13:03:24 WARN]: [FileMapperLib] can't find a default url in config
[13:03:24 WARN]: [FileMapperLib] using the default dir: C:\Users\headp\Desktop\毕设结构设计模型\BaseEventLoopServer\target\classes\libs\FileMapperLib\lock
[13:03:24 WARN]: [CONSOLE] loaded libs:
[13:03:24 INFO]: [CONSOLE] FileMapperLib
[13:03:24 INFO]: [CONSOLE] DatabaseLib
[13:03:24 INFO]: [NormalRouter] is loading
[13:03:25 INFO]: [CONSOLE] [PluginLoading][NormalRouter] has initialized! Spend 65ms
[13:03:25 INFO]: [APlugin] enable
[13:03:25 INFO]: [CONSOLE] [PluginLoading][APlugin] has initialized! Spend 4ms
[13:03:25 INFO]: [CPlugin] enable
[13:03:25 INFO]: [CONSOLE] [PluginLoading][CPlugin] has initialized! Spend 2ms
[13:03:25 INFO]: [DPlugin] enable
[13:03:25 INFO]: [CONSOLE] [PluginLoading][DPlugin] has initialized! Spend 1ms
[13:03:25 INFO]: [BPlugin] enable
[13:03:25 INFO]: [CONSOLE] [PluginLoading][BPlugin] has initialized! Spend 1ms
[13:03:25 INFO]: [CONSOLE] Success Loaded 5 Plugin Spend 79ms
[13:03:25 INFO]: [CONSOLE] server is initializing
[13:03:25 INFO]: [CONSOLE] server is initialized
[13:03:25 INFO]: [CONSOLE] launching.....
[13:03:26 INFO]: [CONSOLE] server is listening on /0:0:0:0:0:0:0:0:8921
[13:03:28 INFO]: [com.alibaba.druid.pool.DruidDataSource] {dataSource-1} inited
[13:05:58 INFO]: [CONSOLE] Security-IO is not enable...
[13:05:58 INFO]: [DatabaseLib] service is running
[13:05:58 INFO]: [com.alibaba.druid.pool.DruidDataSource] {dataSource-0} restart
[13:05:58 INFO]: [DatabaseLib] initialized SqlSession success
[13:05:58 INFO]: [FileMapperLib] has loaded
[13:05:58 WARN]: [FileMapperLib] can't find a default url in config
[13:05:58 WARN]: [FileMapperLib] using the default dir: C:\Users\headp\Desktop\毕设结构设计模型\BaseEventLoopServer\target\classes\libs\FileMapperLib\files
[13:05:58 WARN]: [FileMapperLib] can't find a default url in config
[13:05:58 WARN]: [FileMapperLib] using the default dir: C:\Users\headp\Desktop\毕设结构设计模型\BaseEventLoopServer\target\classes\libs\FileMapperLib\recycle
[13:05:58 WARN]: [FileMapperLib] can't find a default url in config
[13:05:58 WARN]: [FileMapperLib] using the default dir: C:\Users\headp\Desktop\毕设结构设计模型\BaseEventLoopServer\target\classes\libs\FileMapperLib\lock
[13:05:58 WARN]: [CONSOLE] loaded libs:
[13:05:58 INFO]: [CONSOLE] FileMapperLib
[13:05:58 INFO]: [CONSOLE] DatabaseLib
[13:05:58 INFO]: [NormalRouter] is loading
[13:05:58 INFO]: [CONSOLE] [PluginLoading][NormalRouter] has initialized! Spend 64ms
[13:05:58 INFO]: [APlugin] enable
[13:05:58 INFO]: [CONSOLE] [PluginLoading][APlugin] has initialized! Spend 6ms
[13:05:58 INFO]: [CPlugin] enable
[13:05:58 INFO]: [CONSOLE] [PluginLoading][CPlugin] has initialized! Spend 1ms
[13:05:58 INFO]: [DPlugin] enable
[13:05:58 INFO]: [CONSOLE] [PluginLoading][DPlugin] has initialized! Spend 3ms
[13:05:58 INFO]: [BPlugin] enable
[13:05:58 INFO]: [CONSOLE] [PluginLoading][BPlugin] has initialized! Spend 2ms
[13:05:58 INFO]: [CONSOLE] Success Loaded 5 Plugin Spend 80ms
[13:05:58 INFO]: [CONSOLE] server is initializing
[13:05:59 INFO]: [CONSOLE] server is initialized
[13:05:59 INFO]: [CONSOLE] launching.....
[13:06:00 INFO]: [CONSOLE] server is listening on /0:0:0:0:0:0:0:0:8921
[13:06:02 INFO]: [com.alibaba.druid.pool.DruidDataSource] {dataSource-1} inited
[13:06:58 ERROR]: [CONSOLE] 开始上传文件:A0MYLP4IZ(0AV{_0LF`Z6CI.jpg.temp
[13:06:58 ERROR]: [CONSOLE] 文件:A0MYLP4IZ(0AV{_0LF`Z6CI.jpg.temp传输耗时:46ms
[13:07:05 ERROR]: [CONSOLE] 开始上传文件:4X2{VMBFW7S[`$CIYBKCZ8T(1).png.temp
[13:07:05 ERROR]: [CONSOLE] 文件:4X2{VMBFW7S[`$CIYBKCZ8T(1).png.temp传输耗时:50ms
[13:07:11 INFO]: [CONSOLE] init download
[13:07:11 INFO]: [CONSOLE] download spend : 12ms
[13:07:58 WARN]: [CONSOLE] upload task:123 will done
[13:07:58 WARN]: [CONSOLE] has file
[13:08:05 WARN]: [CONSOLE] upload task:123 will done
[13:08:05 WARN]: [CONSOLE] has file
[13:08:16 ERROR]: [CONSOLE] 开始上传文件:A0MYLP4IZ(0AV{_0LF`Z6CI(1).jpg.temp
[13:08:16 ERROR]: [CONSOLE] 文件:A0MYLP4IZ(0AV{_0LF`Z6CI(1).jpg.temp传输耗时:21ms
[13:09:16 WARN]: [CONSOLE] upload task:123 will done
[13:09:16 WARN]: [CONSOLE] has file
[13:10:35 INFO]: [CONSOLE] Security-IO is not enable...
[13:10:36 INFO]: [DatabaseLib] service is running
[13:10:36 INFO]: [com.alibaba.druid.pool.DruidDataSource] {dataSource-0} restart
[13:10:36 INFO]: [DatabaseLib] initialized SqlSession success
[13:10:36 INFO]: [FileMapperLib] has loaded
[13:10:36 WARN]: [FileMapperLib] can't find a default url in config
[13:10:36 WARN]: [FileMapperLib] using the default dir: C:\Users\headp\Desktop\毕设结构设计模型\BaseEventLoopServer\target\classes\libs\FileMapperLib\files
[13:10:36 WARN]: [FileMapperLib] can't find a default url in config
[13:10:36 WARN]: [FileMapperLib] using the default dir: C:\Users\headp\Desktop\毕设结构设计模型\BaseEventLoopServer\target\classes\libs\FileMapperLib\recycle
[13:10:36 WARN]: [FileMapperLib] can't find a default url in config
[13:10:36 WARN]: [FileMapperLib] using the default dir: C:\Users\headp\Desktop\毕设结构设计模型\BaseEventLoopServer\target\classes\libs\FileMapperLib\lock
[13:10:36 WARN]: [CONSOLE] loaded libs:
[13:10:36 INFO]: [CONSOLE] FileMapperLib
[13:10:36 INFO]: [CONSOLE] DatabaseLib
[13:10:36 INFO]: [NormalRouter] is loading
[13:10:36 INFO]: [CONSOLE] [PluginLoading][NormalRouter] has initialized! Spend 108ms
[13:10:36 INFO]: [APlugin] enable
[13:10:36 INFO]: [CONSOLE] [PluginLoading][APlugin] has initialized! Spend 5ms
[13:10:36 INFO]: [CPlugin] enable
[13:10:36 INFO]: [CONSOLE] [PluginLoading][CPlugin] has initialized! Spend 2ms
[13:10:36 INFO]: [DPlugin] enable
[13:10:36 INFO]: [CONSOLE] [PluginLoading][DPlugin] has initialized! Spend 4ms
[13:10:36 INFO]: [BPlugin] enable
[13:10:36 INFO]: [CONSOLE] [PluginLoading][BPlugin] has initialized! Spend 3ms
[13:10:36 INFO]: [CONSOLE] Success Loaded 5 Plugin Spend 130ms
[13:10:36 INFO]: [CONSOLE] server is initializing
[13:10:36 INFO]: [CONSOLE] server is initialized
[13:10:36 INFO]: [CONSOLE] launching.....
[13:10:37 INFO]: [CONSOLE] server is listening on /0:0:0:0:0:0:0:0:8921
[13:10:41 ERROR]: [CONSOLE] 开始上传文件:A0MYLP4IZ(0AV{_0LF`Z6CI.jpg.temp
[13:10:41 WARN]: [CONSOLE] upload task:123 will done
[13:10:41 WARN]: [CONSOLE] has file
[13:10:56 ERROR]: [CONSOLE] 开始上传文件:A0MYLP4IZ(0AV{_0LF`Z6CI.jpg.temp
[13:10:56 WARN]: [CONSOLE] upload task:123 will done
[13:10:56 WARN]: [CONSOLE] has file
[13:11:24 INFO]: [CONSOLE] Security-IO is not enable...
[13:11:24 INFO]: [DatabaseLib] service is running
[13:11:24 INFO]: [com.alibaba.druid.pool.DruidDataSource] {dataSource-0} restart
[13:11:24 INFO]: [DatabaseLib] initialized SqlSession success
[13:11:24 INFO]: [FileMapperLib] has loaded
[13:11:24 WARN]: [FileMapperLib] can't find a default url in config
[13:11:24 WARN]: [FileMapperLib] using the default dir: C:\Users\headp\Desktop\毕设结构设计模型\BaseEventLoopServer\target\classes\libs\FileMapperLib\files
[13:11:24 WARN]: [FileMapperLib] can't find a default url in config
[13:11:24 WARN]: [FileMapperLib] using the default dir: C:\Users\headp\Desktop\毕设结构设计模型\BaseEventLoopServer\target\classes\libs\FileMapperLib\recycle
[13:11:24 WARN]: [FileMapperLib] can't find a default url in config
[13:11:24 WARN]: [FileMapperLib] using the default dir: C:\Users\headp\Desktop\毕设结构设计模型\BaseEventLoopServer\target\classes\libs\FileMapperLib\lock
[13:11:24 WARN]: [CONSOLE] loaded libs:
[13:11:24 INFO]: [CONSOLE] FileMapperLib
[13:11:24 INFO]: [CONSOLE] DatabaseLib
[13:11:24 INFO]: [NormalRouter] is loading
[13:11:24 INFO]: [CONSOLE] [PluginLoading][NormalRouter] has initialized! Spend 71ms
[13:11:24 INFO]: [APlugin] enable
[13:11:24 INFO]: [CONSOLE] [PluginLoading][APlugin] has initialized! Spend 2ms
[13:11:24 INFO]: [CPlugin] enable
[13:11:24 INFO]: [CONSOLE] [PluginLoading][CPlugin] has initialized! Spend 3ms
[13:11:24 INFO]: [DPlugin] enable
[13:11:24 INFO]: [CONSOLE] [PluginLoading][DPlugin] has initialized! Spend 2ms
[13:11:24 INFO]: [BPlugin] enable
[13:11:24 INFO]: [CONSOLE] [PluginLoading][BPlugin] has initialized! Spend 2ms
[13:11:24 INFO]: [CONSOLE] Success Loaded 5 Plugin Spend 87ms
[13:11:24 INFO]: [CONSOLE] server is initializing
[13:11:25 INFO]: [CONSOLE] server is initialized
[13:11:25 INFO]: [CONSOLE] launching.....
[13:11:26 INFO]: [CONSOLE] server is listening on /0:0:0:0:0:0:0:0:8921
[13:11:39 ERROR]: [CONSOLE] 开始上传文件:2S)MG_P[@JQ4`LU5II1[Y`H.jpg.temp
[13:11:46 INFO]: [com.alibaba.druid.pool.DruidDataSource] {dataSource-1} inited
[13:11:58 ERROR]: [CONSOLE] 文件:2S)MG_P[@JQ4`LU5II1[Y`H.jpg.temp传输耗时:18941ms
[13:12:32 WARN]: [CONSOLE] upload task:123 will done
[13:12:32 WARN]: [CONSOLE] has file
[13:12:34 INFO]: [CONSOLE] Security-IO is not enable...
[13:12:34 INFO]: [DatabaseLib] service is running
[13:12:34 INFO]: [com.alibaba.druid.pool.DruidDataSource] {dataSource-0} restart
[13:12:34 INFO]: [DatabaseLib] initialized SqlSession success
[13:12:34 INFO]: [FileMapperLib] has loaded
[13:12:34 WARN]: [FileMapperLib] can't find a default url in config
[13:12:34 WARN]: [FileMapperLib] using the default dir: C:\Users\headp\Desktop\毕设结构设计模型\BaseEventLoopServer\target\classes\libs\FileMapperLib\files
[13:12:34 WARN]: [FileMapperLib] can't find a default url in config
[13:12:34 WARN]: [FileMapperLib] using the default dir: C:\Users\headp\Desktop\毕设结构设计模型\BaseEventLoopServer\target\classes\libs\FileMapperLib\recycle
[13:12:34 WARN]: [FileMapperLib] can't find a default url in config
[13:12:34 WARN]: [FileMapperLib] using the default dir: C:\Users\headp\Desktop\毕设结构设计模型\BaseEventLoopServer\target\classes\libs\FileMapperLib\lock
[13:12:34 WARN]: [CONSOLE] loaded libs:
[13:12:34 INFO]: [CONSOLE] FileMapperLib
[13:12:34 INFO]: [CONSOLE] DatabaseLib
[13:12:34 INFO]: [NormalRouter] is loading
[13:12:34 INFO]: [CONSOLE] [PluginLoading][NormalRouter] has initialized! Spend 67ms
[13:12:34 INFO]: [APlugin] enable
[13:12:34 INFO]: [CONSOLE] [PluginLoading][APlugin] has initialized! Spend 6ms
[13:12:34 INFO]: [CPlugin] enable
[13:12:34 INFO]: [CONSOLE] [PluginLoading][CPlugin] has initialized! Spend 2ms
[13:12:34 INFO]: [DPlugin] enable
[13:12:34 INFO]: [CONSOLE] [PluginLoading][DPlugin] has initialized! Spend 3ms
[13:12:34 INFO]: [BPlugin] enable
[13:12:34 INFO]: [CONSOLE] [PluginLoading][BPlugin] has initialized! Spend 2ms
[13:12:34 INFO]: [CONSOLE] Success Loaded 5 Plugin Spend 82ms
[13:12:34 INFO]: [CONSOLE] server is initializing
[13:12:34 INFO]: [CONSOLE] server is initialized
[13:12:34 INFO]: [CONSOLE] launching.....
[13:12:35 INFO]: [CONSOLE] server is listening on /0:0:0:0:0:0:0:0:8921
[13:12:45 ERROR]: [CONSOLE] 开始上传文件:2S)MG_P[@JQ4`LU5II1[Y`H(1).jpg.temp
[13:12:45 INFO]: [com.alibaba.druid.pool.DruidDataSource] {dataSource-1} inited
[13:12:46 ERROR]: [CONSOLE] 文件:2S)MG_P[@JQ4`LU5II1[Y`H(1).jpg.temp传输耗时:311ms
[13:12:46 WARN]: [CONSOLE] upload task:123 will done
[13:12:46 WARN]: [CONSOLE] has file
