[01:00:26 INFO]: [CONSOLE] server is running
[01:00:26 INFO]: [CONSOLE] LOG LEVEL: info
[01:00:26 INFO]: [CONSOLE] Security-IO is not enable...
[01:00:26 INFO]: [DatabaseLib] service is running
[01:00:26 INFO]: [DatabaseLib] initialized SqlSession success
[01:00:26 INFO]: [FileMapperLib] has loaded
[01:00:26 WARN]: [FileMapperLib] can't find a default url in config
[01:00:26 WARN]: [FileMapperLib] using the default dir: C:\Users\headp\Desktop\毕设结构设计模型\BaseEventLoopServer\target\classes\libs\FileMapperLib\files
[01:00:26 WARN]: [FileMapperLib] can't find a default url in config
[01:00:26 WARN]: [FileMapperLib] using the default dir: C:\Users\headp\Desktop\毕设结构设计模型\BaseEventLoopServer\target\classes\libs\FileMapperLib\recycle
[01:00:26 WARN]: [FileMapperLib] can't find a default url in config
[01:00:26 WARN]: [FileMapperLib] using the default dir: C:\Users\headp\Desktop\毕设结构设计模型\BaseEventLoopServer\target\classes\libs\FileMapperLib\lock
[01:00:26 WARN]: [CONSOLE] loaded libs:
[01:00:26 INFO]: [CONSOLE] FileMapperLib
[01:00:26 INFO]: [CONSOLE] DatabaseLib
[01:00:26 INFO]: [NormalRouter] is loading
[01:00:26 INFO]: [CONSOLE] [PluginLoading][NormalRouter] has initialized! Spend 95ms
[01:00:26 INFO]: [CONSOLE] Success Loaded 1 Plugin Spend 97ms
[01:00:26 INFO]: [CONSOLE] server is initializing
[01:00:27 INFO]: [CONSOLE] server is initialized
[01:00:27 INFO]: [CONSOLE] launching.....
[01:00:28 INFO]: [CONSOLE] server is listening on /0:0:0:0:0:0:0:0:25565
[01:01:11 ERROR]: [CONSOLE] cache dir is broken!
[01:01:12 INFO]: [com.alibaba.druid.pool.DruidDataSource] {dataSource-1} inited
[01:02:02 INFO]: [CONSOLE] server is running
[01:02:02 INFO]: [CONSOLE] LOG LEVEL: info
[01:02:02 INFO]: [CONSOLE] Security-IO is not enable...
[01:02:02 INFO]: [DatabaseLib] service is running
[01:02:02 INFO]: [DatabaseLib] initialized SqlSession success
[01:02:02 INFO]: [FileMapperLib] has loaded
[01:02:02 WARN]: [FileMapperLib] can't find a default url in config
[01:02:02 WARN]: [FileMapperLib] using the default dir: C:\Users\headp\Desktop\毕设结构设计模型\BaseEventLoopServer\target\classes\libs\FileMapperLib\files
[01:02:02 WARN]: [FileMapperLib] can't find a default url in config
[01:02:02 WARN]: [FileMapperLib] using the default dir: C:\Users\headp\Desktop\毕设结构设计模型\BaseEventLoopServer\target\classes\libs\FileMapperLib\recycle
[01:02:02 WARN]: [FileMapperLib] can't find a default url in config
[01:02:02 WARN]: [FileMapperLib] using the default dir: C:\Users\headp\Desktop\毕设结构设计模型\BaseEventLoopServer\target\classes\libs\FileMapperLib\lock
[01:02:02 WARN]: [CONSOLE] loaded libs:
[01:02:02 INFO]: [CONSOLE] FileMapperLib
[01:02:02 INFO]: [CONSOLE] DatabaseLib
[01:02:02 INFO]: [NormalRouter] is loading
[01:02:02 INFO]: [CONSOLE] [PluginLoading][NormalRouter] has initialized! Spend 83ms
[01:02:02 INFO]: [CONSOLE] Success Loaded 1 Plugin Spend 86ms
[01:02:02 INFO]: [CONSOLE] server is initializing
[01:02:03 INFO]: [CONSOLE] server is initialized
[01:02:03 INFO]: [CONSOLE] launching.....
[01:02:04 INFO]: [CONSOLE] server is listening on /0:0:0:0:0:0:0:0:25565
[01:02:43 ERROR]: [CONSOLE] cache dir is broken!
[01:03:13 INFO]: [CONSOLE] server is running
[01:03:13 INFO]: [CONSOLE] LOG LEVEL: info
[01:03:13 INFO]: [CONSOLE] Security-IO is not enable...
[01:03:13 INFO]: [DatabaseLib] service is running
[01:03:14 INFO]: [DatabaseLib] initialized SqlSession success
[01:03:14 INFO]: [FileMapperLib] has loaded
[01:03:14 WARN]: [FileMapperLib] can't find a default url in config
[01:03:14 WARN]: [FileMapperLib] using the default dir: C:\Users\headp\Desktop\毕设结构设计模型\BaseEventLoopServer\target\classes\libs\FileMapperLib\files
[01:03:14 WARN]: [FileMapperLib] can't find a default url in config
[01:03:14 WARN]: [FileMapperLib] using the default dir: C:\Users\headp\Desktop\毕设结构设计模型\BaseEventLoopServer\target\classes\libs\FileMapperLib\recycle
[01:03:14 WARN]: [FileMapperLib] can't find a default url in config
[01:03:14 WARN]: [FileMapperLib] using the default dir: C:\Users\headp\Desktop\毕设结构设计模型\BaseEventLoopServer\target\classes\libs\FileMapperLib\lock
[01:03:14 WARN]: [CONSOLE] loaded libs:
[01:03:14 INFO]: [CONSOLE] FileMapperLib
[01:03:14 INFO]: [CONSOLE] DatabaseLib
[01:03:14 INFO]: [NormalRouter] is loading
[01:03:14 INFO]: [CONSOLE] [PluginLoading][NormalRouter] has initialized! Spend 103ms
[01:03:14 INFO]: [CONSOLE] Success Loaded 1 Plugin Spend 107ms
[01:03:14 INFO]: [CONSOLE] server is initializing
[01:03:14 INFO]: [CONSOLE] server is initialized
[01:03:14 INFO]: [CONSOLE] launching.....
[01:03:15 INFO]: [CONSOLE] server is listening on /0:0:0:0:0:0:0:0:25565
[01:03:26 INFO]: [com.alibaba.druid.pool.DruidDataSource] {dataSource-1} inited
[01:04:05 INFO]: [CONSOLE] server is running
[01:04:05 INFO]: [CONSOLE] LOG LEVEL: info
[01:04:05 INFO]: [CONSOLE] Security-IO is not enable...
[01:04:05 INFO]: [DatabaseLib] service is running
[01:04:05 INFO]: [DatabaseLib] initialized SqlSession success
[01:04:05 INFO]: [FileMapperLib] has loaded
[01:04:05 WARN]: [FileMapperLib] can't find a default url in config
[01:04:05 WARN]: [FileMapperLib] using the default dir: C:\Users\headp\Desktop\毕设结构设计模型\BaseEventLoopServer\target\classes\libs\FileMapperLib\files
[01:04:05 WARN]: [FileMapperLib] can't find a default url in config
[01:04:05 WARN]: [FileMapperLib] using the default dir: C:\Users\headp\Desktop\毕设结构设计模型\BaseEventLoopServer\target\classes\libs\FileMapperLib\recycle
[01:04:05 WARN]: [FileMapperLib] can't find a default url in config
[01:04:05 WARN]: [FileMapperLib] using the default dir: C:\Users\headp\Desktop\毕设结构设计模型\BaseEventLoopServer\target\classes\libs\FileMapperLib\lock
[01:04:05 WARN]: [CONSOLE] loaded libs:
[01:04:05 INFO]: [CONSOLE] FileMapperLib
[01:04:05 INFO]: [CONSOLE] DatabaseLib
[01:04:05 INFO]: [NormalRouter] is loading
[01:04:05 INFO]: [CONSOLE] [PluginLoading][NormalRouter] has initialized! Spend 87ms
[01:04:05 INFO]: [CONSOLE] Success Loaded 1 Plugin Spend 91ms
[01:04:05 INFO]: [CONSOLE] server is initializing
[01:04:05 INFO]: [CONSOLE] server is initialized
[01:04:05 INFO]: [CONSOLE] launching.....
[01:04:06 INFO]: [CONSOLE] server is listening on /0:0:0:0:0:0:0:0:25565
[01:04:15 INFO]: [CONSOLE] server is running
[01:04:15 INFO]: [CONSOLE] LOG LEVEL: info
[01:04:15 INFO]: [CONSOLE] Security-IO is not enable...
[01:04:15 INFO]: [DatabaseLib] service is running
[01:04:15 INFO]: [DatabaseLib] initialized SqlSession success
[01:04:15 INFO]: [FileMapperLib] has loaded
[01:04:15 WARN]: [FileMapperLib] can't find a default url in config
[01:04:15 WARN]: [FileMapperLib] using the default dir: C:\Users\headp\Desktop\毕设结构设计模型\BaseEventLoopServer\target\classes\libs\FileMapperLib\files
[01:04:15 WARN]: [FileMapperLib] can't find a default url in config
[01:04:15 WARN]: [FileMapperLib] using the default dir: C:\Users\headp\Desktop\毕设结构设计模型\BaseEventLoopServer\target\classes\libs\FileMapperLib\recycle
[01:04:15 WARN]: [FileMapperLib] can't find a default url in config
[01:04:15 WARN]: [FileMapperLib] using the default dir: C:\Users\headp\Desktop\毕设结构设计模型\BaseEventLoopServer\target\classes\libs\FileMapperLib\lock
[01:04:15 WARN]: [CONSOLE] loaded libs:
[01:04:15 INFO]: [CONSOLE] FileMapperLib
[01:04:15 INFO]: [CONSOLE] DatabaseLib
[01:04:15 INFO]: [NormalRouter] is loading
[01:04:15 INFO]: [CONSOLE] [PluginLoading][NormalRouter] has initialized! Spend 85ms
[01:04:15 INFO]: [CONSOLE] Success Loaded 1 Plugin Spend 88ms
[01:04:15 INFO]: [CONSOLE] server is initializing
[01:04:16 INFO]: [CONSOLE] server is initialized
[01:04:16 INFO]: [CONSOLE] launching.....
[01:04:17 INFO]: [CONSOLE] server is listening on /0:0:0:0:0:0:0:0:25565
[01:04:18 INFO]: [com.alibaba.druid.pool.DruidDataSource] {dataSource-1} inited
[01:08:13 INFO]: [CONSOLE] server is running
[01:08:13 INFO]: [CONSOLE] LOG LEVEL: info
[01:08:13 INFO]: [CONSOLE] Security-IO is not enable...
[01:08:13 INFO]: [DatabaseLib] service is running
[01:08:13 INFO]: [DatabaseLib] initialized SqlSession success
[01:08:13 INFO]: [FileMapperLib] has loaded
[01:08:13 WARN]: [FileMapperLib] can't find a default url in config
[01:08:13 WARN]: [FileMapperLib] using the default dir: C:\Users\headp\Desktop\毕设结构设计模型\BaseEventLoopServer\target\classes\libs\FileMapperLib\files
[01:08:13 WARN]: [FileMapperLib] can't find a default url in config
[01:08:13 WARN]: [FileMapperLib] using the default dir: C:\Users\headp\Desktop\毕设结构设计模型\BaseEventLoopServer\target\classes\libs\FileMapperLib\recycle
[01:08:13 WARN]: [FileMapperLib] can't find a default url in config
[01:08:13 WARN]: [FileMapperLib] using the default dir: C:\Users\headp\Desktop\毕设结构设计模型\BaseEventLoopServer\target\classes\libs\FileMapperLib\lock
[01:08:13 WARN]: [CONSOLE] loaded libs:
[01:08:13 INFO]: [CONSOLE] FileMapperLib
[01:08:13 INFO]: [CONSOLE] DatabaseLib
[01:08:13 INFO]: [NormalRouter] is loading
[01:08:13 INFO]: [CONSOLE] [PluginLoading][NormalRouter] has initialized! Spend 79ms
[01:08:13 INFO]: [CONSOLE] Success Loaded 1 Plugin Spend 85ms
[01:08:13 INFO]: [CONSOLE] server is initializing
[01:08:14 INFO]: [CONSOLE] server is initialized
[01:08:14 INFO]: [CONSOLE] launching.....
[01:08:15 INFO]: [CONSOLE] server is listening on /0:0:0:0:0:0:0:0:25565
[01:08:16 INFO]: [com.alibaba.druid.pool.DruidDataSource] {dataSource-1} inited
[01:08:26 INFO]: [CONSOLE] server is running
[01:08:26 INFO]: [CONSOLE] LOG LEVEL: info
[01:08:26 INFO]: [CONSOLE] Security-IO is not enable...
[01:08:26 INFO]: [DatabaseLib] service is running
[01:08:26 INFO]: [DatabaseLib] initialized SqlSession success
[01:08:26 INFO]: [FileMapperLib] has loaded
[01:08:26 WARN]: [FileMapperLib] can't find a default url in config
[01:08:26 WARN]: [FileMapperLib] using the default dir: C:\Users\headp\Desktop\毕设结构设计模型\BaseEventLoopServer\target\classes\libs\FileMapperLib\files
[01:08:26 WARN]: [FileMapperLib] can't find a default url in config
[01:08:26 WARN]: [FileMapperLib] using the default dir: C:\Users\headp\Desktop\毕设结构设计模型\BaseEventLoopServer\target\classes\libs\FileMapperLib\recycle
[01:08:26 WARN]: [FileMapperLib] can't find a default url in config
[01:08:26 WARN]: [FileMapperLib] using the default dir: C:\Users\headp\Desktop\毕设结构设计模型\BaseEventLoopServer\target\classes\libs\FileMapperLib\lock
[01:08:26 WARN]: [CONSOLE] loaded libs:
[01:08:26 INFO]: [CONSOLE] FileMapperLib
[01:08:26 INFO]: [CONSOLE] DatabaseLib
[01:08:26 INFO]: [NormalRouter] is loading
[01:08:26 INFO]: [CONSOLE] [PluginLoading][NormalRouter] has initialized! Spend 98ms
[01:08:26 INFO]: [CONSOLE] Success Loaded 1 Plugin Spend 101ms
[01:08:26 INFO]: [CONSOLE] server is initializing
[01:08:27 INFO]: [CONSOLE] server is initialized
[01:08:27 INFO]: [CONSOLE] launching.....
[01:08:27 INFO]: [CONSOLE] server is listening on /0:0:0:0:0:0:0:0:25565
[01:08:29 INFO]: [com.alibaba.druid.pool.DruidDataSource] {dataSource-1} inited
[01:09:05 INFO]: [CONSOLE] server is running
[01:09:05 INFO]: [CONSOLE] LOG LEVEL: info
[01:09:05 INFO]: [CONSOLE] Security-IO is not enable...
[01:09:05 INFO]: [DatabaseLib] service is running
[01:09:05 INFO]: [DatabaseLib] initialized SqlSession success
[01:09:05 INFO]: [FileMapperLib] has loaded
[01:09:05 WARN]: [FileMapperLib] can't find a default url in config
[01:09:05 WARN]: [FileMapperLib] using the default dir: C:\Users\headp\Desktop\毕设结构设计模型\BaseEventLoopServer\target\classes\libs\FileMapperLib\files
[01:09:05 WARN]: [FileMapperLib] can't find a default url in config
[01:09:05 WARN]: [FileMapperLib] using the default dir: C:\Users\headp\Desktop\毕设结构设计模型\BaseEventLoopServer\target\classes\libs\FileMapperLib\recycle
[01:09:05 WARN]: [FileMapperLib] can't find a default url in config
[01:09:05 WARN]: [FileMapperLib] using the default dir: C:\Users\headp\Desktop\毕设结构设计模型\BaseEventLoopServer\target\classes\libs\FileMapperLib\lock
[01:09:05 WARN]: [CONSOLE] loaded libs:
[01:09:05 INFO]: [CONSOLE] FileMapperLib
[01:09:05 INFO]: [CONSOLE] DatabaseLib
[01:09:05 INFO]: [NormalRouter] is loading
[01:09:05 INFO]: [CONSOLE] [PluginLoading][NormalRouter] has initialized! Spend 97ms
[01:09:05 INFO]: [CONSOLE] Success Loaded 1 Plugin Spend 101ms
[01:09:05 INFO]: [CONSOLE] server is initializing
[01:09:05 INFO]: [CONSOLE] server is initialized
[01:09:05 INFO]: [CONSOLE] launching.....
[01:09:06 INFO]: [CONSOLE] server is listening on /0:0:0:0:0:0:0:0:25565
[01:09:09 ERROR]: [CONSOLE] cache dir is broken!
[01:09:24 INFO]: [com.alibaba.druid.pool.DruidDataSource] {dataSource-1} inited
[01:10:42 INFO]: [CONSOLE] server is running
[01:10:42 INFO]: [CONSOLE] LOG LEVEL: info
[01:10:42 INFO]: [CONSOLE] Security-IO is not enable...
[01:10:42 INFO]: [DatabaseLib] service is running
[01:10:43 INFO]: [DatabaseLib] initialized SqlSession success
[01:10:43 INFO]: [FileMapperLib] has loaded
[01:10:43 WARN]: [FileMapperLib] can't find a default url in config
[01:10:43 WARN]: [FileMapperLib] using the default dir: C:\Users\headp\Desktop\毕设结构设计模型\BaseEventLoopServer\target\classes\libs\FileMapperLib\files
[01:10:43 WARN]: [FileMapperLib] can't find a default url in config
[01:10:43 WARN]: [FileMapperLib] using the default dir: C:\Users\headp\Desktop\毕设结构设计模型\BaseEventLoopServer\target\classes\libs\FileMapperLib\recycle
[01:10:43 WARN]: [FileMapperLib] can't find a default url in config
[01:10:43 WARN]: [FileMapperLib] using the default dir: C:\Users\headp\Desktop\毕设结构设计模型\BaseEventLoopServer\target\classes\libs\FileMapperLib\lock
[01:10:43 WARN]: [CONSOLE] loaded libs:
[01:10:43 INFO]: [CONSOLE] FileMapperLib
[01:10:43 INFO]: [CONSOLE] DatabaseLib
[01:10:43 INFO]: [NormalRouter] is loading
[01:10:43 INFO]: [CONSOLE] [PluginLoading][NormalRouter] has initialized! Spend 100ms
[01:10:43 INFO]: [CONSOLE] Success Loaded 1 Plugin Spend 103ms
[01:10:43 INFO]: [CONSOLE] server is initializing
[01:10:43 INFO]: [CONSOLE] server is initialized
[01:10:43 INFO]: [CONSOLE] launching.....
[01:10:44 INFO]: [CONSOLE] server is listening on /0:0:0:0:0:0:0:0:25565
[01:10:46 ERROR]: [CONSOLE] cache dir is broken!
[01:10:47 INFO]: [com.alibaba.druid.pool.DruidDataSource] {dataSource-1} inited
[01:20:15 INFO]: [CONSOLE] server is running
[01:20:15 INFO]: [CONSOLE] LOG LEVEL: info
[01:20:15 INFO]: [CONSOLE] Security-IO is not enable...
[01:20:15 INFO]: [DatabaseLib] service is running
[01:20:15 INFO]: [DatabaseLib] initialized SqlSession success
[01:20:15 INFO]: [FileMapperLib] has loaded
[01:20:15 WARN]: [FileMapperLib] can't find a default url in config
[01:20:15 WARN]: [FileMapperLib] using the default dir: C:\Users\headp\Desktop\毕设结构设计模型\BaseEventLoopServer\target\classes\libs\FileMapperLib\files
[01:20:15 WARN]: [FileMapperLib] can't find a default url in config
[01:20:15 WARN]: [FileMapperLib] using the default dir: C:\Users\headp\Desktop\毕设结构设计模型\BaseEventLoopServer\target\classes\libs\FileMapperLib\recycle
[01:20:15 WARN]: [FileMapperLib] can't find a default url in config
[01:20:15 WARN]: [FileMapperLib] using the default dir: C:\Users\headp\Desktop\毕设结构设计模型\BaseEventLoopServer\target\classes\libs\FileMapperLib\lock
[01:20:15 WARN]: [CONSOLE] loaded libs:
[01:20:15 INFO]: [CONSOLE] FileMapperLib
[01:20:15 INFO]: [CONSOLE] DatabaseLib
[01:20:15 INFO]: [NormalRouter] is loading
[01:20:15 INFO]: [CONSOLE] [PluginLoading][NormalRouter] has initialized! Spend 93ms
[01:20:15 INFO]: [CONSOLE] Success Loaded 1 Plugin Spend 96ms
[01:20:15 INFO]: [CONSOLE] server is initializing
[01:20:16 INFO]: [CONSOLE] server is initialized
[01:20:16 INFO]: [CONSOLE] launching.....
[01:20:16 INFO]: [CONSOLE] server is listening on /0:0:0:0:0:0:0:0:25565
[01:20:31 INFO]: [com.alibaba.druid.pool.DruidDataSource] {dataSource-1} inited
[01:21:32 INFO]: [CONSOLE] server is running
[01:21:32 INFO]: [CONSOLE] LOG LEVEL: info
[01:21:32 INFO]: [CONSOLE] Security-IO is not enable...
[01:21:32 INFO]: [DatabaseLib] service is running
[01:21:32 INFO]: [DatabaseLib] initialized SqlSession success
[01:21:32 INFO]: [FileMapperLib] has loaded
[01:21:32 WARN]: [FileMapperLib] can't find a default url in config
[01:21:32 WARN]: [FileMapperLib] using the default dir: C:\Users\headp\Desktop\毕设结构设计模型\BaseEventLoopServer\target\classes\libs\FileMapperLib\files
[01:21:32 WARN]: [FileMapperLib] can't find a default url in config
[01:21:32 WARN]: [FileMapperLib] using the default dir: C:\Users\headp\Desktop\毕设结构设计模型\BaseEventLoopServer\target\classes\libs\FileMapperLib\recycle
[01:21:32 WARN]: [FileMapperLib] can't find a default url in config
[01:21:32 WARN]: [FileMapperLib] using the default dir: C:\Users\headp\Desktop\毕设结构设计模型\BaseEventLoopServer\target\classes\libs\FileMapperLib\lock
[01:21:32 WARN]: [CONSOLE] loaded libs:
[01:21:32 INFO]: [CONSOLE] FileMapperLib
[01:21:32 INFO]: [CONSOLE] DatabaseLib
[01:21:32 INFO]: [NormalRouter] is loading
[01:21:32 INFO]: [CONSOLE] [PluginLoading][NormalRouter] has initialized! Spend 102ms
[01:21:32 INFO]: [CONSOLE] Success Loaded 1 Plugin Spend 106ms
[01:21:32 INFO]: [CONSOLE] server is initializing
[01:21:33 INFO]: [CONSOLE] server is initialized
[01:21:33 INFO]: [CONSOLE] launching.....
[01:21:34 INFO]: [CONSOLE] server is listening on /0:0:0:0:0:0:0:0:25565
[01:23:37 INFO]: [CONSOLE] server is running
[01:23:37 INFO]: [CONSOLE] LOG LEVEL: info
[01:23:37 INFO]: [CONSOLE] Security-IO is not enable...
[01:23:37 INFO]: [DatabaseLib] service is running
[01:23:37 INFO]: [DatabaseLib] initialized SqlSession success
[01:23:38 INFO]: [FileMapperLib] has loaded
[01:23:38 WARN]: [FileMapperLib] can't find a default url in config
[01:23:38 WARN]: [FileMapperLib] using the default dir: C:\Users\headp\Desktop\毕设结构设计模型\BaseEventLoopServer\target\classes\libs\FileMapperLib\files
[01:23:38 WARN]: [FileMapperLib] can't find a default url in config
[01:23:38 WARN]: [FileMapperLib] using the default dir: C:\Users\headp\Desktop\毕设结构设计模型\BaseEventLoopServer\target\classes\libs\FileMapperLib\recycle
[01:23:38 WARN]: [FileMapperLib] can't find a default url in config
[01:23:38 WARN]: [FileMapperLib] using the default dir: C:\Users\headp\Desktop\毕设结构设计模型\BaseEventLoopServer\target\classes\libs\FileMapperLib\lock
[01:23:38 WARN]: [CONSOLE] loaded libs:
[01:23:38 INFO]: [CONSOLE] FileMapperLib
[01:23:38 INFO]: [CONSOLE] DatabaseLib
[01:23:38 INFO]: [NormalRouter] is loading
[01:23:38 INFO]: [CONSOLE] [PluginLoading][NormalRouter] has initialized! Spend 93ms
[01:23:38 INFO]: [CONSOLE] Success Loaded 1 Plugin Spend 97ms
[01:23:38 INFO]: [CONSOLE] server is initializing
[01:23:38 INFO]: [CONSOLE] server is initialized
[01:23:38 INFO]: [CONSOLE] launching.....
[01:23:39 INFO]: [CONSOLE] server is listening on /0:0:0:0:0:0:0:0:25565
[01:23:47 INFO]: [CONSOLE] server is running
[01:23:47 INFO]: [CONSOLE] LOG LEVEL: info
[01:23:47 INFO]: [CONSOLE] Security-IO is not enable...
[01:23:47 INFO]: [DatabaseLib] service is running
[01:23:47 INFO]: [DatabaseLib] initialized SqlSession success
[01:23:47 INFO]: [FileMapperLib] has loaded
[01:23:47 WARN]: [FileMapperLib] can't find a default url in config
[01:23:47 WARN]: [FileMapperLib] using the default dir: C:\Users\headp\Desktop\毕设结构设计模型\BaseEventLoopServer\target\classes\libs\FileMapperLib\files
[01:23:47 WARN]: [FileMapperLib] can't find a default url in config
[01:23:47 WARN]: [FileMapperLib] using the default dir: C:\Users\headp\Desktop\毕设结构设计模型\BaseEventLoopServer\target\classes\libs\FileMapperLib\recycle
[01:23:47 WARN]: [FileMapperLib] can't find a default url in config
[01:23:47 WARN]: [FileMapperLib] using the default dir: C:\Users\headp\Desktop\毕设结构设计模型\BaseEventLoopServer\target\classes\libs\FileMapperLib\lock
[01:23:47 WARN]: [CONSOLE] loaded libs:
[01:23:47 INFO]: [CONSOLE] FileMapperLib
[01:23:47 INFO]: [CONSOLE] DatabaseLib
[01:23:47 INFO]: [NormalRouter] is loading
[01:23:47 INFO]: [CONSOLE] [PluginLoading][NormalRouter] has initialized! Spend 92ms
[01:23:47 INFO]: [CONSOLE] Success Loaded 1 Plugin Spend 96ms
[01:23:47 INFO]: [CONSOLE] server is initializing
[01:23:48 INFO]: [CONSOLE] server is initialized
[01:23:48 INFO]: [CONSOLE] launching.....
[01:23:49 INFO]: [CONSOLE] server is listening on /0:0:0:0:0:0:0:0:25565
[01:24:05 INFO]: [com.alibaba.druid.pool.DruidDataSource] {dataSource-1} inited
[01:25:40 INFO]: [CONSOLE] server is running
[01:25:40 INFO]: [CONSOLE] LOG LEVEL: info
[01:25:40 INFO]: [CONSOLE] Security-IO is not enable...
[01:25:40 INFO]: [DatabaseLib] service is running
[01:25:40 INFO]: [DatabaseLib] initialized SqlSession success
[01:25:40 INFO]: [FileMapperLib] has loaded
[01:25:40 WARN]: [FileMapperLib] can't find a default url in config
[01:25:40 WARN]: [FileMapperLib] using the default dir: C:\Users\headp\Desktop\毕设结构设计模型\BaseEventLoopServer\target\classes\libs\FileMapperLib\files
[01:25:40 WARN]: [FileMapperLib] can't find a default url in config
[01:25:40 WARN]: [FileMapperLib] using the default dir: C:\Users\headp\Desktop\毕设结构设计模型\BaseEventLoopServer\target\classes\libs\FileMapperLib\recycle
[01:25:40 WARN]: [FileMapperLib] can't find a default url in config
[01:25:40 WARN]: [FileMapperLib] using the default dir: C:\Users\headp\Desktop\毕设结构设计模型\BaseEventLoopServer\target\classes\libs\FileMapperLib\lock
[01:25:40 WARN]: [CONSOLE] loaded libs:
[01:25:40 INFO]: [CONSOLE] FileMapperLib
[01:25:40 INFO]: [CONSOLE] DatabaseLib
[01:25:40 INFO]: [NormalRouter] is loading
[01:25:40 INFO]: [CONSOLE] [PluginLoading][NormalRouter] has initialized! Spend 91ms
[01:25:40 INFO]: [CONSOLE] Success Loaded 1 Plugin Spend 98ms
[01:25:40 INFO]: [CONSOLE] server is initializing
[01:25:40 INFO]: [CONSOLE] server is initialized
[01:25:40 INFO]: [CONSOLE] launching.....
[01:25:41 INFO]: [CONSOLE] server is listening on /0:0:0:0:0:0:0:0:25565
[01:25:45 INFO]: [com.alibaba.druid.pool.DruidDataSource] {dataSource-1} inited
[01:26:03 INFO]: [CONSOLE] server is running
[01:26:03 INFO]: [CONSOLE] LOG LEVEL: info
[01:26:03 INFO]: [CONSOLE] Security-IO is not enable...
[01:26:03 INFO]: [DatabaseLib] service is running
[01:26:03 INFO]: [DatabaseLib] initialized SqlSession success
[01:26:03 INFO]: [FileMapperLib] has loaded
[01:26:03 WARN]: [FileMapperLib] can't find a default url in config
[01:26:03 WARN]: [FileMapperLib] using the default dir: C:\Users\headp\Desktop\毕设结构设计模型\BaseEventLoopServer\target\classes\libs\FileMapperLib\files
[01:26:03 WARN]: [FileMapperLib] can't find a default url in config
[01:26:03 WARN]: [FileMapperLib] using the default dir: C:\Users\headp\Desktop\毕设结构设计模型\BaseEventLoopServer\target\classes\libs\FileMapperLib\recycle
[01:26:03 WARN]: [FileMapperLib] can't find a default url in config
[01:26:03 WARN]: [FileMapperLib] using the default dir: C:\Users\headp\Desktop\毕设结构设计模型\BaseEventLoopServer\target\classes\libs\FileMapperLib\lock
[01:26:03 WARN]: [CONSOLE] loaded libs:
[01:26:03 INFO]: [CONSOLE] FileMapperLib
[01:26:03 INFO]: [CONSOLE] DatabaseLib
[01:26:03 INFO]: [NormalRouter] is loading
[01:26:03 INFO]: [CONSOLE] [PluginLoading][NormalRouter] has initialized! Spend 114ms
[01:26:03 INFO]: [CONSOLE] Success Loaded 1 Plugin Spend 118ms
[01:26:03 INFO]: [CONSOLE] server is initializing
[01:26:04 INFO]: [CONSOLE] server is initialized
[01:26:04 INFO]: [CONSOLE] launching.....
[01:26:05 INFO]: [CONSOLE] server is listening on /0:0:0:0:0:0:0:0:25565
[01:26:39 INFO]: [com.alibaba.druid.pool.DruidDataSource] {dataSource-1} inited
[01:27:50 INFO]: [CONSOLE] server is running
[01:27:50 INFO]: [CONSOLE] LOG LEVEL: info
[01:27:50 INFO]: [CONSOLE] Security-IO is not enable...
[01:27:50 INFO]: [DatabaseLib] service is running
[01:27:51 INFO]: [DatabaseLib] initialized SqlSession success
[01:27:51 INFO]: [FileMapperLib] has loaded
[01:27:51 WARN]: [FileMapperLib] can't find a default url in config
[01:27:51 WARN]: [FileMapperLib] using the default dir: C:\Users\headp\Desktop\毕设结构设计模型\BaseEventLoopServer\target\classes\libs\FileMapperLib\files
[01:27:51 WARN]: [FileMapperLib] can't find a default url in config
[01:27:51 WARN]: [FileMapperLib] using the default dir: C:\Users\headp\Desktop\毕设结构设计模型\BaseEventLoopServer\target\classes\libs\FileMapperLib\recycle
[01:27:51 WARN]: [FileMapperLib] can't find a default url in config
[01:27:51 WARN]: [FileMapperLib] using the default dir: C:\Users\headp\Desktop\毕设结构设计模型\BaseEventLoopServer\target\classes\libs\FileMapperLib\lock
[01:27:51 WARN]: [CONSOLE] loaded libs:
[01:27:51 INFO]: [CONSOLE] FileMapperLib
[01:27:51 INFO]: [CONSOLE] DatabaseLib
[01:27:51 INFO]: [NormalRouter] is loading
[01:27:51 INFO]: [CONSOLE] [PluginLoading][NormalRouter] has initialized! Spend 125ms
[01:27:51 INFO]: [CONSOLE] Success Loaded 1 Plugin Spend 128ms
[01:27:51 INFO]: [CONSOLE] server is initializing
[01:27:51 INFO]: [CONSOLE] server is initialized
[01:27:51 INFO]: [CONSOLE] launching.....
[01:27:52 INFO]: [CONSOLE] server is listening on /0:0:0:0:0:0:0:0:25565
[01:28:30 INFO]: [com.alibaba.druid.pool.DruidDataSource] {dataSource-1} inited
[01:29:30 INFO]: [CONSOLE] server is running
[01:29:30 INFO]: [CONSOLE] LOG LEVEL: info
[01:29:30 INFO]: [CONSOLE] Security-IO is not enable...
[01:29:30 INFO]: [DatabaseLib] service is running
[01:29:30 INFO]: [DatabaseLib] initialized SqlSession success
[01:29:30 INFO]: [FileMapperLib] has loaded
[01:29:30 WARN]: [FileMapperLib] can't find a default url in config
[01:29:30 WARN]: [FileMapperLib] using the default dir: C:\Users\headp\Desktop\毕设结构设计模型\BaseEventLoopServer\target\classes\libs\FileMapperLib\files
[01:29:30 WARN]: [FileMapperLib] can't find a default url in config
[01:29:30 WARN]: [FileMapperLib] using the default dir: C:\Users\headp\Desktop\毕设结构设计模型\BaseEventLoopServer\target\classes\libs\FileMapperLib\recycle
[01:29:30 WARN]: [FileMapperLib] can't find a default url in config
[01:29:30 WARN]: [FileMapperLib] using the default dir: C:\Users\headp\Desktop\毕设结构设计模型\BaseEventLoopServer\target\classes\libs\FileMapperLib\lock
[01:29:30 WARN]: [CONSOLE] loaded libs:
[01:29:30 INFO]: [CONSOLE] FileMapperLib
[01:29:30 INFO]: [CONSOLE] DatabaseLib
[01:29:30 INFO]: [NormalRouter] is loading
[01:29:30 INFO]: [CONSOLE] [PluginLoading][NormalRouter] has initialized! Spend 125ms
[01:29:30 INFO]: [CONSOLE] Success Loaded 1 Plugin Spend 130ms
[01:29:30 INFO]: [CONSOLE] server is initializing
[01:29:31 INFO]: [CONSOLE] server is initialized
[01:29:31 INFO]: [CONSOLE] launching.....
[01:29:32 INFO]: [CONSOLE] server is listening on /0:0:0:0:0:0:0:0:25565
[01:29:39 INFO]: [com.alibaba.druid.pool.DruidDataSource] {dataSource-1} inited
[01:31:04 INFO]: [CONSOLE] server is running
[01:31:04 INFO]: [CONSOLE] LOG LEVEL: info
[01:31:04 INFO]: [CONSOLE] Security-IO is not enable...
[01:31:04 INFO]: [DatabaseLib] service is running
[01:31:04 INFO]: [DatabaseLib] initialized SqlSession success
[01:31:04 INFO]: [FileMapperLib] has loaded
[01:31:04 WARN]: [FileMapperLib] can't find a default url in config
[01:31:04 WARN]: [FileMapperLib] using the default dir: C:\Users\headp\Desktop\毕设结构设计模型\BaseEventLoopServer\target\classes\libs\FileMapperLib\files
[01:31:04 WARN]: [FileMapperLib] can't find a default url in config
[01:31:04 WARN]: [FileMapperLib] using the default dir: C:\Users\headp\Desktop\毕设结构设计模型\BaseEventLoopServer\target\classes\libs\FileMapperLib\recycle
[01:31:04 WARN]: [FileMapperLib] can't find a default url in config
[01:31:04 WARN]: [FileMapperLib] using the default dir: C:\Users\headp\Desktop\毕设结构设计模型\BaseEventLoopServer\target\classes\libs\FileMapperLib\lock
[01:31:04 WARN]: [CONSOLE] loaded libs:
[01:31:04 INFO]: [CONSOLE] FileMapperLib
[01:31:04 INFO]: [CONSOLE] DatabaseLib
[01:31:04 INFO]: [NormalRouter] is loading
[01:31:04 INFO]: [CONSOLE] [PluginLoading][NormalRouter] has initialized! Spend 98ms
[01:31:04 INFO]: [CONSOLE] Success Loaded 1 Plugin Spend 100ms
[01:31:04 INFO]: [CONSOLE] server is initializing
[01:31:05 INFO]: [CONSOLE] server is initialized
[01:31:05 INFO]: [CONSOLE] launching.....
[01:31:06 INFO]: [CONSOLE] server is listening on /0:0:0:0:0:0:0:0:25565
[01:34:36 INFO]: [CONSOLE] server is running
[01:34:36 INFO]: [CONSOLE] LOG LEVEL: info
[01:34:36 INFO]: [CONSOLE] Security-IO is not enable...
[01:34:36 INFO]: [DatabaseLib] service is running
[01:34:36 INFO]: [DatabaseLib] initialized SqlSession success
[01:34:36 INFO]: [FileMapperLib] has loaded
[01:34:36 WARN]: [FileMapperLib] can't find a default url in config
[01:34:36 WARN]: [FileMapperLib] using the default dir: C:\Users\headp\Desktop\毕设结构设计模型\BaseEventLoopServer\target\classes\libs\FileMapperLib\files
[01:34:36 WARN]: [FileMapperLib] can't find a default url in config
[01:34:36 WARN]: [FileMapperLib] using the default dir: C:\Users\headp\Desktop\毕设结构设计模型\BaseEventLoopServer\target\classes\libs\FileMapperLib\recycle
[01:34:36 WARN]: [FileMapperLib] can't find a default url in config
[01:34:36 WARN]: [FileMapperLib] using the default dir: C:\Users\headp\Desktop\毕设结构设计模型\BaseEventLoopServer\target\classes\libs\FileMapperLib\lock
[01:34:36 WARN]: [CONSOLE] loaded libs:
[01:34:36 INFO]: [CONSOLE] FileMapperLib
[01:34:36 INFO]: [CONSOLE] DatabaseLib
[01:34:36 INFO]: [NormalRouter] is loading
[01:34:36 INFO]: [CONSOLE] [PluginLoading][NormalRouter] has initialized! Spend 84ms
[01:34:36 INFO]: [CONSOLE] Success Loaded 1 Plugin Spend 90ms
[01:34:36 INFO]: [CONSOLE] server is initializing
[01:34:37 INFO]: [CONSOLE] server is initialized
[01:34:37 INFO]: [CONSOLE] launching.....
[01:34:38 INFO]: [CONSOLE] server is listening on /0:0:0:0:0:0:0:0:25565
[01:34:50 INFO]: [com.alibaba.druid.pool.DruidDataSource] {dataSource-1} inited
[01:35:43 INFO]: [CONSOLE] server is running
[01:35:43 INFO]: [CONSOLE] LOG LEVEL: info
[01:35:43 INFO]: [CONSOLE] Security-IO is not enable...
[01:35:43 INFO]: [DatabaseLib] service is running
[01:35:43 INFO]: [DatabaseLib] initialized SqlSession success
[01:35:43 INFO]: [FileMapperLib] has loaded
[01:35:43 WARN]: [FileMapperLib] can't find a default url in config
[01:35:43 WARN]: [FileMapperLib] using the default dir: C:\Users\headp\Desktop\毕设结构设计模型\BaseEventLoopServer\target\classes\libs\FileMapperLib\files
[01:35:43 WARN]: [FileMapperLib] can't find a default url in config
[01:35:43 WARN]: [FileMapperLib] using the default dir: C:\Users\headp\Desktop\毕设结构设计模型\BaseEventLoopServer\target\classes\libs\FileMapperLib\recycle
[01:35:43 WARN]: [FileMapperLib] can't find a default url in config
[01:35:43 WARN]: [FileMapperLib] using the default dir: C:\Users\headp\Desktop\毕设结构设计模型\BaseEventLoopServer\target\classes\libs\FileMapperLib\lock
[01:35:43 WARN]: [CONSOLE] loaded libs:
[01:35:43 INFO]: [CONSOLE] FileMapperLib
[01:35:43 INFO]: [CONSOLE] DatabaseLib
[01:35:43 INFO]: [NormalRouter] is loading
[01:35:43 INFO]: [CONSOLE] [PluginLoading][NormalRouter] has initialized! Spend 83ms
[01:35:43 INFO]: [CONSOLE] Success Loaded 1 Plugin Spend 85ms
[01:35:43 INFO]: [CONSOLE] server is initializing
[01:35:44 INFO]: [CONSOLE] server is initialized
[01:35:44 INFO]: [CONSOLE] launching.....
[01:35:45 INFO]: [CONSOLE] server is listening on /0:0:0:0:0:0:0:0:25565
[01:39:38 INFO]: [CONSOLE] server is running
[01:39:38 INFO]: [CONSOLE] LOG LEVEL: info
[01:39:38 INFO]: [CONSOLE] Security-IO is not enable...
[01:39:38 INFO]: [DatabaseLib] service is running
[01:39:38 INFO]: [DatabaseLib] initialized SqlSession success
[01:39:38 INFO]: [FileMapperLib] has loaded
[01:39:38 WARN]: [FileMapperLib] can't find a default url in config
[01:39:38 WARN]: [FileMapperLib] using the default dir: C:\Users\headp\Desktop\毕设结构设计模型\BaseEventLoopServer\target\classes\libs\FileMapperLib\files
[01:39:38 WARN]: [FileMapperLib] can't find a default url in config
[01:39:38 WARN]: [FileMapperLib] using the default dir: C:\Users\headp\Desktop\毕设结构设计模型\BaseEventLoopServer\target\classes\libs\FileMapperLib\recycle
[01:39:38 WARN]: [FileMapperLib] can't find a default url in config
[01:39:38 WARN]: [FileMapperLib] using the default dir: C:\Users\headp\Desktop\毕设结构设计模型\BaseEventLoopServer\target\classes\libs\FileMapperLib\lock
[01:39:38 WARN]: [CONSOLE] loaded libs:
[01:39:38 INFO]: [CONSOLE] FileMapperLib
[01:39:38 INFO]: [CONSOLE] DatabaseLib
[01:39:38 INFO]: [NormalRouter] is loading
[01:39:38 INFO]: [CONSOLE] [PluginLoading][NormalRouter] has initialized! Spend 87ms
[01:39:38 INFO]: [CONSOLE] Success Loaded 1 Plugin Spend 90ms
[01:39:38 INFO]: [CONSOLE] server is initializing
[01:39:38 INFO]: [CONSOLE] server is initialized
[01:39:38 INFO]: [CONSOLE] launching.....
[01:39:39 INFO]: [CONSOLE] server is listening on /0:0:0:0:0:0:0:0:25565
[01:39:50 INFO]: [com.alibaba.druid.pool.DruidDataSource] {dataSource-1} inited
[01:42:30 INFO]: [CONSOLE] server is running
[01:42:30 INFO]: [CONSOLE] LOG LEVEL: info
[01:42:30 INFO]: [CONSOLE] Security-IO is not enable...
[01:42:30 INFO]: [DatabaseLib] service is running
[01:42:30 INFO]: [DatabaseLib] initialized SqlSession success
[01:42:30 INFO]: [FileMapperLib] has loaded
[01:42:30 WARN]: [FileMapperLib] can't find a default url in config
[01:42:30 WARN]: [FileMapperLib] using the default dir: C:\Users\headp\Desktop\毕设结构设计模型\BaseEventLoopServer\target\classes\libs\FileMapperLib\files
[01:42:30 WARN]: [FileMapperLib] can't find a default url in config
[01:42:30 WARN]: [FileMapperLib] using the default dir: C:\Users\headp\Desktop\毕设结构设计模型\BaseEventLoopServer\target\classes\libs\FileMapperLib\recycle
[01:42:30 WARN]: [FileMapperLib] can't find a default url in config
[01:42:30 WARN]: [FileMapperLib] using the default dir: C:\Users\headp\Desktop\毕设结构设计模型\BaseEventLoopServer\target\classes\libs\FileMapperLib\lock
[01:42:30 WARN]: [CONSOLE] loaded libs:
[01:42:30 INFO]: [CONSOLE] FileMapperLib
[01:42:30 INFO]: [CONSOLE] DatabaseLib
[01:42:30 INFO]: [NormalRouter] is loading
[01:42:30 INFO]: [CONSOLE] [PluginLoading][NormalRouter] has initialized! Spend 102ms
[01:42:30 INFO]: [CONSOLE] Success Loaded 1 Plugin Spend 104ms
[01:42:30 INFO]: [CONSOLE] server is initializing
[01:42:31 INFO]: [CONSOLE] server is initialized
[01:42:31 INFO]: [CONSOLE] launching.....
[01:42:32 INFO]: [CONSOLE] server is listening on /0:0:0:0:0:0:0:0:25565
[01:42:32 INFO]: [com.alibaba.druid.pool.DruidDataSource] {dataSource-1} inited
