[00:00:09 INFO]: [CONSOLE] Security-IO is not enable...
[00:00:09 INFO]: [DatabaseLib] service is running
[00:00:09 INFO]: [DatabaseLib] initialized SqlSession success
[00:00:09 INFO]: [FileMapperLib] has loaded
[00:00:09 WARN]: [FileMapperLib] can't find a default url in config
[00:00:09 WARN]: [FileMapperLib] using the default dir: C:\Users\headp\Desktop\毕设结构设计模型\BaseEventLoopServer\target\classes\libs\FileMapperLib\files
[00:00:09 WARN]: [FileMapperLib] can't find a default url in config
[00:00:09 WARN]: [FileMapperLib] using the default dir: C:\Users\headp\Desktop\毕设结构设计模型\BaseEventLoopServer\target\classes\libs\FileMapperLib\recycle
[00:00:09 WARN]: [FileMapperLib] can't find a default url in config
[00:00:09 WARN]: [FileMapperLib] using the default dir: C:\Users\headp\Desktop\毕设结构设计模型\BaseEventLoopServer\target\classes\libs\FileMapperLib\lock
[00:00:09 WARN]: [CONSOLE] loaded libs:
[00:00:09 INFO]: [CONSOLE] FileMapperLib
[00:00:09 INFO]: [CONSOLE] DatabaseLib
[00:00:09 INFO]: [NormalRouter] is loading
[00:00:09 INFO]: [CONSOLE] [PluginLoading][NormalRouter] has initialized! Spend 95ms
[00:00:09 INFO]: [CONSOLE] Success Loaded 1 Plugin Spend 102ms
[00:00:09 INFO]: [CONSOLE] server is initializing
[00:00:10 INFO]: [CONSOLE] server is initialized
[00:00:10 INFO]: [CONSOLE] launching.....
[00:00:10 INFO]: [CONSOLE] server is listening on /0:0:0:0:0:0:0:0:8921
[00:00:30 INFO]: [com.alibaba.druid.pool.DruidDataSource] {dataSource-1} inited
[00:01:02 INFO]: [CONSOLE] 上传任务管道建立中:Batgirl Prison Shock With Ashley Lane.mp4
[00:01:27 INFO]: [CONSOLE] Security-IO is not enable...
[00:01:27 INFO]: [DatabaseLib] service is running
[00:01:27 INFO]: [DatabaseLib] initialized SqlSession success
[00:01:27 INFO]: [FileMapperLib] has loaded
[00:01:27 WARN]: [FileMapperLib] can't find a default url in config
[00:01:27 WARN]: [FileMapperLib] using the default dir: C:\Users\headp\Desktop\毕设结构设计模型\BaseEventLoopServer\target\classes\libs\FileMapperLib\files
[00:01:27 WARN]: [FileMapperLib] can't find a default url in config
[00:01:27 WARN]: [FileMapperLib] using the default dir: C:\Users\headp\Desktop\毕设结构设计模型\BaseEventLoopServer\target\classes\libs\FileMapperLib\recycle
[00:01:27 WARN]: [FileMapperLib] can't find a default url in config
[00:01:27 WARN]: [FileMapperLib] using the default dir: C:\Users\headp\Desktop\毕设结构设计模型\BaseEventLoopServer\target\classes\libs\FileMapperLib\lock
[00:01:27 WARN]: [CONSOLE] loaded libs:
[00:01:27 INFO]: [CONSOLE] FileMapperLib
[00:01:27 INFO]: [CONSOLE] DatabaseLib
[00:01:27 INFO]: [NormalRouter] is loading
[00:01:27 INFO]: [CONSOLE] [PluginLoading][NormalRouter] has initialized! Spend 82ms
[00:01:27 INFO]: [CONSOLE] Success Loaded 1 Plugin Spend 87ms
[00:01:27 INFO]: [CONSOLE] server is initializing
[00:01:28 INFO]: [CONSOLE] server is initialized
[00:01:28 INFO]: [CONSOLE] launching.....
[00:01:29 INFO]: [CONSOLE] server is listening on /0:0:0:0:0:0:0:0:8921
[00:02:26 INFO]: [com.alibaba.druid.pool.DruidDataSource] {dataSource-1} inited
[00:02:36 INFO]: [CONSOLE] 上传任务管道建立中:Batgirl Prison Shock With Ashley Lane.mp4
[00:05:25 INFO]: [CONSOLE] Security-IO is not enable...
[00:05:25 INFO]: [DatabaseLib] service is running
[00:05:25 INFO]: [DatabaseLib] initialized SqlSession success
[00:05:25 INFO]: [FileMapperLib] has loaded
[00:05:25 WARN]: [FileMapperLib] can't find a default url in config
[00:05:25 WARN]: [FileMapperLib] using the default dir: C:\Users\headp\Desktop\毕设结构设计模型\BaseEventLoopServer\target\classes\libs\FileMapperLib\files
[00:05:25 WARN]: [FileMapperLib] can't find a default url in config
[00:05:25 WARN]: [FileMapperLib] using the default dir: C:\Users\headp\Desktop\毕设结构设计模型\BaseEventLoopServer\target\classes\libs\FileMapperLib\recycle
[00:05:25 WARN]: [FileMapperLib] can't find a default url in config
[00:05:25 WARN]: [FileMapperLib] using the default dir: C:\Users\headp\Desktop\毕设结构设计模型\BaseEventLoopServer\target\classes\libs\FileMapperLib\lock
[00:05:25 WARN]: [CONSOLE] loaded libs:
[00:05:25 INFO]: [CONSOLE] FileMapperLib
[00:05:25 INFO]: [CONSOLE] DatabaseLib
[00:05:25 INFO]: [NormalRouter] is loading
[00:05:25 INFO]: [CONSOLE] [PluginLoading][NormalRouter] has initialized! Spend 98ms
[00:05:25 INFO]: [CONSOLE] Success Loaded 1 Plugin Spend 102ms
[00:05:25 INFO]: [CONSOLE] server is initializing
[00:05:26 INFO]: [CONSOLE] server is initialized
[00:05:26 INFO]: [CONSOLE] launching.....
[00:05:27 INFO]: [CONSOLE] server is listening on /0:0:0:0:0:0:0:0:8921
[00:05:30 INFO]: [CONSOLE] 上传任务管道建立中:Batgirl Prison Shock With Ashley Lane.mp4
[00:05:37 INFO]: [CONSOLE] File: Batgirl Prison Shock With Ashley Lane.mp4 received spend: 6694 ms
[00:06:41 INFO]: [CONSOLE] Security-IO is not enable...
[00:06:41 INFO]: [DatabaseLib] service is running
[00:06:41 INFO]: [DatabaseLib] initialized SqlSession success
[00:06:41 INFO]: [FileMapperLib] has loaded
[00:06:41 WARN]: [FileMapperLib] can't find a default url in config
[00:06:41 WARN]: [FileMapperLib] using the default dir: C:\Users\headp\Desktop\毕设结构设计模型\BaseEventLoopServer\target\classes\libs\FileMapperLib\files
[00:06:41 WARN]: [FileMapperLib] can't find a default url in config
[00:06:41 WARN]: [FileMapperLib] using the default dir: C:\Users\headp\Desktop\毕设结构设计模型\BaseEventLoopServer\target\classes\libs\FileMapperLib\recycle
[00:06:41 WARN]: [FileMapperLib] can't find a default url in config
[00:06:41 WARN]: [FileMapperLib] using the default dir: C:\Users\headp\Desktop\毕设结构设计模型\BaseEventLoopServer\target\classes\libs\FileMapperLib\lock
[00:06:41 WARN]: [CONSOLE] loaded libs:
[00:06:41 INFO]: [CONSOLE] FileMapperLib
[00:06:41 INFO]: [CONSOLE] DatabaseLib
[00:06:41 INFO]: [NormalRouter] is loading
[00:06:41 INFO]: [CONSOLE] [PluginLoading][NormalRouter] has initialized! Spend 77ms
[00:06:41 INFO]: [CONSOLE] Success Loaded 1 Plugin Spend 79ms
[00:06:41 INFO]: [CONSOLE] server is initializing
[00:06:41 INFO]: [CONSOLE] server is initialized
[00:06:41 INFO]: [CONSOLE] launching.....
[00:06:42 INFO]: [CONSOLE] server is listening on /0:0:0:0:0:0:0:0:8921
[00:07:03 INFO]: [CONSOLE] 上传任务管道建立中:Maomi - ＷＷＷ．ＢＣ５８Ｋ．ＣＯＭ_2305928353.mp4
[00:07:10 INFO]: [CONSOLE] File: Maomi - ＷＷＷ．ＢＣ５８Ｋ．ＣＯＭ_2305928353.mp4 received spend: 6557 ms
[00:08:27 INFO]: [CONSOLE] Security-IO is not enable...
[00:08:27 INFO]: [DatabaseLib] service is running
[00:08:28 INFO]: [DatabaseLib] initialized SqlSession success
[00:08:28 INFO]: [FileMapperLib] has loaded
[00:08:28 WARN]: [FileMapperLib] can't find a default url in config
[00:08:28 WARN]: [FileMapperLib] using the default dir: C:\Users\headp\Desktop\毕设结构设计模型\BaseEventLoopServer\target\classes\libs\FileMapperLib\files
[00:08:28 WARN]: [FileMapperLib] can't find a default url in config
[00:08:28 WARN]: [FileMapperLib] using the default dir: C:\Users\headp\Desktop\毕设结构设计模型\BaseEventLoopServer\target\classes\libs\FileMapperLib\recycle
[00:08:28 WARN]: [FileMapperLib] can't find a default url in config
[00:08:28 WARN]: [FileMapperLib] using the default dir: C:\Users\headp\Desktop\毕设结构设计模型\BaseEventLoopServer\target\classes\libs\FileMapperLib\lock
[00:08:28 WARN]: [CONSOLE] loaded libs:
[00:08:28 INFO]: [CONSOLE] FileMapperLib
[00:08:28 INFO]: [CONSOLE] DatabaseLib
[00:08:28 INFO]: [NormalRouter] is loading
[00:08:28 INFO]: [CONSOLE] [PluginLoading][NormalRouter] has initialized! Spend 85ms
[00:08:28 INFO]: [CONSOLE] Success Loaded 1 Plugin Spend 90ms
[00:08:28 INFO]: [CONSOLE] server is initializing
[00:08:28 INFO]: [CONSOLE] server is initialized
[00:08:28 INFO]: [CONSOLE] launching.....
[00:08:29 INFO]: [CONSOLE] server is listening on /0:0:0:0:0:0:0:0:8921
[00:08:36 INFO]: [CONSOLE] 上传任务管道建立中:kawdadd992.rmvb
[00:08:39 INFO]: [CONSOLE] File: kawdadd992.rmvb received spend: 3116 ms
[00:08:39 INFO]: [com.alibaba.druid.pool.DruidDataSource] {dataSource-1} inited
[00:08:48 INFO]: [CONSOLE] 上传任务管道建立中:67X6@4`N`Z[S5BWO{7~{BK9.png
[00:08:48 INFO]: [CONSOLE] File: 67X6@4`N`Z[S5BWO{7~{BK9.png received spend: 16 ms
[00:10:03 INFO]: [CONSOLE] Security-IO is not enable...
[00:10:03 INFO]: [DatabaseLib] service is running
[00:10:03 INFO]: [DatabaseLib] initialized SqlSession success
[00:10:03 INFO]: [FileMapperLib] has loaded
[00:10:03 WARN]: [FileMapperLib] can't find a default url in config
[00:10:03 WARN]: [FileMapperLib] using the default dir: C:\Users\headp\Desktop\毕设结构设计模型\BaseEventLoopServer\target\classes\libs\FileMapperLib\files
[00:10:03 WARN]: [FileMapperLib] can't find a default url in config
[00:10:03 WARN]: [FileMapperLib] using the default dir: C:\Users\headp\Desktop\毕设结构设计模型\BaseEventLoopServer\target\classes\libs\FileMapperLib\recycle
[00:10:03 WARN]: [FileMapperLib] can't find a default url in config
[00:10:03 WARN]: [FileMapperLib] using the default dir: C:\Users\headp\Desktop\毕设结构设计模型\BaseEventLoopServer\target\classes\libs\FileMapperLib\lock
[00:10:03 WARN]: [CONSOLE] loaded libs:
[00:10:03 INFO]: [CONSOLE] FileMapperLib
[00:10:03 INFO]: [CONSOLE] DatabaseLib
[00:10:03 INFO]: [NormalRouter] is loading
[00:10:03 INFO]: [CONSOLE] [PluginLoading][NormalRouter] has initialized! Spend 70ms
[00:10:03 INFO]: [CONSOLE] Success Loaded 1 Plugin Spend 73ms
[00:10:03 INFO]: [CONSOLE] server is initializing
[00:10:04 INFO]: [CONSOLE] server is initialized
[00:10:04 INFO]: [CONSOLE] launching.....
[00:10:05 INFO]: [CONSOLE] server is listening on /0:0:0:0:0:0:0:0:8921
[00:10:09 INFO]: [CONSOLE] 上传任务管道建立中:67X6@4`N`Z[S5BWO{7~{BK9.png
[00:10:09 INFO]: [CONSOLE] File: 67X6@4`N`Z[S5BWO{7~{BK9.png received spend: 15 ms
[00:10:23 INFO]: [CONSOLE] 上传任务管道建立中:index-1-2.mp4
[00:10:25 INFO]: [CONSOLE] File: index-1-2.mp4 received spend: 1138 ms
[00:11:06 INFO]: [com.alibaba.druid.pool.DruidDataSource] {dataSource-1} inited
[00:11:14 INFO]: [CONSOLE] 上传任务管道建立中:爆乳丰臀素人.mp4
[00:11:15 INFO]: [CONSOLE] File: 爆乳丰臀素人.mp4 received spend: 908 ms
[00:15:12 INFO]: [CONSOLE] Security-IO is not enable...
[00:15:13 WARN]: [CONSOLE] loaded libs:
[00:15:13 INFO]: [CONSOLE] Success Loaded 0 Plugin Spend 2ms
[00:15:13 INFO]: [CONSOLE] server is initializing
[00:15:13 INFO]: [CONSOLE] server is initialized
[00:15:13 INFO]: [CONSOLE] launching.....
[00:15:14 INFO]: [CONSOLE] server is listening on /0:0:0:0:0:0:0:0:8921
[00:15:28 INFO]: [CONSOLE] Security-IO is not enable...
[00:15:28 WARN]: [CONSOLE] loaded libs:
[00:15:28 INFO]: [CONSOLE] Success Loaded 0 Plugin Spend 2ms
[00:15:28 INFO]: [CONSOLE] server is initializing
[00:15:29 INFO]: [CONSOLE] server is initialized
[00:15:29 INFO]: [CONSOLE] launching.....
[00:15:30 INFO]: [CONSOLE] server is listening on /0:0:0:0:0:0:0:0:8921
[00:16:08 INFO]: [CONSOLE] Security-IO is not enable...
[00:16:08 INFO]: [DatabaseLib] service is running
[00:16:08 INFO]: [DatabaseLib] initialized SqlSession success
[00:16:08 INFO]: [FileMapperLib] has loaded
[00:16:08 WARN]: [FileMapperLib] can't find a default url in config
[00:16:08 WARN]: [FileMapperLib] using the default dir: C:\Users\headp\Desktop\毕设结构设计模型\BaseEventLoopServer\target\classes\libs\FileMapperLib\files
[00:16:08 WARN]: [FileMapperLib] can't find a default url in config
[00:16:08 WARN]: [FileMapperLib] using the default dir: C:\Users\headp\Desktop\毕设结构设计模型\BaseEventLoopServer\target\classes\libs\FileMapperLib\recycle
[00:16:08 WARN]: [FileMapperLib] can't find a default url in config
[00:16:08 WARN]: [FileMapperLib] using the default dir: C:\Users\headp\Desktop\毕设结构设计模型\BaseEventLoopServer\target\classes\libs\FileMapperLib\lock
[00:16:08 WARN]: [CONSOLE] loaded libs:
[00:16:08 INFO]: [CONSOLE] FileMapperLib
[00:16:08 INFO]: [CONSOLE] DatabaseLib
[00:16:08 INFO]: [NormalRouter] is loading
[00:16:08 INFO]: [CONSOLE] [PluginLoading][NormalRouter] has initialized! Spend 78ms
[00:16:08 INFO]: [CONSOLE] Success Loaded 1 Plugin Spend 82ms
[00:16:08 INFO]: [CONSOLE] server is initializing
[00:16:09 INFO]: [CONSOLE] server is initialized
[00:16:09 INFO]: [CONSOLE] launching.....
[00:16:10 INFO]: [CONSOLE] server is listening on /0:0:0:0:0:0:0:0:8921
[00:16:16 INFO]: [CONSOLE] 上传任务管道建立中:SpringBoot框架技术.doc
[00:16:16 INFO]: [CONSOLE] File: SpringBoot框架技术.doc received spend: 50 ms
[00:16:17 INFO]: [com.alibaba.druid.pool.DruidDataSource] {dataSource-1} inited
[00:16:57 INFO]: [CONSOLE] Security-IO is not enable...
[00:16:57 INFO]: [DatabaseLib] service is running
[00:16:57 INFO]: [DatabaseLib] initialized SqlSession success
[00:16:57 INFO]: [FileMapperLib] has loaded
[00:16:57 WARN]: [FileMapperLib] can't find a default url in config
[00:16:57 WARN]: [FileMapperLib] using the default dir: C:\Users\headp\Desktop\毕设结构设计模型\BaseEventLoopServer\target\classes\libs\FileMapperLib\files
[00:16:57 WARN]: [FileMapperLib] can't find a default url in config
[00:16:57 WARN]: [FileMapperLib] using the default dir: C:\Users\headp\Desktop\毕设结构设计模型\BaseEventLoopServer\target\classes\libs\FileMapperLib\recycle
[00:16:57 WARN]: [FileMapperLib] can't find a default url in config
[00:16:57 WARN]: [FileMapperLib] using the default dir: C:\Users\headp\Desktop\毕设结构设计模型\BaseEventLoopServer\target\classes\libs\FileMapperLib\lock
[00:16:57 WARN]: [CONSOLE] loaded libs:
[00:16:57 INFO]: [CONSOLE] FileMapperLib
[00:16:57 INFO]: [CONSOLE] DatabaseLib
[00:16:57 INFO]: [NormalRouter] is loading
[00:16:57 INFO]: [CONSOLE] [PluginLoading][NormalRouter] has initialized! Spend 76ms
[00:16:57 INFO]: [CONSOLE] Success Loaded 1 Plugin Spend 80ms
[00:16:57 INFO]: [CONSOLE] server is initializing
[00:16:58 INFO]: [CONSOLE] server is initialized
[00:16:58 INFO]: [CONSOLE] launching.....
[00:16:59 INFO]: [CONSOLE] server is listening on /0:0:0:0:0:0:0:0:8921
[00:17:00 INFO]: [CONSOLE] 上传任务管道建立中:index-1-2.mp4
[00:17:04 INFO]: [CONSOLE] File: index-1-2.mp4 received spend: 4150 ms
[00:17:39 INFO]: [CONSOLE] Security-IO is not enable...
[00:17:39 INFO]: [DatabaseLib] service is running
[00:17:40 INFO]: [DatabaseLib] initialized SqlSession success
[00:17:40 INFO]: [FileMapperLib] has loaded
[00:17:40 WARN]: [FileMapperLib] can't find a default url in config
[00:17:40 WARN]: [FileMapperLib] using the default dir: C:\Users\headp\Desktop\毕设结构设计模型\BaseEventLoopServer\target\classes\libs\FileMapperLib\files
[00:17:40 WARN]: [FileMapperLib] can't find a default url in config
[00:17:40 WARN]: [FileMapperLib] using the default dir: C:\Users\headp\Desktop\毕设结构设计模型\BaseEventLoopServer\target\classes\libs\FileMapperLib\recycle
[00:17:40 WARN]: [FileMapperLib] can't find a default url in config
[00:17:40 WARN]: [FileMapperLib] using the default dir: C:\Users\headp\Desktop\毕设结构设计模型\BaseEventLoopServer\target\classes\libs\FileMapperLib\lock
[00:17:40 WARN]: [CONSOLE] loaded libs:
[00:17:40 INFO]: [CONSOLE] FileMapperLib
[00:17:40 INFO]: [CONSOLE] DatabaseLib
[00:17:40 INFO]: [NormalRouter] is loading
[00:17:40 INFO]: [CONSOLE] [PluginLoading][NormalRouter] has initialized! Spend 83ms
[00:17:40 INFO]: [CONSOLE] Success Loaded 1 Plugin Spend 88ms
[00:17:40 INFO]: [CONSOLE] server is initializing
[00:17:40 INFO]: [CONSOLE] server is initialized
[00:17:40 INFO]: [CONSOLE] launching.....
[00:17:41 INFO]: [CONSOLE] server is listening on /0:0:0:0:0:0:0:0:8921
[00:17:46 INFO]: [CONSOLE] 上传任务管道建立中:火影531集（剥）.mp4
[00:17:47 INFO]: [CONSOLE] File: 火影531集（剥）.mp4 received spend: 1372 ms
[00:17:55 INFO]: [com.alibaba.druid.pool.DruidDataSource] {dataSource-1} inited
[00:18:06 INFO]: [CONSOLE] Security-IO is not enable...
[00:18:06 INFO]: [DatabaseLib] service is running
[00:18:06 INFO]: [DatabaseLib] initialized SqlSession success
[00:18:06 INFO]: [FileMapperLib] has loaded
[00:18:06 WARN]: [FileMapperLib] can't find a default url in config
[00:18:06 WARN]: [FileMapperLib] using the default dir: C:\Users\headp\Desktop\毕设结构设计模型\BaseEventLoopServer\target\classes\libs\FileMapperLib\files
[00:18:06 WARN]: [FileMapperLib] can't find a default url in config
[00:18:06 WARN]: [FileMapperLib] using the default dir: C:\Users\headp\Desktop\毕设结构设计模型\BaseEventLoopServer\target\classes\libs\FileMapperLib\recycle
[00:18:06 WARN]: [FileMapperLib] can't find a default url in config
[00:18:06 WARN]: [FileMapperLib] using the default dir: C:\Users\headp\Desktop\毕设结构设计模型\BaseEventLoopServer\target\classes\libs\FileMapperLib\lock
[00:18:06 WARN]: [CONSOLE] loaded libs:
[00:18:06 INFO]: [CONSOLE] FileMapperLib
[00:18:06 INFO]: [CONSOLE] DatabaseLib
[00:18:06 INFO]: [NormalRouter] is loading
[00:18:06 INFO]: [CONSOLE] [PluginLoading][NormalRouter] has initialized! Spend 66ms
[00:18:06 INFO]: [CONSOLE] Success Loaded 1 Plugin Spend 69ms
[00:18:06 INFO]: [CONSOLE] server is initializing
[00:18:07 INFO]: [CONSOLE] server is initialized
[00:18:07 INFO]: [CONSOLE] launching.....
[00:18:08 INFO]: [CONSOLE] server is listening on /0:0:0:0:0:0:0:0:8921
[00:21:34 INFO]: [com.alibaba.druid.pool.DruidDataSource] {dataSource-1} inited
[00:21:47 INFO]: [CONSOLE] Security-IO is not enable...
[00:21:47 INFO]: [DatabaseLib] service is running
[00:21:47 INFO]: [DatabaseLib] initialized SqlSession success
[00:21:47 INFO]: [FileMapperLib] has loaded
[00:21:47 WARN]: [FileMapperLib] can't find a default url in config
[00:21:47 WARN]: [FileMapperLib] using the default dir: C:\Users\headp\Desktop\毕设结构设计模型\BaseEventLoopServer\target\classes\libs\FileMapperLib\files
[00:21:47 WARN]: [FileMapperLib] can't find a default url in config
[00:21:47 WARN]: [FileMapperLib] using the default dir: C:\Users\headp\Desktop\毕设结构设计模型\BaseEventLoopServer\target\classes\libs\FileMapperLib\recycle
[00:21:47 WARN]: [FileMapperLib] can't find a default url in config
[00:21:47 WARN]: [FileMapperLib] using the default dir: C:\Users\headp\Desktop\毕设结构设计模型\BaseEventLoopServer\target\classes\libs\FileMapperLib\lock
[00:21:47 WARN]: [CONSOLE] loaded libs:
[00:21:47 INFO]: [CONSOLE] FileMapperLib
[00:21:47 INFO]: [CONSOLE] DatabaseLib
[00:21:47 INFO]: [NormalRouter] is loading
[00:21:47 INFO]: [CONSOLE] [PluginLoading][NormalRouter] has initialized! Spend 68ms
[00:21:47 INFO]: [CONSOLE] Success Loaded 1 Plugin Spend 71ms
[00:21:47 INFO]: [CONSOLE] server is initializing
[00:21:48 INFO]: [CONSOLE] server is initialized
[00:21:48 INFO]: [CONSOLE] launching.....
[00:21:49 INFO]: [CONSOLE] server is listening on /0:0:0:0:0:0:0:0:8921
[00:22:03 INFO]: [com.alibaba.druid.pool.DruidDataSource] {dataSource-1} inited
[00:31:58 INFO]: [CONSOLE] Security-IO is not enable...
[00:31:58 INFO]: [DatabaseLib] service is running
[00:31:58 INFO]: [DatabaseLib] initialized SqlSession success
[00:31:58 INFO]: [FileMapperLib] has loaded
[00:31:58 WARN]: [FileMapperLib] can't find a default url in config
[00:31:58 WARN]: [FileMapperLib] using the default dir: C:\Users\headp\Desktop\毕设结构设计模型\BaseEventLoopServer\target\classes\libs\FileMapperLib\files
[00:31:58 WARN]: [FileMapperLib] can't find a default url in config
[00:31:58 WARN]: [FileMapperLib] using the default dir: C:\Users\headp\Desktop\毕设结构设计模型\BaseEventLoopServer\target\classes\libs\FileMapperLib\recycle
[00:31:58 WARN]: [FileMapperLib] can't find a default url in config
[00:31:58 WARN]: [FileMapperLib] using the default dir: C:\Users\headp\Desktop\毕设结构设计模型\BaseEventLoopServer\target\classes\libs\FileMapperLib\lock
[00:31:58 WARN]: [CONSOLE] loaded libs:
[00:31:58 INFO]: [CONSOLE] FileMapperLib
[00:31:58 INFO]: [CONSOLE] DatabaseLib
[00:31:58 INFO]: [NormalRouter] is loading
[00:31:58 INFO]: [CONSOLE] [PluginLoading][NormalRouter] has initialized! Spend 67ms
[00:31:58 INFO]: [CONSOLE] Success Loaded 1 Plugin Spend 70ms
[00:31:58 INFO]: [CONSOLE] server is initializing
[00:31:59 INFO]: [CONSOLE] server is initialized
[00:31:59 INFO]: [CONSOLE] launching.....
[00:32:00 INFO]: [CONSOLE] server is listening on /0:0:0:0:0:0:0:0:8921
[00:32:11 INFO]: [com.alibaba.druid.pool.DruidDataSource] {dataSource-1} inited
[00:32:24 WARN]: [CONSOLE] !Abnormal connection interruption:null
[00:33:12 INFO]: [CONSOLE] Security-IO is not enable...
[00:33:12 INFO]: [DatabaseLib] service is running
[00:33:12 INFO]: [DatabaseLib] initialized SqlSession success
[00:33:12 INFO]: [FileMapperLib] has loaded
[00:33:12 WARN]: [FileMapperLib] can't find a default url in config
[00:33:12 WARN]: [FileMapperLib] using the default dir: C:\Users\headp\Desktop\毕设结构设计模型\BaseEventLoopServer\target\classes\libs\FileMapperLib\files
[00:33:12 WARN]: [FileMapperLib] can't find a default url in config
[00:33:12 WARN]: [FileMapperLib] using the default dir: C:\Users\headp\Desktop\毕设结构设计模型\BaseEventLoopServer\target\classes\libs\FileMapperLib\recycle
[00:33:12 WARN]: [FileMapperLib] can't find a default url in config
[00:33:12 WARN]: [FileMapperLib] using the default dir: C:\Users\headp\Desktop\毕设结构设计模型\BaseEventLoopServer\target\classes\libs\FileMapperLib\lock
[00:33:12 WARN]: [CONSOLE] loaded libs:
[00:33:12 INFO]: [CONSOLE] FileMapperLib
[00:33:12 INFO]: [CONSOLE] DatabaseLib
[00:33:12 INFO]: [NormalRouter] is loading
[00:33:12 INFO]: [CONSOLE] [PluginLoading][NormalRouter] has initialized! Spend 67ms
[00:33:12 INFO]: [CONSOLE] Success Loaded 1 Plugin Spend 70ms
[00:33:12 INFO]: [CONSOLE] server is initializing
[00:33:12 INFO]: [CONSOLE] server is initialized
[00:33:12 INFO]: [CONSOLE] launching.....
[00:33:13 INFO]: [CONSOLE] server is listening on /0:0:0:0:0:0:0:0:8921
[00:33:14 INFO]: [com.alibaba.druid.pool.DruidDataSource] {dataSource-1} inited
[00:33:44 INFO]: [CONSOLE] Security-IO is not enable...
[00:33:44 INFO]: [DatabaseLib] service is running
[00:33:44 INFO]: [DatabaseLib] initialized SqlSession success
[00:33:44 INFO]: [FileMapperLib] has loaded
[00:33:44 WARN]: [FileMapperLib] can't find a default url in config
[00:33:44 WARN]: [FileMapperLib] using the default dir: C:\Users\headp\Desktop\毕设结构设计模型\BaseEventLoopServer\target\classes\libs\FileMapperLib\files
[00:33:44 WARN]: [FileMapperLib] can't find a default url in config
[00:33:44 WARN]: [FileMapperLib] using the default dir: C:\Users\headp\Desktop\毕设结构设计模型\BaseEventLoopServer\target\classes\libs\FileMapperLib\recycle
[00:33:44 WARN]: [FileMapperLib] can't find a default url in config
[00:33:44 WARN]: [FileMapperLib] using the default dir: C:\Users\headp\Desktop\毕设结构设计模型\BaseEventLoopServer\target\classes\libs\FileMapperLib\lock
[00:33:44 WARN]: [CONSOLE] loaded libs:
[00:33:44 INFO]: [CONSOLE] FileMapperLib
[00:33:44 INFO]: [CONSOLE] DatabaseLib
[00:33:44 INFO]: [NormalRouter] is loading
[00:33:45 INFO]: [CONSOLE] [PluginLoading][NormalRouter] has initialized! Spend 69ms
[00:33:45 INFO]: [CONSOLE] Success Loaded 1 Plugin Spend 72ms
[00:33:45 INFO]: [CONSOLE] server is initializing
[00:33:45 INFO]: [CONSOLE] server is initialized
[00:33:45 INFO]: [CONSOLE] launching.....
[00:33:46 INFO]: [CONSOLE] server is listening on /0:0:0:0:0:0:0:0:8921
[00:33:55 INFO]: [com.alibaba.druid.pool.DruidDataSource] {dataSource-1} inited
[00:34:33 WARN]: [CONSOLE] !Abnormal connection interruption:2048社区 - big2048.com@6月收费作品动作片红人韩国混血儿极品大长腿白嫩女神美女Lena用性来安抚被教训过心情不好的哥哥.mp4
[00:43:47 INFO]: [CONSOLE] Security-IO is not enable...
[00:43:47 INFO]: [DatabaseLib] service is running
[00:43:47 INFO]: [DatabaseLib] initialized SqlSession success
[00:43:47 INFO]: [FileMapperLib] has loaded
[00:43:47 WARN]: [FileMapperLib] can't find a default url in config
[00:43:47 WARN]: [FileMapperLib] using the default dir: C:\Users\headp\Desktop\毕设结构设计模型\BaseEventLoopServer\target\classes\libs\FileMapperLib\files
[00:43:47 WARN]: [FileMapperLib] can't find a default url in config
[00:43:47 WARN]: [FileMapperLib] using the default dir: C:\Users\headp\Desktop\毕设结构设计模型\BaseEventLoopServer\target\classes\libs\FileMapperLib\recycle
[00:43:47 WARN]: [FileMapperLib] can't find a default url in config
[00:43:47 WARN]: [FileMapperLib] using the default dir: C:\Users\headp\Desktop\毕设结构设计模型\BaseEventLoopServer\target\classes\libs\FileMapperLib\lock
[00:43:47 WARN]: [CONSOLE] loaded libs:
[00:43:47 INFO]: [CONSOLE] FileMapperLib
[00:43:47 INFO]: [CONSOLE] DatabaseLib
[00:43:47 INFO]: [NormalRouter] is loading
[00:43:47 INFO]: [CONSOLE] [PluginLoading][NormalRouter] has initialized! Spend 76ms
[00:43:47 INFO]: [CONSOLE] Success Loaded 1 Plugin Spend 80ms
[00:43:48 INFO]: [CONSOLE] server is initializing
[00:43:48 INFO]: [CONSOLE] server is initialized
[00:43:48 INFO]: [CONSOLE] launching.....
[00:43:49 INFO]: [CONSOLE] server is listening on /0:0:0:0:0:0:0:0:8921
[00:44:25 INFO]: [com.alibaba.druid.pool.DruidDataSource] {dataSource-1} inited
[00:45:10 INFO]: [CONSOLE] Security-IO is not enable...
[00:45:10 INFO]: [DatabaseLib] service is running
[00:45:10 INFO]: [DatabaseLib] initialized SqlSession success
[00:45:10 INFO]: [FileMapperLib] has loaded
[00:45:10 WARN]: [FileMapperLib] can't find a default url in config
[00:45:10 WARN]: [FileMapperLib] using the default dir: C:\Users\headp\Desktop\毕设结构设计模型\BaseEventLoopServer\target\classes\libs\FileMapperLib\files
[00:45:10 WARN]: [FileMapperLib] can't find a default url in config
[00:45:10 WARN]: [FileMapperLib] using the default dir: C:\Users\headp\Desktop\毕设结构设计模型\BaseEventLoopServer\target\classes\libs\FileMapperLib\recycle
[00:45:10 WARN]: [FileMapperLib] can't find a default url in config
[00:45:10 WARN]: [FileMapperLib] using the default dir: C:\Users\headp\Desktop\毕设结构设计模型\BaseEventLoopServer\target\classes\libs\FileMapperLib\lock
[00:45:10 WARN]: [CONSOLE] loaded libs:
[00:45:10 INFO]: [CONSOLE] FileMapperLib
[00:45:10 INFO]: [CONSOLE] DatabaseLib
[00:45:10 INFO]: [NormalRouter] is loading
[00:45:10 INFO]: [CONSOLE] [PluginLoading][NormalRouter] has initialized! Spend 78ms
[00:45:10 INFO]: [CONSOLE] Success Loaded 1 Plugin Spend 85ms
[00:45:10 INFO]: [CONSOLE] server is initializing
[00:45:11 INFO]: [CONSOLE] server is initialized
[00:45:11 INFO]: [CONSOLE] launching.....
[00:45:12 INFO]: [CONSOLE] server is listening on /0:0:0:0:0:0:0:0:8921
[00:45:15 INFO]: [com.alibaba.druid.pool.DruidDataSource] {dataSource-1} inited
[01:05:23 INFO]: [CONSOLE] Security-IO is not enable...
[01:05:23 INFO]: [DatabaseLib] service is running
[01:05:23 INFO]: [DatabaseLib] initialized SqlSession success
[01:05:23 INFO]: [FileMapperLib] has loaded
[01:05:23 WARN]: [FileMapperLib] can't find a default url in config
[01:05:23 WARN]: [FileMapperLib] using the default dir: C:\Users\headp\Desktop\毕设结构设计模型\BaseEventLoopServer\target\classes\libs\FileMapperLib\files
[01:05:23 WARN]: [FileMapperLib] can't find a default url in config
[01:05:23 WARN]: [FileMapperLib] using the default dir: C:\Users\headp\Desktop\毕设结构设计模型\BaseEventLoopServer\target\classes\libs\FileMapperLib\recycle
[01:05:23 WARN]: [FileMapperLib] can't find a default url in config
[01:05:23 WARN]: [FileMapperLib] using the default dir: C:\Users\headp\Desktop\毕设结构设计模型\BaseEventLoopServer\target\classes\libs\FileMapperLib\lock
[01:05:23 WARN]: [CONSOLE] loaded libs:
[01:05:23 INFO]: [CONSOLE] FileMapperLib
[01:05:23 INFO]: [CONSOLE] DatabaseLib
[01:05:23 INFO]: [NormalRouter] is loading
[01:05:23 INFO]: [CONSOLE] [PluginLoading][NormalRouter] has initialized! Spend 79ms
[01:05:23 INFO]: [CONSOLE] Success Loaded 1 Plugin Spend 82ms
[01:05:23 INFO]: [CONSOLE] server is initializing
[01:05:24 INFO]: [CONSOLE] server is initialized
[01:05:24 INFO]: [CONSOLE] launching.....
[01:05:24 INFO]: [CONSOLE] server is listening on /0:0:0:0:0:0:0:0:8921
[01:05:25 INFO]: [com.alibaba.druid.pool.DruidDataSource] {dataSource-1} inited
[01:28:43 INFO]: [CONSOLE] Security-IO is not enable...
[01:28:44 INFO]: [DatabaseLib] service is running
[01:28:44 INFO]: [DatabaseLib] initialized SqlSession success
[01:28:44 INFO]: [FileMapperLib] has loaded
[01:28:44 WARN]: [FileMapperLib] can't find a default url in config
[01:28:44 WARN]: [FileMapperLib] using the default dir: C:\Users\headp\Desktop\毕设结构设计模型\BaseEventLoopServer\target\classes\libs\FileMapperLib\files
[01:28:44 WARN]: [FileMapperLib] can't find a default url in config
[01:28:44 WARN]: [FileMapperLib] using the default dir: C:\Users\headp\Desktop\毕设结构设计模型\BaseEventLoopServer\target\classes\libs\FileMapperLib\recycle
[01:28:44 WARN]: [FileMapperLib] can't find a default url in config
[01:28:44 WARN]: [FileMapperLib] using the default dir: C:\Users\headp\Desktop\毕设结构设计模型\BaseEventLoopServer\target\classes\libs\FileMapperLib\lock
[01:28:44 WARN]: [CONSOLE] loaded libs:
[01:28:44 INFO]: [CONSOLE] FileMapperLib
[01:28:44 INFO]: [CONSOLE] DatabaseLib
[01:28:44 INFO]: [NormalRouter] is loading
[01:28:44 INFO]: [CONSOLE] [PluginLoading][NormalRouter] has initialized! Spend 67ms
[01:28:44 INFO]: [CONSOLE] Success Loaded 1 Plugin Spend 70ms
[01:28:44 INFO]: [CONSOLE] server is initializing
[01:28:44 INFO]: [CONSOLE] server is initialized
[01:28:44 INFO]: [CONSOLE] launching.....
[01:28:45 INFO]: [CONSOLE] server is listening on /0:0:0:0:0:0:0:0:8921
[01:29:05 INFO]: [com.alibaba.druid.pool.DruidDataSource] {dataSource-1} inited
[01:43:50 INFO]: [CONSOLE] Security-IO is not enable...
[01:43:50 INFO]: [DatabaseLib] service is running
[01:43:50 INFO]: [DatabaseLib] initialized SqlSession success
[01:43:50 INFO]: [FileMapperLib] has loaded
[01:43:50 WARN]: [FileMapperLib] can't find a default url in config
[01:43:50 WARN]: [FileMapperLib] using the default dir: C:\Users\headp\Desktop\毕设结构设计模型\BaseEventLoopServer\target\classes\libs\FileMapperLib\files
[01:43:50 WARN]: [FileMapperLib] can't find a default url in config
[01:43:50 WARN]: [FileMapperLib] using the default dir: C:\Users\headp\Desktop\毕设结构设计模型\BaseEventLoopServer\target\classes\libs\FileMapperLib\recycle
[01:43:50 WARN]: [FileMapperLib] can't find a default url in config
[01:43:50 WARN]: [FileMapperLib] using the default dir: C:\Users\headp\Desktop\毕设结构设计模型\BaseEventLoopServer\target\classes\libs\FileMapperLib\lock
[01:43:50 WARN]: [CONSOLE] loaded libs:
[01:43:50 INFO]: [CONSOLE] FileMapperLib
[01:43:50 INFO]: [CONSOLE] DatabaseLib
[01:43:50 INFO]: [NormalRouter] is loading
[01:43:50 INFO]: [CONSOLE] [PluginLoading][NormalRouter] has initialized! Spend 67ms
[01:43:50 INFO]: [CONSOLE] Success Loaded 1 Plugin Spend 68ms
[01:43:50 INFO]: [CONSOLE] server is initializing
[01:43:51 INFO]: [CONSOLE] server is initialized
[01:43:51 INFO]: [CONSOLE] launching.....
[01:43:52 INFO]: [CONSOLE] server is listening on /0:0:0:0:0:0:0:0:8921
[01:43:56 INFO]: [com.alibaba.druid.pool.DruidDataSource] {dataSource-1} inited
