[09:56:01 INFO]: [CONSOLE] server is running
[09:56:01 INFO]: [CONSOLE] LOG LEVEL: info
[09:56:01 INFO]: [CONSOLE] Security-IO is not enable...
[09:56:02 INFO]: [DatabaseLib] service is running
[09:56:02 INFO]: [CONSOLE] USING DATABASE DRIVER: org.sqlite.JDBC
[09:56:02 INFO]: [DatabaseLib] initialized SqlSession success
[09:56:02 INFO]: [FileMapperLib] has loaded
[09:56:02 WARN]: [FileMapperLib] can't find a default url in config
[09:56:02 WARN]: [FileMapperLib] using the default dir: D:\毕业设计包\毕设结构设计模型\BaseEventLoopServer\target\classes\libs\FileMapperLib\files
[09:56:02 WARN]: [FileMapperLib] can't find a default url in config
[09:56:02 WARN]: [FileMapperLib] using the default dir: D:\毕业设计包\毕设结构设计模型\BaseEventLoopServer\target\classes\libs\FileMapperLib\recycle
[09:56:02 WARN]: [FileMapperLib] can't find a default url in config
[09:56:02 WARN]: [FileMapperLib] using the default dir: D:\毕业设计包\毕设结构设计模型\BaseEventLoopServer\target\classes\libs\FileMapperLib\lock
[09:56:02 WARN]: [CONSOLE] loaded libs:
[09:56:02 INFO]: [CONSOLE] FileMapperLib
[09:56:02 INFO]: [CONSOLE] DatabaseLib
[09:56:02 INFO]: [NormalRouter] is loading
[09:56:02 INFO]: [FileCollector] File GC is loading 
[09:56:02 INFO]: [FileCollector] Auto gc: true
[09:56:02 INFO]: [CONSOLE] Success Loaded 2 Plugin Spend 118ms
[09:56:02 INFO]: [CONSOLE] server is initializing
[09:56:02 INFO]: [CONSOLE] server is initialized
[09:56:02 INFO]: [CONSOLE] launching.....
[09:56:03 INFO]: [CONSOLE] SERVER IS LISTENING ON: /0:0:0:0:0:0:0:0:25565
