[18:29:31 INFO]: [CONSOLE] Security-IO is not enable...
[18:29:32 INFO]: [DatabaseLib] service is running
[18:29:32 INFO]: [com.alibaba.druid.pool.DruidDataSource] {dataSource-0} restart
[18:29:32 INFO]: [DatabaseLib] initialized SqlSession success
[18:29:32 INFO]: [FileMapperLib] has loaded
[18:29:32 WARN]: [FileMapperLib] can't find a default url in config
[18:29:32 WARN]: [FileMapperLib] using the default dir: C:\Users\headp\Desktop\毕设结构设计模型\BaseEventLoopServer\target\classes\libs\FileMapperLib\files
[18:29:32 WARN]: [FileMapperLib] can't find a default url in config
[18:29:32 WARN]: [FileMapperLib] using the default dir: C:\Users\headp\Desktop\毕设结构设计模型\BaseEventLoopServer\target\classes\libs\FileMapperLib\recycle
[18:29:32 WARN]: [FileMapperLib] can't find a default url in config
[18:29:32 WARN]: [FileMapperLib] using the default dir: C:\Users\headp\Desktop\毕设结构设计模型\BaseEventLoopServer\target\classes\libs\FileMapperLib\lock
[18:29:32 WARN]: [CONSOLE] loaded libs:
[18:29:32 INFO]: [CONSOLE] FileMapperLib
[18:29:32 INFO]: [CONSOLE] DatabaseLib
[18:29:32 INFO]: [NormalRouter] is loading
[18:29:32 INFO]: [CONSOLE] [PluginLoading][NormalRouter] has initialized! Spend 97ms
[18:29:32 INFO]: [APlugin] enable
[18:29:32 INFO]: [CONSOLE] [PluginLoading][APlugin] has initialized! Spend 4ms
[18:29:32 INFO]: [CPlugin] enable
[18:29:32 INFO]: [CONSOLE] [PluginLoading][CPlugin] has initialized! Spend 4ms
[18:29:32 INFO]: [DPlugin] enable
[18:29:32 INFO]: [CONSOLE] [PluginLoading][DPlugin] has initialized! Spend 3ms
[18:29:32 INFO]: [BPlugin] enable
[18:29:32 INFO]: [CONSOLE] [PluginLoading][BPlugin] has initialized! Spend 3ms
[18:29:32 INFO]: [CONSOLE] Success Loaded 5 Plugin Spend 127ms
[18:29:32 INFO]: [CONSOLE] server is initializing
[18:29:32 INFO]: [CONSOLE] server is initialized
[18:29:32 INFO]: [CONSOLE] launching.....
[18:29:33 INFO]: [CONSOLE] server is listening on /0:0:0:0:0:0:0:0:8921
[18:30:08 INFO]: [CONSOLE] Invalid GET /
[18:30:22 INFO]: [CONSOLE] Invalid GET /
[18:30:41 INFO]: [CONSOLE] Security-IO is not enable...
[18:30:41 INFO]: [DatabaseLib] service is running
[18:30:41 INFO]: [com.alibaba.druid.pool.DruidDataSource] {dataSource-0} restart
[18:30:41 INFO]: [DatabaseLib] initialized SqlSession success
[18:30:41 INFO]: [FileMapperLib] has loaded
[18:30:41 WARN]: [FileMapperLib] can't find a default url in config
[18:30:41 WARN]: [FileMapperLib] using the default dir: C:\Users\headp\Desktop\毕设结构设计模型\BaseEventLoopServer\target\classes\libs\FileMapperLib\files
[18:30:41 WARN]: [FileMapperLib] can't find a default url in config
[18:30:41 WARN]: [FileMapperLib] using the default dir: C:\Users\headp\Desktop\毕设结构设计模型\BaseEventLoopServer\target\classes\libs\FileMapperLib\recycle
[18:30:41 WARN]: [FileMapperLib] can't find a default url in config
[18:30:41 WARN]: [FileMapperLib] using the default dir: C:\Users\headp\Desktop\毕设结构设计模型\BaseEventLoopServer\target\classes\libs\FileMapperLib\lock
[18:30:41 WARN]: [CONSOLE] loaded libs:
[18:30:41 INFO]: [CONSOLE] FileMapperLib
[18:30:41 INFO]: [CONSOLE] DatabaseLib
[18:30:41 INFO]: [NormalRouter] is loading
[18:30:41 INFO]: [CONSOLE] [PluginLoading][NormalRouter] has initialized! Spend 79ms
[18:30:41 INFO]: [APlugin] enable
[18:30:41 INFO]: [CONSOLE] [PluginLoading][APlugin] has initialized! Spend 2ms
[18:30:41 INFO]: [CPlugin] enable
[18:30:41 INFO]: [CONSOLE] [PluginLoading][CPlugin] has initialized! Spend 2ms
[18:30:41 INFO]: [DPlugin] enable
[18:30:41 INFO]: [CONSOLE] [PluginLoading][DPlugin] has initialized! Spend 2ms
[18:30:41 INFO]: [BPlugin] enable
[18:30:41 INFO]: [CONSOLE] [PluginLoading][BPlugin] has initialized! Spend 1ms
[18:30:41 INFO]: [CONSOLE] Success Loaded 5 Plugin Spend 97ms
[18:30:41 INFO]: [CONSOLE] server is initializing
[18:30:42 INFO]: [CONSOLE] server is initialized
[18:30:42 INFO]: [CONSOLE] launching.....
[18:30:43 INFO]: [CONSOLE] server is listening on /0:0:0:0:0:0:0:0:8921
[18:31:16 INFO]: [CONSOLE] Security-IO is not enable...
[18:31:16 INFO]: [DatabaseLib] service is running
[18:31:16 INFO]: [com.alibaba.druid.pool.DruidDataSource] {dataSource-0} restart
[18:31:16 INFO]: [DatabaseLib] initialized SqlSession success
[18:31:16 INFO]: [FileMapperLib] has loaded
[18:31:16 WARN]: [FileMapperLib] can't find a default url in config
[18:31:16 WARN]: [FileMapperLib] using the default dir: C:\Users\headp\Desktop\毕设结构设计模型\BaseEventLoopServer\target\classes\libs\FileMapperLib\files
[18:31:16 WARN]: [FileMapperLib] can't find a default url in config
[18:31:16 WARN]: [FileMapperLib] using the default dir: C:\Users\headp\Desktop\毕设结构设计模型\BaseEventLoopServer\target\classes\libs\FileMapperLib\recycle
[18:31:16 WARN]: [FileMapperLib] can't find a default url in config
[18:31:16 WARN]: [FileMapperLib] using the default dir: C:\Users\headp\Desktop\毕设结构设计模型\BaseEventLoopServer\target\classes\libs\FileMapperLib\lock
[18:31:16 WARN]: [CONSOLE] loaded libs:
[18:31:16 INFO]: [CONSOLE] FileMapperLib
[18:31:16 INFO]: [CONSOLE] DatabaseLib
[18:31:16 INFO]: [NormalRouter] is loading
[18:31:16 INFO]: [CONSOLE] [PluginLoading][NormalRouter] has initialized! Spend 75ms
[18:31:16 INFO]: [APlugin] enable
[18:31:16 INFO]: [CONSOLE] [PluginLoading][APlugin] has initialized! Spend 3ms
[18:31:16 INFO]: [CPlugin] enable
[18:31:16 INFO]: [CONSOLE] [PluginLoading][CPlugin] has initialized! Spend 3ms
[18:31:16 INFO]: [DPlugin] enable
[18:31:16 INFO]: [CONSOLE] [PluginLoading][DPlugin] has initialized! Spend 2ms
[18:31:16 INFO]: [BPlugin] enable
[18:31:16 INFO]: [CONSOLE] [PluginLoading][BPlugin] has initialized! Spend 2ms
[18:31:16 INFO]: [CONSOLE] Success Loaded 5 Plugin Spend 92ms
[18:31:16 INFO]: [CONSOLE] server is initializing
[18:31:17 INFO]: [CONSOLE] server is initialized
[18:31:17 INFO]: [CONSOLE] launching.....
[18:31:18 INFO]: [CONSOLE] server is listening on /0:0:0:0:0:0:0:0:8921
[18:32:13 INFO]: [CONSOLE] Invalid GET /
[18:32:16 INFO]: [CONSOLE] Security-IO is not enable...
[18:32:16 INFO]: [DatabaseLib] service is running
[18:32:16 INFO]: [com.alibaba.druid.pool.DruidDataSource] {dataSource-0} restart
[18:32:16 INFO]: [DatabaseLib] initialized SqlSession success
[18:32:16 INFO]: [FileMapperLib] has loaded
[18:32:16 WARN]: [FileMapperLib] can't find a default url in config
[18:32:16 WARN]: [FileMapperLib] using the default dir: C:\Users\headp\Desktop\毕设结构设计模型\BaseEventLoopServer\target\classes\libs\FileMapperLib\files
[18:32:16 WARN]: [FileMapperLib] can't find a default url in config
[18:32:16 WARN]: [FileMapperLib] using the default dir: C:\Users\headp\Desktop\毕设结构设计模型\BaseEventLoopServer\target\classes\libs\FileMapperLib\recycle
[18:32:16 WARN]: [FileMapperLib] can't find a default url in config
[18:32:16 WARN]: [FileMapperLib] using the default dir: C:\Users\headp\Desktop\毕设结构设计模型\BaseEventLoopServer\target\classes\libs\FileMapperLib\lock
[18:32:16 WARN]: [CONSOLE] loaded libs:
[18:32:16 INFO]: [CONSOLE] FileMapperLib
[18:32:16 INFO]: [CONSOLE] DatabaseLib
[18:32:16 INFO]: [NormalRouter] is loading
[18:32:16 INFO]: [CONSOLE] [PluginLoading][NormalRouter] has initialized! Spend 88ms
[18:32:16 INFO]: [APlugin] enable
[18:32:16 INFO]: [CONSOLE] [PluginLoading][APlugin] has initialized! Spend 3ms
[18:32:16 INFO]: [CPlugin] enable
[18:32:16 INFO]: [CONSOLE] [PluginLoading][CPlugin] has initialized! Spend 3ms
[18:32:16 INFO]: [DPlugin] enable
[18:32:16 INFO]: [CONSOLE] [PluginLoading][DPlugin] has initialized! Spend 2ms
[18:32:16 INFO]: [BPlugin] enable
[18:32:16 INFO]: [CONSOLE] [PluginLoading][BPlugin] has initialized! Spend 3ms
[18:32:16 INFO]: [CONSOLE] Success Loaded 5 Plugin Spend 108ms
[18:32:16 INFO]: [CONSOLE] server is initializing
[18:32:17 INFO]: [CONSOLE] server is initialized
[18:32:17 INFO]: [CONSOLE] launching.....
[18:32:17 INFO]: [CONSOLE] server is listening on /0:0:0:0:0:0:0:0:8921
[18:32:58 WARN]: [CONSOLE] no file
[18:32:59 INFO]: [CONSOLE] Security-IO is not enable...
[18:32:59 INFO]: [DatabaseLib] service is running
[18:32:59 INFO]: [com.alibaba.druid.pool.DruidDataSource] {dataSource-0} restart
[18:32:59 INFO]: [DatabaseLib] initialized SqlSession success
[18:32:59 INFO]: [FileMapperLib] has loaded
[18:32:59 WARN]: [FileMapperLib] can't find a default url in config
[18:32:59 WARN]: [FileMapperLib] using the default dir: C:\Users\headp\Desktop\毕设结构设计模型\BaseEventLoopServer\target\classes\libs\FileMapperLib\files
[18:32:59 WARN]: [FileMapperLib] can't find a default url in config
[18:32:59 WARN]: [FileMapperLib] using the default dir: C:\Users\headp\Desktop\毕设结构设计模型\BaseEventLoopServer\target\classes\libs\FileMapperLib\recycle
[18:32:59 WARN]: [FileMapperLib] can't find a default url in config
[18:32:59 WARN]: [FileMapperLib] using the default dir: C:\Users\headp\Desktop\毕设结构设计模型\BaseEventLoopServer\target\classes\libs\FileMapperLib\lock
[18:33:00 WARN]: [CONSOLE] loaded libs:
[18:33:00 INFO]: [CONSOLE] FileMapperLib
[18:33:00 INFO]: [CONSOLE] DatabaseLib
[18:33:00 INFO]: [NormalRouter] is loading
[18:33:00 INFO]: [CONSOLE] [PluginLoading][NormalRouter] has initialized! Spend 73ms
[18:33:00 INFO]: [APlugin] enable
[18:33:00 INFO]: [CONSOLE] [PluginLoading][APlugin] has initialized! Spend 4ms
[18:33:00 INFO]: [CPlugin] enable
[18:33:00 INFO]: [CONSOLE] [PluginLoading][CPlugin] has initialized! Spend 2ms
[18:33:00 INFO]: [DPlugin] enable
[18:33:00 INFO]: [CONSOLE] [PluginLoading][DPlugin] has initialized! Spend 2ms
[18:33:00 INFO]: [BPlugin] enable
[18:33:00 INFO]: [CONSOLE] [PluginLoading][BPlugin] has initialized! Spend 1ms
[18:33:00 INFO]: [CONSOLE] Success Loaded 5 Plugin Spend 92ms
[18:33:00 INFO]: [CONSOLE] server is initializing
[18:33:00 INFO]: [CONSOLE] server is initialized
[18:33:00 INFO]: [CONSOLE] launching.....
[18:33:01 INFO]: [CONSOLE] server is listening on /0:0:0:0:0:0:0:0:8921
[18:33:12 INFO]: [CONSOLE] Security-IO is not enable...
[18:33:12 INFO]: [DatabaseLib] service is running
[18:33:12 INFO]: [com.alibaba.druid.pool.DruidDataSource] {dataSource-0} restart
[18:33:12 INFO]: [DatabaseLib] initialized SqlSession success
[18:33:12 INFO]: [FileMapperLib] has loaded
[18:33:12 WARN]: [FileMapperLib] can't find a default url in config
[18:33:12 WARN]: [FileMapperLib] using the default dir: C:\Users\headp\Desktop\毕设结构设计模型\BaseEventLoopServer\target\classes\libs\FileMapperLib\files
[18:33:12 WARN]: [FileMapperLib] can't find a default url in config
[18:33:12 WARN]: [FileMapperLib] using the default dir: C:\Users\headp\Desktop\毕设结构设计模型\BaseEventLoopServer\target\classes\libs\FileMapperLib\recycle
[18:33:12 WARN]: [FileMapperLib] can't find a default url in config
[18:33:12 WARN]: [FileMapperLib] using the default dir: C:\Users\headp\Desktop\毕设结构设计模型\BaseEventLoopServer\target\classes\libs\FileMapperLib\lock
[18:33:12 WARN]: [CONSOLE] loaded libs:
[18:33:12 INFO]: [CONSOLE] FileMapperLib
[18:33:12 INFO]: [CONSOLE] DatabaseLib
[18:33:12 INFO]: [NormalRouter] is loading
[18:33:12 INFO]: [CONSOLE] [PluginLoading][NormalRouter] has initialized! Spend 109ms
[18:33:12 INFO]: [APlugin] enable
[18:33:12 INFO]: [CONSOLE] [PluginLoading][APlugin] has initialized! Spend 2ms
[18:33:12 INFO]: [CPlugin] enable
[18:33:12 INFO]: [CONSOLE] [PluginLoading][CPlugin] has initialized! Spend 3ms
[18:33:12 INFO]: [DPlugin] enable
[18:33:12 INFO]: [CONSOLE] [PluginLoading][DPlugin] has initialized! Spend 2ms
[18:33:12 INFO]: [BPlugin] enable
[18:33:12 INFO]: [CONSOLE] [PluginLoading][BPlugin] has initialized! Spend 1ms
[18:33:12 INFO]: [CONSOLE] Success Loaded 5 Plugin Spend 132ms
[18:33:12 INFO]: [CONSOLE] server is initializing
[18:33:13 INFO]: [CONSOLE] server is initialized
[18:33:13 INFO]: [CONSOLE] launching.....
[18:33:14 INFO]: [CONSOLE] server is listening on /0:0:0:0:0:0:0:0:8921
[18:33:28 WARN]: [CONSOLE] no file
[18:33:44 INFO]: [CONSOLE] Security-IO is not enable...
[18:33:44 INFO]: [DatabaseLib] service is running
[18:33:44 INFO]: [com.alibaba.druid.pool.DruidDataSource] {dataSource-0} restart
[18:33:44 INFO]: [DatabaseLib] initialized SqlSession success
[18:33:44 INFO]: [FileMapperLib] has loaded
[18:33:44 WARN]: [FileMapperLib] can't find a default url in config
[18:33:44 WARN]: [FileMapperLib] using the default dir: C:\Users\headp\Desktop\毕设结构设计模型\BaseEventLoopServer\target\classes\libs\FileMapperLib\files
[18:33:44 WARN]: [FileMapperLib] can't find a default url in config
[18:33:44 WARN]: [FileMapperLib] using the default dir: C:\Users\headp\Desktop\毕设结构设计模型\BaseEventLoopServer\target\classes\libs\FileMapperLib\recycle
[18:33:44 WARN]: [FileMapperLib] can't find a default url in config
[18:33:44 WARN]: [FileMapperLib] using the default dir: C:\Users\headp\Desktop\毕设结构设计模型\BaseEventLoopServer\target\classes\libs\FileMapperLib\lock
[18:33:44 WARN]: [CONSOLE] loaded libs:
[18:33:44 INFO]: [CONSOLE] FileMapperLib
[18:33:44 INFO]: [CONSOLE] DatabaseLib
[18:33:44 INFO]: [NormalRouter] is loading
[18:33:44 INFO]: [CONSOLE] [PluginLoading][NormalRouter] has initialized! Spend 80ms
[18:33:44 INFO]: [APlugin] enable
[18:33:44 INFO]: [CONSOLE] [PluginLoading][APlugin] has initialized! Spend 2ms
[18:33:44 INFO]: [CPlugin] enable
[18:33:44 INFO]: [CONSOLE] [PluginLoading][CPlugin] has initialized! Spend 2ms
[18:33:44 INFO]: [DPlugin] enable
[18:33:44 INFO]: [CONSOLE] [PluginLoading][DPlugin] has initialized! Spend 3ms
[18:33:44 INFO]: [BPlugin] enable
[18:33:44 INFO]: [CONSOLE] [PluginLoading][BPlugin] has initialized! Spend 2ms
[18:33:44 INFO]: [CONSOLE] Success Loaded 5 Plugin Spend 102ms
[18:33:44 INFO]: [CONSOLE] server is initializing
[18:33:44 INFO]: [CONSOLE] server is initialized
[18:33:44 INFO]: [CONSOLE] launching.....
[18:33:45 INFO]: [CONSOLE] server is listening on /0:0:0:0:0:0:0:0:8921
[18:34:01 WARN]: [CONSOLE] no file
[18:35:09 WARN]: [CONSOLE] no file
[18:46:37 INFO]: [CONSOLE] Security-IO is not enable...
[18:46:37 INFO]: [DatabaseLib] service is running
[18:46:37 INFO]: [com.alibaba.druid.pool.DruidDataSource] {dataSource-0} restart
[18:46:37 INFO]: [DatabaseLib] initialized SqlSession success
[18:46:37 INFO]: [FileMapperLib] has loaded
[18:46:37 WARN]: [FileMapperLib] can't find a default url in config
[18:46:37 WARN]: [FileMapperLib] using the default dir: C:\Users\headp\Desktop\毕设结构设计模型\BaseEventLoopServer\target\classes\libs\FileMapperLib\files
[18:46:37 WARN]: [FileMapperLib] can't find a default url in config
[18:46:37 WARN]: [FileMapperLib] using the default dir: C:\Users\headp\Desktop\毕设结构设计模型\BaseEventLoopServer\target\classes\libs\FileMapperLib\recycle
[18:46:37 WARN]: [FileMapperLib] can't find a default url in config
[18:46:37 WARN]: [FileMapperLib] using the default dir: C:\Users\headp\Desktop\毕设结构设计模型\BaseEventLoopServer\target\classes\libs\FileMapperLib\lock
[18:46:38 WARN]: [CONSOLE] loaded libs:
[18:46:38 INFO]: [CONSOLE] FileMapperLib
[18:46:38 INFO]: [CONSOLE] DatabaseLib
[18:46:38 INFO]: [NormalRouter] is loading
[18:46:38 INFO]: [CONSOLE] [PluginLoading][NormalRouter] has initialized! Spend 83ms
[18:46:38 INFO]: [APlugin] enable
[18:46:38 INFO]: [CONSOLE] [PluginLoading][APlugin] has initialized! Spend 3ms
[18:46:38 INFO]: [CPlugin] enable
[18:46:38 INFO]: [CONSOLE] [PluginLoading][CPlugin] has initialized! Spend 3ms
[18:46:38 INFO]: [DPlugin] enable
[18:46:38 INFO]: [CONSOLE] [PluginLoading][DPlugin] has initialized! Spend 4ms
[18:46:38 INFO]: [BPlugin] enable
[18:46:38 INFO]: [CONSOLE] [PluginLoading][BPlugin] has initialized! Spend 3ms
[18:46:38 INFO]: [CONSOLE] Success Loaded 5 Plugin Spend 103ms
[18:46:38 INFO]: [CONSOLE] server is initializing
[18:46:38 INFO]: [CONSOLE] server is initialized
[18:46:38 INFO]: [CONSOLE] launching.....
[18:46:39 INFO]: [CONSOLE] server is listening on /0:0:0:0:0:0:0:0:8921
[18:48:10 WARN]: [CONSOLE] no file
[18:48:45 INFO]: [com.alibaba.druid.pool.DruidDataSource] {dataSource-1} inited
[18:48:55 ERROR]: [CONSOLE] 开始上传文件:3.jpg.temp
[18:48:55 ERROR]: [CONSOLE] 文件:3.jpg.temp传输耗时:79ms
[18:48:55 WARN]: [CONSOLE] upload task:3.jpg.temp will done
[18:48:55 WARN]: [CONSOLE] has file
[18:49:04 INFO]: [CONSOLE] Security-IO is not enable...
[18:49:04 INFO]: [DatabaseLib] service is running
[18:49:04 INFO]: [com.alibaba.druid.pool.DruidDataSource] {dataSource-0} restart
[18:49:04 INFO]: [DatabaseLib] initialized SqlSession success
[18:49:04 INFO]: [FileMapperLib] has loaded
[18:49:04 WARN]: [FileMapperLib] can't find a default url in config
[18:49:04 WARN]: [FileMapperLib] using the default dir: C:\Users\headp\Desktop\毕设结构设计模型\BaseEventLoopServer\target\classes\libs\FileMapperLib\files
[18:49:04 WARN]: [FileMapperLib] can't find a default url in config
[18:49:04 WARN]: [FileMapperLib] using the default dir: C:\Users\headp\Desktop\毕设结构设计模型\BaseEventLoopServer\target\classes\libs\FileMapperLib\recycle
[18:49:04 WARN]: [FileMapperLib] can't find a default url in config
[18:49:04 WARN]: [FileMapperLib] using the default dir: C:\Users\headp\Desktop\毕设结构设计模型\BaseEventLoopServer\target\classes\libs\FileMapperLib\lock
[18:49:04 WARN]: [CONSOLE] loaded libs:
[18:49:04 INFO]: [CONSOLE] FileMapperLib
[18:49:04 INFO]: [CONSOLE] DatabaseLib
[18:49:04 INFO]: [NormalRouter] is loading
[18:49:04 INFO]: [CONSOLE] [PluginLoading][NormalRouter] has initialized! Spend 75ms
[18:49:04 INFO]: [APlugin] enable
[18:49:04 INFO]: [CONSOLE] [PluginLoading][APlugin] has initialized! Spend 3ms
[18:49:04 INFO]: [CPlugin] enable
[18:49:04 INFO]: [CONSOLE] [PluginLoading][CPlugin] has initialized! Spend 4ms
[18:49:04 INFO]: [DPlugin] enable
[18:49:04 INFO]: [CONSOLE] [PluginLoading][DPlugin] has initialized! Spend 2ms
[18:49:04 INFO]: [BPlugin] enable
[18:49:04 INFO]: [CONSOLE] [PluginLoading][BPlugin] has initialized! Spend 3ms
[18:49:04 INFO]: [CONSOLE] Success Loaded 5 Plugin Spend 93ms
[18:49:04 INFO]: [CONSOLE] server is initializing
[18:49:05 INFO]: [CONSOLE] server is initialized
[18:49:05 INFO]: [CONSOLE] launching.....
[18:49:05 INFO]: [CONSOLE] server is listening on /0:0:0:0:0:0:0:0:8921
[18:51:34 INFO]: [CONSOLE] Security-IO is not enable...
[18:51:34 INFO]: [DatabaseLib] service is running
[18:51:34 INFO]: [com.alibaba.druid.pool.DruidDataSource] {dataSource-0} restart
[18:51:34 INFO]: [DatabaseLib] initialized SqlSession success
[18:51:34 INFO]: [FileMapperLib] has loaded
[18:51:34 WARN]: [FileMapperLib] can't find a default url in config
[18:51:34 WARN]: [FileMapperLib] using the default dir: C:\Users\headp\Desktop\毕设结构设计模型\BaseEventLoopServer\target\classes\libs\FileMapperLib\files
[18:51:34 WARN]: [FileMapperLib] can't find a default url in config
[18:51:34 WARN]: [FileMapperLib] using the default dir: C:\Users\headp\Desktop\毕设结构设计模型\BaseEventLoopServer\target\classes\libs\FileMapperLib\recycle
[18:51:34 WARN]: [FileMapperLib] can't find a default url in config
[18:51:34 WARN]: [FileMapperLib] using the default dir: C:\Users\headp\Desktop\毕设结构设计模型\BaseEventLoopServer\target\classes\libs\FileMapperLib\lock
[18:51:34 WARN]: [CONSOLE] loaded libs:
[18:51:34 INFO]: [CONSOLE] FileMapperLib
[18:51:34 INFO]: [CONSOLE] DatabaseLib
[18:51:34 INFO]: [NormalRouter] is loading
[18:51:34 INFO]: [CONSOLE] [PluginLoading][NormalRouter] has initialized! Spend 99ms
[18:51:34 INFO]: [APlugin] enable
[18:51:34 INFO]: [CONSOLE] [PluginLoading][APlugin] has initialized! Spend 3ms
[18:51:34 INFO]: [CPlugin] enable
[18:51:34 INFO]: [CONSOLE] [PluginLoading][CPlugin] has initialized! Spend 3ms
[18:51:34 INFO]: [DPlugin] enable
[18:51:34 INFO]: [CONSOLE] [PluginLoading][DPlugin] has initialized! Spend 3ms
[18:51:34 INFO]: [BPlugin] enable
[18:51:34 INFO]: [CONSOLE] [PluginLoading][BPlugin] has initialized! Spend 4ms
[18:51:34 INFO]: [CONSOLE] Success Loaded 5 Plugin Spend 125ms
[18:51:34 INFO]: [CONSOLE] server is initializing
[18:51:35 INFO]: [CONSOLE] server is initialized
[18:51:35 INFO]: [CONSOLE] launching.....
[18:51:36 INFO]: [CONSOLE] server is listening on /0:0:0:0:0:0:0:0:8921
[18:52:00 WARN]: [CONSOLE] no file
[18:52:08 INFO]: [CONSOLE] Security-IO is not enable...
[18:52:08 INFO]: [DatabaseLib] service is running
[18:52:08 INFO]: [com.alibaba.druid.pool.DruidDataSource] {dataSource-0} restart
[18:52:08 INFO]: [DatabaseLib] initialized SqlSession success
[18:52:08 INFO]: [FileMapperLib] has loaded
[18:52:08 WARN]: [FileMapperLib] can't find a default url in config
[18:52:08 WARN]: [FileMapperLib] using the default dir: C:\Users\headp\Desktop\毕设结构设计模型\BaseEventLoopServer\target\classes\libs\FileMapperLib\files
[18:52:08 WARN]: [FileMapperLib] can't find a default url in config
[18:52:08 WARN]: [FileMapperLib] using the default dir: C:\Users\headp\Desktop\毕设结构设计模型\BaseEventLoopServer\target\classes\libs\FileMapperLib\recycle
[18:52:08 WARN]: [FileMapperLib] can't find a default url in config
[18:52:08 WARN]: [FileMapperLib] using the default dir: C:\Users\headp\Desktop\毕设结构设计模型\BaseEventLoopServer\target\classes\libs\FileMapperLib\lock
[18:52:08 WARN]: [CONSOLE] loaded libs:
[18:52:08 INFO]: [CONSOLE] FileMapperLib
[18:52:08 INFO]: [CONSOLE] DatabaseLib
[18:52:08 INFO]: [NormalRouter] is loading
[18:52:08 INFO]: [CONSOLE] [PluginLoading][NormalRouter] has initialized! Spend 79ms
[18:52:08 INFO]: [APlugin] enable
[18:52:08 INFO]: [CONSOLE] [PluginLoading][APlugin] has initialized! Spend 3ms
[18:52:08 INFO]: [CPlugin] enable
[18:52:08 INFO]: [CONSOLE] [PluginLoading][CPlugin] has initialized! Spend 2ms
[18:52:08 INFO]: [DPlugin] enable
[18:52:08 INFO]: [CONSOLE] [PluginLoading][DPlugin] has initialized! Spend 2ms
[18:52:08 INFO]: [BPlugin] enable
[18:52:08 INFO]: [CONSOLE] [PluginLoading][BPlugin] has initialized! Spend 3ms
[18:52:08 INFO]: [CONSOLE] Success Loaded 5 Plugin Spend 97ms
[18:52:08 INFO]: [CONSOLE] server is initializing
[18:52:08 INFO]: [CONSOLE] server is initialized
[18:52:08 INFO]: [CONSOLE] launching.....
[18:52:09 INFO]: [CONSOLE] server is listening on /0:0:0:0:0:0:0:0:8921
[18:59:50 WARN]: [CONSOLE] no file
[19:10:30 INFO]: [CONSOLE] Security-IO is not enable...
[19:10:30 INFO]: [DatabaseLib] service is running
[19:10:30 INFO]: [com.alibaba.druid.pool.DruidDataSource] {dataSource-0} restart
[19:10:30 INFO]: [DatabaseLib] initialized SqlSession success
[19:10:30 INFO]: [FileMapperLib] has loaded
[19:10:30 WARN]: [FileMapperLib] can't find a default url in config
[19:10:30 WARN]: [FileMapperLib] using the default dir: C:\Users\headp\Desktop\毕设结构设计模型\BaseEventLoopServer\target\classes\libs\FileMapperLib\files
[19:10:30 WARN]: [FileMapperLib] can't find a default url in config
[19:10:30 WARN]: [FileMapperLib] using the default dir: C:\Users\headp\Desktop\毕设结构设计模型\BaseEventLoopServer\target\classes\libs\FileMapperLib\recycle
[19:10:30 WARN]: [FileMapperLib] can't find a default url in config
[19:10:30 WARN]: [FileMapperLib] using the default dir: C:\Users\headp\Desktop\毕设结构设计模型\BaseEventLoopServer\target\classes\libs\FileMapperLib\lock
[19:10:30 WARN]: [CONSOLE] loaded libs:
[19:10:30 INFO]: [CONSOLE] FileMapperLib
[19:10:30 INFO]: [CONSOLE] DatabaseLib
[19:10:30 INFO]: [NormalRouter] is loading
[19:10:30 INFO]: [CONSOLE] [PluginLoading][NormalRouter] has initialized! Spend 67ms
[19:10:30 INFO]: [APlugin] enable
[19:10:30 INFO]: [CONSOLE] [PluginLoading][APlugin] has initialized! Spend 4ms
[19:10:30 INFO]: [CPlugin] enable
[19:10:30 INFO]: [CONSOLE] [PluginLoading][CPlugin] has initialized! Spend 4ms
[19:10:30 INFO]: [DPlugin] enable
[19:10:30 INFO]: [CONSOLE] [PluginLoading][DPlugin] has initialized! Spend 2ms
[19:10:30 INFO]: [BPlugin] enable
[19:10:30 INFO]: [CONSOLE] [PluginLoading][BPlugin] has initialized! Spend 2ms
[19:10:30 INFO]: [CONSOLE] Success Loaded 5 Plugin Spend 84ms
[19:10:30 INFO]: [CONSOLE] server is initializing
[19:10:31 INFO]: [CONSOLE] server is initialized
[19:10:31 INFO]: [CONSOLE] launching.....
[19:10:32 INFO]: [CONSOLE] server is listening on /0:0:0:0:0:0:0:0:8921
