[00:02:07 INFO]: [CONSOLE] Security-IO is not enable...
[00:02:07 INFO]: [DatabaseLib] service is running
[00:02:07 INFO]: [DatabaseLib] initialized SqlSession success
[00:02:07 INFO]: [FileMapperLib] has loaded
[00:02:07 WARN]: [FileMapperLib] can't find a default url in config
[00:02:07 WARN]: [FileMapperLib] using the default dir: C:\Users\headp\Desktop\毕设结构设计模型\BaseEventLoopServer\target\classes\libs\FileMapperLib\files
[00:02:07 WARN]: [FileMapperLib] can't find a default url in config
[00:02:07 WARN]: [FileMapperLib] using the default dir: C:\Users\headp\Desktop\毕设结构设计模型\BaseEventLoopServer\target\classes\libs\FileMapperLib\recycle
[00:02:07 WARN]: [FileMapperLib] can't find a default url in config
[00:02:07 WARN]: [FileMapperLib] using the default dir: C:\Users\headp\Desktop\毕设结构设计模型\BaseEventLoopServer\target\classes\libs\FileMapperLib\lock
[00:02:07 WARN]: [CONSOLE] loaded libs:
[00:02:07 INFO]: [CONSOLE] FileMapperLib
[00:02:07 INFO]: [CONSOLE] DatabaseLib
[00:02:08 INFO]: [NormalRouter] is loading
[00:02:08 INFO]: [CONSOLE] [PluginLoading][NormalRouter] has initialized! Spend 157ms
[00:02:08 INFO]: [CONSOLE] Success Loaded 1 Plugin Spend 163ms
[00:02:08 INFO]: [CONSOLE] server is initializing
[00:02:08 INFO]: [CONSOLE] server is initialized
[00:02:08 INFO]: [CONSOLE] launching.....
[00:02:09 INFO]: [CONSOLE] server is listening on /0:0:0:0:0:0:0:0:25565
[00:03:04 ERROR]: [CONSOLE] The plugin FileGarbageCollector-1.0-SNAPSHOT is not a plugin or can not find!
[00:05:01 ERROR]: [CONSOLE] The plugin FileGarbageCollector-1.0-SNAPSHOT is not a plugin or can not find!
[01:02:12 INFO]: [CONSOLE] Security-IO is not enable...
[01:02:12 INFO]: [DatabaseLib] service is running
[01:02:12 INFO]: [DatabaseLib] initialized SqlSession success
[01:02:12 INFO]: [FileMapperLib] has loaded
[01:02:12 WARN]: [FileMapperLib] can't find a default url in config
[01:02:12 WARN]: [FileMapperLib] using the default dir: C:\Users\headp\Desktop\毕设结构设计模型\BaseEventLoopServer\target\classes\libs\FileMapperLib\files
[01:02:12 WARN]: [FileMapperLib] can't find a default url in config
[01:02:12 WARN]: [FileMapperLib] using the default dir: C:\Users\headp\Desktop\毕设结构设计模型\BaseEventLoopServer\target\classes\libs\FileMapperLib\recycle
[01:02:12 WARN]: [FileMapperLib] can't find a default url in config
[01:02:12 WARN]: [FileMapperLib] using the default dir: C:\Users\headp\Desktop\毕设结构设计模型\BaseEventLoopServer\target\classes\libs\FileMapperLib\lock
[01:02:12 WARN]: [CONSOLE] loaded libs:
[01:02:12 INFO]: [CONSOLE] FileMapperLib
[01:02:12 INFO]: [CONSOLE] DatabaseLib
[01:02:12 INFO]: [NormalRouter] is loading
[01:02:12 INFO]: [CONSOLE] [PluginLoading][NormalRouter] has initialized! Spend 82ms
[01:02:12 INFO]: [FileCollector] File GC is loading 
[01:02:12 INFO]: [FileCollector] Auto gc: true
[01:02:12 INFO]: [CONSOLE] [PluginLoading][FileCollector] has initialized! Spend 10ms
[01:02:12 INFO]: [CONSOLE] Success Loaded 2 Plugin Spend 96ms
[01:02:12 INFO]: [FileCollector] QzpcVXNlcnNcaGVhZHBcRGVza3RvcFzmr5Xorr7nu5PmnoTorr7orqHmqKHlnotcQmFzZUV2ZW50TG9vcFNlcnZlclx0YXJnZXRcY2xhc3Nlc1xsaWJzXEZpbGVNYXBwZXJMaWJcZmlsZXM%3D
[01:02:12 INFO]: [CONSOLE] server is initializing
[01:02:13 INFO]: [CONSOLE] server is initialized
[01:02:13 INFO]: [CONSOLE] launching.....
[01:02:14 INFO]: [CONSOLE] server is listening on /0:0:0:0:0:0:0:0:25565
[01:02:25 INFO]: [CONSOLE] Security-IO is not enable...
[01:02:25 INFO]: [DatabaseLib] service is running
[01:02:25 INFO]: [DatabaseLib] initialized SqlSession success
[01:02:25 INFO]: [FileMapperLib] has loaded
[01:02:25 WARN]: [FileMapperLib] can't find a default url in config
[01:02:25 WARN]: [FileMapperLib] using the default dir: C:\Users\headp\Desktop\毕设结构设计模型\BaseEventLoopServer\target\classes\libs\FileMapperLib\files
[01:02:25 WARN]: [FileMapperLib] can't find a default url in config
[01:02:25 WARN]: [FileMapperLib] using the default dir: C:\Users\headp\Desktop\毕设结构设计模型\BaseEventLoopServer\target\classes\libs\FileMapperLib\recycle
[01:02:25 WARN]: [FileMapperLib] can't find a default url in config
[01:02:25 WARN]: [FileMapperLib] using the default dir: C:\Users\headp\Desktop\毕设结构设计模型\BaseEventLoopServer\target\classes\libs\FileMapperLib\lock
[01:02:25 WARN]: [CONSOLE] loaded libs:
[01:02:25 INFO]: [CONSOLE] FileMapperLib
[01:02:25 INFO]: [CONSOLE] DatabaseLib
[01:02:25 INFO]: [NormalRouter] is loading
[01:02:25 INFO]: [CONSOLE] [PluginLoading][NormalRouter] has initialized! Spend 75ms
[01:02:25 INFO]: [FileCollector] File GC is loading 
[01:02:25 INFO]: [FileCollector] Auto gc: true
[01:02:25 INFO]: [CONSOLE] [PluginLoading][FileCollector] has initialized! Spend 9ms
[01:02:25 INFO]: [CONSOLE] Success Loaded 2 Plugin Spend 86ms
[01:02:25 INFO]: [FileCollector] QzpcVXNlcnNcaGVhZHBcRGVza3RvcFzmr5Xorr7nu5PmnoTorr7orqHmqKHlnotcQmFzZUV2ZW50TG9vcFNlcnZlclx0YXJnZXRcY2xhc3Nlc1xsaWJzXEZpbGVNYXBwZXJMaWJcZmlsZXM%3D
[01:02:25 INFO]: [CONSOLE] server is initializing
[01:02:25 INFO]: [CONSOLE] server is initialized
[01:02:25 INFO]: [CONSOLE] launching.....
[01:02:26 INFO]: [CONSOLE] server is listening on /0:0:0:0:0:0:0:0:25565
[01:02:29 INFO]: [com.alibaba.druid.pool.DruidDataSource] {dataSource-1} inited
[01:02:53 WARN]: [CONSOLE] ping
[01:04:29 WARN]: [CONSOLE] ping
[01:05:40 INFO]: [CONSOLE] Security-IO is not enable...
[01:05:40 INFO]: [DatabaseLib] service is running
[01:05:40 INFO]: [DatabaseLib] initialized SqlSession success
[01:05:40 INFO]: [FileMapperLib] has loaded
[01:05:40 WARN]: [FileMapperLib] can't find a default url in config
[01:05:40 WARN]: [FileMapperLib] using the default dir: C:\Users\headp\Desktop\毕设结构设计模型\BaseEventLoopServer\target\classes\libs\FileMapperLib\files
[01:05:40 WARN]: [FileMapperLib] can't find a default url in config
[01:05:40 WARN]: [FileMapperLib] using the default dir: C:\Users\headp\Desktop\毕设结构设计模型\BaseEventLoopServer\target\classes\libs\FileMapperLib\recycle
[01:05:40 WARN]: [FileMapperLib] can't find a default url in config
[01:05:40 WARN]: [FileMapperLib] using the default dir: C:\Users\headp\Desktop\毕设结构设计模型\BaseEventLoopServer\target\classes\libs\FileMapperLib\lock
[01:05:40 WARN]: [CONSOLE] loaded libs:
[01:05:40 INFO]: [CONSOLE] FileMapperLib
[01:05:40 INFO]: [CONSOLE] DatabaseLib
[01:05:40 INFO]: [NormalRouter] is loading
[01:05:41 INFO]: [CONSOLE] [PluginLoading][NormalRouter] has initialized! Spend 88ms
[01:05:41 INFO]: [FileCollector] File GC is loading 
[01:05:41 INFO]: [FileCollector] Auto gc: true
[01:05:41 INFO]: [CONSOLE] [PluginLoading][FileCollector] has initialized! Spend 11ms
[01:05:41 INFO]: [CONSOLE] Success Loaded 2 Plugin Spend 102ms
[01:05:41 INFO]: [FileCollector] QzpcVXNlcnNcaGVhZHBcRGVza3RvcFzmr5Xorr7nu5PmnoTorr7orqHmqKHlnotcQmFzZUV2ZW50TG9vcFNlcnZlclx0YXJnZXRcY2xhc3Nlc1xsaWJzXEZpbGVNYXBwZXJMaWJcZmlsZXM%3D
[01:05:41 INFO]: [CONSOLE] server is initializing
[01:05:41 INFO]: [CONSOLE] server is initialized
[01:05:41 INFO]: [CONSOLE] launching.....
[01:05:42 INFO]: [CONSOLE] server is listening on /0:0:0:0:0:0:0:0:25565
[01:05:45 INFO]: [com.alibaba.druid.pool.DruidDataSource] {dataSource-1} inited
[01:06:24 WARN]: [CONSOLE] ping
[01:07:56 INFO]: [CONSOLE] Security-IO is not enable...
[01:07:56 INFO]: [DatabaseLib] service is running
[01:07:56 INFO]: [DatabaseLib] initialized SqlSession success
[01:07:56 INFO]: [FileMapperLib] has loaded
[01:07:56 WARN]: [FileMapperLib] can't find a default url in config
[01:07:56 WARN]: [FileMapperLib] using the default dir: C:\Users\headp\Desktop\毕设结构设计模型\BaseEventLoopServer\target\classes\libs\FileMapperLib\files
[01:07:56 WARN]: [FileMapperLib] can't find a default url in config
[01:07:56 WARN]: [FileMapperLib] using the default dir: C:\Users\headp\Desktop\毕设结构设计模型\BaseEventLoopServer\target\classes\libs\FileMapperLib\recycle
[01:07:56 WARN]: [FileMapperLib] can't find a default url in config
[01:07:56 WARN]: [FileMapperLib] using the default dir: C:\Users\headp\Desktop\毕设结构设计模型\BaseEventLoopServer\target\classes\libs\FileMapperLib\lock
[01:07:56 WARN]: [CONSOLE] loaded libs:
[01:07:56 INFO]: [CONSOLE] FileMapperLib
[01:07:56 INFO]: [CONSOLE] DatabaseLib
[01:07:56 INFO]: [NormalRouter] is loading
[01:07:57 INFO]: [CONSOLE] [PluginLoading][NormalRouter] has initialized! Spend 87ms
[01:07:57 INFO]: [FileCollector] File GC is loading 
[01:07:57 INFO]: [FileCollector] Auto gc: true
[01:07:57 INFO]: [CONSOLE] [PluginLoading][FileCollector] has initialized! Spend 9ms
[01:07:57 INFO]: [CONSOLE] Success Loaded 2 Plugin Spend 99ms
[01:07:57 INFO]: [FileCollector] QzpcVXNlcnNcaGVhZHBcRGVza3RvcFzmr5Xorr7nu5PmnoTorr7orqHmqKHlnotcQmFzZUV2ZW50TG9vcFNlcnZlclx0YXJnZXRcY2xhc3Nlc1xsaWJzXEZpbGVNYXBwZXJMaWJcZmlsZXM%3D
[01:07:57 INFO]: [CONSOLE] server is initializing
[01:07:57 INFO]: [CONSOLE] server is initialized
[01:07:57 INFO]: [CONSOLE] launching.....
[01:07:58 INFO]: [CONSOLE] server is listening on /0:0:0:0:0:0:0:0:25565
[01:08:02 INFO]: [com.alibaba.druid.pool.DruidDataSource] {dataSource-1} inited
[01:08:20 WARN]: [CONSOLE] ping
[01:09:21 WARN]: [CONSOLE] ping
[01:09:26 WARN]: [CONSOLE] ping
[01:09:31 WARN]: [CONSOLE] ping
[01:09:36 WARN]: [CONSOLE] ping
[01:09:38 WARN]: [CONSOLE] !Abnormal connection interruption:PPPE-013-C.mp4
