[12:05:57 INFO]: [CONSOLE] Security-IO is not enable...
[12:05:58 INFO]: [DatabaseLib] service is running
[12:05:58 INFO]: [DatabaseLib] initialized SqlSession success
[12:05:58 INFO]: [FileMapperLib] has loaded
[12:05:58 WARN]: [FileMapperLib] can't find a default url in config
[12:05:58 WARN]: [FileMapperLib] using the default dir: C:\Users\headp\Desktop\毕设结构设计模型\BaseEventLoopServer\target\classes\libs\FileMapperLib\files
[12:05:58 WARN]: [FileMapperLib] can't find a default url in config
[12:05:58 WARN]: [FileMapperLib] using the default dir: C:\Users\headp\Desktop\毕设结构设计模型\BaseEventLoopServer\target\classes\libs\FileMapperLib\recycle
[12:05:58 WARN]: [FileMapperLib] can't find a default url in config
[12:05:58 WARN]: [FileMapperLib] using the default dir: C:\Users\headp\Desktop\毕设结构设计模型\BaseEventLoopServer\target\classes\libs\FileMapperLib\lock
[12:05:58 WARN]: [CONSOLE] loaded libs:
[12:05:58 INFO]: [CONSOLE] FileMapperLib
[12:05:58 INFO]: [CONSOLE] DatabaseLib
[12:05:58 INFO]: [NormalRouter] is loading
[12:05:58 INFO]: [CONSOLE] [PluginLoading][NormalRouter] has initialized! Spend 65ms
[12:05:58 INFO]: [CONSOLE] Success Loaded 1 Plugin Spend 67ms
[12:05:58 INFO]: [CONSOLE] server is initializing
[12:05:58 INFO]: [CONSOLE] server is initialized
[12:05:58 INFO]: [CONSOLE] launching.....
[12:05:59 INFO]: [CONSOLE] server is listening on /0:0:0:0:0:0:0:0:25565
[12:06:41 INFO]: [CONSOLE] Security-IO is not enable...
[12:06:41 INFO]: [DatabaseLib] service is running
[12:06:41 INFO]: [DatabaseLib] initialized SqlSession success
[12:06:41 INFO]: [FileMapperLib] has loaded
[12:06:41 WARN]: [FileMapperLib] can't find a default url in config
[12:06:41 WARN]: [FileMapperLib] using the default dir: C:\Users\headp\Desktop\毕设结构设计模型\BaseEventLoopServer\target\classes\libs\FileMapperLib\files
[12:06:41 WARN]: [FileMapperLib] can't find a default url in config
[12:06:41 WARN]: [FileMapperLib] using the default dir: C:\Users\headp\Desktop\毕设结构设计模型\BaseEventLoopServer\target\classes\libs\FileMapperLib\recycle
[12:06:41 WARN]: [FileMapperLib] can't find a default url in config
[12:06:41 WARN]: [FileMapperLib] using the default dir: C:\Users\headp\Desktop\毕设结构设计模型\BaseEventLoopServer\target\classes\libs\FileMapperLib\lock
[12:06:41 WARN]: [CONSOLE] loaded libs:
[12:06:41 INFO]: [CONSOLE] FileMapperLib
[12:06:41 INFO]: [CONSOLE] DatabaseLib
[12:06:41 INFO]: [NormalRouter] is loading
[12:06:41 INFO]: [CONSOLE] [PluginLoading][NormalRouter] has initialized! Spend 83ms
[12:06:41 INFO]: [CONSOLE] Success Loaded 1 Plugin Spend 87ms
[12:07:06 INFO]: [CONSOLE] Security-IO is not enable...
[12:07:07 INFO]: [DatabaseLib] service is running
[12:07:07 INFO]: [DatabaseLib] initialized SqlSession success
[12:07:07 INFO]: [FileMapperLib] has loaded
[12:07:07 WARN]: [FileMapperLib] can't find a default url in config
[12:07:07 WARN]: [FileMapperLib] using the default dir: C:\Users\headp\Desktop\毕设结构设计模型\BaseEventLoopServer\target\classes\libs\FileMapperLib\files
[12:07:07 WARN]: [FileMapperLib] can't find a default url in config
[12:07:07 WARN]: [FileMapperLib] using the default dir: C:\Users\headp\Desktop\毕设结构设计模型\BaseEventLoopServer\target\classes\libs\FileMapperLib\recycle
[12:07:07 WARN]: [FileMapperLib] can't find a default url in config
[12:07:07 WARN]: [FileMapperLib] using the default dir: C:\Users\headp\Desktop\毕设结构设计模型\BaseEventLoopServer\target\classes\libs\FileMapperLib\lock
[12:07:07 WARN]: [CONSOLE] loaded libs:
[12:07:07 INFO]: [CONSOLE] FileMapperLib
[12:07:07 INFO]: [CONSOLE] DatabaseLib
[12:07:07 INFO]: [NormalRouter] is loading
[12:07:07 INFO]: [CONSOLE] [PluginLoading][NormalRouter] has initialized! Spend 73ms
[12:07:07 INFO]: [CONSOLE] Success Loaded 1 Plugin Spend 77ms
[12:07:29 INFO]: [CONSOLE] Security-IO is not enable...
[12:07:29 INFO]: [DatabaseLib] service is running
[12:07:29 INFO]: [DatabaseLib] initialized SqlSession success
[12:07:29 INFO]: [FileMapperLib] has loaded
[12:07:29 WARN]: [FileMapperLib] can't find a default url in config
[12:07:29 WARN]: [FileMapperLib] using the default dir: C:\Users\headp\Desktop\毕设结构设计模型\BaseEventLoopServer\target\classes\libs\FileMapperLib\files
[12:07:29 WARN]: [FileMapperLib] can't find a default url in config
[12:07:29 WARN]: [FileMapperLib] using the default dir: C:\Users\headp\Desktop\毕设结构设计模型\BaseEventLoopServer\target\classes\libs\FileMapperLib\recycle
[12:07:29 WARN]: [FileMapperLib] can't find a default url in config
[12:07:29 WARN]: [FileMapperLib] using the default dir: C:\Users\headp\Desktop\毕设结构设计模型\BaseEventLoopServer\target\classes\libs\FileMapperLib\lock
[12:07:29 WARN]: [CONSOLE] loaded libs:
[12:07:29 INFO]: [CONSOLE] FileMapperLib
[12:07:29 INFO]: [CONSOLE] DatabaseLib
[12:07:29 INFO]: [NormalRouter] is loading
[12:07:29 INFO]: [CONSOLE] [PluginLoading][NormalRouter] has initialized! Spend 74ms
[12:07:29 INFO]: [CONSOLE] Success Loaded 1 Plugin Spend 77ms
[12:07:38 INFO]: [CONSOLE] Security-IO is not enable...
[12:07:38 INFO]: [DatabaseLib] service is running
[12:07:38 INFO]: [DatabaseLib] initialized SqlSession success
[12:07:38 INFO]: [FileMapperLib] has loaded
[12:07:38 WARN]: [FileMapperLib] can't find a default url in config
[12:07:38 WARN]: [FileMapperLib] using the default dir: C:\Users\headp\Desktop\毕设结构设计模型\BaseEventLoopServer\target\classes\libs\FileMapperLib\files
[12:07:38 WARN]: [FileMapperLib] can't find a default url in config
[12:07:38 WARN]: [FileMapperLib] using the default dir: C:\Users\headp\Desktop\毕设结构设计模型\BaseEventLoopServer\target\classes\libs\FileMapperLib\recycle
[12:07:38 WARN]: [FileMapperLib] can't find a default url in config
[12:07:38 WARN]: [FileMapperLib] using the default dir: C:\Users\headp\Desktop\毕设结构设计模型\BaseEventLoopServer\target\classes\libs\FileMapperLib\lock
[12:07:38 WARN]: [CONSOLE] loaded libs:
[12:07:38 INFO]: [CONSOLE] FileMapperLib
[12:07:38 INFO]: [CONSOLE] DatabaseLib
[12:07:38 INFO]: [NormalRouter] is loading
[12:07:38 INFO]: [CONSOLE] [PluginLoading][NormalRouter] has initialized! Spend 66ms
[12:07:38 INFO]: [CONSOLE] Success Loaded 1 Plugin Spend 69ms
[12:08:37 INFO]: [CONSOLE] Security-IO is not enable...
[12:08:37 INFO]: [DatabaseLib] service is running
[12:08:37 INFO]: [DatabaseLib] initialized SqlSession success
[12:08:37 INFO]: [FileMapperLib] has loaded
[12:08:37 WARN]: [FileMapperLib] can't find a default url in config
[12:08:37 WARN]: [FileMapperLib] using the default dir: C:\Users\headp\Desktop\毕设结构设计模型\BaseEventLoopServer\target\classes\libs\FileMapperLib\files
[12:08:37 WARN]: [FileMapperLib] can't find a default url in config
[12:08:37 WARN]: [FileMapperLib] using the default dir: C:\Users\headp\Desktop\毕设结构设计模型\BaseEventLoopServer\target\classes\libs\FileMapperLib\recycle
[12:08:37 WARN]: [FileMapperLib] can't find a default url in config
[12:08:37 WARN]: [FileMapperLib] using the default dir: C:\Users\headp\Desktop\毕设结构设计模型\BaseEventLoopServer\target\classes\libs\FileMapperLib\lock
[12:08:37 WARN]: [CONSOLE] loaded libs:
[12:08:37 INFO]: [CONSOLE] FileMapperLib
[12:08:37 INFO]: [CONSOLE] DatabaseLib
[12:08:37 INFO]: [NormalRouter] is loading
[12:08:37 INFO]: [CONSOLE] [PluginLoading][NormalRouter] has initialized! Spend 65ms
[12:08:37 INFO]: [CONSOLE] Success Loaded 1 Plugin Spend 67ms
[12:09:12 INFO]: [CONSOLE] Security-IO is not enable...
[12:09:12 INFO]: [DatabaseLib] service is running
[12:09:12 INFO]: [DatabaseLib] initialized SqlSession success
[12:09:12 INFO]: [FileMapperLib] has loaded
[12:09:12 WARN]: [FileMapperLib] can't find a default url in config
[12:09:12 WARN]: [FileMapperLib] using the default dir: C:\Users\headp\Desktop\毕设结构设计模型\BaseEventLoopServer\target\classes\libs\FileMapperLib\files
[12:09:12 WARN]: [FileMapperLib] can't find a default url in config
[12:09:12 WARN]: [FileMapperLib] using the default dir: C:\Users\headp\Desktop\毕设结构设计模型\BaseEventLoopServer\target\classes\libs\FileMapperLib\recycle
[12:09:12 WARN]: [FileMapperLib] can't find a default url in config
[12:09:12 WARN]: [FileMapperLib] using the default dir: C:\Users\headp\Desktop\毕设结构设计模型\BaseEventLoopServer\target\classes\libs\FileMapperLib\lock
[12:09:12 WARN]: [CONSOLE] loaded libs:
[12:09:12 INFO]: [CONSOLE] FileMapperLib
[12:09:12 INFO]: [CONSOLE] DatabaseLib
[12:09:12 INFO]: [NormalRouter] is loading
[12:09:12 INFO]: [CONSOLE] [PluginLoading][NormalRouter] has initialized! Spend 73ms
[12:09:12 INFO]: [CONSOLE] Success Loaded 1 Plugin Spend 77ms
[12:09:30 INFO]: [CONSOLE] Security-IO is not enable...
[12:09:30 INFO]: [DatabaseLib] service is running
[12:09:30 INFO]: [DatabaseLib] initialized SqlSession success
[12:09:30 INFO]: [FileMapperLib] has loaded
[12:09:30 WARN]: [FileMapperLib] can't find a default url in config
[12:09:30 WARN]: [FileMapperLib] using the default dir: C:\Users\headp\Desktop\毕设结构设计模型\BaseEventLoopServer\target\classes\libs\FileMapperLib\files
[12:09:30 WARN]: [FileMapperLib] can't find a default url in config
[12:09:30 WARN]: [FileMapperLib] using the default dir: C:\Users\headp\Desktop\毕设结构设计模型\BaseEventLoopServer\target\classes\libs\FileMapperLib\recycle
[12:09:30 WARN]: [FileMapperLib] can't find a default url in config
[12:09:30 WARN]: [FileMapperLib] using the default dir: C:\Users\headp\Desktop\毕设结构设计模型\BaseEventLoopServer\target\classes\libs\FileMapperLib\lock
[12:09:30 WARN]: [CONSOLE] loaded libs:
[12:09:30 INFO]: [CONSOLE] FileMapperLib
[12:09:30 INFO]: [CONSOLE] DatabaseLib
[12:09:30 INFO]: [NormalRouter] is loading
[12:09:30 INFO]: [CONSOLE] [PluginLoading][NormalRouter] has initialized! Spend 97ms
[12:09:30 INFO]: [CONSOLE] Success Loaded 1 Plugin Spend 100ms
[15:12:32 INFO]: [CONSOLE] Security-IO is not enable...
[15:12:32 INFO]: [DatabaseLib] service is running
[15:12:32 INFO]: [DatabaseLib] initialized SqlSession success
[15:12:32 INFO]: [FileMapperLib] has loaded
[15:12:32 WARN]: [FileMapperLib] can't find a default url in config
[15:12:32 WARN]: [FileMapperLib] using the default dir: C:\Users\headp\Desktop\毕设结构设计模型\BaseEventLoopServer\target\classes\libs\FileMapperLib\files
[15:12:32 WARN]: [FileMapperLib] can't find a default url in config
[15:12:32 WARN]: [FileMapperLib] using the default dir: C:\Users\headp\Desktop\毕设结构设计模型\BaseEventLoopServer\target\classes\libs\FileMapperLib\recycle
[15:12:32 WARN]: [FileMapperLib] can't find a default url in config
[15:12:32 WARN]: [FileMapperLib] using the default dir: C:\Users\headp\Desktop\毕设结构设计模型\BaseEventLoopServer\target\classes\libs\FileMapperLib\lock
[15:12:32 WARN]: [CONSOLE] loaded libs:
[15:12:32 INFO]: [CONSOLE] FileMapperLib
[15:12:32 INFO]: [CONSOLE] DatabaseLib
[15:12:32 INFO]: [NormalRouter] is loading
[15:12:32 INFO]: [CONSOLE] [PluginLoading][NormalRouter] has initialized! Spend 74ms
[15:12:32 INFO]: [CONSOLE] Success Loaded 1 Plugin Spend 77ms
[15:12:32 INFO]: [CONSOLE] server is initializing
[15:12:33 INFO]: [CONSOLE] server is initialized
[15:12:33 INFO]: [CONSOLE] launching.....
[15:12:33 INFO]: [CONSOLE] server is listening on /0:0:0:0:0:0:0:0:25565
[15:12:47 INFO]: [com.alibaba.druid.pool.DruidDataSource] {dataSource-1} inited
[15:22:50 INFO]: [CONSOLE] Security-IO is not enable...
[15:22:50 INFO]: [DatabaseLib] service is running
[15:22:50 INFO]: [DatabaseLib] initialized SqlSession success
[15:22:50 INFO]: [FileMapperLib] has loaded
[15:22:50 WARN]: [FileMapperLib] can't find a default url in config
[15:22:50 WARN]: [FileMapperLib] using the default dir: C:\Users\headp\Desktop\毕设结构设计模型\BaseEventLoopServer\target\classes\libs\FileMapperLib\files
[15:22:50 WARN]: [FileMapperLib] can't find a default url in config
[15:22:50 WARN]: [FileMapperLib] using the default dir: C:\Users\headp\Desktop\毕设结构设计模型\BaseEventLoopServer\target\classes\libs\FileMapperLib\recycle
[15:22:50 WARN]: [FileMapperLib] can't find a default url in config
[15:22:50 WARN]: [FileMapperLib] using the default dir: C:\Users\headp\Desktop\毕设结构设计模型\BaseEventLoopServer\target\classes\libs\FileMapperLib\lock
[15:22:50 WARN]: [CONSOLE] loaded libs:
[15:22:50 INFO]: [CONSOLE] FileMapperLib
[15:22:50 INFO]: [CONSOLE] DatabaseLib
[15:22:50 INFO]: [NormalRouter] is loading
[15:22:50 INFO]: [CONSOLE] [PluginLoading][NormalRouter] has initialized! Spend 93ms
[15:22:50 INFO]: [CONSOLE] Success Loaded 1 Plugin Spend 99ms
[15:22:50 INFO]: [CONSOLE] server is initializing
[15:22:51 INFO]: [CONSOLE] server is initialized
[15:22:51 INFO]: [CONSOLE] launching.....
[15:22:52 INFO]: [CONSOLE] server is listening on /0:0:0:0:0:0:0:0:25565
[15:23:35 INFO]: [com.alibaba.druid.pool.DruidDataSource] {dataSource-1} inited
[15:23:51 INFO]: [CONSOLE] Security-IO is not enable...
[15:23:52 INFO]: [DatabaseLib] service is running
[15:23:52 INFO]: [DatabaseLib] initialized SqlSession success
[15:23:52 INFO]: [FileMapperLib] has loaded
[15:23:52 WARN]: [FileMapperLib] can't find a default url in config
[15:23:52 WARN]: [FileMapperLib] using the default dir: C:\Users\headp\Desktop\毕设结构设计模型\BaseEventLoopServer\target\classes\libs\FileMapperLib\files
[15:23:52 WARN]: [FileMapperLib] can't find a default url in config
[15:23:52 WARN]: [FileMapperLib] using the default dir: C:\Users\headp\Desktop\毕设结构设计模型\BaseEventLoopServer\target\classes\libs\FileMapperLib\recycle
[15:23:52 WARN]: [FileMapperLib] can't find a default url in config
[15:23:52 WARN]: [FileMapperLib] using the default dir: C:\Users\headp\Desktop\毕设结构设计模型\BaseEventLoopServer\target\classes\libs\FileMapperLib\lock
[15:23:52 WARN]: [CONSOLE] loaded libs:
[15:23:52 INFO]: [CONSOLE] FileMapperLib
[15:23:52 INFO]: [CONSOLE] DatabaseLib
[15:23:52 INFO]: [NormalRouter] is loading
[15:23:52 INFO]: [CONSOLE] [PluginLoading][NormalRouter] has initialized! Spend 86ms
[15:23:52 INFO]: [CONSOLE] Success Loaded 1 Plugin Spend 89ms
[15:23:52 INFO]: [CONSOLE] server is initializing
[15:23:52 INFO]: [CONSOLE] server is initialized
[15:23:52 INFO]: [CONSOLE] launching.....
[15:23:53 INFO]: [CONSOLE] server is listening on /0:0:0:0:0:0:0:0:25565
[15:43:19 INFO]: [CONSOLE] Security-IO is not enable...
[15:43:19 INFO]: [DatabaseLib] service is running
[15:43:19 INFO]: [DatabaseLib] initialized SqlSession success
[15:43:19 INFO]: [FileMapperLib] has loaded
[15:43:19 WARN]: [FileMapperLib] can't find a default url in config
[15:43:19 WARN]: [FileMapperLib] using the default dir: C:\Users\headp\Desktop\毕设结构设计模型\BaseEventLoopServer\target\classes\libs\FileMapperLib\files
[15:43:19 WARN]: [FileMapperLib] can't find a default url in config
[15:43:19 WARN]: [FileMapperLib] using the default dir: C:\Users\headp\Desktop\毕设结构设计模型\BaseEventLoopServer\target\classes\libs\FileMapperLib\recycle
[15:43:19 WARN]: [FileMapperLib] can't find a default url in config
[15:43:19 WARN]: [FileMapperLib] using the default dir: C:\Users\headp\Desktop\毕设结构设计模型\BaseEventLoopServer\target\classes\libs\FileMapperLib\lock
[15:43:19 WARN]: [CONSOLE] loaded libs:
[15:43:19 INFO]: [CONSOLE] FileMapperLib
[15:43:19 INFO]: [CONSOLE] DatabaseLib
[15:43:19 INFO]: [NormalRouter] is loading
[15:43:19 INFO]: [CONSOLE] [PluginLoading][NormalRouter] has initialized! Spend 77ms
[15:43:19 INFO]: [CONSOLE] Success Loaded 1 Plugin Spend 80ms
[15:43:19 INFO]: [CONSOLE] server is initializing
[15:43:20 INFO]: [CONSOLE] server is initialized
[15:43:20 INFO]: [CONSOLE] launching.....
[15:43:20 INFO]: [CONSOLE] server is listening on /0:0:0:0:0:0:0:0:25565
[15:44:00 INFO]: [CONSOLE] Security-IO is not enable...
[15:44:00 INFO]: [DatabaseLib] service is running
[15:44:00 INFO]: [DatabaseLib] initialized SqlSession success
[15:44:00 INFO]: [FileMapperLib] has loaded
[15:44:00 WARN]: [FileMapperLib] can't find a default url in config
[15:44:00 WARN]: [FileMapperLib] using the default dir: C:\Users\headp\Desktop\毕设结构设计模型\BaseEventLoopServer\target\classes\libs\FileMapperLib\files
[15:44:00 WARN]: [FileMapperLib] can't find a default url in config
[15:44:00 WARN]: [FileMapperLib] using the default dir: C:\Users\headp\Desktop\毕设结构设计模型\BaseEventLoopServer\target\classes\libs\FileMapperLib\recycle
[15:44:00 WARN]: [FileMapperLib] can't find a default url in config
[15:44:00 WARN]: [FileMapperLib] using the default dir: C:\Users\headp\Desktop\毕设结构设计模型\BaseEventLoopServer\target\classes\libs\FileMapperLib\lock
[15:44:00 WARN]: [CONSOLE] loaded libs:
[15:44:00 INFO]: [CONSOLE] FileMapperLib
[15:44:00 INFO]: [CONSOLE] DatabaseLib
[15:44:00 INFO]: [NormalRouter] is loading
[15:44:00 INFO]: [CONSOLE] [PluginLoading][NormalRouter] has initialized! Spend 93ms
[15:44:00 INFO]: [CONSOLE] Success Loaded 1 Plugin Spend 97ms
[15:44:00 INFO]: [CONSOLE] server is initializing
[15:44:01 INFO]: [CONSOLE] server is initialized
[15:44:01 INFO]: [CONSOLE] launching.....
[15:44:01 INFO]: [CONSOLE] server is listening on /0:0:0:0:0:0:0:0:25565
[15:44:56 INFO]: [CONSOLE] Security-IO is not enable...
[15:44:56 INFO]: [DatabaseLib] service is running
[15:44:57 INFO]: [DatabaseLib] initialized SqlSession success
[15:44:57 INFO]: [FileMapperLib] has loaded
[15:44:57 WARN]: [FileMapperLib] can't find a default url in config
[15:44:57 WARN]: [FileMapperLib] using the default dir: C:\Users\headp\Desktop\毕设结构设计模型\BaseEventLoopServer\target\classes\libs\FileMapperLib\files
[15:44:57 WARN]: [FileMapperLib] can't find a default url in config
[15:44:57 WARN]: [FileMapperLib] using the default dir: C:\Users\headp\Desktop\毕设结构设计模型\BaseEventLoopServer\target\classes\libs\FileMapperLib\recycle
[15:44:57 WARN]: [FileMapperLib] can't find a default url in config
[15:44:57 WARN]: [FileMapperLib] using the default dir: C:\Users\headp\Desktop\毕设结构设计模型\BaseEventLoopServer\target\classes\libs\FileMapperLib\lock
[15:44:57 WARN]: [CONSOLE] loaded libs:
[15:44:57 INFO]: [CONSOLE] FileMapperLib
[15:44:57 INFO]: [CONSOLE] DatabaseLib
[15:44:57 INFO]: [NormalRouter] is loading
[15:44:57 INFO]: [CONSOLE] [PluginLoading][NormalRouter] has initialized! Spend 76ms
[15:44:57 INFO]: [CONSOLE] Success Loaded 1 Plugin Spend 79ms
[15:44:57 INFO]: [CONSOLE] server is initializing
[15:44:57 INFO]: [CONSOLE] server is initialized
[15:44:57 INFO]: [CONSOLE] launching.....
[15:44:58 INFO]: [CONSOLE] server is listening on /0:0:0:0:0:0:0:0:25565
[15:45:04 INFO]: [com.alibaba.druid.pool.DruidDataSource] {dataSource-1} inited
[15:50:46 INFO]: [CONSOLE] Security-IO is not enable...
[15:50:46 INFO]: [DatabaseLib] service is running
[15:50:46 INFO]: [DatabaseLib] initialized SqlSession success
[15:50:46 INFO]: [FileMapperLib] has loaded
[15:50:46 WARN]: [FileMapperLib] can't find a default url in config
[15:50:46 WARN]: [FileMapperLib] using the default dir: C:\Users\headp\Desktop\毕设结构设计模型\BaseEventLoopServer\target\classes\libs\FileMapperLib\files
[15:50:46 WARN]: [FileMapperLib] can't find a default url in config
[15:50:46 WARN]: [FileMapperLib] using the default dir: C:\Users\headp\Desktop\毕设结构设计模型\BaseEventLoopServer\target\classes\libs\FileMapperLib\recycle
[15:50:46 WARN]: [FileMapperLib] can't find a default url in config
[15:50:46 WARN]: [FileMapperLib] using the default dir: C:\Users\headp\Desktop\毕设结构设计模型\BaseEventLoopServer\target\classes\libs\FileMapperLib\lock
[15:50:46 WARN]: [CONSOLE] loaded libs:
[15:50:46 INFO]: [CONSOLE] FileMapperLib
[15:50:46 INFO]: [CONSOLE] DatabaseLib
[15:50:46 INFO]: [NormalRouter] is loading
[15:50:46 INFO]: [CONSOLE] [PluginLoading][NormalRouter] has initialized! Spend 76ms
[15:50:46 INFO]: [CONSOLE] Success Loaded 1 Plugin Spend 78ms
[15:50:46 INFO]: [CONSOLE] server is initializing
[15:50:47 INFO]: [CONSOLE] server is initialized
[15:50:47 INFO]: [CONSOLE] launching.....
[15:50:48 INFO]: [CONSOLE] server is listening on /0:0:0:0:0:0:0:0:25565
[15:50:49 INFO]: [com.alibaba.druid.pool.DruidDataSource] {dataSource-1} inited
[15:53:09 INFO]: [CONSOLE] Security-IO is not enable...
[15:53:09 INFO]: [DatabaseLib] service is running
[15:53:09 INFO]: [DatabaseLib] initialized SqlSession success
[15:53:09 INFO]: [FileMapperLib] has loaded
[15:53:09 WARN]: [FileMapperLib] can't find a default url in config
[15:53:09 WARN]: [FileMapperLib] using the default dir: C:\Users\headp\Desktop\毕设结构设计模型\BaseEventLoopServer\target\classes\libs\FileMapperLib\files
[15:53:09 WARN]: [FileMapperLib] can't find a default url in config
[15:53:09 WARN]: [FileMapperLib] using the default dir: C:\Users\headp\Desktop\毕设结构设计模型\BaseEventLoopServer\target\classes\libs\FileMapperLib\recycle
[15:53:09 WARN]: [FileMapperLib] can't find a default url in config
[15:53:09 WARN]: [FileMapperLib] using the default dir: C:\Users\headp\Desktop\毕设结构设计模型\BaseEventLoopServer\target\classes\libs\FileMapperLib\lock
[15:53:09 WARN]: [CONSOLE] loaded libs:
[15:53:09 INFO]: [CONSOLE] FileMapperLib
[15:53:09 INFO]: [CONSOLE] DatabaseLib
[15:53:09 INFO]: [NormalRouter] is loading
[15:53:09 INFO]: [CONSOLE] [PluginLoading][NormalRouter] has initialized! Spend 64ms
[15:53:09 INFO]: [CONSOLE] Success Loaded 1 Plugin Spend 66ms
[15:53:09 INFO]: [CONSOLE] server is initializing
[15:53:10 INFO]: [CONSOLE] server is initialized
[15:53:10 INFO]: [CONSOLE] launching.....
[15:53:11 INFO]: [CONSOLE] server is listening on /0:0:0:0:0:0:0:0:25565
[15:53:13 INFO]: [com.alibaba.druid.pool.DruidDataSource] {dataSource-1} inited
[15:53:25 WARN]: [CONSOLE] !Abnormal connection interruption:2048社区 - big2048.com@6月收费作品动作片红人韩国混血儿极品大长腿白嫩女神美女Lena用性来安抚被教训过心情不好的哥哥.mp4
[15:56:19 WARN]: [CONSOLE] !Abnormal connection interruption:Batgirl Prison Shock With Ashley Lane.mp4
[16:02:28 INFO]: [CONSOLE] Security-IO is not enable...
[16:02:28 INFO]: [DatabaseLib] service is running
[16:02:29 INFO]: [DatabaseLib] initialized SqlSession success
[16:02:29 INFO]: [FileMapperLib] has loaded
[16:02:29 WARN]: [FileMapperLib] can't find a default url in config
[16:02:29 WARN]: [FileMapperLib] using the default dir: C:\Users\headp\Desktop\毕设结构设计模型\BaseEventLoopServer\target\classes\libs\FileMapperLib\files
[16:02:29 WARN]: [FileMapperLib] can't find a default url in config
[16:02:29 WARN]: [FileMapperLib] using the default dir: C:\Users\headp\Desktop\毕设结构设计模型\BaseEventLoopServer\target\classes\libs\FileMapperLib\recycle
[16:02:29 WARN]: [FileMapperLib] can't find a default url in config
[16:02:29 WARN]: [FileMapperLib] using the default dir: C:\Users\headp\Desktop\毕设结构设计模型\BaseEventLoopServer\target\classes\libs\FileMapperLib\lock
[16:02:29 WARN]: [CONSOLE] loaded libs:
[16:02:29 INFO]: [CONSOLE] FileMapperLib
[16:02:29 INFO]: [CONSOLE] DatabaseLib
[16:02:29 INFO]: [NormalRouter] is loading
[16:02:29 INFO]: [CONSOLE] [PluginLoading][NormalRouter] has initialized! Spend 86ms
[16:02:29 INFO]: [CONSOLE] Success Loaded 1 Plugin Spend 89ms
[16:02:29 INFO]: [CONSOLE] server is initializing
[16:02:29 INFO]: [CONSOLE] server is initialized
[16:02:29 INFO]: [CONSOLE] launching.....
[16:02:30 INFO]: [CONSOLE] server is listening on /0:0:0:0:0:0:0:0:25565
[16:04:37 INFO]: [CONSOLE] Security-IO is not enable...
[16:04:38 INFO]: [DatabaseLib] service is running
[16:04:38 INFO]: [DatabaseLib] initialized SqlSession success
[16:04:38 INFO]: [FileMapperLib] has loaded
[16:04:38 WARN]: [FileMapperLib] can't find a default url in config
[16:04:38 WARN]: [FileMapperLib] using the default dir: C:\Users\headp\Desktop\毕设结构设计模型\BaseEventLoopServer\target\classes\libs\FileMapperLib\files
[16:04:38 WARN]: [FileMapperLib] can't find a default url in config
[16:04:38 WARN]: [FileMapperLib] using the default dir: C:\Users\headp\Desktop\毕设结构设计模型\BaseEventLoopServer\target\classes\libs\FileMapperLib\recycle
[16:04:38 WARN]: [FileMapperLib] can't find a default url in config
[16:04:38 WARN]: [FileMapperLib] using the default dir: C:\Users\headp\Desktop\毕设结构设计模型\BaseEventLoopServer\target\classes\libs\FileMapperLib\lock
[16:04:38 WARN]: [CONSOLE] loaded libs:
[16:04:38 INFO]: [CONSOLE] FileMapperLib
[16:04:38 INFO]: [CONSOLE] DatabaseLib
[16:04:38 INFO]: [NormalRouter] is loading
[16:04:38 INFO]: [CONSOLE] [PluginLoading][NormalRouter] has initialized! Spend 70ms
[16:04:38 INFO]: [CONSOLE] Success Loaded 1 Plugin Spend 74ms
[16:04:38 INFO]: [CONSOLE] server is initializing
[16:04:38 INFO]: [CONSOLE] server is initialized
[16:04:38 INFO]: [CONSOLE] launching.....
[16:04:39 INFO]: [CONSOLE] server is listening on /0:0:0:0:0:0:0:0:25565
[16:04:42 INFO]: [com.alibaba.druid.pool.DruidDataSource] {dataSource-1} inited
[16:04:45 INFO]: [CONSOLE] Security-IO is not enable...
[16:04:46 INFO]: [DatabaseLib] service is running
[16:04:46 INFO]: [DatabaseLib] initialized SqlSession success
[16:04:46 INFO]: [FileMapperLib] has loaded
[16:04:46 WARN]: [FileMapperLib] can't find a default url in config
[16:04:46 WARN]: [FileMapperLib] using the default dir: C:\Users\headp\Desktop\毕设结构设计模型\BaseEventLoopServer\target\classes\libs\FileMapperLib\files
[16:04:46 WARN]: [FileMapperLib] can't find a default url in config
[16:04:46 WARN]: [FileMapperLib] using the default dir: C:\Users\headp\Desktop\毕设结构设计模型\BaseEventLoopServer\target\classes\libs\FileMapperLib\recycle
[16:04:46 WARN]: [FileMapperLib] can't find a default url in config
[16:04:46 WARN]: [FileMapperLib] using the default dir: C:\Users\headp\Desktop\毕设结构设计模型\BaseEventLoopServer\target\classes\libs\FileMapperLib\lock
[16:04:46 WARN]: [CONSOLE] loaded libs:
[16:04:46 INFO]: [CONSOLE] FileMapperLib
[16:04:46 INFO]: [CONSOLE] DatabaseLib
[16:04:46 INFO]: [NormalRouter] is loading
[16:04:46 INFO]: [CONSOLE] [PluginLoading][NormalRouter] has initialized! Spend 90ms
[16:04:46 INFO]: [CONSOLE] Success Loaded 1 Plugin Spend 93ms
[16:04:46 INFO]: [CONSOLE] server is initializing
[16:04:46 INFO]: [CONSOLE] server is initialized
[16:04:46 INFO]: [CONSOLE] launching.....
[16:04:47 INFO]: [CONSOLE] server is listening on /0:0:0:0:0:0:0:0:25565
[16:36:55 INFO]: [CONSOLE] Security-IO is not enable...
[16:36:55 INFO]: [DatabaseLib] service is running
[16:36:55 INFO]: [DatabaseLib] initialized SqlSession success
[16:36:55 INFO]: [FileMapperLib] has loaded
[16:36:55 WARN]: [FileMapperLib] can't find a default url in config
[16:36:55 WARN]: [FileMapperLib] using the default dir: C:\Users\headp\Desktop\毕设结构设计模型\BaseEventLoopServer\target\classes\libs\FileMapperLib\files
[16:36:55 WARN]: [FileMapperLib] can't find a default url in config
[16:36:55 WARN]: [FileMapperLib] using the default dir: C:\Users\headp\Desktop\毕设结构设计模型\BaseEventLoopServer\target\classes\libs\FileMapperLib\recycle
[16:36:55 WARN]: [FileMapperLib] can't find a default url in config
[16:36:55 WARN]: [FileMapperLib] using the default dir: C:\Users\headp\Desktop\毕设结构设计模型\BaseEventLoopServer\target\classes\libs\FileMapperLib\lock
[16:36:55 WARN]: [CONSOLE] loaded libs:
[16:36:55 INFO]: [CONSOLE] FileMapperLib
[16:36:55 INFO]: [CONSOLE] DatabaseLib
[16:36:56 INFO]: [NormalRouter] is loading
[16:36:56 INFO]: [CONSOLE] [PluginLoading][NormalRouter] has initialized! Spend 83ms
[16:36:56 INFO]: [CONSOLE] Success Loaded 1 Plugin Spend 87ms
[16:36:56 INFO]: [CONSOLE] server is initializing
[16:36:56 INFO]: [CONSOLE] server is initialized
[16:36:56 INFO]: [CONSOLE] launching.....
[16:36:57 INFO]: [CONSOLE] server is listening on /0:0:0:0:0:0:0:0:25565
[16:36:58 INFO]: [com.alibaba.druid.pool.DruidDataSource] {dataSource-1} inited
[16:37:38 INFO]: [CONSOLE] Security-IO is not enable...
[16:37:38 INFO]: [DatabaseLib] service is running
[16:37:38 INFO]: [DatabaseLib] initialized SqlSession success
[16:37:39 INFO]: [FileMapperLib] has loaded
[16:37:39 WARN]: [FileMapperLib] can't find a default url in config
[16:37:39 WARN]: [FileMapperLib] using the default dir: C:\Users\headp\Desktop\毕设结构设计模型\BaseEventLoopServer\target\classes\libs\FileMapperLib\files
[16:37:39 WARN]: [FileMapperLib] can't find a default url in config
[16:37:39 WARN]: [FileMapperLib] using the default dir: C:\Users\headp\Desktop\毕设结构设计模型\BaseEventLoopServer\target\classes\libs\FileMapperLib\recycle
[16:37:39 WARN]: [FileMapperLib] can't find a default url in config
[16:37:39 WARN]: [FileMapperLib] using the default dir: C:\Users\headp\Desktop\毕设结构设计模型\BaseEventLoopServer\target\classes\libs\FileMapperLib\lock
[16:37:39 WARN]: [CONSOLE] loaded libs:
[16:37:39 INFO]: [CONSOLE] FileMapperLib
[16:37:39 INFO]: [CONSOLE] DatabaseLib
[16:37:39 INFO]: [NormalRouter] is loading
[16:37:39 INFO]: [CONSOLE] [PluginLoading][NormalRouter] has initialized! Spend 120ms
[16:37:39 INFO]: [CONSOLE] Success Loaded 1 Plugin Spend 124ms
[16:37:39 INFO]: [CONSOLE] server is initializing
[16:37:39 INFO]: [CONSOLE] server is initialized
[16:37:39 INFO]: [CONSOLE] launching.....
[16:37:40 INFO]: [CONSOLE] server is listening on /0:0:0:0:0:0:0:0:25565
[16:37:41 INFO]: [com.alibaba.druid.pool.DruidDataSource] {dataSource-1} inited
[16:37:46 WARN]: [CONSOLE] 控制管道：C3F54C13-6A86-68D0-6654-8264F93F32FF，建立中...
[16:38:37 WARN]: [CONSOLE] 控制管道：C3F54C13-6A86-68D0-6654-8264F93F32FF，建立中...
[16:38:38 INFO]: [CONSOLE] Security-IO is not enable...
[16:38:38 INFO]: [DatabaseLib] service is running
[16:38:38 INFO]: [DatabaseLib] initialized SqlSession success
[16:38:38 INFO]: [FileMapperLib] has loaded
[16:38:38 WARN]: [FileMapperLib] can't find a default url in config
[16:38:38 WARN]: [FileMapperLib] using the default dir: C:\Users\headp\Desktop\毕设结构设计模型\BaseEventLoopServer\target\classes\libs\FileMapperLib\files
[16:38:38 WARN]: [FileMapperLib] can't find a default url in config
[16:38:38 WARN]: [FileMapperLib] using the default dir: C:\Users\headp\Desktop\毕设结构设计模型\BaseEventLoopServer\target\classes\libs\FileMapperLib\recycle
[16:38:38 WARN]: [FileMapperLib] can't find a default url in config
[16:38:38 WARN]: [FileMapperLib] using the default dir: C:\Users\headp\Desktop\毕设结构设计模型\BaseEventLoopServer\target\classes\libs\FileMapperLib\lock
[16:38:38 WARN]: [CONSOLE] loaded libs:
[16:38:38 INFO]: [CONSOLE] FileMapperLib
[16:38:38 INFO]: [CONSOLE] DatabaseLib
[16:38:38 INFO]: [NormalRouter] is loading
[16:38:38 INFO]: [CONSOLE] [PluginLoading][NormalRouter] has initialized! Spend 112ms
[16:38:38 INFO]: [CONSOLE] Success Loaded 1 Plugin Spend 116ms
[16:38:38 INFO]: [CONSOLE] server is initializing
[16:38:39 INFO]: [CONSOLE] server is initialized
[16:38:39 INFO]: [CONSOLE] launching.....
[16:38:40 INFO]: [CONSOLE] server is listening on /0:0:0:0:0:0:0:0:25565
[16:38:40 WARN]: [CONSOLE] 控制管道：C3F54C13-6A86-68D0-6654-8264F93F32FF，建立中...
[16:42:15 INFO]: [CONSOLE] Security-IO is not enable...
[16:42:15 INFO]: [DatabaseLib] service is running
[16:42:15 INFO]: [DatabaseLib] initialized SqlSession success
[16:42:15 INFO]: [FileMapperLib] has loaded
[16:42:15 WARN]: [FileMapperLib] can't find a default url in config
[16:42:15 WARN]: [FileMapperLib] using the default dir: C:\Users\headp\Desktop\毕设结构设计模型\BaseEventLoopServer\target\classes\libs\FileMapperLib\files
[16:42:15 WARN]: [FileMapperLib] can't find a default url in config
[16:42:15 WARN]: [FileMapperLib] using the default dir: C:\Users\headp\Desktop\毕设结构设计模型\BaseEventLoopServer\target\classes\libs\FileMapperLib\recycle
[16:42:15 WARN]: [FileMapperLib] can't find a default url in config
[16:42:15 WARN]: [FileMapperLib] using the default dir: C:\Users\headp\Desktop\毕设结构设计模型\BaseEventLoopServer\target\classes\libs\FileMapperLib\lock
[16:42:15 WARN]: [CONSOLE] loaded libs:
[16:42:15 INFO]: [CONSOLE] FileMapperLib
[16:42:15 INFO]: [CONSOLE] DatabaseLib
[16:42:15 INFO]: [NormalRouter] is loading
[16:42:15 INFO]: [CONSOLE] [PluginLoading][NormalRouter] has initialized! Spend 71ms
[16:42:15 INFO]: [CONSOLE] Success Loaded 1 Plugin Spend 73ms
[16:42:15 INFO]: [CONSOLE] server is initializing
[16:42:15 INFO]: [CONSOLE] server is initialized
[16:42:15 INFO]: [CONSOLE] launching.....
[16:42:16 INFO]: [CONSOLE] server is listening on /0:0:0:0:0:0:0:0:25565
[16:42:17 WARN]: [CONSOLE] 控制管道：C3F54C13-6A86-68D0-6654-8264F93F32FF，建立中...
[16:42:50 WARN]: [CONSOLE] 控制管道：C3F54C13-6A86-68D0-6654-8264F93F32FF，建立中...
[16:43:02 INFO]: [CONSOLE] Security-IO is not enable...
[16:43:02 INFO]: [DatabaseLib] service is running
[16:43:02 INFO]: [DatabaseLib] initialized SqlSession success
[16:43:02 INFO]: [FileMapperLib] has loaded
[16:43:02 WARN]: [FileMapperLib] can't find a default url in config
[16:43:02 WARN]: [FileMapperLib] using the default dir: C:\Users\headp\Desktop\毕设结构设计模型\BaseEventLoopServer\target\classes\libs\FileMapperLib\files
[16:43:02 WARN]: [FileMapperLib] can't find a default url in config
[16:43:02 WARN]: [FileMapperLib] using the default dir: C:\Users\headp\Desktop\毕设结构设计模型\BaseEventLoopServer\target\classes\libs\FileMapperLib\recycle
[16:43:02 WARN]: [FileMapperLib] can't find a default url in config
[16:43:02 WARN]: [FileMapperLib] using the default dir: C:\Users\headp\Desktop\毕设结构设计模型\BaseEventLoopServer\target\classes\libs\FileMapperLib\lock
[16:43:02 WARN]: [CONSOLE] loaded libs:
[16:43:02 INFO]: [CONSOLE] FileMapperLib
[16:43:02 INFO]: [CONSOLE] DatabaseLib
[16:43:02 INFO]: [NormalRouter] is loading
[16:43:02 INFO]: [CONSOLE] [PluginLoading][NormalRouter] has initialized! Spend 69ms
[16:43:02 INFO]: [CONSOLE] Success Loaded 1 Plugin Spend 72ms
[16:43:02 INFO]: [CONSOLE] server is initializing
[16:43:02 INFO]: [CONSOLE] server is initialized
[16:43:02 INFO]: [CONSOLE] launching.....
[16:43:03 INFO]: [CONSOLE] server is listening on /0:0:0:0:0:0:0:0:25565
[16:43:39 INFO]: [CONSOLE] Security-IO is not enable...
[16:43:40 INFO]: [DatabaseLib] service is running
[16:43:40 INFO]: [DatabaseLib] initialized SqlSession success
[16:43:40 INFO]: [FileMapperLib] has loaded
[16:43:40 WARN]: [FileMapperLib] can't find a default url in config
[16:43:40 WARN]: [FileMapperLib] using the default dir: C:\Users\headp\Desktop\毕设结构设计模型\BaseEventLoopServer\target\classes\libs\FileMapperLib\files
[16:43:40 WARN]: [FileMapperLib] can't find a default url in config
[16:43:40 WARN]: [FileMapperLib] using the default dir: C:\Users\headp\Desktop\毕设结构设计模型\BaseEventLoopServer\target\classes\libs\FileMapperLib\recycle
[16:43:40 WARN]: [FileMapperLib] can't find a default url in config
[16:43:40 WARN]: [FileMapperLib] using the default dir: C:\Users\headp\Desktop\毕设结构设计模型\BaseEventLoopServer\target\classes\libs\FileMapperLib\lock
[16:43:40 WARN]: [CONSOLE] loaded libs:
[16:43:40 INFO]: [CONSOLE] FileMapperLib
[16:43:40 INFO]: [CONSOLE] DatabaseLib
[16:43:40 INFO]: [NormalRouter] is loading
[16:43:40 INFO]: [CONSOLE] [PluginLoading][NormalRouter] has initialized! Spend 73ms
[16:43:40 INFO]: [CONSOLE] Success Loaded 1 Plugin Spend 76ms
[16:43:40 INFO]: [CONSOLE] server is initializing
[16:43:40 INFO]: [CONSOLE] server is initialized
[16:43:40 INFO]: [CONSOLE] launching.....
[16:43:41 INFO]: [CONSOLE] server is listening on /0:0:0:0:0:0:0:0:25565
[16:44:51 INFO]: [CONSOLE] Security-IO is not enable...
[16:44:51 INFO]: [DatabaseLib] service is running
[16:44:51 INFO]: [DatabaseLib] initialized SqlSession success
[16:44:51 INFO]: [FileMapperLib] has loaded
[16:44:51 WARN]: [FileMapperLib] can't find a default url in config
[16:44:51 WARN]: [FileMapperLib] using the default dir: C:\Users\headp\Desktop\毕设结构设计模型\BaseEventLoopServer\target\classes\libs\FileMapperLib\files
[16:44:51 WARN]: [FileMapperLib] can't find a default url in config
[16:44:51 WARN]: [FileMapperLib] using the default dir: C:\Users\headp\Desktop\毕设结构设计模型\BaseEventLoopServer\target\classes\libs\FileMapperLib\recycle
[16:44:51 WARN]: [FileMapperLib] can't find a default url in config
[16:44:51 WARN]: [FileMapperLib] using the default dir: C:\Users\headp\Desktop\毕设结构设计模型\BaseEventLoopServer\target\classes\libs\FileMapperLib\lock
[16:44:51 WARN]: [CONSOLE] loaded libs:
[16:44:51 INFO]: [CONSOLE] FileMapperLib
[16:44:51 INFO]: [CONSOLE] DatabaseLib
[16:44:51 INFO]: [NormalRouter] is loading
[16:44:51 INFO]: [CONSOLE] [PluginLoading][NormalRouter] has initialized! Spend 87ms
[16:44:51 INFO]: [CONSOLE] Success Loaded 1 Plugin Spend 91ms
[16:44:51 INFO]: [CONSOLE] server is initializing
[16:44:52 INFO]: [CONSOLE] server is initialized
[16:44:52 INFO]: [CONSOLE] launching.....
[16:44:52 INFO]: [CONSOLE] server is listening on /0:0:0:0:0:0:0:0:25565
[16:45:13 WARN]: [CONSOLE] 控制管道：3387A6C2-8427-89B0-C974-85478DE3266D，建立中...
[16:45:58 INFO]: [CONSOLE] Security-IO is not enable...
[16:45:58 INFO]: [DatabaseLib] service is running
[16:45:58 INFO]: [DatabaseLib] initialized SqlSession success
[16:45:58 INFO]: [FileMapperLib] has loaded
[16:45:58 WARN]: [FileMapperLib] can't find a default url in config
[16:45:58 WARN]: [FileMapperLib] using the default dir: C:\Users\headp\Desktop\毕设结构设计模型\BaseEventLoopServer\target\classes\libs\FileMapperLib\files
[16:45:58 WARN]: [FileMapperLib] can't find a default url in config
[16:45:58 WARN]: [FileMapperLib] using the default dir: C:\Users\headp\Desktop\毕设结构设计模型\BaseEventLoopServer\target\classes\libs\FileMapperLib\recycle
[16:45:58 WARN]: [FileMapperLib] can't find a default url in config
[16:45:58 WARN]: [FileMapperLib] using the default dir: C:\Users\headp\Desktop\毕设结构设计模型\BaseEventLoopServer\target\classes\libs\FileMapperLib\lock
[16:45:58 WARN]: [CONSOLE] loaded libs:
[16:45:58 INFO]: [CONSOLE] FileMapperLib
[16:45:58 INFO]: [CONSOLE] DatabaseLib
[16:45:58 INFO]: [NormalRouter] is loading
[16:45:58 INFO]: [CONSOLE] [PluginLoading][NormalRouter] has initialized! Spend 78ms
[16:45:58 INFO]: [CONSOLE] Success Loaded 1 Plugin Spend 82ms
[16:45:58 INFO]: [CONSOLE] server is initializing
[16:45:59 INFO]: [CONSOLE] server is initialized
[16:45:59 INFO]: [CONSOLE] launching.....
[16:45:59 INFO]: [CONSOLE] server is listening on /0:0:0:0:0:0:0:0:25565
[16:46:07 WARN]: [CONSOLE] 控制管道：3387A6C2-8427-89B0-C974-85478DE3266D，建立中...
[16:46:16 INFO]: [CONSOLE] Security-IO is not enable...
[16:46:16 INFO]: [DatabaseLib] service is running
[16:46:16 INFO]: [DatabaseLib] initialized SqlSession success
[16:46:16 INFO]: [FileMapperLib] has loaded
[16:46:16 WARN]: [FileMapperLib] can't find a default url in config
[16:46:16 WARN]: [FileMapperLib] using the default dir: C:\Users\headp\Desktop\毕设结构设计模型\BaseEventLoopServer\target\classes\libs\FileMapperLib\files
[16:46:16 WARN]: [FileMapperLib] can't find a default url in config
[16:46:16 WARN]: [FileMapperLib] using the default dir: C:\Users\headp\Desktop\毕设结构设计模型\BaseEventLoopServer\target\classes\libs\FileMapperLib\recycle
[16:46:16 WARN]: [FileMapperLib] can't find a default url in config
[16:46:16 WARN]: [FileMapperLib] using the default dir: C:\Users\headp\Desktop\毕设结构设计模型\BaseEventLoopServer\target\classes\libs\FileMapperLib\lock
[16:46:16 WARN]: [CONSOLE] loaded libs:
[16:46:16 INFO]: [CONSOLE] FileMapperLib
[16:46:16 INFO]: [CONSOLE] DatabaseLib
[16:46:16 INFO]: [NormalRouter] is loading
[16:46:16 INFO]: [CONSOLE] [PluginLoading][NormalRouter] has initialized! Spend 84ms
[16:46:16 INFO]: [CONSOLE] Success Loaded 1 Plugin Spend 88ms
[16:46:16 INFO]: [CONSOLE] server is initializing
[16:46:16 INFO]: [CONSOLE] server is initialized
[16:46:16 INFO]: [CONSOLE] launching.....
[16:46:17 INFO]: [CONSOLE] server is listening on /0:0:0:0:0:0:0:0:25565
[16:46:21 WARN]: [CONSOLE] 控制管道：3387A6C2-8427-89B0-C974-85478DE3266D，建立中...
[16:47:22 INFO]: [CONSOLE] Security-IO is not enable...
[16:47:22 INFO]: [DatabaseLib] service is running
[16:47:22 INFO]: [DatabaseLib] initialized SqlSession success
[16:47:22 INFO]: [FileMapperLib] has loaded
[16:47:22 WARN]: [FileMapperLib] can't find a default url in config
[16:47:22 WARN]: [FileMapperLib] using the default dir: C:\Users\headp\Desktop\毕设结构设计模型\BaseEventLoopServer\target\classes\libs\FileMapperLib\files
[16:47:22 WARN]: [FileMapperLib] can't find a default url in config
[16:47:22 WARN]: [FileMapperLib] using the default dir: C:\Users\headp\Desktop\毕设结构设计模型\BaseEventLoopServer\target\classes\libs\FileMapperLib\recycle
[16:47:22 WARN]: [FileMapperLib] can't find a default url in config
[16:47:22 WARN]: [FileMapperLib] using the default dir: C:\Users\headp\Desktop\毕设结构设计模型\BaseEventLoopServer\target\classes\libs\FileMapperLib\lock
[16:47:22 WARN]: [CONSOLE] loaded libs:
[16:47:22 INFO]: [CONSOLE] FileMapperLib
[16:47:22 INFO]: [CONSOLE] DatabaseLib
[16:47:22 INFO]: [NormalRouter] is loading
[16:47:22 INFO]: [CONSOLE] [PluginLoading][NormalRouter] has initialized! Spend 69ms
[16:47:22 INFO]: [CONSOLE] Success Loaded 1 Plugin Spend 71ms
[16:47:22 INFO]: [CONSOLE] server is initializing
[16:47:23 INFO]: [CONSOLE] server is initialized
[16:47:23 INFO]: [CONSOLE] launching.....
[16:47:24 INFO]: [CONSOLE] server is listening on /0:0:0:0:0:0:0:0:25565
[16:47:25 INFO]: [com.alibaba.druid.pool.DruidDataSource] {dataSource-1} inited
[16:47:28 WARN]: [CONSOLE] 控制管道：5782E64E-1F9A-4B57-7B5C-1430216F7702，建立中...
[16:48:58 INFO]: [CONSOLE] Security-IO is not enable...
[16:48:58 INFO]: [DatabaseLib] service is running
[16:48:58 INFO]: [DatabaseLib] initialized SqlSession success
[16:48:58 INFO]: [FileMapperLib] has loaded
[16:48:58 WARN]: [FileMapperLib] can't find a default url in config
[16:48:58 WARN]: [FileMapperLib] using the default dir: C:\Users\headp\Desktop\毕设结构设计模型\BaseEventLoopServer\target\classes\libs\FileMapperLib\files
[16:48:58 WARN]: [FileMapperLib] can't find a default url in config
[16:48:58 WARN]: [FileMapperLib] using the default dir: C:\Users\headp\Desktop\毕设结构设计模型\BaseEventLoopServer\target\classes\libs\FileMapperLib\recycle
[16:48:58 WARN]: [FileMapperLib] can't find a default url in config
[16:48:58 WARN]: [FileMapperLib] using the default dir: C:\Users\headp\Desktop\毕设结构设计模型\BaseEventLoopServer\target\classes\libs\FileMapperLib\lock
[16:48:58 WARN]: [CONSOLE] loaded libs:
[16:48:58 INFO]: [CONSOLE] FileMapperLib
[16:48:58 INFO]: [CONSOLE] DatabaseLib
[16:48:58 INFO]: [NormalRouter] is loading
[16:48:58 INFO]: [CONSOLE] [PluginLoading][NormalRouter] has initialized! Spend 95ms
[16:48:58 INFO]: [CONSOLE] Success Loaded 1 Plugin Spend 98ms
[16:48:58 INFO]: [CONSOLE] server is initializing
[16:48:59 INFO]: [CONSOLE] server is initialized
[16:48:59 INFO]: [CONSOLE] launching.....
[16:49:00 INFO]: [CONSOLE] server is listening on /0:0:0:0:0:0:0:0:25565
[16:49:00 INFO]: [com.alibaba.druid.pool.DruidDataSource] {dataSource-1} inited
[16:49:07 WARN]: [CONSOLE] 控制管道：8AE1532B-A5ED-7D80-ADD5-71D1D0C1A924，建立中...
[16:49:55 INFO]: [CONSOLE] Security-IO is not enable...
[16:49:55 INFO]: [DatabaseLib] service is running
[16:49:55 INFO]: [DatabaseLib] initialized SqlSession success
[16:49:55 INFO]: [FileMapperLib] has loaded
[16:49:55 WARN]: [FileMapperLib] can't find a default url in config
[16:49:55 WARN]: [FileMapperLib] using the default dir: C:\Users\headp\Desktop\毕设结构设计模型\BaseEventLoopServer\target\classes\libs\FileMapperLib\files
[16:49:55 WARN]: [FileMapperLib] can't find a default url in config
[16:49:55 WARN]: [FileMapperLib] using the default dir: C:\Users\headp\Desktop\毕设结构设计模型\BaseEventLoopServer\target\classes\libs\FileMapperLib\recycle
[16:49:55 WARN]: [FileMapperLib] can't find a default url in config
[16:49:55 WARN]: [FileMapperLib] using the default dir: C:\Users\headp\Desktop\毕设结构设计模型\BaseEventLoopServer\target\classes\libs\FileMapperLib\lock
[16:49:55 WARN]: [CONSOLE] loaded libs:
[16:49:55 INFO]: [CONSOLE] FileMapperLib
[16:49:55 INFO]: [CONSOLE] DatabaseLib
[16:49:55 INFO]: [NormalRouter] is loading
[16:49:55 INFO]: [CONSOLE] [PluginLoading][NormalRouter] has initialized! Spend 105ms
[16:49:55 INFO]: [CONSOLE] Success Loaded 1 Plugin Spend 108ms
[16:49:55 INFO]: [CONSOLE] server is initializing
[16:49:55 INFO]: [CONSOLE] server is initialized
[16:49:55 INFO]: [CONSOLE] launching.....
[16:49:56 INFO]: [CONSOLE] server is listening on /0:0:0:0:0:0:0:0:25565
[16:49:57 WARN]: [CONSOLE] 控制管道：8AE1532B-A5ED-7D80-ADD5-71D1D0C1A924，建立中...
[16:50:01 INFO]: [com.alibaba.druid.pool.DruidDataSource] {dataSource-1} inited
[16:52:27 INFO]: [CONSOLE] Security-IO is not enable...
[16:52:27 INFO]: [DatabaseLib] service is running
[16:52:27 INFO]: [DatabaseLib] initialized SqlSession success
[16:52:27 INFO]: [FileMapperLib] has loaded
[16:52:27 WARN]: [FileMapperLib] can't find a default url in config
[16:52:27 WARN]: [FileMapperLib] using the default dir: C:\Users\headp\Desktop\毕设结构设计模型\BaseEventLoopServer\target\classes\libs\FileMapperLib\files
[16:52:27 WARN]: [FileMapperLib] can't find a default url in config
[16:52:27 WARN]: [FileMapperLib] using the default dir: C:\Users\headp\Desktop\毕设结构设计模型\BaseEventLoopServer\target\classes\libs\FileMapperLib\recycle
[16:52:27 WARN]: [FileMapperLib] can't find a default url in config
[16:52:27 WARN]: [FileMapperLib] using the default dir: C:\Users\headp\Desktop\毕设结构设计模型\BaseEventLoopServer\target\classes\libs\FileMapperLib\lock
[16:52:27 WARN]: [CONSOLE] loaded libs:
[16:52:27 INFO]: [CONSOLE] FileMapperLib
[16:52:27 INFO]: [CONSOLE] DatabaseLib
[16:52:27 INFO]: [NormalRouter] is loading
[16:52:27 INFO]: [CONSOLE] [PluginLoading][NormalRouter] has initialized! Spend 87ms
[16:52:27 INFO]: [CONSOLE] Success Loaded 1 Plugin Spend 90ms
[16:52:27 INFO]: [CONSOLE] server is initializing
[16:52:28 INFO]: [CONSOLE] server is initialized
[16:52:28 INFO]: [CONSOLE] launching.....
[16:52:29 INFO]: [CONSOLE] server is listening on /0:0:0:0:0:0:0:0:25565
[16:52:32 INFO]: [com.alibaba.druid.pool.DruidDataSource] {dataSource-1} inited
[16:54:20 WARN]: [CONSOLE] 控制管道：7FF9290D-B124-D55A-722F-B95C25BB54E2，建立中...
[16:55:47 INFO]: [CONSOLE] Security-IO is not enable...
[16:55:47 INFO]: [DatabaseLib] service is running
[16:55:47 INFO]: [DatabaseLib] initialized SqlSession success
[16:55:47 INFO]: [FileMapperLib] has loaded
[16:55:47 WARN]: [FileMapperLib] can't find a default url in config
[16:55:47 WARN]: [FileMapperLib] using the default dir: C:\Users\headp\Desktop\毕设结构设计模型\BaseEventLoopServer\target\classes\libs\FileMapperLib\files
[16:55:47 WARN]: [FileMapperLib] can't find a default url in config
[16:55:47 WARN]: [FileMapperLib] using the default dir: C:\Users\headp\Desktop\毕设结构设计模型\BaseEventLoopServer\target\classes\libs\FileMapperLib\recycle
[16:55:47 WARN]: [FileMapperLib] can't find a default url in config
[16:55:47 WARN]: [FileMapperLib] using the default dir: C:\Users\headp\Desktop\毕设结构设计模型\BaseEventLoopServer\target\classes\libs\FileMapperLib\lock
[16:55:47 WARN]: [CONSOLE] loaded libs:
[16:55:47 INFO]: [CONSOLE] FileMapperLib
[16:55:47 INFO]: [CONSOLE] DatabaseLib
[16:55:47 INFO]: [NormalRouter] is loading
[16:55:47 INFO]: [CONSOLE] [PluginLoading][NormalRouter] has initialized! Spend 69ms
[16:55:47 INFO]: [CONSOLE] Success Loaded 1 Plugin Spend 72ms
[16:55:47 INFO]: [CONSOLE] server is initializing
[16:55:48 INFO]: [CONSOLE] server is initialized
[16:55:48 INFO]: [CONSOLE] launching.....
[16:55:48 INFO]: [CONSOLE] server is listening on /0:0:0:0:0:0:0:0:25565
[16:55:55 INFO]: [com.alibaba.druid.pool.DruidDataSource] {dataSource-1} inited
[16:56:14 INFO]: [CONSOLE] Security-IO is not enable...
[16:56:14 INFO]: [DatabaseLib] service is running
[16:56:14 INFO]: [DatabaseLib] initialized SqlSession success
[16:56:14 INFO]: [FileMapperLib] has loaded
[16:56:14 WARN]: [FileMapperLib] can't find a default url in config
[16:56:14 WARN]: [FileMapperLib] using the default dir: C:\Users\headp\Desktop\毕设结构设计模型\BaseEventLoopServer\target\classes\libs\FileMapperLib\files
[16:56:14 WARN]: [FileMapperLib] can't find a default url in config
[16:56:14 WARN]: [FileMapperLib] using the default dir: C:\Users\headp\Desktop\毕设结构设计模型\BaseEventLoopServer\target\classes\libs\FileMapperLib\recycle
[16:56:14 WARN]: [FileMapperLib] can't find a default url in config
[16:56:14 WARN]: [FileMapperLib] using the default dir: C:\Users\headp\Desktop\毕设结构设计模型\BaseEventLoopServer\target\classes\libs\FileMapperLib\lock
[16:56:14 WARN]: [CONSOLE] loaded libs:
[16:56:14 INFO]: [CONSOLE] FileMapperLib
[16:56:14 INFO]: [CONSOLE] DatabaseLib
[16:56:14 INFO]: [NormalRouter] is loading
[16:56:14 INFO]: [CONSOLE] [PluginLoading][NormalRouter] has initialized! Spend 73ms
[16:56:14 INFO]: [CONSOLE] Success Loaded 1 Plugin Spend 75ms
[16:56:14 INFO]: [CONSOLE] server is initializing
[16:56:15 INFO]: [CONSOLE] server is initialized
[16:56:15 INFO]: [CONSOLE] launching.....
[16:56:16 INFO]: [CONSOLE] server is listening on /0:0:0:0:0:0:0:0:25565
[16:56:26 INFO]: [com.alibaba.druid.pool.DruidDataSource] {dataSource-1} inited
[16:56:30 WARN]: [CONSOLE] 控制管道：5CAFDDD1-6983-4217-1359-4AC4C57134A0，建立中...
[16:58:32 INFO]: [CONSOLE] Security-IO is not enable...
[16:58:32 INFO]: [DatabaseLib] service is running
[16:58:32 INFO]: [DatabaseLib] initialized SqlSession success
[16:58:32 INFO]: [FileMapperLib] has loaded
[16:58:32 WARN]: [FileMapperLib] can't find a default url in config
[16:58:32 WARN]: [FileMapperLib] using the default dir: C:\Users\headp\Desktop\毕设结构设计模型\BaseEventLoopServer\target\classes\libs\FileMapperLib\files
[16:58:32 WARN]: [FileMapperLib] can't find a default url in config
[16:58:32 WARN]: [FileMapperLib] using the default dir: C:\Users\headp\Desktop\毕设结构设计模型\BaseEventLoopServer\target\classes\libs\FileMapperLib\recycle
[16:58:32 WARN]: [FileMapperLib] can't find a default url in config
[16:58:32 WARN]: [FileMapperLib] using the default dir: C:\Users\headp\Desktop\毕设结构设计模型\BaseEventLoopServer\target\classes\libs\FileMapperLib\lock
[16:58:32 WARN]: [CONSOLE] loaded libs:
[16:58:32 INFO]: [CONSOLE] FileMapperLib
[16:58:32 INFO]: [CONSOLE] DatabaseLib
[16:58:32 INFO]: [NormalRouter] is loading
[16:58:32 INFO]: [CONSOLE] [PluginLoading][NormalRouter] has initialized! Spend 87ms
[16:58:32 INFO]: [CONSOLE] Success Loaded 1 Plugin Spend 92ms
[16:58:32 INFO]: [CONSOLE] server is initializing
[16:58:33 INFO]: [CONSOLE] server is initialized
[16:58:33 INFO]: [CONSOLE] launching.....
[16:58:34 INFO]: [CONSOLE] server is listening on /0:0:0:0:0:0:0:0:25565
[16:58:55 INFO]: [com.alibaba.druid.pool.DruidDataSource] {dataSource-1} inited
[16:59:07 WARN]: [CONSOLE] 控制管道：F37E09A2-90D6-5ABD-01C5-0D5A6B0FDDA2，建立中...
[17:00:36 INFO]: [CONSOLE] Security-IO is not enable...
[17:00:36 INFO]: [DatabaseLib] service is running
[17:00:36 INFO]: [DatabaseLib] initialized SqlSession success
[17:00:36 INFO]: [FileMapperLib] has loaded
[17:00:36 WARN]: [FileMapperLib] can't find a default url in config
[17:00:36 WARN]: [FileMapperLib] using the default dir: C:\Users\headp\Desktop\毕设结构设计模型\BaseEventLoopServer\target\classes\libs\FileMapperLib\files
[17:00:36 WARN]: [FileMapperLib] can't find a default url in config
[17:00:36 WARN]: [FileMapperLib] using the default dir: C:\Users\headp\Desktop\毕设结构设计模型\BaseEventLoopServer\target\classes\libs\FileMapperLib\recycle
[17:00:36 WARN]: [FileMapperLib] can't find a default url in config
[17:00:36 WARN]: [FileMapperLib] using the default dir: C:\Users\headp\Desktop\毕设结构设计模型\BaseEventLoopServer\target\classes\libs\FileMapperLib\lock
[17:00:36 WARN]: [CONSOLE] loaded libs:
[17:00:36 INFO]: [CONSOLE] FileMapperLib
[17:00:36 INFO]: [CONSOLE] DatabaseLib
[17:00:36 INFO]: [NormalRouter] is loading
[17:00:36 INFO]: [CONSOLE] [PluginLoading][NormalRouter] has initialized! Spend 75ms
[17:00:36 INFO]: [CONSOLE] Success Loaded 1 Plugin Spend 78ms
[17:00:36 INFO]: [CONSOLE] server is initializing
[17:00:36 INFO]: [CONSOLE] server is initialized
[17:00:36 INFO]: [CONSOLE] launching.....
[17:00:37 INFO]: [CONSOLE] server is listening on /0:0:0:0:0:0:0:0:25565
[17:00:51 INFO]: [com.alibaba.druid.pool.DruidDataSource] {dataSource-1} inited
[17:00:55 WARN]: [CONSOLE] 控制管道：4C6EDD5A-A525-F1D0-BBF9-5AFEA8D2EDA4，建立中...
[17:02:49 INFO]: [CONSOLE] Security-IO is not enable...
[17:02:49 INFO]: [DatabaseLib] service is running
[17:02:49 INFO]: [DatabaseLib] initialized SqlSession success
[17:02:49 INFO]: [FileMapperLib] has loaded
[17:02:49 WARN]: [FileMapperLib] can't find a default url in config
[17:02:49 WARN]: [FileMapperLib] using the default dir: C:\Users\headp\Desktop\毕设结构设计模型\BaseEventLoopServer\target\classes\libs\FileMapperLib\files
[17:02:49 WARN]: [FileMapperLib] can't find a default url in config
[17:02:49 WARN]: [FileMapperLib] using the default dir: C:\Users\headp\Desktop\毕设结构设计模型\BaseEventLoopServer\target\classes\libs\FileMapperLib\recycle
[17:02:49 WARN]: [FileMapperLib] can't find a default url in config
[17:02:49 WARN]: [FileMapperLib] using the default dir: C:\Users\headp\Desktop\毕设结构设计模型\BaseEventLoopServer\target\classes\libs\FileMapperLib\lock
[17:02:49 WARN]: [CONSOLE] loaded libs:
[17:02:49 INFO]: [CONSOLE] FileMapperLib
[17:02:49 INFO]: [CONSOLE] DatabaseLib
[17:02:49 INFO]: [NormalRouter] is loading
[17:02:50 INFO]: [CONSOLE] [PluginLoading][NormalRouter] has initialized! Spend 93ms
[17:02:50 INFO]: [CONSOLE] Success Loaded 1 Plugin Spend 97ms
[17:02:50 INFO]: [CONSOLE] server is initializing
[17:02:50 INFO]: [CONSOLE] server is initialized
[17:02:50 INFO]: [CONSOLE] launching.....
[17:02:51 INFO]: [CONSOLE] server is listening on /0:0:0:0:0:0:0:0:25565
[17:02:51 INFO]: [com.alibaba.druid.pool.DruidDataSource] {dataSource-1} inited
[17:03:09 WARN]: [CONSOLE] 控制管道：5F8BC2DE-A219-FF79-E445-B59F0B104CE6，建立中...
[17:03:36 INFO]: [CONSOLE] Security-IO is not enable...
[17:03:36 INFO]: [DatabaseLib] service is running
[17:03:36 INFO]: [DatabaseLib] initialized SqlSession success
[17:03:36 INFO]: [FileMapperLib] has loaded
[17:03:36 WARN]: [FileMapperLib] can't find a default url in config
[17:03:36 WARN]: [FileMapperLib] using the default dir: C:\Users\headp\Desktop\毕设结构设计模型\BaseEventLoopServer\target\classes\libs\FileMapperLib\files
[17:03:36 WARN]: [FileMapperLib] can't find a default url in config
[17:03:36 WARN]: [FileMapperLib] using the default dir: C:\Users\headp\Desktop\毕设结构设计模型\BaseEventLoopServer\target\classes\libs\FileMapperLib\recycle
[17:03:36 WARN]: [FileMapperLib] can't find a default url in config
[17:03:36 WARN]: [FileMapperLib] using the default dir: C:\Users\headp\Desktop\毕设结构设计模型\BaseEventLoopServer\target\classes\libs\FileMapperLib\lock
[17:03:36 WARN]: [CONSOLE] loaded libs:
[17:03:36 INFO]: [CONSOLE] FileMapperLib
[17:03:36 INFO]: [CONSOLE] DatabaseLib
[17:03:36 INFO]: [NormalRouter] is loading
[17:03:37 INFO]: [CONSOLE] [PluginLoading][NormalRouter] has initialized! Spend 91ms
[17:03:37 INFO]: [CONSOLE] Success Loaded 1 Plugin Spend 94ms
[17:03:37 INFO]: [CONSOLE] server is initializing
[17:03:37 INFO]: [CONSOLE] server is initialized
[17:03:37 INFO]: [CONSOLE] launching.....
[17:03:38 INFO]: [CONSOLE] server is listening on /0:0:0:0:0:0:0:0:25565
[17:04:07 INFO]: [com.alibaba.druid.pool.DruidDataSource] {dataSource-1} inited
[17:04:33 WARN]: [CONSOLE] 控制管道：AE946AF5-0C4A-5013-639E-3264A3140435，建立中...
[17:05:54 INFO]: [CONSOLE] Security-IO is not enable...
[17:05:54 INFO]: [DatabaseLib] service is running
[17:05:54 INFO]: [DatabaseLib] initialized SqlSession success
[17:05:54 INFO]: [FileMapperLib] has loaded
[17:05:54 WARN]: [FileMapperLib] can't find a default url in config
[17:05:54 WARN]: [FileMapperLib] using the default dir: C:\Users\headp\Desktop\毕设结构设计模型\BaseEventLoopServer\target\classes\libs\FileMapperLib\files
[17:05:54 WARN]: [FileMapperLib] can't find a default url in config
[17:05:54 WARN]: [FileMapperLib] using the default dir: C:\Users\headp\Desktop\毕设结构设计模型\BaseEventLoopServer\target\classes\libs\FileMapperLib\recycle
[17:05:54 WARN]: [FileMapperLib] can't find a default url in config
[17:05:54 WARN]: [FileMapperLib] using the default dir: C:\Users\headp\Desktop\毕设结构设计模型\BaseEventLoopServer\target\classes\libs\FileMapperLib\lock
[17:05:54 WARN]: [CONSOLE] loaded libs:
[17:05:54 INFO]: [CONSOLE] FileMapperLib
[17:05:54 INFO]: [CONSOLE] DatabaseLib
[17:05:54 INFO]: [NormalRouter] is loading
[17:05:54 INFO]: [CONSOLE] [PluginLoading][NormalRouter] has initialized! Spend 73ms
[17:05:54 INFO]: [CONSOLE] Success Loaded 1 Plugin Spend 76ms
[17:05:54 INFO]: [CONSOLE] server is initializing
[17:05:55 INFO]: [CONSOLE] server is initialized
[17:05:55 INFO]: [CONSOLE] launching.....
[17:05:55 INFO]: [CONSOLE] server is listening on /0:0:0:0:0:0:0:0:25565
[17:06:14 WARN]: [CONSOLE] 控制管道：E0E2E286-FE08-E892-B9DB-4E99E2CF4FF1，建立中...
[17:07:48 INFO]: [CONSOLE] Security-IO is not enable...
[17:07:48 INFO]: [DatabaseLib] service is running
[17:07:48 INFO]: [DatabaseLib] initialized SqlSession success
[17:07:48 INFO]: [FileMapperLib] has loaded
[17:07:48 WARN]: [FileMapperLib] can't find a default url in config
[17:07:48 WARN]: [FileMapperLib] using the default dir: C:\Users\headp\Desktop\毕设结构设计模型\BaseEventLoopServer\target\classes\libs\FileMapperLib\files
[17:07:48 WARN]: [FileMapperLib] can't find a default url in config
[17:07:48 WARN]: [FileMapperLib] using the default dir: C:\Users\headp\Desktop\毕设结构设计模型\BaseEventLoopServer\target\classes\libs\FileMapperLib\recycle
[17:07:48 WARN]: [FileMapperLib] can't find a default url in config
[17:07:48 WARN]: [FileMapperLib] using the default dir: C:\Users\headp\Desktop\毕设结构设计模型\BaseEventLoopServer\target\classes\libs\FileMapperLib\lock
[17:07:48 WARN]: [CONSOLE] loaded libs:
[17:07:48 INFO]: [CONSOLE] FileMapperLib
[17:07:48 INFO]: [CONSOLE] DatabaseLib
[17:07:48 INFO]: [NormalRouter] is loading
[17:07:48 INFO]: [CONSOLE] [PluginLoading][NormalRouter] has initialized! Spend 68ms
[17:07:48 INFO]: [CONSOLE] Success Loaded 1 Plugin Spend 71ms
[17:07:48 INFO]: [CONSOLE] server is initializing
[17:07:49 INFO]: [CONSOLE] server is initialized
[17:07:49 INFO]: [CONSOLE] launching.....
[17:07:50 INFO]: [CONSOLE] server is listening on /0:0:0:0:0:0:0:0:25565
[17:07:50 INFO]: [com.alibaba.druid.pool.DruidDataSource] {dataSource-1} inited
[17:10:06 INFO]: [CONSOLE] Security-IO is not enable...
[17:10:06 INFO]: [DatabaseLib] service is running
[17:10:06 INFO]: [DatabaseLib] initialized SqlSession success
[17:10:06 INFO]: [FileMapperLib] has loaded
[17:10:06 WARN]: [FileMapperLib] can't find a default url in config
[17:10:06 WARN]: [FileMapperLib] using the default dir: C:\Users\headp\Desktop\毕设结构设计模型\BaseEventLoopServer\target\classes\libs\FileMapperLib\files
[17:10:06 WARN]: [FileMapperLib] can't find a default url in config
[17:10:06 WARN]: [FileMapperLib] using the default dir: C:\Users\headp\Desktop\毕设结构设计模型\BaseEventLoopServer\target\classes\libs\FileMapperLib\recycle
[17:10:06 WARN]: [FileMapperLib] can't find a default url in config
[17:10:06 WARN]: [FileMapperLib] using the default dir: C:\Users\headp\Desktop\毕设结构设计模型\BaseEventLoopServer\target\classes\libs\FileMapperLib\lock
[17:10:06 WARN]: [CONSOLE] loaded libs:
[17:10:06 INFO]: [CONSOLE] FileMapperLib
[17:10:06 INFO]: [CONSOLE] DatabaseLib
[17:10:06 INFO]: [NormalRouter] is loading
[17:10:06 INFO]: [CONSOLE] [PluginLoading][NormalRouter] has initialized! Spend 79ms
[17:10:06 INFO]: [CONSOLE] Success Loaded 1 Plugin Spend 81ms
[17:10:06 INFO]: [CONSOLE] server is initializing
[17:10:07 INFO]: [CONSOLE] server is initialized
[17:10:07 INFO]: [CONSOLE] launching.....
[17:10:08 INFO]: [CONSOLE] server is listening on /0:0:0:0:0:0:0:0:25565
[17:10:10 WARN]: [CONSOLE] 控制管道：5AC9F566-47DB-AEDF-7E43-16BF6819D679，建立中...
[17:10:53 INFO]: [com.alibaba.druid.pool.DruidDataSource] {dataSource-1} inited
[17:11:23 WARN]: [CONSOLE] 控制管道：D57F19EB-4691-AF38-206C-23DE315DE654，建立中...
[17:12:43 INFO]: [CONSOLE] Security-IO is not enable...
[17:12:43 INFO]: [DatabaseLib] service is running
[17:12:43 INFO]: [DatabaseLib] initialized SqlSession success
[17:12:43 INFO]: [FileMapperLib] has loaded
[17:12:43 WARN]: [FileMapperLib] can't find a default url in config
[17:12:43 WARN]: [FileMapperLib] using the default dir: C:\Users\headp\Desktop\毕设结构设计模型\BaseEventLoopServer\target\classes\libs\FileMapperLib\files
[17:12:43 WARN]: [FileMapperLib] can't find a default url in config
[17:12:43 WARN]: [FileMapperLib] using the default dir: C:\Users\headp\Desktop\毕设结构设计模型\BaseEventLoopServer\target\classes\libs\FileMapperLib\recycle
[17:12:43 WARN]: [FileMapperLib] can't find a default url in config
[17:12:43 WARN]: [FileMapperLib] using the default dir: C:\Users\headp\Desktop\毕设结构设计模型\BaseEventLoopServer\target\classes\libs\FileMapperLib\lock
[17:12:43 WARN]: [CONSOLE] loaded libs:
[17:12:43 INFO]: [CONSOLE] FileMapperLib
[17:12:43 INFO]: [CONSOLE] DatabaseLib
[17:12:43 INFO]: [NormalRouter] is loading
[17:12:43 INFO]: [CONSOLE] [PluginLoading][NormalRouter] has initialized! Spend 78ms
[17:12:43 INFO]: [CONSOLE] Success Loaded 1 Plugin Spend 81ms
[17:12:43 INFO]: [CONSOLE] server is initializing
[17:12:44 INFO]: [CONSOLE] server is initialized
[17:12:44 INFO]: [CONSOLE] launching.....
[17:12:45 INFO]: [CONSOLE] server is listening on /0:0:0:0:0:0:0:0:25565
[17:12:46 INFO]: [com.alibaba.druid.pool.DruidDataSource] {dataSource-1} inited
[17:12:49 WARN]: [CONSOLE] 控制管道：58CA677B-ECA4-7BD4-ABD2-7FB01F3ACFAA，建立中...
[17:13:53 INFO]: [CONSOLE] Security-IO is not enable...
[17:13:53 INFO]: [DatabaseLib] service is running
[17:13:53 INFO]: [DatabaseLib] initialized SqlSession success
[17:13:53 INFO]: [FileMapperLib] has loaded
[17:13:53 WARN]: [FileMapperLib] can't find a default url in config
[17:13:53 WARN]: [FileMapperLib] using the default dir: C:\Users\headp\Desktop\毕设结构设计模型\BaseEventLoopServer\target\classes\libs\FileMapperLib\files
[17:13:53 WARN]: [FileMapperLib] can't find a default url in config
[17:13:53 WARN]: [FileMapperLib] using the default dir: C:\Users\headp\Desktop\毕设结构设计模型\BaseEventLoopServer\target\classes\libs\FileMapperLib\recycle
[17:13:53 WARN]: [FileMapperLib] can't find a default url in config
[17:13:53 WARN]: [FileMapperLib] using the default dir: C:\Users\headp\Desktop\毕设结构设计模型\BaseEventLoopServer\target\classes\libs\FileMapperLib\lock
[17:13:53 WARN]: [CONSOLE] loaded libs:
[17:13:53 INFO]: [CONSOLE] FileMapperLib
[17:13:53 INFO]: [CONSOLE] DatabaseLib
[17:13:53 INFO]: [NormalRouter] is loading
[17:13:53 INFO]: [CONSOLE] [PluginLoading][NormalRouter] has initialized! Spend 75ms
[17:13:53 INFO]: [CONSOLE] Success Loaded 1 Plugin Spend 78ms
[17:13:53 INFO]: [CONSOLE] server is initializing
[17:13:53 INFO]: [CONSOLE] server is initialized
[17:13:53 INFO]: [CONSOLE] launching.....
[17:13:54 INFO]: [CONSOLE] server is listening on /0:0:0:0:0:0:0:0:25565
[17:14:09 INFO]: [com.alibaba.druid.pool.DruidDataSource] {dataSource-1} inited
[17:14:14 WARN]: [CONSOLE] 控制管道：76302629-A586-6863-38C0-67BC5467894C，建立中...
[17:14:36 INFO]: [CONSOLE] Security-IO is not enable...
[17:14:36 INFO]: [DatabaseLib] service is running
[17:14:36 INFO]: [DatabaseLib] initialized SqlSession success
[17:14:36 INFO]: [FileMapperLib] has loaded
[17:14:36 WARN]: [FileMapperLib] can't find a default url in config
[17:14:36 WARN]: [FileMapperLib] using the default dir: C:\Users\headp\Desktop\毕设结构设计模型\BaseEventLoopServer\target\classes\libs\FileMapperLib\files
[17:14:36 WARN]: [FileMapperLib] can't find a default url in config
[17:14:36 WARN]: [FileMapperLib] using the default dir: C:\Users\headp\Desktop\毕设结构设计模型\BaseEventLoopServer\target\classes\libs\FileMapperLib\recycle
[17:14:36 WARN]: [FileMapperLib] can't find a default url in config
[17:14:36 WARN]: [FileMapperLib] using the default dir: C:\Users\headp\Desktop\毕设结构设计模型\BaseEventLoopServer\target\classes\libs\FileMapperLib\lock
[17:14:36 WARN]: [CONSOLE] loaded libs:
[17:14:36 INFO]: [CONSOLE] FileMapperLib
[17:14:36 INFO]: [CONSOLE] DatabaseLib
[17:14:36 INFO]: [NormalRouter] is loading
[17:14:36 INFO]: [CONSOLE] [PluginLoading][NormalRouter] has initialized! Spend 78ms
[17:14:36 INFO]: [CONSOLE] Success Loaded 1 Plugin Spend 82ms
[17:14:36 INFO]: [CONSOLE] server is initializing
[17:14:37 INFO]: [CONSOLE] server is initialized
[17:14:37 INFO]: [CONSOLE] launching.....
[17:14:38 INFO]: [CONSOLE] server is listening on /0:0:0:0:0:0:0:0:25565
[17:14:43 INFO]: [com.alibaba.druid.pool.DruidDataSource] {dataSource-1} inited
[17:15:16 INFO]: [CONSOLE] Security-IO is not enable...
[17:15:16 INFO]: [DatabaseLib] service is running
[17:15:16 INFO]: [DatabaseLib] initialized SqlSession success
[17:15:16 INFO]: [FileMapperLib] has loaded
[17:15:16 WARN]: [FileMapperLib] can't find a default url in config
[17:15:16 WARN]: [FileMapperLib] using the default dir: C:\Users\headp\Desktop\毕设结构设计模型\BaseEventLoopServer\target\classes\libs\FileMapperLib\files
[17:15:16 WARN]: [FileMapperLib] can't find a default url in config
[17:15:16 WARN]: [FileMapperLib] using the default dir: C:\Users\headp\Desktop\毕设结构设计模型\BaseEventLoopServer\target\classes\libs\FileMapperLib\recycle
[17:15:16 WARN]: [FileMapperLib] can't find a default url in config
[17:15:16 WARN]: [FileMapperLib] using the default dir: C:\Users\headp\Desktop\毕设结构设计模型\BaseEventLoopServer\target\classes\libs\FileMapperLib\lock
[17:15:16 WARN]: [CONSOLE] loaded libs:
[17:15:16 INFO]: [CONSOLE] FileMapperLib
[17:15:16 INFO]: [CONSOLE] DatabaseLib
[17:15:16 INFO]: [NormalRouter] is loading
[17:15:16 INFO]: [CONSOLE] [PluginLoading][NormalRouter] has initialized! Spend 75ms
[17:15:16 INFO]: [CONSOLE] Success Loaded 1 Plugin Spend 80ms
[17:15:16 INFO]: [CONSOLE] server is initializing
[17:15:16 INFO]: [CONSOLE] server is initialized
[17:15:16 INFO]: [CONSOLE] launching.....
[17:15:17 INFO]: [CONSOLE] server is listening on /0:0:0:0:0:0:0:0:25565
[17:15:20 WARN]: [CONSOLE] 控制管道：6C87383D-3B17-69C0-5160-AF8981C844D6，建立中...
[17:16:43 INFO]: [CONSOLE] Security-IO is not enable...
[17:16:43 INFO]: [DatabaseLib] service is running
[17:16:43 INFO]: [DatabaseLib] initialized SqlSession success
[17:16:43 INFO]: [FileMapperLib] has loaded
[17:16:43 WARN]: [FileMapperLib] can't find a default url in config
[17:16:43 WARN]: [FileMapperLib] using the default dir: C:\Users\headp\Desktop\毕设结构设计模型\BaseEventLoopServer\target\classes\libs\FileMapperLib\files
[17:16:43 WARN]: [FileMapperLib] can't find a default url in config
[17:16:43 WARN]: [FileMapperLib] using the default dir: C:\Users\headp\Desktop\毕设结构设计模型\BaseEventLoopServer\target\classes\libs\FileMapperLib\recycle
[17:16:43 WARN]: [FileMapperLib] can't find a default url in config
[17:16:43 WARN]: [FileMapperLib] using the default dir: C:\Users\headp\Desktop\毕设结构设计模型\BaseEventLoopServer\target\classes\libs\FileMapperLib\lock
[17:16:43 WARN]: [CONSOLE] loaded libs:
[17:16:43 INFO]: [CONSOLE] FileMapperLib
[17:16:43 INFO]: [CONSOLE] DatabaseLib
[17:16:43 INFO]: [NormalRouter] is loading
[17:16:43 INFO]: [CONSOLE] [PluginLoading][NormalRouter] has initialized! Spend 73ms
[17:16:43 INFO]: [CONSOLE] Success Loaded 1 Plugin Spend 76ms
[17:16:43 INFO]: [CONSOLE] server is initializing
[17:16:44 INFO]: [CONSOLE] server is initialized
[17:16:44 INFO]: [CONSOLE] launching.....
[17:16:45 INFO]: [CONSOLE] server is listening on /0:0:0:0:0:0:0:0:25565
[17:16:45 INFO]: [com.alibaba.druid.pool.DruidDataSource] {dataSource-1} inited
[17:16:49 WARN]: [CONSOLE] 控制管道：BE782C2B-288A-038C-BCAC-3756AB8629D3，建立中...
[17:17:35 WARN]: [CONSOLE] 控制管道：762BED88-1AFB-7B2D-B41F-76D68C66F489，建立中...
[17:30:33 WARN]: [CONSOLE] 控制管道：E481E41D-1206-17B6-0F9A-010A4B019F7A，建立中...
[17:30:37 WARN]: [CONSOLE] Task completed
[17:41:13 INFO]: [CONSOLE] Security-IO is not enable...
[17:41:13 INFO]: [DatabaseLib] service is running
[17:41:13 INFO]: [DatabaseLib] initialized SqlSession success
[17:41:13 INFO]: [FileMapperLib] has loaded
[17:41:13 WARN]: [FileMapperLib] can't find a default url in config
[17:41:13 WARN]: [FileMapperLib] using the default dir: C:\Users\headp\Desktop\毕设结构设计模型\BaseEventLoopServer\target\classes\libs\FileMapperLib\files
[17:41:13 WARN]: [FileMapperLib] can't find a default url in config
[17:41:13 WARN]: [FileMapperLib] using the default dir: C:\Users\headp\Desktop\毕设结构设计模型\BaseEventLoopServer\target\classes\libs\FileMapperLib\recycle
[17:41:13 WARN]: [FileMapperLib] can't find a default url in config
[17:41:13 WARN]: [FileMapperLib] using the default dir: C:\Users\headp\Desktop\毕设结构设计模型\BaseEventLoopServer\target\classes\libs\FileMapperLib\lock
[17:41:13 WARN]: [CONSOLE] loaded libs:
[17:41:13 INFO]: [CONSOLE] FileMapperLib
[17:41:13 INFO]: [CONSOLE] DatabaseLib
[17:41:13 INFO]: [NormalRouter] is loading
[17:41:13 INFO]: [CONSOLE] [PluginLoading][NormalRouter] has initialized! Spend 73ms
[17:41:13 INFO]: [CONSOLE] Success Loaded 1 Plugin Spend 75ms
[17:41:13 INFO]: [CONSOLE] server is initializing
[17:41:14 INFO]: [CONSOLE] server is initialized
[17:41:14 INFO]: [CONSOLE] launching.....
[17:41:15 INFO]: [CONSOLE] server is listening on /0:0:0:0:0:0:0:0:25565
[17:41:21 INFO]: [com.alibaba.druid.pool.DruidDataSource] {dataSource-1} inited
[17:41:35 WARN]: [CONSOLE] 控制管道：60863EAE-9E9B-ECAD-E5C1-E9B8520EB7E5，建立中...
[17:41:36 WARN]: [CONSOLE] Task completed
[17:50:20 WARN]: [CONSOLE] 控制管道：3989DC35-1274-C56D-6F8F-3CB7DF6490C9，建立中...
[17:50:25 WARN]: [CONSOLE] Task completed
