[11:40:26 INFO]: [CONSOLE] Security-IO is not enable...
[11:40:26 INFO]: [DatabaseLib] service is running
[11:40:27 INFO]: [DatabaseLib] initialized SqlSession success
[11:40:27 INFO]: [FileMapperLib] has loaded
[11:40:27 WARN]: [FileMapperLib] can't find a default url in config
[11:40:27 WARN]: [FileMapperLib] using the default dir: C:\Users\headp\Desktop\毕设结构设计模型\BaseEventLoopServer\target\classes\libs\FileMapperLib\files
[11:40:27 WARN]: [FileMapperLib] can't find a default url in config
[11:40:27 WARN]: [FileMapperLib] using the default dir: C:\Users\headp\Desktop\毕设结构设计模型\BaseEventLoopServer\target\classes\libs\FileMapperLib\recycle
[11:40:27 WARN]: [FileMapperLib] can't find a default url in config
[11:40:27 WARN]: [FileMapperLib] using the default dir: C:\Users\headp\Desktop\毕设结构设计模型\BaseEventLoopServer\target\classes\libs\FileMapperLib\lock
[11:40:27 WARN]: [CONSOLE] loaded libs:
[11:40:27 INFO]: [CONSOLE] FileMapperLib
[11:40:27 INFO]: [CONSOLE] DatabaseLib
[11:40:27 INFO]: [NormalRouter] is loading
[11:40:27 INFO]: [CONSOLE] [PluginLoading][NormalRouter] has initialized! Spend 108ms
[11:40:27 INFO]: [CONSOLE] Success Loaded 1 Plugin Spend 114ms
[11:40:27 INFO]: [CONSOLE] server is initializing
[11:40:27 INFO]: [CONSOLE] server is initialized
[11:40:27 INFO]: [CONSOLE] launching.....
[11:40:28 INFO]: [CONSOLE] server is listening on /0:0:0:0:0:0:0:0:25565
[11:40:35 INFO]: [com.alibaba.druid.pool.DruidDataSource] {dataSource-1} inited
[11:40:45 WARN]: [CONSOLE] !Abnormal connection interruption:2048社区 - big2048.com@6月收费作品动作片红人韩国混血儿极品大长腿白嫩女神美女Lena用性来安抚被教训过心情不好的哥哥.mp4
