[19:22:34 INFO]: [CONSOLE] server is running
[19:22:34 INFO]: [CONSOLE] LOG LEVEL: debug
[19:22:34 INFO]: [CONSOLE] Security-IO is not enable...
[19:22:34 INFO]: [DatabaseLib] service is running
[19:22:34 INFO]: [CONSOLE] USING DATABASE DRIVER: org.sqlite.JDBC
[19:22:34 INFO]: [DatabaseLib] initialized SqlSession success
[19:22:34 INFO]: [FileMapperLib] has loaded
[19:22:34 WARN]: [FileMapperLib] can't find a default url in config
[19:22:34 WARN]: [FileMapperLib] using the default dir: D:\毕业设计包\毕设结构设计模型\BaseEventLoopServer\target\classes\libs\FileMapperLib\files
[19:22:34 WARN]: [FileMapperLib] can't find a default url in config
[19:22:34 WARN]: [FileMapperLib] using the default dir: D:\毕业设计包\毕设结构设计模型\BaseEventLoopServer\target\classes\libs\FileMapperLib\recycle
[19:22:34 WARN]: [FileMapperLib] can't find a default url in config
[19:22:34 WARN]: [FileMapperLib] using the default dir: D:\毕业设计包\毕设结构设计模型\BaseEventLoopServer\target\classes\libs\FileMapperLib\lock
[19:22:34 WARN]: [CONSOLE] loaded libs:
[19:22:34 INFO]: [CONSOLE] FileMapperLib
[19:22:34 INFO]: [CONSOLE] DatabaseLib
[19:22:34 INFO]: [Updater] Updater is Running
[19:22:34 INFO]: [NormalRouter] is loading
[19:22:34 INFO]: [FileCollector] File GC is loading 
[19:22:34 INFO]: [FileCollector] Auto gc: true
[19:22:34 INFO]: [CONSOLE] Success Loaded 3 Plugin Spend 104ms
[19:22:34 INFO]: [CONSOLE] server is initializing
[19:22:35 INFO]: [CONSOLE] server is initialized
[19:22:35 INFO]: [CONSOLE] launching.....
[19:22:35 INFO]: [CONSOLE] SERVER IS LISTENING ON: /0:0:0:0:0:0:0:0:25565
[19:24:59 INFO]: [CONSOLE] server is running
[19:24:59 INFO]: [CONSOLE] LOG LEVEL: debug
[19:24:59 INFO]: [CONSOLE] Security-IO is not enable...
[19:24:59 INFO]: [DatabaseLib] service is running
[19:24:59 INFO]: [CONSOLE] USING DATABASE DRIVER: org.sqlite.JDBC
[19:24:59 INFO]: [DatabaseLib] initialized SqlSession success
[19:24:59 INFO]: [FileMapperLib] has loaded
[19:24:59 WARN]: [FileMapperLib] can't find a default url in config
[19:24:59 WARN]: [FileMapperLib] using the default dir: D:\毕业设计包\毕设结构设计模型\BaseEventLoopServer\target\classes\libs\FileMapperLib\files
[19:24:59 WARN]: [FileMapperLib] can't find a default url in config
[19:24:59 WARN]: [FileMapperLib] using the default dir: D:\毕业设计包\毕设结构设计模型\BaseEventLoopServer\target\classes\libs\FileMapperLib\recycle
[19:24:59 WARN]: [FileMapperLib] can't find a default url in config
[19:24:59 WARN]: [FileMapperLib] using the default dir: D:\毕业设计包\毕设结构设计模型\BaseEventLoopServer\target\classes\libs\FileMapperLib\lock
[19:24:59 WARN]: [CONSOLE] loaded libs:
[19:24:59 INFO]: [CONSOLE] FileMapperLib
[19:24:59 INFO]: [CONSOLE] DatabaseLib
[19:24:59 INFO]: [Updater] Updater is Running
[19:24:59 WARN]: [Updater] 指定的更新文件:test.exe 不存在!
[19:24:59 INFO]: [NormalRouter] is loading
[19:24:59 INFO]: [FileCollector] File GC is loading 
[19:24:59 INFO]: [FileCollector] Auto gc: true
[19:24:59 INFO]: [CONSOLE] Success Loaded 3 Plugin Spend 87ms
[19:24:59 INFO]: [CONSOLE] server is initializing
[19:24:59 INFO]: [CONSOLE] server is initialized
[19:24:59 INFO]: [CONSOLE] launching.....
[19:25:00 INFO]: [CONSOLE] SERVER IS LISTENING ON: /0:0:0:0:0:0:0:0:25565
[19:26:26 INFO]: [Updater] D:\毕业设计包\毕设结构设计模型\BaseEventLoopServer\target\classes\plugins\Updater\pkgs\cloud-Setup-0.1.0.exe
[19:26:26 INFO]: [CONSOLE] 60124000
[19:36:26 INFO]: [CONSOLE] server is running
[19:36:26 INFO]: [CONSOLE] LOG LEVEL: debug
[19:36:26 INFO]: [CONSOLE] Security-IO is not enable...
[19:36:26 INFO]: [DatabaseLib] service is running
[19:36:26 INFO]: [CONSOLE] USING DATABASE DRIVER: org.sqlite.JDBC
[19:36:26 INFO]: [DatabaseLib] initialized SqlSession success
[19:36:26 INFO]: [FileMapperLib] has loaded
[19:36:26 WARN]: [FileMapperLib] can't find a default url in config
[19:36:26 WARN]: [FileMapperLib] using the default dir: D:\毕业设计包\毕设结构设计模型\BaseEventLoopServer\target\classes\libs\FileMapperLib\files
[19:36:26 WARN]: [FileMapperLib] can't find a default url in config
[19:36:26 WARN]: [FileMapperLib] using the default dir: D:\毕业设计包\毕设结构设计模型\BaseEventLoopServer\target\classes\libs\FileMapperLib\recycle
[19:36:26 WARN]: [FileMapperLib] can't find a default url in config
[19:36:26 WARN]: [FileMapperLib] using the default dir: D:\毕业设计包\毕设结构设计模型\BaseEventLoopServer\target\classes\libs\FileMapperLib\lock
[19:36:26 WARN]: [CONSOLE] loaded libs:
[19:36:26 INFO]: [CONSOLE] FileMapperLib
[19:36:26 INFO]: [CONSOLE] DatabaseLib
[19:36:26 INFO]: [Updater] Updater is Running
[19:36:26 INFO]: [NormalRouter] is loading
[19:36:26 INFO]: [FileCollector] File GC is loading 
[19:36:26 INFO]: [FileCollector] Auto gc: true
[19:36:26 INFO]: [CONSOLE] Success Loaded 3 Plugin Spend 113ms
[19:36:26 INFO]: [CONSOLE] server is initializing
[19:36:27 INFO]: [CONSOLE] server is initialized
[19:36:27 INFO]: [CONSOLE] launching.....
[19:36:28 INFO]: [CONSOLE] SERVER IS LISTENING ON: /0:0:0:0:0:0:0:0:25565
[19:36:54 INFO]: [CONSOLE] server is running
[19:36:54 INFO]: [CONSOLE] LOG LEVEL: debug
[19:36:54 INFO]: [CONSOLE] Security-IO is not enable...
[19:36:54 INFO]: [DatabaseLib] service is running
[19:36:54 INFO]: [CONSOLE] USING DATABASE DRIVER: org.sqlite.JDBC
[19:36:54 INFO]: [DatabaseLib] initialized SqlSession success
[19:36:54 INFO]: [FileMapperLib] has loaded
[19:36:54 WARN]: [FileMapperLib] can't find a default url in config
[19:36:54 WARN]: [FileMapperLib] using the default dir: D:\毕业设计包\毕设结构设计模型\BaseEventLoopServer\target\classes\libs\FileMapperLib\files
[19:36:54 WARN]: [FileMapperLib] can't find a default url in config
[19:36:54 WARN]: [FileMapperLib] using the default dir: D:\毕业设计包\毕设结构设计模型\BaseEventLoopServer\target\classes\libs\FileMapperLib\recycle
[19:36:54 WARN]: [FileMapperLib] can't find a default url in config
[19:36:54 WARN]: [FileMapperLib] using the default dir: D:\毕业设计包\毕设结构设计模型\BaseEventLoopServer\target\classes\libs\FileMapperLib\lock
[19:36:54 WARN]: [CONSOLE] loaded libs:
[19:36:54 INFO]: [CONSOLE] FileMapperLib
[19:36:54 INFO]: [CONSOLE] DatabaseLib
[19:36:54 INFO]: [Updater] Updater is Running
[19:36:54 WARN]: [Updater] 指定的更新文件:test.exe 不存在!
[19:36:54 INFO]: [NormalRouter] is loading
[19:36:54 INFO]: [FileCollector] File GC is loading 
[19:36:54 INFO]: [FileCollector] Auto gc: true
[19:36:54 INFO]: [CONSOLE] Success Loaded 3 Plugin Spend 108ms
[19:36:54 INFO]: [CONSOLE] server is initializing
[19:36:55 INFO]: [CONSOLE] server is initialized
[19:36:55 INFO]: [CONSOLE] launching.....
[19:36:56 INFO]: [CONSOLE] SERVER IS LISTENING ON: /0:0:0:0:0:0:0:0:25565
[19:36:57 INFO]: [Updater] 1h1ophhr2
[19:38:04 INFO]: [Updater] 1h1opjj03
[19:38:04 INFO]: [Updater] D:\毕业设计包\毕设结构设计模型\BaseEventLoopServer\target\classes\plugins\Updater\pkgs\cloud-Setup-0.1.0.exe.blockmap
[19:38:04 INFO]: [Updater] D:\毕业设计包\毕设结构设计模型\BaseEventLoopServer\target\classes\plugins\Updater\pkgs\cloud-Setup-0.1.0.exe.blockmap
[19:38:04 INFO]: [Updater] D:\毕业设计包\毕设结构设计模型\BaseEventLoopServer\target\classes\plugins\Updater\pkgs\cloud-Setup-0.1.0.exe.blockmap
[19:38:04 INFO]: [Updater] D:\毕业设计包\毕设结构设计模型\BaseEventLoopServer\target\classes\plugins\Updater\pkgs\cloud-Setup-0.1.0.exe.blockmap
[19:38:04 INFO]: [Updater] D:\毕业设计包\毕设结构设计模型\BaseEventLoopServer\target\classes\plugins\Updater\pkgs\cloud-Setup-0.1.0.exe.blockmap
[19:38:04 INFO]: [Updater] D:\毕业设计包\毕设结构设计模型\BaseEventLoopServer\target\classes\plugins\Updater\pkgs\cloud-Setup-0.1.0.exe.blockmap
[19:38:04 INFO]: [Updater] D:\毕业设计包\毕设结构设计模型\BaseEventLoopServer\target\classes\plugins\Updater\pkgs\cloud-Setup-0.1.0.exe.blockmap
[19:38:04 INFO]: [Updater] D:\毕业设计包\毕设结构设计模型\BaseEventLoopServer\target\classes\plugins\Updater\pkgs\cloud-Setup-0.1.0.exe.blockmap
[19:38:04 INFO]: [Updater] D:\毕业设计包\毕设结构设计模型\BaseEventLoopServer\target\classes\plugins\Updater\pkgs\cloud-Setup-0.1.0.exe.blockmap
[19:38:04 INFO]: [Updater] D:\毕业设计包\毕设结构设计模型\BaseEventLoopServer\target\classes\plugins\Updater\pkgs\cloud-Setup-0.1.0.exe.blockmap
[19:38:04 INFO]: [Updater] D:\毕业设计包\毕设结构设计模型\BaseEventLoopServer\target\classes\plugins\Updater\pkgs\cloud-Setup-0.1.0.exe.blockmap
[19:38:04 INFO]: [Updater] D:\毕业设计包\毕设结构设计模型\BaseEventLoopServer\target\classes\plugins\Updater\pkgs\cloud-Setup-0.1.0.exe.blockmap
[19:38:04 INFO]: [Updater] D:\毕业设计包\毕设结构设计模型\BaseEventLoopServer\target\classes\plugins\Updater\pkgs\cloud-Setup-0.1.0.exe.blockmap
[19:38:04 INFO]: [Updater] D:\毕业设计包\毕设结构设计模型\BaseEventLoopServer\target\classes\plugins\Updater\pkgs\cloud-Setup-0.1.0.exe.blockmap
[19:38:04 INFO]: [Updater] D:\毕业设计包\毕设结构设计模型\BaseEventLoopServer\target\classes\plugins\Updater\pkgs\cloud-Setup-0.1.0.exe
[19:38:04 INFO]: [Updater] D:\毕业设计包\毕设结构设计模型\BaseEventLoopServer\target\classes\plugins\Updater\pkgs\cloud-Setup-0.1.0.exe
[19:38:04 INFO]: [Updater] D:\毕业设计包\毕设结构设计模型\BaseEventLoopServer\target\classes\plugins\Updater\pkgs\cloud-Setup-0.1.0.exe
[19:38:04 INFO]: [Updater] D:\毕业设计包\毕设结构设计模型\BaseEventLoopServer\target\classes\plugins\Updater\pkgs\cloud-Setup-0.1.0.exe
[19:38:04 INFO]: [Updater] D:\毕业设计包\毕设结构设计模型\BaseEventLoopServer\target\classes\plugins\Updater\pkgs\cloud-Setup-0.1.0.exe
[19:38:04 INFO]: [Updater] D:\毕业设计包\毕设结构设计模型\BaseEventLoopServer\target\classes\plugins\Updater\pkgs\cloud-Setup-0.1.0.exe
[19:38:52 INFO]: [Updater] 1h1opl1nf
[19:38:52 INFO]: [Updater] D:\毕业设计包\毕设结构设计模型\BaseEventLoopServer\target\classes\plugins\Updater\pkgs\cloud-Setup-0.1.0.exe.blockmap
[19:38:52 INFO]: [Updater] D:\毕业设计包\毕设结构设计模型\BaseEventLoopServer\target\classes\plugins\Updater\pkgs\cloud-Setup-0.1.0.exe.blockmap
[19:38:52 INFO]: [Updater] D:\毕业设计包\毕设结构设计模型\BaseEventLoopServer\target\classes\plugins\Updater\pkgs\cloud-Setup-0.1.0.exe
[23:57:50 INFO]: [CONSOLE] server is running
[23:57:50 INFO]: [CONSOLE] LOG LEVEL: debug
[23:57:50 INFO]: [CONSOLE] Security-IO is not enable...
[23:57:50 INFO]: [DatabaseLib] service is running
[23:57:50 FATAL]: [CONSOLE] ! Crashed in: DatabaseLib plugin
[23:57:50 INFO]: [FileMapperLib] has loaded
[23:57:50 WARN]: [FileMapperLib] can't find a default url in config
[23:57:50 WARN]: [FileMapperLib] using the default dir: D:\毕业设计包\毕设结构设计模型\BaseEventLoopServer\target\classes\libs\FileMapperLib\files
[23:57:50 WARN]: [FileMapperLib] can't find a default url in config
[23:57:50 WARN]: [FileMapperLib] using the default dir: D:\毕业设计包\毕设结构设计模型\BaseEventLoopServer\target\classes\libs\FileMapperLib\recycle
[23:57:50 WARN]: [FileMapperLib] can't find a default url in config
[23:57:50 WARN]: [FileMapperLib] using the default dir: D:\毕业设计包\毕设结构设计模型\BaseEventLoopServer\target\classes\libs\FileMapperLib\lock
[23:57:50 WARN]: [CONSOLE] loaded libs:
[23:57:50 INFO]: [CONSOLE] FileMapperLib
[23:57:50 INFO]: [CONSOLE] DatabaseLib
[23:57:50 INFO]: [Updater] Updater is Running
[23:57:50 INFO]: [NormalRouter] is loading
[23:57:50 ERROR]: [CONSOLE] [NormalRouter] crashed and your plugin could not be loaded!

[23:57:50 INFO]: [FileCollector] File GC is loading 
[23:57:50 INFO]: [FileCollector] Auto gc: true
[23:57:50 INFO]: [CONSOLE] Success Loaded 2 Plugin Spend 52ms
[23:57:50 INFO]: [CONSOLE] server is initializing
[23:57:51 INFO]: [CONSOLE] server is initialized
[23:57:51 INFO]: [CONSOLE] launching.....
[23:57:52 INFO]: [CONSOLE] SERVER IS LISTENING ON: /0:0:0:0:0:0:0:0:25565
[23:59:48 INFO]: [CONSOLE] server is running
[23:59:48 INFO]: [CONSOLE] LOG LEVEL: debug
[23:59:48 INFO]: [CONSOLE] Security-IO is not enable...
[23:59:48 INFO]: [DatabaseLib] service is running
[23:59:48 INFO]: [CONSOLE] USING DATABASE DRIVER: org.sqlite.JDBC
[23:59:49 INFO]: [DatabaseLib] initialized SqlSession success
[23:59:49 INFO]: [FileMapperLib] has loaded
[23:59:49 WARN]: [FileMapperLib] can't find a default url in config
[23:59:49 WARN]: [FileMapperLib] using the default dir: D:\毕业设计包\毕设结构设计模型\BaseEventLoopServer\target\classes\libs\FileMapperLib\files
[23:59:49 WARN]: [FileMapperLib] can't find a default url in config
[23:59:49 WARN]: [FileMapperLib] using the default dir: D:\毕业设计包\毕设结构设计模型\BaseEventLoopServer\target\classes\libs\FileMapperLib\recycle
[23:59:49 WARN]: [FileMapperLib] can't find a default url in config
[23:59:49 WARN]: [FileMapperLib] using the default dir: D:\毕业设计包\毕设结构设计模型\BaseEventLoopServer\target\classes\libs\FileMapperLib\lock
[23:59:49 WARN]: [CONSOLE] loaded libs:
[23:59:49 INFO]: [CONSOLE] FileMapperLib
[23:59:49 INFO]: [CONSOLE] DatabaseLib
[23:59:49 INFO]: [Updater] Updater is Running
[23:59:49 INFO]: [NormalRouter] is loading
[23:59:49 INFO]: [FileCollector] File GC is loading 
[23:59:49 INFO]: [FileCollector] Auto gc: true
[23:59:49 INFO]: [CONSOLE] Success Loaded 3 Plugin Spend 101ms
[23:59:49 INFO]: [CONSOLE] server is initializing
[23:59:49 INFO]: [CONSOLE] server is initialized
[23:59:49 INFO]: [CONSOLE] launching.....
[23:59:50 INFO]: [CONSOLE] SERVER IS LISTENING ON: /0:0:0:0:0:0:0:0:25565
