[10:59:35 INFO]: [CONSOLE] server is running
[10:59:35 INFO]: [CONSOLE] LOG LEVEL: info
[10:59:35 INFO]: [CONSOLE] Security-IO is not enable...
[10:59:35 INFO]: [DatabaseLib] service is running
[10:59:35 INFO]: [DatabaseLib] initialized SqlSession success
[10:59:35 INFO]: [FileMapperLib] has loaded
[10:59:35 WARN]: [FileMapperLib] can't find a default url in config
[10:59:35 WARN]: [FileMapperLib] using the default dir: C:\Users\headp\Desktop\毕设结构设计模型\BaseEventLoopServer\target\classes\libs\FileMapperLib\files
[10:59:35 WARN]: [FileMapperLib] can't find a default url in config
[10:59:35 WARN]: [FileMapperLib] using the default dir: C:\Users\headp\Desktop\毕设结构设计模型\BaseEventLoopServer\target\classes\libs\FileMapperLib\recycle
[10:59:35 WARN]: [FileMapperLib] can't find a default url in config
[10:59:35 WARN]: [FileMapperLib] using the default dir: C:\Users\headp\Desktop\毕设结构设计模型\BaseEventLoopServer\target\classes\libs\FileMapperLib\lock
[10:59:35 WARN]: [CONSOLE] loaded libs:
[10:59:35 INFO]: [CONSOLE] FileMapperLib
[10:59:35 INFO]: [CONSOLE] DatabaseLib
[10:59:35 INFO]: [NormalRouter] is loading
[10:59:35 INFO]: [CONSOLE] [PluginLoading][NormalRouter] has initialized! Spend 96ms
[10:59:35 INFO]: [CONSOLE] Success Loaded 1 Plugin Spend 99ms
[10:59:35 INFO]: [CONSOLE] server is initializing
[10:59:36 INFO]: [CONSOLE] server is initialized
[10:59:36 INFO]: [CONSOLE] launching.....
[10:59:37 INFO]: [CONSOLE] server is listening on /0:0:0:0:0:0:0:0:25565
[10:59:38 INFO]: [com.alibaba.druid.pool.DruidDataSource] {dataSource-1} inited
[11:01:16 INFO]: [CONSOLE] server is running
[11:01:16 INFO]: [CONSOLE] LOG LEVEL: info
[11:01:16 INFO]: [CONSOLE] Security-IO is not enable...
[11:01:16 INFO]: [DatabaseLib] service is running
[11:01:16 INFO]: [DatabaseLib] initialized SqlSession success
[11:01:16 INFO]: [FileMapperLib] has loaded
[11:01:16 WARN]: [FileMapperLib] can't find a default url in config
[11:01:16 WARN]: [FileMapperLib] using the default dir: C:\Users\headp\Desktop\毕设结构设计模型\BaseEventLoopServer\target\classes\libs\FileMapperLib\files
[11:01:16 WARN]: [FileMapperLib] can't find a default url in config
[11:01:16 WARN]: [FileMapperLib] using the default dir: C:\Users\headp\Desktop\毕设结构设计模型\BaseEventLoopServer\target\classes\libs\FileMapperLib\recycle
[11:01:16 WARN]: [FileMapperLib] can't find a default url in config
[11:01:16 WARN]: [FileMapperLib] using the default dir: C:\Users\headp\Desktop\毕设结构设计模型\BaseEventLoopServer\target\classes\libs\FileMapperLib\lock
[11:01:16 WARN]: [CONSOLE] loaded libs:
[11:01:16 INFO]: [CONSOLE] FileMapperLib
[11:01:16 INFO]: [CONSOLE] DatabaseLib
[11:01:16 INFO]: [NormalRouter] is loading
[11:01:16 INFO]: [CONSOLE] [PluginLoading][NormalRouter] has initialized! Spend 82ms
[11:01:16 INFO]: [CONSOLE] Success Loaded 1 Plugin Spend 90ms
[11:01:16 INFO]: [CONSOLE] server is initializing
[11:01:17 INFO]: [CONSOLE] server is initialized
[11:01:17 INFO]: [CONSOLE] launching.....
[11:01:18 INFO]: [CONSOLE] server is listening on /0:0:0:0:0:0:0:0:25565
[11:01:23 INFO]: [com.alibaba.druid.pool.DruidDataSource] {dataSource-1} inited
[11:02:04 INFO]: [CONSOLE] server is running
[11:02:04 INFO]: [CONSOLE] LOG LEVEL: info
[11:02:04 INFO]: [CONSOLE] Security-IO is not enable...
[11:02:04 INFO]: [DatabaseLib] service is running
[11:02:04 INFO]: [DatabaseLib] initialized SqlSession success
[11:02:04 INFO]: [FileMapperLib] has loaded
[11:02:04 WARN]: [FileMapperLib] can't find a default url in config
[11:02:04 WARN]: [FileMapperLib] using the default dir: C:\Users\headp\Desktop\毕设结构设计模型\BaseEventLoopServer\target\classes\libs\FileMapperLib\files
[11:02:04 WARN]: [FileMapperLib] can't find a default url in config
[11:02:04 WARN]: [FileMapperLib] using the default dir: C:\Users\headp\Desktop\毕设结构设计模型\BaseEventLoopServer\target\classes\libs\FileMapperLib\recycle
[11:02:04 WARN]: [FileMapperLib] can't find a default url in config
[11:02:04 WARN]: [FileMapperLib] using the default dir: C:\Users\headp\Desktop\毕设结构设计模型\BaseEventLoopServer\target\classes\libs\FileMapperLib\lock
[11:02:04 WARN]: [CONSOLE] loaded libs:
[11:02:04 INFO]: [CONSOLE] FileMapperLib
[11:02:04 INFO]: [CONSOLE] DatabaseLib
[11:02:04 INFO]: [NormalRouter] is loading
[11:02:04 INFO]: [CONSOLE] [PluginLoading][NormalRouter] has initialized! Spend 118ms
[11:02:04 INFO]: [CONSOLE] Success Loaded 1 Plugin Spend 121ms
[11:02:04 INFO]: [CONSOLE] server is initializing
[11:02:05 INFO]: [CONSOLE] server is initialized
[11:02:05 INFO]: [CONSOLE] launching.....
[11:02:06 INFO]: [CONSOLE] server is listening on /0:0:0:0:0:0:0:0:25565
[11:02:07 INFO]: [com.alibaba.druid.pool.DruidDataSource] {dataSource-1} inited
[11:02:49 INFO]: [CONSOLE] server is running
[11:02:49 INFO]: [CONSOLE] LOG LEVEL: info
[11:02:49 INFO]: [CONSOLE] Security-IO is not enable...
[11:02:49 INFO]: [DatabaseLib] service is running
[11:02:49 INFO]: [DatabaseLib] initialized SqlSession success
[11:02:49 INFO]: [FileMapperLib] has loaded
[11:02:49 WARN]: [FileMapperLib] can't find a default url in config
[11:02:49 WARN]: [FileMapperLib] using the default dir: C:\Users\headp\Desktop\毕设结构设计模型\BaseEventLoopServer\target\classes\libs\FileMapperLib\files
[11:02:49 WARN]: [FileMapperLib] can't find a default url in config
[11:02:49 WARN]: [FileMapperLib] using the default dir: C:\Users\headp\Desktop\毕设结构设计模型\BaseEventLoopServer\target\classes\libs\FileMapperLib\recycle
[11:02:49 WARN]: [FileMapperLib] can't find a default url in config
[11:02:49 WARN]: [FileMapperLib] using the default dir: C:\Users\headp\Desktop\毕设结构设计模型\BaseEventLoopServer\target\classes\libs\FileMapperLib\lock
[11:02:49 WARN]: [CONSOLE] loaded libs:
[11:02:49 INFO]: [CONSOLE] FileMapperLib
[11:02:49 INFO]: [CONSOLE] DatabaseLib
[11:02:49 INFO]: [NormalRouter] is loading
[11:02:49 INFO]: [CONSOLE] [PluginLoading][NormalRouter] has initialized! Spend 73ms
[11:02:49 INFO]: [CONSOLE] Success Loaded 1 Plugin Spend 79ms
[11:02:49 INFO]: [CONSOLE] server is initializing
[11:02:50 INFO]: [CONSOLE] server is initialized
[11:02:50 INFO]: [CONSOLE] launching.....
[11:02:51 INFO]: [CONSOLE] server is listening on /0:0:0:0:0:0:0:0:25565
[11:02:56 INFO]: [com.alibaba.druid.pool.DruidDataSource] {dataSource-1} inited
[11:04:48 INFO]: [CONSOLE] server is running
[11:04:48 INFO]: [CONSOLE] LOG LEVEL: info
[11:04:48 INFO]: [CONSOLE] Security-IO is not enable...
[11:04:48 INFO]: [DatabaseLib] service is running
[11:04:49 INFO]: [DatabaseLib] initialized SqlSession success
[11:04:49 INFO]: [FileMapperLib] has loaded
[11:04:49 WARN]: [FileMapperLib] can't find a default url in config
[11:04:49 WARN]: [FileMapperLib] using the default dir: C:\Users\headp\Desktop\毕设结构设计模型\BaseEventLoopServer\target\classes\libs\FileMapperLib\files
[11:04:49 WARN]: [FileMapperLib] can't find a default url in config
[11:04:49 WARN]: [FileMapperLib] using the default dir: C:\Users\headp\Desktop\毕设结构设计模型\BaseEventLoopServer\target\classes\libs\FileMapperLib\recycle
[11:04:49 WARN]: [FileMapperLib] can't find a default url in config
[11:04:49 WARN]: [FileMapperLib] using the default dir: C:\Users\headp\Desktop\毕设结构设计模型\BaseEventLoopServer\target\classes\libs\FileMapperLib\lock
[11:04:49 WARN]: [CONSOLE] loaded libs:
[11:04:49 INFO]: [CONSOLE] FileMapperLib
[11:04:49 INFO]: [CONSOLE] DatabaseLib
[11:04:49 INFO]: [NormalRouter] is loading
[11:04:49 INFO]: [CONSOLE] [PluginLoading][NormalRouter] has initialized! Spend 90ms
[11:04:49 INFO]: [CONSOLE] Success Loaded 1 Plugin Spend 97ms
[11:04:49 INFO]: [CONSOLE] server is initializing
[11:04:49 INFO]: [CONSOLE] server is initialized
[11:04:49 INFO]: [CONSOLE] launching.....
[11:04:50 INFO]: [CONSOLE] server is listening on /0:0:0:0:0:0:0:0:25565
[11:04:55 INFO]: [com.alibaba.druid.pool.DruidDataSource] {dataSource-1} inited
[11:05:17 INFO]: [CONSOLE] server is running
[11:05:17 INFO]: [CONSOLE] LOG LEVEL: info
[11:05:17 INFO]: [CONSOLE] Security-IO is not enable...
[11:05:17 INFO]: [DatabaseLib] service is running
[11:05:17 INFO]: [DatabaseLib] initialized SqlSession success
[11:05:17 INFO]: [FileMapperLib] has loaded
[11:05:17 WARN]: [FileMapperLib] can't find a default url in config
[11:05:17 WARN]: [FileMapperLib] using the default dir: C:\Users\headp\Desktop\毕设结构设计模型\BaseEventLoopServer\target\classes\libs\FileMapperLib\files
[11:05:17 WARN]: [FileMapperLib] can't find a default url in config
[11:05:17 WARN]: [FileMapperLib] using the default dir: C:\Users\headp\Desktop\毕设结构设计模型\BaseEventLoopServer\target\classes\libs\FileMapperLib\recycle
[11:05:17 WARN]: [FileMapperLib] can't find a default url in config
[11:05:17 WARN]: [FileMapperLib] using the default dir: C:\Users\headp\Desktop\毕设结构设计模型\BaseEventLoopServer\target\classes\libs\FileMapperLib\lock
[11:05:17 WARN]: [CONSOLE] loaded libs:
[11:05:17 INFO]: [CONSOLE] FileMapperLib
[11:05:17 INFO]: [CONSOLE] DatabaseLib
[11:05:17 INFO]: [NormalRouter] is loading
[11:05:17 INFO]: [CONSOLE] [PluginLoading][NormalRouter] has initialized! Spend 83ms
[11:05:17 INFO]: [CONSOLE] Success Loaded 1 Plugin Spend 87ms
[11:05:17 INFO]: [CONSOLE] server is initializing
[11:05:18 INFO]: [CONSOLE] server is initialized
[11:05:18 INFO]: [CONSOLE] launching.....
[11:05:18 INFO]: [CONSOLE] server is listening on /0:0:0:0:0:0:0:0:25565
[11:05:23 INFO]: [com.alibaba.druid.pool.DruidDataSource] {dataSource-1} inited
[11:05:32 INFO]: [CONSOLE] server is running
[11:05:32 INFO]: [CONSOLE] LOG LEVEL: info
[11:05:32 INFO]: [CONSOLE] Security-IO is not enable...
[11:05:32 INFO]: [DatabaseLib] service is running
[11:05:33 INFO]: [DatabaseLib] initialized SqlSession success
[11:05:33 INFO]: [FileMapperLib] has loaded
[11:05:33 WARN]: [FileMapperLib] can't find a default url in config
[11:05:33 WARN]: [FileMapperLib] using the default dir: C:\Users\headp\Desktop\毕设结构设计模型\BaseEventLoopServer\target\classes\libs\FileMapperLib\files
[11:05:33 WARN]: [FileMapperLib] can't find a default url in config
[11:05:33 WARN]: [FileMapperLib] using the default dir: C:\Users\headp\Desktop\毕设结构设计模型\BaseEventLoopServer\target\classes\libs\FileMapperLib\recycle
[11:05:33 WARN]: [FileMapperLib] can't find a default url in config
[11:05:33 WARN]: [FileMapperLib] using the default dir: C:\Users\headp\Desktop\毕设结构设计模型\BaseEventLoopServer\target\classes\libs\FileMapperLib\lock
[11:05:33 WARN]: [CONSOLE] loaded libs:
[11:05:33 INFO]: [CONSOLE] FileMapperLib
[11:05:33 INFO]: [CONSOLE] DatabaseLib
[11:05:33 INFO]: [NormalRouter] is loading
[11:05:33 INFO]: [CONSOLE] [PluginLoading][NormalRouter] has initialized! Spend 121ms
[11:05:33 INFO]: [CONSOLE] Success Loaded 1 Plugin Spend 126ms
[11:05:33 INFO]: [CONSOLE] server is initializing
[11:05:33 INFO]: [CONSOLE] server is initialized
[11:05:33 INFO]: [CONSOLE] launching.....
[11:05:34 INFO]: [CONSOLE] server is listening on /0:0:0:0:0:0:0:0:25565
[11:05:36 INFO]: [com.alibaba.druid.pool.DruidDataSource] {dataSource-1} inited
[11:06:48 INFO]: [CONSOLE] server is running
[11:06:48 INFO]: [CONSOLE] LOG LEVEL: info
[11:06:48 INFO]: [CONSOLE] Security-IO is not enable...
[11:06:48 INFO]: [DatabaseLib] service is running
[11:06:48 INFO]: [DatabaseLib] initialized SqlSession success
[11:06:48 INFO]: [FileMapperLib] has loaded
[11:06:48 WARN]: [FileMapperLib] can't find a default url in config
[11:06:48 WARN]: [FileMapperLib] using the default dir: C:\Users\headp\Desktop\毕设结构设计模型\BaseEventLoopServer\target\classes\libs\FileMapperLib\files
[11:06:48 WARN]: [FileMapperLib] can't find a default url in config
[11:06:48 WARN]: [FileMapperLib] using the default dir: C:\Users\headp\Desktop\毕设结构设计模型\BaseEventLoopServer\target\classes\libs\FileMapperLib\recycle
[11:06:48 WARN]: [FileMapperLib] can't find a default url in config
[11:06:48 WARN]: [FileMapperLib] using the default dir: C:\Users\headp\Desktop\毕设结构设计模型\BaseEventLoopServer\target\classes\libs\FileMapperLib\lock
[11:06:48 WARN]: [CONSOLE] loaded libs:
[11:06:48 INFO]: [CONSOLE] FileMapperLib
[11:06:48 INFO]: [CONSOLE] DatabaseLib
[11:06:48 INFO]: [NormalRouter] is loading
[11:06:48 INFO]: [CONSOLE] [PluginLoading][NormalRouter] has initialized! Spend 74ms
[11:06:48 INFO]: [CONSOLE] Success Loaded 1 Plugin Spend 80ms
[11:06:48 INFO]: [CONSOLE] server is initializing
[11:06:49 INFO]: [CONSOLE] server is initialized
[11:06:49 INFO]: [CONSOLE] launching.....
[11:06:50 INFO]: [CONSOLE] server is listening on /0:0:0:0:0:0:0:0:25565
[11:06:52 INFO]: [com.alibaba.druid.pool.DruidDataSource] {dataSource-1} inited
[11:07:39 INFO]: [CONSOLE] server is running
[11:07:39 INFO]: [CONSOLE] LOG LEVEL: info
[11:07:39 INFO]: [CONSOLE] Security-IO is not enable...
[11:07:39 INFO]: [DatabaseLib] service is running
[11:07:39 INFO]: [DatabaseLib] initialized SqlSession success
[11:07:39 INFO]: [FileMapperLib] has loaded
[11:07:39 WARN]: [FileMapperLib] can't find a default url in config
[11:07:39 WARN]: [FileMapperLib] using the default dir: C:\Users\headp\Desktop\毕设结构设计模型\BaseEventLoopServer\target\classes\libs\FileMapperLib\files
[11:07:39 WARN]: [FileMapperLib] can't find a default url in config
[11:07:39 WARN]: [FileMapperLib] using the default dir: C:\Users\headp\Desktop\毕设结构设计模型\BaseEventLoopServer\target\classes\libs\FileMapperLib\recycle
[11:07:39 WARN]: [FileMapperLib] can't find a default url in config
[11:07:39 WARN]: [FileMapperLib] using the default dir: C:\Users\headp\Desktop\毕设结构设计模型\BaseEventLoopServer\target\classes\libs\FileMapperLib\lock
[11:07:39 WARN]: [CONSOLE] loaded libs:
[11:07:39 INFO]: [CONSOLE] FileMapperLib
[11:07:39 INFO]: [CONSOLE] DatabaseLib
[11:07:39 INFO]: [NormalRouter] is loading
[11:07:39 INFO]: [CONSOLE] [PluginLoading][NormalRouter] has initialized! Spend 75ms
[11:07:39 INFO]: [CONSOLE] Success Loaded 1 Plugin Spend 82ms
[11:07:39 INFO]: [CONSOLE] server is initializing
[11:07:40 INFO]: [CONSOLE] server is initialized
[11:07:40 INFO]: [CONSOLE] launching.....
[11:07:41 INFO]: [CONSOLE] server is listening on /0:0:0:0:0:0:0:0:25565
[11:07:45 INFO]: [com.alibaba.druid.pool.DruidDataSource] {dataSource-1} inited
[11:08:30 INFO]: [CONSOLE] server is running
[11:08:30 INFO]: [CONSOLE] LOG LEVEL: info
[11:08:30 INFO]: [CONSOLE] Security-IO is not enable...
[11:08:30 INFO]: [DatabaseLib] service is running
[11:08:30 INFO]: [DatabaseLib] initialized SqlSession success
[11:08:30 INFO]: [FileMapperLib] has loaded
[11:08:30 WARN]: [FileMapperLib] can't find a default url in config
[11:08:30 WARN]: [FileMapperLib] using the default dir: C:\Users\headp\Desktop\毕设结构设计模型\BaseEventLoopServer\target\classes\libs\FileMapperLib\files
[11:08:30 WARN]: [FileMapperLib] can't find a default url in config
[11:08:30 WARN]: [FileMapperLib] using the default dir: C:\Users\headp\Desktop\毕设结构设计模型\BaseEventLoopServer\target\classes\libs\FileMapperLib\recycle
[11:08:30 WARN]: [FileMapperLib] can't find a default url in config
[11:08:30 WARN]: [FileMapperLib] using the default dir: C:\Users\headp\Desktop\毕设结构设计模型\BaseEventLoopServer\target\classes\libs\FileMapperLib\lock
[11:08:30 WARN]: [CONSOLE] loaded libs:
[11:08:30 INFO]: [CONSOLE] FileMapperLib
[11:08:30 INFO]: [CONSOLE] DatabaseLib
[11:08:30 INFO]: [NormalRouter] is loading
[11:08:30 INFO]: [CONSOLE] [PluginLoading][NormalRouter] has initialized! Spend 81ms
[11:08:30 INFO]: [CONSOLE] Success Loaded 1 Plugin Spend 89ms
[11:08:30 INFO]: [CONSOLE] server is initializing
[11:08:31 INFO]: [CONSOLE] server is initialized
[11:08:31 INFO]: [CONSOLE] launching.....
[11:08:32 INFO]: [CONSOLE] server is listening on /0:0:0:0:0:0:0:0:25565
[11:08:35 INFO]: [com.alibaba.druid.pool.DruidDataSource] {dataSource-1} inited
[11:09:07 INFO]: [CONSOLE] server is running
[11:09:07 INFO]: [CONSOLE] LOG LEVEL: info
[11:09:07 INFO]: [CONSOLE] Security-IO is not enable...
[11:09:07 INFO]: [DatabaseLib] service is running
[11:09:07 INFO]: [DatabaseLib] initialized SqlSession success
[11:09:07 INFO]: [FileMapperLib] has loaded
[11:09:07 WARN]: [FileMapperLib] can't find a default url in config
[11:09:07 WARN]: [FileMapperLib] using the default dir: C:\Users\headp\Desktop\毕设结构设计模型\BaseEventLoopServer\target\classes\libs\FileMapperLib\files
[11:09:07 WARN]: [FileMapperLib] can't find a default url in config
[11:09:07 WARN]: [FileMapperLib] using the default dir: C:\Users\headp\Desktop\毕设结构设计模型\BaseEventLoopServer\target\classes\libs\FileMapperLib\recycle
[11:09:07 WARN]: [FileMapperLib] can't find a default url in config
[11:09:07 WARN]: [FileMapperLib] using the default dir: C:\Users\headp\Desktop\毕设结构设计模型\BaseEventLoopServer\target\classes\libs\FileMapperLib\lock
[11:09:07 WARN]: [CONSOLE] loaded libs:
[11:09:07 INFO]: [CONSOLE] FileMapperLib
[11:09:07 INFO]: [CONSOLE] DatabaseLib
[11:09:07 INFO]: [NormalRouter] is loading
[11:09:07 INFO]: [CONSOLE] [PluginLoading][NormalRouter] has initialized! Spend 76ms
[11:09:07 INFO]: [CONSOLE] Success Loaded 1 Plugin Spend 85ms
[11:09:07 INFO]: [CONSOLE] server is initializing
[11:09:08 INFO]: [CONSOLE] server is initialized
[11:09:08 INFO]: [CONSOLE] launching.....
[11:09:09 INFO]: [CONSOLE] server is listening on /0:0:0:0:0:0:0:0:25565
[11:09:11 INFO]: [com.alibaba.druid.pool.DruidDataSource] {dataSource-1} inited
[11:16:54 INFO]: [CONSOLE] server is running
[11:16:54 INFO]: [CONSOLE] LOG LEVEL: info
[11:16:54 INFO]: [CONSOLE] Security-IO is not enable...
[11:16:54 INFO]: [DatabaseLib] service is running
[11:16:54 INFO]: [DatabaseLib] initialized SqlSession success
[11:16:54 INFO]: [FileMapperLib] has loaded
[11:16:54 WARN]: [FileMapperLib] can't find a default url in config
[11:16:54 WARN]: [FileMapperLib] using the default dir: C:\Users\headp\Desktop\毕设结构设计模型\BaseEventLoopServer\target\classes\libs\FileMapperLib\files
[11:16:54 WARN]: [FileMapperLib] can't find a default url in config
[11:16:54 WARN]: [FileMapperLib] using the default dir: C:\Users\headp\Desktop\毕设结构设计模型\BaseEventLoopServer\target\classes\libs\FileMapperLib\recycle
[11:16:54 WARN]: [FileMapperLib] can't find a default url in config
[11:16:54 WARN]: [FileMapperLib] using the default dir: C:\Users\headp\Desktop\毕设结构设计模型\BaseEventLoopServer\target\classes\libs\FileMapperLib\lock
[11:16:54 WARN]: [CONSOLE] loaded libs:
[11:16:54 INFO]: [CONSOLE] FileMapperLib
[11:16:54 INFO]: [CONSOLE] DatabaseLib
[11:16:54 INFO]: [NormalRouter] is loading
[11:16:54 INFO]: [CONSOLE] [PluginLoading][NormalRouter] has initialized! Spend 71ms
[11:16:54 INFO]: [CONSOLE] Success Loaded 1 Plugin Spend 77ms
[11:16:54 INFO]: [CONSOLE] server is initializing
[11:16:55 INFO]: [CONSOLE] server is initialized
[11:16:55 INFO]: [CONSOLE] launching.....
[11:16:56 INFO]: [CONSOLE] server is listening on /0:0:0:0:0:0:0:0:25565
[11:16:56 INFO]: [com.alibaba.druid.pool.DruidDataSource] {dataSource-1} inited
[11:25:21 INFO]: [CONSOLE] server is running
[11:25:21 INFO]: [CONSOLE] LOG LEVEL: info
[11:25:21 INFO]: [CONSOLE] Security-IO is not enable...
[11:25:21 INFO]: [DatabaseLib] service is running
[11:25:21 INFO]: [DatabaseLib] initialized SqlSession success
[11:25:21 INFO]: [FileMapperLib] has loaded
[11:25:21 WARN]: [FileMapperLib] can't find a default url in config
[11:25:21 WARN]: [FileMapperLib] using the default dir: C:\Users\headp\Desktop\毕设结构设计模型\BaseEventLoopServer\target\classes\libs\FileMapperLib\files
[11:25:21 WARN]: [FileMapperLib] can't find a default url in config
[11:25:21 WARN]: [FileMapperLib] using the default dir: C:\Users\headp\Desktop\毕设结构设计模型\BaseEventLoopServer\target\classes\libs\FileMapperLib\recycle
[11:25:21 WARN]: [FileMapperLib] can't find a default url in config
[11:25:21 WARN]: [FileMapperLib] using the default dir: C:\Users\headp\Desktop\毕设结构设计模型\BaseEventLoopServer\target\classes\libs\FileMapperLib\lock
[11:25:21 WARN]: [CONSOLE] loaded libs:
[11:25:21 INFO]: [CONSOLE] FileMapperLib
[11:25:21 INFO]: [CONSOLE] DatabaseLib
[11:25:21 INFO]: [NormalRouter] is loading
[11:25:21 INFO]: [CONSOLE] [PluginLoading][NormalRouter] has initialized! Spend 92ms
[11:25:21 INFO]: [CONSOLE] Success Loaded 1 Plugin Spend 101ms
[11:25:21 INFO]: [CONSOLE] server is initializing
[11:25:22 INFO]: [CONSOLE] server is initialized
[11:25:22 INFO]: [CONSOLE] launching.....
[11:25:23 INFO]: [CONSOLE] server is listening on /0:0:0:0:0:0:0:0:25565
[11:25:35 INFO]: [com.alibaba.druid.pool.DruidDataSource] {dataSource-1} inited
[11:26:44 WARN]: [CONSOLE] !Abnormal connection interruption:ChBcraftBC服务器2020.2.17.zip
[11:28:21 INFO]: [CONSOLE] server is running
[11:28:21 INFO]: [CONSOLE] LOG LEVEL: info
[11:28:21 INFO]: [CONSOLE] Security-IO is not enable...
[11:28:21 INFO]: [DatabaseLib] service is running
[11:28:21 INFO]: [DatabaseLib] initialized SqlSession success
[11:28:21 INFO]: [FileMapperLib] has loaded
[11:28:21 WARN]: [FileMapperLib] can't find a default url in config
[11:28:21 WARN]: [FileMapperLib] using the default dir: C:\Users\headp\Desktop\毕设结构设计模型\BaseEventLoopServer\target\classes\libs\FileMapperLib\files
[11:28:21 WARN]: [FileMapperLib] can't find a default url in config
[11:28:21 WARN]: [FileMapperLib] using the default dir: C:\Users\headp\Desktop\毕设结构设计模型\BaseEventLoopServer\target\classes\libs\FileMapperLib\recycle
[11:28:21 WARN]: [FileMapperLib] can't find a default url in config
[11:28:21 WARN]: [FileMapperLib] using the default dir: C:\Users\headp\Desktop\毕设结构设计模型\BaseEventLoopServer\target\classes\libs\FileMapperLib\lock
[11:28:21 WARN]: [CONSOLE] loaded libs:
[11:28:21 INFO]: [CONSOLE] FileMapperLib
[11:28:21 INFO]: [CONSOLE] DatabaseLib
[11:28:21 INFO]: [NormalRouter] is loading
[11:28:21 INFO]: [CONSOLE] [PluginLoading][NormalRouter] has initialized! Spend 87ms
[11:28:21 INFO]: [CONSOLE] Success Loaded 1 Plugin Spend 93ms
[11:28:21 INFO]: [CONSOLE] server is initializing
[11:28:21 INFO]: [CONSOLE] server is initialized
[11:28:21 INFO]: [CONSOLE] launching.....
[11:28:22 INFO]: [CONSOLE] server is listening on /0:0:0:0:0:0:0:0:25565
[11:30:14 INFO]: [CONSOLE] server is running
[11:30:14 INFO]: [CONSOLE] LOG LEVEL: info
[11:30:14 INFO]: [CONSOLE] Security-IO is not enable...
[11:30:15 INFO]: [DatabaseLib] service is running
[11:30:15 INFO]: [DatabaseLib] initialized SqlSession success
[11:30:15 INFO]: [FileMapperLib] has loaded
[11:30:15 WARN]: [FileMapperLib] can't find a default url in config
[11:30:15 WARN]: [FileMapperLib] using the default dir: C:\Users\headp\Desktop\毕设结构设计模型\BaseEventLoopServer\target\classes\libs\FileMapperLib\files
[11:30:15 WARN]: [FileMapperLib] can't find a default url in config
[11:30:15 WARN]: [FileMapperLib] using the default dir: C:\Users\headp\Desktop\毕设结构设计模型\BaseEventLoopServer\target\classes\libs\FileMapperLib\recycle
[11:30:15 WARN]: [FileMapperLib] can't find a default url in config
[11:30:15 WARN]: [FileMapperLib] using the default dir: C:\Users\headp\Desktop\毕设结构设计模型\BaseEventLoopServer\target\classes\libs\FileMapperLib\lock
[11:30:15 WARN]: [CONSOLE] loaded libs:
[11:30:15 INFO]: [CONSOLE] FileMapperLib
[11:30:15 INFO]: [CONSOLE] DatabaseLib
[11:30:15 INFO]: [NormalRouter] is loading
[11:30:15 INFO]: [CONSOLE] [PluginLoading][NormalRouter] has initialized! Spend 74ms
[11:30:15 INFO]: [CONSOLE] Success Loaded 1 Plugin Spend 79ms
[11:30:15 INFO]: [CONSOLE] server is initializing
[11:30:15 INFO]: [CONSOLE] server is initialized
[11:30:15 INFO]: [CONSOLE] launching.....
[11:30:16 INFO]: [CONSOLE] server is listening on /0:0:0:0:0:0:0:0:25565
