[17:38:44 INFO]: [CONSOLE] Security-IO is not enable...
[17:38:44 INFO]: [DatabaseLib] service is running
[17:38:44 INFO]: [com.alibaba.druid.pool.DruidDataSource] {dataSource-0} restart
[17:38:44 INFO]: [DatabaseLib] initialized SqlSession success
[17:38:44 INFO]: [FileMapperLib] has loaded
[17:38:44 WARN]: [FileMapperLib] can't find a default url in config
[17:38:44 WARN]: [FileMapperLib] using the default dir: C:\Users\headp\Desktop\毕设结构设计模型\BaseEventLoopServer\target\classes\libs\FileMapperLib\files
[17:38:44 WARN]: [FileMapperLib] can't find a default url in config
[17:38:44 WARN]: [FileMapperLib] using the default dir: C:\Users\headp\Desktop\毕设结构设计模型\BaseEventLoopServer\target\classes\libs\FileMapperLib\recycle
[17:38:44 WARN]: [FileMapperLib] can't find a default url in config
[17:38:44 WARN]: [FileMapperLib] using the default dir: C:\Users\headp\Desktop\毕设结构设计模型\BaseEventLoopServer\target\classes\libs\FileMapperLib\lock
[17:38:44 WARN]: [CONSOLE] loaded libs:
[17:38:44 INFO]: [CONSOLE] FileMapperLib
[17:38:44 INFO]: [CONSOLE] DatabaseLib
[17:38:44 INFO]: [NormalRouter] is loading
[17:38:44 INFO]: [CONSOLE] [PluginLoading][NormalRouter] has initialized! Spend 86ms
[17:38:44 INFO]: [APlugin] enable
[17:38:44 INFO]: [CONSOLE] [PluginLoading][APlugin] has initialized! Spend 6ms
[17:38:44 INFO]: [CPlugin] enable
[17:38:44 INFO]: [CONSOLE] [PluginLoading][CPlugin] has initialized! Spend 3ms
[17:38:44 INFO]: [DPlugin] enable
[17:38:44 INFO]: [CONSOLE] [PluginLoading][DPlugin] has initialized! Spend 4ms
[17:38:44 INFO]: [BPlugin] enable
[17:38:44 INFO]: [CONSOLE] [PluginLoading][BPlugin] has initialized! Spend 2ms
[17:38:44 INFO]: [CONSOLE] Success Loaded 5 Plugin Spend 109ms
[17:38:44 INFO]: [CONSOLE] server is initializing
[17:38:45 INFO]: [CONSOLE] server is initialized
[17:38:45 INFO]: [CONSOLE] launching.....
[17:38:46 INFO]: [CONSOLE] server is listening on /0:0:0:0:0:0:0:0:8921
[17:38:47 INFO]: [com.alibaba.druid.pool.DruidDataSource] {dataSource-1} inited
[17:51:02 INFO]: [CONSOLE] Security-IO is not enable...
[17:51:02 INFO]: [DatabaseLib] service is running
[17:51:02 INFO]: [DatabaseLib] initialized SqlSession success
[17:51:02 INFO]: [FileMapperLib] has loaded
[17:51:02 WARN]: [FileMapperLib] can't find a default url in config
[17:51:02 WARN]: [FileMapperLib] using the default dir: C:\Users\headp\Desktop\毕设结构设计模型\BaseEventLoopServer\target\classes\libs\FileMapperLib\files
[17:51:02 WARN]: [FileMapperLib] can't find a default url in config
[17:51:02 WARN]: [FileMapperLib] using the default dir: C:\Users\headp\Desktop\毕设结构设计模型\BaseEventLoopServer\target\classes\libs\FileMapperLib\recycle
[17:51:02 WARN]: [FileMapperLib] can't find a default url in config
[17:51:02 WARN]: [FileMapperLib] using the default dir: C:\Users\headp\Desktop\毕设结构设计模型\BaseEventLoopServer\target\classes\libs\FileMapperLib\lock
[17:51:02 WARN]: [CONSOLE] loaded libs:
[17:51:02 INFO]: [CONSOLE] FileMapperLib
[17:51:02 INFO]: [CONSOLE] DatabaseLib
[17:51:02 INFO]: [CONSOLE] Success Loaded 0 Plugin Spend 1ms
[17:51:02 INFO]: [CONSOLE] server is initializing
[17:51:03 INFO]: [CONSOLE] server is initialized
[17:51:03 INFO]: [CONSOLE] launching.....
[17:51:04 INFO]: [CONSOLE] server is listening on /0:0:0:0:0:0:0:0:8921
[17:53:41 INFO]: [NormalRouter] is loading
[17:55:38 INFO]: [NormalRouter] disable
[17:55:38 WARN]: [DatabaseLib] SqlSession is reloading...
[17:55:38 WARN]: [DatabaseLib] reload SqlSession success
[17:55:38 WARN]: [NormalRouter] unloading!
[17:56:00 INFO]: [NormalRouter] is loading
[17:58:48 INFO]: [com.alibaba.druid.pool.DruidDataSource] {dataSource-1} inited
